#
# There is insufficient memory for the Java Runtime Environment to continue.
# Native memory allocation (malloc) failed to allocate 32744 bytes. Error detail: ChunkPool::allocate
# Possible reasons:
#   The system is out of physical RAM or swap space
#   This process is running with CompressedOops enabled, and the Java Heap may be blocking the growth of the native heap
# Possible solutions:
#   Reduce memory load on the system
#   Increase physical memory or swap space
#   Check if swap backing store is full
#   Decrease Java heap size (-Xmx/-Xms)
#   Decrease number of Java threads
#   Decrease Java thread stack sizes (-Xss)
#   Set larger code cache with -XX:ReservedCodeCacheSize=
#   JVM is running with Unscaled Compressed Oops mode in which the Java heap is
#     placed in the first 4GB address space. The Java Heap base address is the
#     maximum limit for the native heap growth. Please use -XX:HeapBaseMinAddress
#     to set the Java Heap base and to place the Java Heap above 4GB virtual address.
# This output file may be truncated or incomplete.
#
#  Out of Memory Error (arena.cpp:79), pid=7624, tid=10676
#
# JRE version: OpenJDK Runtime Environment JBR-17.0.11+1-1207.24-jcef (17.0.11+1) (build 17.0.11+1-b1207.24)
# Java VM: OpenJDK 64-Bit Server VM JBR-17.0.11+1-1207.24-jcef (17.0.11+1-b1207.24, mixed mode, tiered, compressed oops, compressed class ptrs, g1 gc, windows-amd64)
# No core dump will be written. Minidumps are not enabled by default on client versions of Windows
#

---------------  S U M M A R Y ------------

Command Line: -Djava.rmi.server.hostname=127.0.0.1 -Duser.timezone=UTC -Xmx2048m -Xms128m -Djdbc.classpath=C:\Program Files\JetBrains\IntelliJ IDEA 2024.1.4\plugins\DatabaseTools\lib\jdbc-console.jar;C:\Users\Admin\AppData\Roaming\JetBrains\IntelliJIdea2024.1\jdbc-drivers\MySQL ConnectorJ\8.2.0\com\mysql\mysql-connector-j\8.2.0\mysql-connector-j-8.2.0.jar;C:\Users\Admin\AppData\Roaming\JetBrains\IntelliJIdea2024.1\jdbc-drivers\MySQL ConnectorJ\8.2.0\com\google\protobuf\protobuf-java\3.21.9\protobuf-java-3.21.9.jar --add-exports=java.desktop/sun.awt=ALL-UNNAMED --add-exports=java.desktop/java.awt.peer=ALL-UNNAMED --add-opens=java.desktop/java.awt=ALL-UNNAMED --add-opens=jdk.unsupported/sun.misc=ALL-UNNAMED --add-opens=java.base/java.nio=ALL-UNNAMED --add-opens=java.base/java.util=ALL-UNNAMED -Dfile.encoding=UTF-8 com.intellij.database.remote.RemoteJdbcServer com.mysql.cj.jdbc.Driver

Host: AMD Athlon Gold 3150U with Radeon Graphics     , 4 cores, 3G,  Windows 11 , 64 bit Build 22621 (10.0.22621.3527)
Time: Wed Sep 18 16:20:04 2024 Hora de verano del Pacífico elapsed time: 0.448467 seconds (0d 0h 0m 0s)

---------------  T H R E A D  ---------------

Current thread (0x0000015d5d334240):  JavaThread "C1 CompilerThread0" daemon [_thread_in_native, id=10676, stack(0x000000539ca00000,0x000000539cb00000)]


Current CompileTask:
C1:    448  262       3       jdk.internal.org.objectweb.asm.Frame::execute (2305 bytes)

Stack: [0x000000539ca00000,0x000000539cb00000]
Native frames: (J=compiled Java code, j=interpreted, Vv=VM code, C=native code)
V  [jvm.dll+0x6877f9]
V  [jvm.dll+0x8411aa]
V  [jvm.dll+0x842e2e]
V  [jvm.dll+0x843493]
V  [jvm.dll+0x249fdf]
V  [jvm.dll+0xac741]
V  [jvm.dll+0xacb8c]
V  [jvm.dll+0x16c8d2]
V  [jvm.dll+0x16454f]
V  [jvm.dll+0x16090e]
V  [jvm.dll+0x14ea90]
V  [jvm.dll+0x1375c7]
V  [jvm.dll+0x136f5f]
V  [jvm.dll+0x137196]
V  [jvm.dll+0x13662a]
V  [jvm.dll+0x1382e1]
V  [jvm.dll+0x22ae8e]
V  [jvm.dll+0x229015]
V  [jvm.dll+0x7f53a7]
V  [jvm.dll+0x7ef7aa]
V  [jvm.dll+0x686675]
C  [ucrtbase.dll+0x29333]
C  [KERNEL32.DLL+0x1257d]
C  [ntdll.dll+0x5aa48]


---------------  P R O C E S S  ---------------

Threads class SMR info:
_java_thread_list=0x0000015d5d5dc390, length=13, elements={
0x0000015d4390e760, 0x0000015d5d303020, 0x0000015d5d303db0, 0x0000015d5d1b59b0,
0x0000015d5d323400, 0x0000015d5d325de0, 0x0000015d5d3266b0, 0x0000015d5d32b870,
0x0000015d5d334240, 0x0000015d5d33f330, 0x0000015d5d4ce010, 0x0000015d5d4ce4f0,
0x0000015d5d5e0030
}

Java Threads: ( => current thread )
  0x0000015d4390e760 JavaThread "main" [_thread_in_vm, id=9800, stack(0x000000539bc00000,0x000000539bd00000)]
  0x0000015d5d303020 JavaThread "Reference Handler" daemon [_thread_blocked, id=7016, stack(0x000000539c300000,0x000000539c400000)]
  0x0000015d5d303db0 JavaThread "Finalizer" daemon [_thread_blocked, id=13580, stack(0x000000539c400000,0x000000539c500000)]
  0x0000015d5d1b59b0 JavaThread "Signal Dispatcher" daemon [_thread_blocked, id=11804, stack(0x000000539c500000,0x000000539c600000)]
  0x0000015d5d323400 JavaThread "Attach Listener" daemon [_thread_blocked, id=8184, stack(0x000000539c600000,0x000000539c700000)]
  0x0000015d5d325de0 JavaThread "Service Thread" daemon [_thread_blocked, id=3264, stack(0x000000539c700000,0x000000539c800000)]
  0x0000015d5d3266b0 JavaThread "Monitor Deflation Thread" daemon [_thread_blocked, id=11744, stack(0x000000539c800000,0x000000539c900000)]
  0x0000015d5d32b870 JavaThread "C2 CompilerThread0" daemon [_thread_blocked, id=7844, stack(0x000000539c900000,0x000000539ca00000)]
=>0x0000015d5d334240 JavaThread "C1 CompilerThread0" daemon [_thread_in_native, id=10676, stack(0x000000539ca00000,0x000000539cb00000)]
  0x0000015d5d33f330 JavaThread "Sweeper thread" daemon [_thread_blocked, id=14688, stack(0x000000539cb00000,0x000000539cc00000)]
  0x0000015d5d4ce010 JavaThread "Common-Cleaner" daemon [_thread_blocked, id=14028, stack(0x000000539cc00000,0x000000539cd00000)]
  0x0000015d5d4ce4f0 JavaThread "Notification Thread" daemon [_thread_blocked, id=2488, stack(0x000000539cd00000,0x000000539ce00000)]
  0x0000015d5d5e0030 JavaThread "mysql-cj-abandoned-connection-cleanup" daemon [_thread_blocked, id=7204, stack(0x000000539cf00000,0x000000539d000000)]

Other Threads:
  0x0000015d5d1471a0 VMThread "VM Thread" [stack: 0x000000539c200000,0x000000539c300000] [id=6016]
  0x0000015d5d4ce9d0 WatcherThread [stack: 0x000000539ce00000,0x000000539cf00000] [id=2456]
  0x0000015d43967830 GCTaskThread "GC Thread#0" [stack: 0x000000539bd00000,0x000000539be00000] [id=13620]
  0x0000015d43978e30 ConcurrentGCThread "G1 Main Marker" [stack: 0x000000539be00000,0x000000539bf00000] [id=13120]
  0x0000015d4397a770 ConcurrentGCThread "G1 Conc#0" [stack: 0x000000539bf00000,0x000000539c000000] [id=6832]
  0x0000015d439be040 ConcurrentGCThread "G1 Refine#0" [stack: 0x000000539c000000,0x000000539c100000] [id=14652]
  0x0000015d439be980 ConcurrentGCThread "G1 Service" [stack: 0x000000539c100000,0x000000539c200000] [id=14400]

Threads with active compile tasks:
C1 CompilerThread0      470  262       3       jdk.internal.org.objectweb.asm.Frame::execute (2305 bytes)

VM state: not at safepoint (normal execution)

VM Mutex/Monitor currently owned by a thread: None

Heap address: 0x0000000080000000, size: 2048 MB, Compressed Oops mode: 32-bit

CDS archive(s) not mapped
Compressed class space mapped at: 0x0000000100000000-0x0000000140000000, reserved size: 1073741824
Narrow klass base: 0x0000000000000000, Narrow klass shift: 3, Narrow klass range: 0x140000000

GC Precious Log:
 CPUs: 4 total, 4 available
 Memory: 3518M
 Large Page Support: Disabled
 NUMA Support: Disabled
 Compressed Oops: Enabled (32-bit)
 Heap Region Size: 1M
 Heap Min Capacity: 128M
 Heap Initial Capacity: 128M
 Heap Max Capacity: 2G
 Pre-touch: Disabled
 Parallel Workers: 4
 Concurrent Workers: 1
 Concurrent Refinement Workers: 4
 Periodic GC: Disabled

Heap:
 garbage-first heap   total 131072K, used 5120K [0x0000000080000000, 0x0000000100000000)
  region size 1024K, 4 young (4096K), 0 survivors (0K)
 Metaspace       used 7987K, committed 8192K, reserved 1114112K
  class space    used 746K, committed 832K, reserved 1048576K

Heap Regions: E=young(eden), S=young(survivor), O=old, HS=humongous(starts), HC=humongous(continues), CS=collection set, F=free, OA=open archive, CA=closed archive, TAMS=top-at-mark-start (previous, next)
|   0|0x0000000080000000, 0x0000000080100000, 0x0000000080100000|100%|HS|  |TAMS 0x0000000080000000, 0x0000000080000000| Complete 
|   1|0x0000000080100000, 0x0000000080200000, 0x0000000080200000|100%|HC|  |TAMS 0x0000000080100000, 0x0000000080100000| Complete 
|   2|0x0000000080200000, 0x0000000080300000, 0x0000000080300000|100%|HC|  |TAMS 0x0000000080200000, 0x0000000080200000| Complete 
|   3|0x0000000080300000, 0x0000000080300000, 0x0000000080400000|  0%| F|  |TAMS 0x0000000080300000, 0x0000000080300000| Untracked 
|   4|0x0000000080400000, 0x0000000080400000, 0x0000000080500000|  0%| F|  |TAMS 0x0000000080400000, 0x0000000080400000| Untracked 
|   5|0x0000000080500000, 0x0000000080500000, 0x0000000080600000|  0%| F|  |TAMS 0x0000000080500000, 0x0000000080500000| Untracked 
|   6|0x0000000080600000, 0x0000000080600000, 0x0000000080700000|  0%| F|  |TAMS 0x0000000080600000, 0x0000000080600000| Untracked 
|   7|0x0000000080700000, 0x0000000080700000, 0x0000000080800000|  0%| F|  |TAMS 0x0000000080700000, 0x0000000080700000| Untracked 
|   8|0x0000000080800000, 0x0000000080800000, 0x0000000080900000|  0%| F|  |TAMS 0x0000000080800000, 0x0000000080800000| Untracked 
|   9|0x0000000080900000, 0x0000000080900000, 0x0000000080a00000|  0%| F|  |TAMS 0x0000000080900000, 0x0000000080900000| Untracked 
|  10|0x0000000080a00000, 0x0000000080a00000, 0x0000000080b00000|  0%| F|  |TAMS 0x0000000080a00000, 0x0000000080a00000| Untracked 
|  11|0x0000000080b00000, 0x0000000080b00000, 0x0000000080c00000|  0%| F|  |TAMS 0x0000000080b00000, 0x0000000080b00000| Untracked 
|  12|0x0000000080c00000, 0x0000000080c00000, 0x0000000080d00000|  0%| F|  |TAMS 0x0000000080c00000, 0x0000000080c00000| Untracked 
|  13|0x0000000080d00000, 0x0000000080d00000, 0x0000000080e00000|  0%| F|  |TAMS 0x0000000080d00000, 0x0000000080d00000| Untracked 
|  14|0x0000000080e00000, 0x0000000080e00000, 0x0000000080f00000|  0%| F|  |TAMS 0x0000000080e00000, 0x0000000080e00000| Untracked 
|  15|0x0000000080f00000, 0x0000000080f00000, 0x0000000081000000|  0%| F|  |TAMS 0x0000000080f00000, 0x0000000080f00000| Untracked 
|  16|0x0000000081000000, 0x0000000081000000, 0x0000000081100000|  0%| F|  |TAMS 0x0000000081000000, 0x0000000081000000| Untracked 
|  17|0x0000000081100000, 0x0000000081100000, 0x0000000081200000|  0%| F|  |TAMS 0x0000000081100000, 0x0000000081100000| Untracked 
|  18|0x0000000081200000, 0x0000000081200000, 0x0000000081300000|  0%| F|  |TAMS 0x0000000081200000, 0x0000000081200000| Untracked 
|  19|0x0000000081300000, 0x0000000081300000, 0x0000000081400000|  0%| F|  |TAMS 0x0000000081300000, 0x0000000081300000| Untracked 
|  20|0x0000000081400000, 0x0000000081400000, 0x0000000081500000|  0%| F|  |TAMS 0x0000000081400000, 0x0000000081400000| Untracked 
|  21|0x0000000081500000, 0x0000000081500000, 0x0000000081600000|  0%| F|  |TAMS 0x0000000081500000, 0x0000000081500000| Untracked 
|  22|0x0000000081600000, 0x0000000081600000, 0x0000000081700000|  0%| F|  |TAMS 0x0000000081600000, 0x0000000081600000| Untracked 
|  23|0x0000000081700000, 0x0000000081700000, 0x0000000081800000|  0%| F|  |TAMS 0x0000000081700000, 0x0000000081700000| Untracked 
|  24|0x0000000081800000, 0x0000000081800000, 0x0000000081900000|  0%| F|  |TAMS 0x0000000081800000, 0x0000000081800000| Untracked 
|  25|0x0000000081900000, 0x0000000081900000, 0x0000000081a00000|  0%| F|  |TAMS 0x0000000081900000, 0x0000000081900000| Untracked 
|  26|0x0000000081a00000, 0x0000000081a00000, 0x0000000081b00000|  0%| F|  |TAMS 0x0000000081a00000, 0x0000000081a00000| Untracked 
|  27|0x0000000081b00000, 0x0000000081b00000, 0x0000000081c00000|  0%| F|  |TAMS 0x0000000081b00000, 0x0000000081b00000| Untracked 
|  28|0x0000000081c00000, 0x0000000081c00000, 0x0000000081d00000|  0%| F|  |TAMS 0x0000000081c00000, 0x0000000081c00000| Untracked 
|  29|0x0000000081d00000, 0x0000000081d00000, 0x0000000081e00000|  0%| F|  |TAMS 0x0000000081d00000, 0x0000000081d00000| Untracked 
|  30|0x0000000081e00000, 0x0000000081e00000, 0x0000000081f00000|  0%| F|  |TAMS 0x0000000081e00000, 0x0000000081e00000| Untracked 
|  31|0x0000000081f00000, 0x0000000081f00000, 0x0000000082000000|  0%| F|  |TAMS 0x0000000081f00000, 0x0000000081f00000| Untracked 
|  32|0x0000000082000000, 0x0000000082000000, 0x0000000082100000|  0%| F|  |TAMS 0x0000000082000000, 0x0000000082000000| Untracked 
|  33|0x0000000082100000, 0x0000000082100000, 0x0000000082200000|  0%| F|  |TAMS 0x0000000082100000, 0x0000000082100000| Untracked 
|  34|0x0000000082200000, 0x0000000082200000, 0x0000000082300000|  0%| F|  |TAMS 0x0000000082200000, 0x0000000082200000| Untracked 
|  35|0x0000000082300000, 0x0000000082300000, 0x0000000082400000|  0%| F|  |TAMS 0x0000000082300000, 0x0000000082300000| Untracked 
|  36|0x0000000082400000, 0x0000000082400000, 0x0000000082500000|  0%| F|  |TAMS 0x0000000082400000, 0x0000000082400000| Untracked 
|  37|0x0000000082500000, 0x0000000082500000, 0x0000000082600000|  0%| F|  |TAMS 0x0000000082500000, 0x0000000082500000| Untracked 
|  38|0x0000000082600000, 0x0000000082600000, 0x0000000082700000|  0%| F|  |TAMS 0x0000000082600000, 0x0000000082600000| Untracked 
|  39|0x0000000082700000, 0x0000000082700000, 0x0000000082800000|  0%| F|  |TAMS 0x0000000082700000, 0x0000000082700000| Untracked 
|  40|0x0000000082800000, 0x0000000082800000, 0x0000000082900000|  0%| F|  |TAMS 0x0000000082800000, 0x0000000082800000| Untracked 
|  41|0x0000000082900000, 0x0000000082900000, 0x0000000082a00000|  0%| F|  |TAMS 0x0000000082900000, 0x0000000082900000| Untracked 
|  42|0x0000000082a00000, 0x0000000082a00000, 0x0000000082b00000|  0%| F|  |TAMS 0x0000000082a00000, 0x0000000082a00000| Untracked 
|  43|0x0000000082b00000, 0x0000000082b00000, 0x0000000082c00000|  0%| F|  |TAMS 0x0000000082b00000, 0x0000000082b00000| Untracked 
|  44|0x0000000082c00000, 0x0000000082c00000, 0x0000000082d00000|  0%| F|  |TAMS 0x0000000082c00000, 0x0000000082c00000| Untracked 
|  45|0x0000000082d00000, 0x0000000082d00000, 0x0000000082e00000|  0%| F|  |TAMS 0x0000000082d00000, 0x0000000082d00000| Untracked 
|  46|0x0000000082e00000, 0x0000000082e00000, 0x0000000082f00000|  0%| F|  |TAMS 0x0000000082e00000, 0x0000000082e00000| Untracked 
|  47|0x0000000082f00000, 0x0000000082f00000, 0x0000000083000000|  0%| F|  |TAMS 0x0000000082f00000, 0x0000000082f00000| Untracked 
|  48|0x0000000083000000, 0x0000000083000000, 0x0000000083100000|  0%| F|  |TAMS 0x0000000083000000, 0x0000000083000000| Untracked 
|  49|0x0000000083100000, 0x0000000083100000, 0x0000000083200000|  0%| F|  |TAMS 0x0000000083100000, 0x0000000083100000| Untracked 
|  50|0x0000000083200000, 0x0000000083200000, 0x0000000083300000|  0%| F|  |TAMS 0x0000000083200000, 0x0000000083200000| Untracked 
|  51|0x0000000083300000, 0x0000000083300000, 0x0000000083400000|  0%| F|  |TAMS 0x0000000083300000, 0x0000000083300000| Untracked 
|  52|0x0000000083400000, 0x0000000083400000, 0x0000000083500000|  0%| F|  |TAMS 0x0000000083400000, 0x0000000083400000| Untracked 
|  53|0x0000000083500000, 0x0000000083500000, 0x0000000083600000|  0%| F|  |TAMS 0x0000000083500000, 0x0000000083500000| Untracked 
|  54|0x0000000083600000, 0x0000000083600000, 0x0000000083700000|  0%| F|  |TAMS 0x0000000083600000, 0x0000000083600000| Untracked 
|  55|0x0000000083700000, 0x0000000083700000, 0x0000000083800000|  0%| F|  |TAMS 0x0000000083700000, 0x0000000083700000| Untracked 
|  56|0x0000000083800000, 0x0000000083800000, 0x0000000083900000|  0%| F|  |TAMS 0x0000000083800000, 0x0000000083800000| Untracked 
|  57|0x0000000083900000, 0x0000000083900000, 0x0000000083a00000|  0%| F|  |TAMS 0x0000000083900000, 0x0000000083900000| Untracked 
|  58|0x0000000083a00000, 0x0000000083a00000, 0x0000000083b00000|  0%| F|  |TAMS 0x0000000083a00000, 0x0000000083a00000| Untracked 
|  59|0x0000000083b00000, 0x0000000083b00000, 0x0000000083c00000|  0%| F|  |TAMS 0x0000000083b00000, 0x0000000083b00000| Untracked 
|  60|0x0000000083c00000, 0x0000000083c00000, 0x0000000083d00000|  0%| F|  |TAMS 0x0000000083c00000, 0x0000000083c00000| Untracked 
|  61|0x0000000083d00000, 0x0000000083d00000, 0x0000000083e00000|  0%| F|  |TAMS 0x0000000083d00000, 0x0000000083d00000| Untracked 
|  62|0x0000000083e00000, 0x0000000083e00000, 0x0000000083f00000|  0%| F|  |TAMS 0x0000000083e00000, 0x0000000083e00000| Untracked 
|  63|0x0000000083f00000, 0x0000000083f00000, 0x0000000084000000|  0%| F|  |TAMS 0x0000000083f00000, 0x0000000083f00000| Untracked 
|  64|0x0000000084000000, 0x0000000084000000, 0x0000000084100000|  0%| F|  |TAMS 0x0000000084000000, 0x0000000084000000| Untracked 
|  65|0x0000000084100000, 0x0000000084100000, 0x0000000084200000|  0%| F|  |TAMS 0x0000000084100000, 0x0000000084100000| Untracked 
|  66|0x0000000084200000, 0x0000000084200000, 0x0000000084300000|  0%| F|  |TAMS 0x0000000084200000, 0x0000000084200000| Untracked 
|  67|0x0000000084300000, 0x0000000084300000, 0x0000000084400000|  0%| F|  |TAMS 0x0000000084300000, 0x0000000084300000| Untracked 
|  68|0x0000000084400000, 0x0000000084400000, 0x0000000084500000|  0%| F|  |TAMS 0x0000000084400000, 0x0000000084400000| Untracked 
|  69|0x0000000084500000, 0x0000000084500000, 0x0000000084600000|  0%| F|  |TAMS 0x0000000084500000, 0x0000000084500000| Untracked 
|  70|0x0000000084600000, 0x0000000084600000, 0x0000000084700000|  0%| F|  |TAMS 0x0000000084600000, 0x0000000084600000| Untracked 
|  71|0x0000000084700000, 0x0000000084700000, 0x0000000084800000|  0%| F|  |TAMS 0x0000000084700000, 0x0000000084700000| Untracked 
|  72|0x0000000084800000, 0x0000000084800000, 0x0000000084900000|  0%| F|  |TAMS 0x0000000084800000, 0x0000000084800000| Untracked 
|  73|0x0000000084900000, 0x0000000084900000, 0x0000000084a00000|  0%| F|  |TAMS 0x0000000084900000, 0x0000000084900000| Untracked 
|  74|0x0000000084a00000, 0x0000000084a00000, 0x0000000084b00000|  0%| F|  |TAMS 0x0000000084a00000, 0x0000000084a00000| Untracked 
|  75|0x0000000084b00000, 0x0000000084b00000, 0x0000000084c00000|  0%| F|  |TAMS 0x0000000084b00000, 0x0000000084b00000| Untracked 
|  76|0x0000000084c00000, 0x0000000084c00000, 0x0000000084d00000|  0%| F|  |TAMS 0x0000000084c00000, 0x0000000084c00000| Untracked 
|  77|0x0000000084d00000, 0x0000000084d00000, 0x0000000084e00000|  0%| F|  |TAMS 0x0000000084d00000, 0x0000000084d00000| Untracked 
|  78|0x0000000084e00000, 0x0000000084e00000, 0x0000000084f00000|  0%| F|  |TAMS 0x0000000084e00000, 0x0000000084e00000| Untracked 
|  79|0x0000000084f00000, 0x0000000084f00000, 0x0000000085000000|  0%| F|  |TAMS 0x0000000084f00000, 0x0000000084f00000| Untracked 
|  80|0x0000000085000000, 0x0000000085000000, 0x0000000085100000|  0%| F|  |TAMS 0x0000000085000000, 0x0000000085000000| Untracked 
|  81|0x0000000085100000, 0x0000000085100000, 0x0000000085200000|  0%| F|  |TAMS 0x0000000085100000, 0x0000000085100000| Untracked 
|  82|0x0000000085200000, 0x0000000085200000, 0x0000000085300000|  0%| F|  |TAMS 0x0000000085200000, 0x0000000085200000| Untracked 
|  83|0x0000000085300000, 0x0000000085300000, 0x0000000085400000|  0%| F|  |TAMS 0x0000000085300000, 0x0000000085300000| Untracked 
|  84|0x0000000085400000, 0x0000000085400000, 0x0000000085500000|  0%| F|  |TAMS 0x0000000085400000, 0x0000000085400000| Untracked 
|  85|0x0000000085500000, 0x0000000085500000, 0x0000000085600000|  0%| F|  |TAMS 0x0000000085500000, 0x0000000085500000| Untracked 
|  86|0x0000000085600000, 0x0000000085600000, 0x0000000085700000|  0%| F|  |TAMS 0x0000000085600000, 0x0000000085600000| Untracked 
|  87|0x0000000085700000, 0x0000000085700000, 0x0000000085800000|  0%| F|  |TAMS 0x0000000085700000, 0x0000000085700000| Untracked 
|  88|0x0000000085800000, 0x0000000085800000, 0x0000000085900000|  0%| F|  |TAMS 0x0000000085800000, 0x0000000085800000| Untracked 
|  89|0x0000000085900000, 0x0000000085900000, 0x0000000085a00000|  0%| F|  |TAMS 0x0000000085900000, 0x0000000085900000| Untracked 
|  90|0x0000000085a00000, 0x0000000085a00000, 0x0000000085b00000|  0%| F|  |TAMS 0x0000000085a00000, 0x0000000085a00000| Untracked 
|  91|0x0000000085b00000, 0x0000000085b00000, 0x0000000085c00000|  0%| F|  |TAMS 0x0000000085b00000, 0x0000000085b00000| Untracked 
|  92|0x0000000085c00000, 0x0000000085c00000, 0x0000000085d00000|  0%| F|  |TAMS 0x0000000085c00000, 0x0000000085c00000| Untracked 
|  93|0x0000000085d00000, 0x0000000085d00000, 0x0000000085e00000|  0%| F|  |TAMS 0x0000000085d00000, 0x0000000085d00000| Untracked 
|  94|0x0000000085e00000, 0x0000000085e00000, 0x0000000085f00000|  0%| F|  |TAMS 0x0000000085e00000, 0x0000000085e00000| Untracked 
|  95|0x0000000085f00000, 0x0000000085f00000, 0x0000000086000000|  0%| F|  |TAMS 0x0000000085f00000, 0x0000000085f00000| Untracked 
|  96|0x0000000086000000, 0x0000000086000000, 0x0000000086100000|  0%| F|  |TAMS 0x0000000086000000, 0x0000000086000000| Untracked 
|  97|0x0000000086100000, 0x0000000086100000, 0x0000000086200000|  0%| F|  |TAMS 0x0000000086100000, 0x0000000086100000| Untracked 
|  98|0x0000000086200000, 0x0000000086200000, 0x0000000086300000|  0%| F|  |TAMS 0x0000000086200000, 0x0000000086200000| Untracked 
|  99|0x0000000086300000, 0x0000000086300000, 0x0000000086400000|  0%| F|  |TAMS 0x0000000086300000, 0x0000000086300000| Untracked 
| 100|0x0000000086400000, 0x0000000086400000, 0x0000000086500000|  0%| F|  |TAMS 0x0000000086400000, 0x0000000086400000| Untracked 
| 101|0x0000000086500000, 0x0000000086500000, 0x0000000086600000|  0%| F|  |TAMS 0x0000000086500000, 0x0000000086500000| Untracked 
| 102|0x0000000086600000, 0x0000000086600000, 0x0000000086700000|  0%| F|  |TAMS 0x0000000086600000, 0x0000000086600000| Untracked 
| 103|0x0000000086700000, 0x0000000086700000, 0x0000000086800000|  0%| F|  |TAMS 0x0000000086700000, 0x0000000086700000| Untracked 
| 104|0x0000000086800000, 0x0000000086800000, 0x0000000086900000|  0%| F|  |TAMS 0x0000000086800000, 0x0000000086800000| Untracked 
| 105|0x0000000086900000, 0x0000000086900000, 0x0000000086a00000|  0%| F|  |TAMS 0x0000000086900000, 0x0000000086900000| Untracked 
| 106|0x0000000086a00000, 0x0000000086a00000, 0x0000000086b00000|  0%| F|  |TAMS 0x0000000086a00000, 0x0000000086a00000| Untracked 
| 107|0x0000000086b00000, 0x0000000086b00000, 0x0000000086c00000|  0%| F|  |TAMS 0x0000000086b00000, 0x0000000086b00000| Untracked 
| 108|0x0000000086c00000, 0x0000000086c00000, 0x0000000086d00000|  0%| F|  |TAMS 0x0000000086c00000, 0x0000000086c00000| Untracked 
| 109|0x0000000086d00000, 0x0000000086d00000, 0x0000000086e00000|  0%| F|  |TAMS 0x0000000086d00000, 0x0000000086d00000| Untracked 
| 110|0x0000000086e00000, 0x0000000086e00000, 0x0000000086f00000|  0%| F|  |TAMS 0x0000000086e00000, 0x0000000086e00000| Untracked 
| 111|0x0000000086f00000, 0x0000000086f00000, 0x0000000087000000|  0%| F|  |TAMS 0x0000000086f00000, 0x0000000086f00000| Untracked 
| 112|0x0000000087000000, 0x0000000087000000, 0x0000000087100000|  0%| F|  |TAMS 0x0000000087000000, 0x0000000087000000| Untracked 
| 113|0x0000000087100000, 0x0000000087100000, 0x0000000087200000|  0%| F|  |TAMS 0x0000000087100000, 0x0000000087100000| Untracked 
| 114|0x0000000087200000, 0x0000000087200000, 0x0000000087300000|  0%| F|  |TAMS 0x0000000087200000, 0x0000000087200000| Untracked 
| 115|0x0000000087300000, 0x0000000087300000, 0x0000000087400000|  0%| F|  |TAMS 0x0000000087300000, 0x0000000087300000| Untracked 
| 116|0x0000000087400000, 0x0000000087400000, 0x0000000087500000|  0%| F|  |TAMS 0x0000000087400000, 0x0000000087400000| Untracked 
| 117|0x0000000087500000, 0x0000000087500000, 0x0000000087600000|  0%| F|  |TAMS 0x0000000087500000, 0x0000000087500000| Untracked 
| 118|0x0000000087600000, 0x0000000087600000, 0x0000000087700000|  0%| F|  |TAMS 0x0000000087600000, 0x0000000087600000| Untracked 
| 119|0x0000000087700000, 0x0000000087700000, 0x0000000087800000|  0%| F|  |TAMS 0x0000000087700000, 0x0000000087700000| Untracked 
| 120|0x0000000087800000, 0x0000000087800000, 0x0000000087900000|  0%| F|  |TAMS 0x0000000087800000, 0x0000000087800000| Untracked 
| 121|0x0000000087900000, 0x0000000087900000, 0x0000000087a00000|  0%| F|  |TAMS 0x0000000087900000, 0x0000000087900000| Untracked 
| 122|0x0000000087a00000, 0x0000000087a00000, 0x0000000087b00000|  0%| F|  |TAMS 0x0000000087a00000, 0x0000000087a00000| Untracked 
| 123|0x0000000087b00000, 0x0000000087b43118, 0x0000000087c00000| 26%| E|  |TAMS 0x0000000087b00000, 0x0000000087b00000| Complete 
| 124|0x0000000087c00000, 0x0000000087d00000, 0x0000000087d00000|100%| E|CS|TAMS 0x0000000087c00000, 0x0000000087c00000| Complete 
| 125|0x0000000087d00000, 0x0000000087e00000, 0x0000000087e00000|100%| E|CS|TAMS 0x0000000087d00000, 0x0000000087d00000| Complete 
| 126|0x0000000087e00000, 0x0000000087f00000, 0x0000000087f00000|100%| E|  |TAMS 0x0000000087e00000, 0x0000000087e00000| Complete 
| 127|0x0000000087f00000, 0x0000000088000000, 0x0000000088000000|100%| E|CS|TAMS 0x0000000087f00000, 0x0000000087f00000| Complete 

Card table byte_map: [0x0000015d56490000,0x0000015d56890000] _byte_map_base: 0x0000015d56090000

Marking Bits (Prev, Next): (CMBitMap*) 0x0000015d43967d60, (CMBitMap*) 0x0000015d43967da0
 Prev Bits: [0x0000015d56c90000, 0x0000015d58c90000)
 Next Bits: [0x0000015d58c90000, 0x0000015d5ac90000)

Polling page: 0x0000015d430c0000

Metaspace:

Usage:
  Non-class:      7.11 MB used.
      Class:    753.21 KB used.
       Both:      7.85 MB used.

Virtual space:
  Non-class space:       64.00 MB reserved,       7.19 MB ( 11%) committed,  1 nodes.
      Class space:        1.00 GB reserved,     832.00 KB ( <1%) committed,  1 nodes.
             Both:        1.06 GB reserved,       8.00 MB ( <1%) committed. 

Chunk freelists:
   Non-Class:  8.84 MB
       Class:  15.19 MB
        Both:  24.03 MB

MaxMetaspaceSize: unlimited
CompressedClassSpaceSize: 1.00 GB
Initial GC threshold: 21.00 MB
Current GC threshold: 21.00 MB
CDS: off
MetaspaceReclaimPolicy: balanced
 - commit_granule_bytes: 65536.
 - commit_granule_words: 8192.
 - virtual_space_node_default_size: 8388608.
 - enlarge_chunks_in_place: 1.
 - new_chunks_are_fully_committed: 0.
 - uncommit_free_chunks: 1.
 - use_allocation_guard: 0.
 - handle_deallocations: 1.


Internal statistics:

num_allocs_failed_limit: 0.
num_arena_births: 50.
num_arena_deaths: 0.
num_vsnodes_births: 2.
num_vsnodes_deaths: 0.
num_space_committed: 128.
num_space_uncommitted: 0.
num_chunks_returned_to_freelist: 0.
num_chunks_taken_from_freelist: 95.
num_chunk_merges: 0.
num_chunk_splits: 52.
num_chunks_enlarged: 24.
num_inconsistent_stats: 0.

CodeHeap 'non-profiled nmethods': size=120000Kb used=78Kb max_used=78Kb free=119922Kb
 bounds [0x0000015d4eb60000, 0x0000015d4edd0000, 0x0000015d56090000]
CodeHeap 'profiled nmethods': size=120000Kb used=334Kb max_used=334Kb free=119665Kb
 bounds [0x0000015d47090000, 0x0000015d47300000, 0x0000015d4e5c0000]
CodeHeap 'non-nmethods': size=5760Kb used=1127Kb max_used=1127Kb free=4633Kb
 bounds [0x0000015d4e5c0000, 0x0000015d4e830000, 0x0000015d4eb60000]
 total_blobs=668 nmethods=266 adapters=314
 compilation: enabled
              stopped_count=0, restarted_count=0
 full_count=0

Compilation events (20 events):
Event: 0.441 Thread 0x0000015d5d334240 nmethod 245 0x0000015d470df690 code [0x0000015d470df820, 0x0000015d470df938]
Event: 0.441 Thread 0x0000015d5d334240  246       1       java.lang.invoke.MethodTypeForm::parameterSlotCount (5 bytes)
Event: 0.441 Thread 0x0000015d5d334240 nmethod 246 0x0000015d4eb71710 code [0x0000015d4eb718a0, 0x0000015d4eb71978]
Event: 0.441 Thread 0x0000015d5d334240  249       3       java.lang.invoke.MemberName::initResolved (53 bytes)
Event: 0.441 Thread 0x0000015d5d334240 nmethod 249 0x0000015d470dfa10 code [0x0000015d470dfba0, 0x0000015d470dfd58]
Event: 0.441 Thread 0x0000015d5d334240  250       3       java.lang.invoke.LambdaForm$BasicType::basicType (19 bytes)
Event: 0.441 Thread 0x0000015d5d334240 nmethod 250 0x0000015d470dfe10 code [0x0000015d470dffe0, 0x0000015d470e0238]
Event: 0.441 Thread 0x0000015d5d334240  253       3       jdk.internal.org.objectweb.asm.SymbolTable::put (150 bytes)
Event: 0.442 Thread 0x0000015d5d334240 nmethod 253 0x0000015d470e0390 code [0x0000015d470e0580, 0x0000015d470e0dd8]
Event: 0.442 Thread 0x0000015d5d334240  252       3       java.lang.invoke.LambdaForm::argument (27 bytes)
Event: 0.442 Thread 0x0000015d5d334240 nmethod 252 0x0000015d470e1090 code [0x0000015d470e1240, 0x0000015d470e14a8]
Event: 0.442 Thread 0x0000015d5d334240  254       3       jdk.internal.org.objectweb.asm.Symbol::<init> (38 bytes)
Event: 0.442 Thread 0x0000015d5d334240 nmethod 254 0x0000015d470e1610 code [0x0000015d470e17c0, 0x0000015d470e1a58]
Event: 0.442 Thread 0x0000015d5d334240  256       3       java.lang.invoke.MethodType::checkSlotCount (33 bytes)
Event: 0.443 Thread 0x0000015d5d334240 nmethod 256 0x0000015d470e1b10 code [0x0000015d470e1d40, 0x0000015d470e23d8]
Event: 0.443 Thread 0x0000015d5d334240  260       3       java.lang.invoke.LambdaForm$Name::initIndex (26 bytes)
Event: 0.443 Thread 0x0000015d5d334240 nmethod 260 0x0000015d470e2690 code [0x0000015d470e2820, 0x0000015d470e29d8]
Event: 0.443 Thread 0x0000015d5d334240  261       3       java.lang.invoke.MethodType::equals (56 bytes)
Event: 0.444 Thread 0x0000015d5d334240 nmethod 261 0x0000015d470e2a90 code [0x0000015d470e2cc0, 0x0000015d470e37d8]
Event: 0.444 Thread 0x0000015d5d334240  262       3       jdk.internal.org.objectweb.asm.Frame::execute (2305 bytes)

GC Heap History (0 events):
No events

Dll operation events (1 events):
Event: 0.028 Loaded shared library C:\Program Files\JetBrains\IntelliJ IDEA 2024.1.4\jbr\bin\java.dll

Deoptimization events (12 events):
Event: 0.390 Thread 0x0000015d4390e760 Uncommon trap: trap_request=0xffffff45 fr.pc=0x0000015d4eb67144 relative=0x0000000000000604
Event: 0.390 Thread 0x0000015d4390e760 Uncommon trap: reason=unstable_if action=reinterpret pc=0x0000015d4eb67144 method=java.util.zip.ZipFile$Source.checkAndAddEntry(II)I @ 128 c2
Event: 0.390 Thread 0x0000015d4390e760 DEOPT PACKING pc=0x0000015d4eb67144 sp=0x000000539bcfdbd0
Event: 0.390 Thread 0x0000015d4390e760 DEOPT UNPACKING pc=0x0000015d4e6169a3 sp=0x000000539bcfdb40 mode 2
Event: 0.390 Thread 0x0000015d4390e760 Uncommon trap: trap_request=0xffffff45 fr.pc=0x0000015d4eb6678c relative=0x000000000000026c
Event: 0.390 Thread 0x0000015d4390e760 Uncommon trap: reason=unstable_if action=reinterpret pc=0x0000015d4eb6678c method=java.util.zip.ZipCoder$UTF8ZipCoder.checkedHash([BII)I @ 75 c2
Event: 0.390 Thread 0x0000015d4390e760 DEOPT PACKING pc=0x0000015d4eb6678c sp=0x000000539bcfdb10
Event: 0.390 Thread 0x0000015d4390e760 DEOPT UNPACKING pc=0x0000015d4e6169a3 sp=0x000000539bcfdaa0 mode 2
Event: 0.390 Thread 0x0000015d4390e760 Uncommon trap: trap_request=0xffffff45 fr.pc=0x0000015d4eb67e78 relative=0x0000000000000158
Event: 0.390 Thread 0x0000015d4390e760 Uncommon trap: reason=unstable_if action=reinterpret pc=0x0000015d4eb67e78 method=java.util.zip.ZipFile$Source.isMetaName([BII)Z @ 15 c2
Event: 0.390 Thread 0x0000015d4390e760 DEOPT PACKING pc=0x0000015d4eb67e78 sp=0x000000539bcfdbe0
Event: 0.390 Thread 0x0000015d4390e760 DEOPT UNPACKING pc=0x0000015d4e6169a3 sp=0x000000539bcfdb88 mode 2

Classes unloaded (0 events):
No events

Classes redefined (0 events):
No events

Internal exceptions (3 events):
Event: 0.441 Thread 0x0000015d4390e760 Exception <a 'java/lang/NoSuchMethodError'{0x0000000087c94340}: 'java.lang.Object java.lang.invoke.DirectMethodHandle$Holder.invokeStatic(java.lang.Object, java.lang.Object, int)'> (0x0000000087c94340) 
thrown [s\src\hotspot\share\interpreter\linkResolver.cpp, line 771]
Event: 0.442 Thread 0x0000015d4390e760 Exception <a 'java/lang/NoSuchMethodError'{0x0000000087ca0100}: 'void java.lang.invoke.DelegatingMethodHandle$Holder.delegate(java.lang.Object, java.lang.Object, int, java.lang.Object)'> (0x0000000087ca0100) 
thrown [s\src\hotspot\share\interpreter\linkResolver.cpp, line 771]
Event: 0.443 Thread 0x0000015d4390e760 Exception <a 'java/lang/NoSuchMethodError'{0x0000000087ca4340}: 'int java.lang.invoke.DirectMethodHandle$Holder.invokeSpecial(java.lang.Object, java.lang.Object, java.lang.Object)'> (0x0000000087ca4340) 
thrown [s\src\hotspot\share\interpreter\linkResolver.cpp, line 771]

VM Operations (4 events):
Event: 0.343 Executing VM operation: HandshakeAllThreads
Event: 0.343 Executing VM operation: HandshakeAllThreads done
Event: 0.414 Executing VM operation: HandshakeAllThreads
Event: 0.414 Executing VM operation: HandshakeAllThreads done

Events (20 events):
Event: 0.439 loading class java/lang/invoke/MethodHandleImpl$CasesHolder
Event: 0.439 loading class java/lang/invoke/MethodHandleImpl$CasesHolder done
Event: 0.439 loading class java/lang/invoke/MethodHandleImpl$LoopClauses
Event: 0.439 loading class java/lang/invoke/MethodHandleImpl$LoopClauses done
Event: 0.439 loading class java/lang/invoke/MethodHandleImpl$ArrayAccess
Event: 0.439 loading class java/lang/invoke/MethodHandleImpl$ArrayAccess done
Event: 0.440 loading class java/lang/invoke/MethodHandleImpl$2
Event: 0.440 loading class java/lang/invoke/MethodHandleImpl$2 done
Event: 0.440 loading class java/lang/invoke/MethodHandleImpl$ArrayAccessor
Event: 0.440 loading class java/lang/invoke/MethodHandleImpl$ArrayAccessor done
Event: 0.440 loading class java/lang/invoke/MethodHandleImpl$ArrayAccessor$1
Event: 0.440 loading class java/lang/invoke/MethodHandleImpl$ArrayAccessor$1 done
Event: 0.440 loading class java/lang/ClassValue$ClassValueMap
Event: 0.440 loading class java/lang/ClassValue$ClassValueMap done
Event: 0.440 loading class java/lang/NoSuchMethodError
Event: 0.440 loading class java/lang/IncompatibleClassChangeError
Event: 0.440 loading class java/lang/IncompatibleClassChangeError done
Event: 0.440 loading class java/lang/NoSuchMethodError done
Event: 0.444 loading class java/util/Collections$CopiesList
Event: 0.444 loading class java/util/Collections$CopiesList done


Dynamic libraries:
0x00007ff631ad0000 - 0x00007ff631ada000 	C:\Program Files\JetBrains\IntelliJ IDEA 2024.1.4\jbr\bin\java.exe
0x00007fffa1090000 - 0x00007fffa12a7000 	C:\Windows\SYSTEM32\ntdll.dll
0x00007fffa0700000 - 0x00007fffa07c4000 	C:\Windows\System32\KERNEL32.DLL
0x00007fff9e470000 - 0x00007fff9e817000 	C:\Windows\System32\KERNELBASE.dll
0x00007fff9ec00000 - 0x00007fff9ed11000 	C:\Windows\System32\ucrtbase.dll
0x00007fff59470000 - 0x00007fff59487000 	C:\Program Files\JetBrains\IntelliJ IDEA 2024.1.4\jbr\bin\jli.dll
0x00007fffa0ea0000 - 0x00007fffa104e000 	C:\Windows\System32\USER32.dll
0x00007fff96230000 - 0x00007fff9624b000 	C:\Program Files\JetBrains\IntelliJ IDEA 2024.1.4\jbr\bin\VCRUNTIME140.dll
0x00007fff9ea30000 - 0x00007fff9ea56000 	C:\Windows\System32\win32u.dll
0x00007fffa0e10000 - 0x00007fffa0e39000 	C:\Windows\System32\GDI32.dll
0x00007fff89c40000 - 0x00007fff89ed3000 	C:\Windows\WinSxS\amd64_microsoft.windows.common-controls_6595b64144ccf1df_6.0.22621.3527_none_270e469b73872a76\COMCTL32.dll
0x00007fff9e8a0000 - 0x00007fff9e9b9000 	C:\Windows\System32\gdi32full.dll
0x00007fff9ed20000 - 0x00007fff9edba000 	C:\Windows\System32\msvcp_win.dll
0x00007fffa0a30000 - 0x00007fffa0ad7000 	C:\Windows\System32\msvcrt.dll
0x00007fffa0960000 - 0x00007fffa0991000 	C:\Windows\System32\IMM32.DLL
0x00007fff8d6d0000 - 0x00007fff8d6dc000 	C:\Program Files\JetBrains\IntelliJ IDEA 2024.1.4\jbr\bin\vcruntime140_1.dll
0x00007fff798c0000 - 0x00007fff7994d000 	C:\Program Files\JetBrains\IntelliJ IDEA 2024.1.4\jbr\bin\msvcp140.dll
0x00007fff59a80000 - 0x00007fff5a703000 	C:\Program Files\JetBrains\IntelliJ IDEA 2024.1.4\jbr\bin\server\jvm.dll
0x00007fffa0640000 - 0x00007fffa06f2000 	C:\Windows\System32\ADVAPI32.dll
0x00007fff9f9a0000 - 0x00007fff9fa48000 	C:\Windows\System32\sechost.dll
0x00007fff9ebd0000 - 0x00007fff9ebf8000 	C:\Windows\System32\bcrypt.dll
0x00007fff9f0b0000 - 0x00007fff9f1c5000 	C:\Windows\System32\RPCRT4.dll
0x00007fff9bcf0000 - 0x00007fff9bd24000 	C:\Windows\SYSTEM32\WINMM.dll
0x00007fff96650000 - 0x00007fff9665a000 	C:\Windows\SYSTEM32\VERSION.dll
0x00007fff9e270000 - 0x00007fff9e2bd000 	C:\Windows\SYSTEM32\POWRPROF.dll
0x00007fff96570000 - 0x00007fff96579000 	C:\Windows\SYSTEM32\WSOCK32.dll
0x00007fff9ef90000 - 0x00007fff9f001000 	C:\Windows\System32\ws2_32.DLL
0x00007fff9e250000 - 0x00007fff9e263000 	C:\Windows\SYSTEM32\UMPDC.dll
0x00007fff9d3d0000 - 0x00007fff9d3e8000 	C:\Windows\SYSTEM32\kernel.appcore.dll
0x00007fff95870000 - 0x00007fff9587a000 	C:\Program Files\JetBrains\IntelliJ IDEA 2024.1.4\jbr\bin\jimage.dll
0x00007fff9bab0000 - 0x00007fff9bce2000 	C:\Windows\SYSTEM32\DBGHELP.DLL
0x00007fff9fa50000 - 0x00007fff9fdd8000 	C:\Windows\System32\combase.dll
0x00007fff9f8c0000 - 0x00007fff9f997000 	C:\Windows\System32\OLEAUT32.dll
0x00007fff9ba40000 - 0x00007fff9ba72000 	C:\Windows\SYSTEM32\dbgcore.DLL
0x00007fff9e820000 - 0x00007fff9e899000 	C:\Windows\System32\bcryptPrimitives.dll
0x00007fff75550000 - 0x00007fff75575000 	C:\Program Files\JetBrains\IntelliJ IDEA 2024.1.4\jbr\bin\java.dll
0x00007fff86680000 - 0x00007fff86698000 	C:\Program Files\JetBrains\IntelliJ IDEA 2024.1.4\jbr\bin\zip.dll
0x00007fff9fde0000 - 0x00007fffa063c000 	C:\Windows\System32\SHELL32.dll
0x00007fff9c2f0000 - 0x00007fff9cbe6000 	C:\Windows\SYSTEM32\windows.storage.dll
0x00007fff9c1b0000 - 0x00007fff9c2ee000 	C:\Windows\SYSTEM32\wintypes.dll
0x00007fffa07d0000 - 0x00007fffa08c5000 	C:\Windows\System32\SHCORE.dll
0x00007fff9f220000 - 0x00007fff9f27e000 	C:\Windows\System32\shlwapi.dll
0x00007fff9e2e0000 - 0x00007fff9e301000 	C:\Windows\SYSTEM32\profapi.dll
0x00007fff849e0000 - 0x00007fff849f9000 	C:\Program Files\JetBrains\IntelliJ IDEA 2024.1.4\jbr\bin\net.dll
0x00007fff96430000 - 0x00007fff96566000 	C:\Windows\SYSTEM32\WINHTTP.dll
0x00007fff9d840000 - 0x00007fff9d8a9000 	C:\Windows\system32\mswsock.dll
0x00007fff78a20000 - 0x00007fff78a36000 	C:\Program Files\JetBrains\IntelliJ IDEA 2024.1.4\jbr\bin\nio.dll

dbghelp: loaded successfully - version: 4.0.5 - missing functions: none
symbol engine: initialized successfully - sym options: 0x614 - pdb path: .;C:\Program Files\JetBrains\IntelliJ IDEA 2024.1.4\jbr\bin;C:\Windows\SYSTEM32;C:\Windows\WinSxS\amd64_microsoft.windows.common-controls_6595b64144ccf1df_6.0.22621.3527_none_270e469b73872a76;C:\Program Files\JetBrains\IntelliJ IDEA 2024.1.4\jbr\bin\server

VM Arguments:
jvm_args: -Djava.rmi.server.hostname=127.0.0.1 -Duser.timezone=UTC -Xmx2048m -Xms128m -Djdbc.classpath=C:\Program Files\JetBrains\IntelliJ IDEA 2024.1.4\plugins\DatabaseTools\lib\jdbc-console.jar;C:\Users\Admin\AppData\Roaming\JetBrains\IntelliJIdea2024.1\jdbc-drivers\MySQL ConnectorJ\8.2.0\com\mysql\mysql-connector-j\8.2.0\mysql-connector-j-8.2.0.jar;C:\Users\Admin\AppData\Roaming\JetBrains\IntelliJIdea2024.1\jdbc-drivers\MySQL ConnectorJ\8.2.0\com\google\protobuf\protobuf-java\3.21.9\protobuf-java-3.21.9.jar --add-exports=java.desktop/sun.awt=ALL-UNNAMED --add-exports=java.desktop/java.awt.peer=ALL-UNNAMED --add-opens=java.desktop/java.awt=ALL-UNNAMED --add-opens=jdk.unsupported/sun.misc=ALL-UNNAMED --add-opens=java.base/java.nio=ALL-UNNAMED --add-opens=java.base/java.util=ALL-UNNAMED -Dfile.encoding=UTF-8 
java_command: com.intellij.database.remote.RemoteJdbcServer com.mysql.cj.jdbc.Driver
java_class_path (initial): C:\Program Files\JetBrains\IntelliJ IDEA 2024.1.4\lib\util_rt.jar;C:\Program Files\JetBrains\IntelliJ IDEA 2024.1.4\lib\util-8.jar;C:\Program Files\JetBrains\IntelliJ IDEA 2024.1.4\lib\groovy.jar;C:\Program Files\JetBrains\IntelliJ IDEA 2024.1.4\plugins\DatabaseTools\lib\jdbc-console.jar;C:\Program Files\JetBrains\IntelliJ IDEA 2024.1.4\plugins\grid-core-impl\lib\jdbc-console-types.jar;C:\Program Files\JetBrains\IntelliJ IDEA 2024.1.4\lib\util.jar
Launcher Type: SUN_STANDARD

[Global flags]
     intx CICompilerCount                          = 3                                         {product} {ergonomic}
     uint ConcGCThreads                            = 1                                         {product} {ergonomic}
     uint G1ConcRefinementThreads                  = 4                                         {product} {ergonomic}
   size_t G1HeapRegionSize                         = 1048576                                   {product} {ergonomic}
    uintx GCDrainStackTargetSize                   = 64                                        {product} {ergonomic}
   size_t InitialHeapSize                          = 134217728                                 {product} {command line}
   size_t MarkStackSize                            = 4194304                                   {product} {ergonomic}
   size_t MaxHeapSize                              = 2147483648                                {product} {command line}
   size_t MaxNewSize                               = 1287651328                                {product} {ergonomic}
   size_t MinHeapDeltaBytes                        = 1048576                                   {product} {ergonomic}
   size_t MinHeapSize                              = 134217728                                 {product} {command line}
    uintx NonNMethodCodeHeapSize                   = 5832780                                {pd product} {ergonomic}
    uintx NonProfiledCodeHeapSize                  = 122912730                              {pd product} {ergonomic}
    uintx ProfiledCodeHeapSize                     = 122912730                              {pd product} {ergonomic}
    uintx ReservedCodeCacheSize                    = 251658240                              {pd product} {ergonomic}
     bool SegmentedCodeCache                       = true                                      {product} {ergonomic}
   size_t SoftMaxHeapSize                          = 2147483648                             {manageable} {ergonomic}
     bool UseCompressedClassPointers               = true                           {product lp64_product} {ergonomic}
     bool UseCompressedOops                        = true                           {product lp64_product} {ergonomic}
     bool UseG1GC                                  = true                                      {product} {ergonomic}
     bool UseLargePagesIndividualAllocation        = false                                  {pd product} {ergonomic}

Logging:
Log output configuration:
 #0: stdout all=warning uptime,level,tags
 #1: stderr all=off uptime,level,tags

Environment Variables:
JAVA_HOME=C:\Program Files\Java\jdk-22
PATH=C:\Windows\system32;C:\Windows;C:\Windows\System32\Wbem;C:\Windows\System32\WindowsPowerShell\v1.0\;C:\Windows\System32\OpenSSH\;C:\Program Files\Microsoft SQL Server\150\Tools\Binn\;C:\Program Files\Microsoft SQL Server\Client SDK\ODBC\170\Tools\Binn\;C:\Program Files\dotnet\;C:\Program Files (x86)\Windows Kits\10\Windows Performance Toolkit\;C:\Users\Admin\AppData\Local\Android\Sdk;C:\Program Files (x86)\Microsoft SQL Server\160\DTS\Binn\;C:\flutter\bin;C:\Program Files\Git\cmd;C:\Users\Admin\AppData\Local\Microsoft\WinGet\Links\fnm.exe;C:\Program Files\nodejs\;C:\apache-maven-3.9.8\bin;C:\Program Files\Java\jdk-22\bin;C:\Users\Admin\AppData\Local\Microsoft\WindowsApps;C:\Users\Admin\.dotnet\tools;C:\Users\Admin\AppData\Local\Programs\Microsoft VS Code\bin;C:\Users\Admin\AppData\Local\GitHubDesktop\bin;C:\Users\Admin\AppData\Local\Microsoft\WinGet\Links;C:\Users\Admin\AppData\Roaming\npm;C:\jdk-22.0.2\bin;
USERNAME=Admin
OS=Windows_NT
PROCESSOR_IDENTIFIER=AMD64 Family 23 Model 24 Stepping 1, AuthenticAMD
TMP=C:\Users\Admin\AppData\Local\Temp
TEMP=C:\Users\Admin\AppData\Local\Temp



Periodic native trim disabled

JNI global refs:
JNI global refs: 8, weak refs: 0

JNI global refs memory usage: 843, weak refs: 209

Process memory usage:
Resident Set Size: 44388K (1% of 3602860K total physical memory with 129492K free physical memory)

OOME stack traces (most recent first):
Classloader memory used:
Loader bootstrap                                                                       : 987K
Loader jdk.internal.loader.ClassLoaders$AppClassLoader                                 : 17410B
Loader jdk.internal.loader.ClassLoaders$PlatformClassLoader                            : 6020B
Loader com.intellij.database.remote.jdbc.impl.JdbcClassLoader$JdbcClassLoaderImpl      : 4426B


---------------  S Y S T E M  ---------------

OS:
 Windows 11 , 64 bit Build 22621 (10.0.22621.3527)
OS uptime: 0 days 7:37 hours

CPU: total 4 (initial active 4) (4 cores per cpu, 2 threads per core) family 23 model 24 stepping 1 microcode 0x0, cx8, cmov, fxsr, ht, mmx, 3dnowpref, sse, sse2, sse3, ssse3, sse4a, sse4.1, sse4.2, popcnt, lzcnt, tsc, tscinvbit, avx, avx2, aes, clmul, bmi1, bmi2, adx, sha, fma, vzeroupper, clflush, clflushopt
Processor Information for all 4 processors :
  Max Mhz: 2400, Current Mhz: 2400, Mhz Limit: 2400

Memory: 4k page, system-wide physical 3518M (126M free)
TotalPageFile size 14270M (AvailPageFile size 1M)
current process WorkingSet (physical memory assigned to process): 43M, peak: 43M
current process commit charge ("private bytes"): 201M, peak: 202M

vm_info: OpenJDK 64-Bit Server VM (17.0.11+1-b1207.24) for windows-amd64 JRE (17.0.11+1-b1207.24), built on 2024-05-15 by "builduser" with MS VC++ 16.10 / 16.11 (VS2019)

END.
