#
# There is insufficient memory for the Java Runtime Environment to continue.
# Native memory allocation (mmap) failed to map 65536 bytes. Error detail: Failed to commit metaspace.
# Possible reasons:
#   The system is out of physical RAM or swap space
#   This process is running with CompressedOops enabled, and the Java Heap may be blocking the growth of the native heap
# Possible solutions:
#   Reduce memory load on the system
#   Increase physical memory or swap space
#   Check if swap backing store is full
#   Decrease Java heap size (-Xmx/-Xms)
#   Decrease number of Java threads
#   Decrease Java thread stack sizes (-Xss)
#   Set larger code cache with -XX:ReservedCodeCacheSize=
#   JVM is running with Unscaled Compressed Oops mode in which the Java heap is
#     placed in the first 4GB address space. The Java Heap base address is the
#     maximum limit for the native heap growth. Please use -XX:HeapBaseMinAddress
#     to set the Java Heap base and to place the Java Heap above 4GB virtual address.
# This output file may be truncated or incomplete.
#
#  Out of Memory Error (virtualSpaceNode.cpp:110), pid=2724, tid=3916
#
# JRE version: OpenJDK Runtime Environment JBR-17.0.11+1-1207.24-jcef (17.0.11+1) (build 17.0.11+1-b1207.24)
# Java VM: OpenJDK 64-Bit Server VM JBR-17.0.11+1-1207.24-jcef (17.0.11+1-b1207.24, mixed mode, tiered, compressed oops, compressed class ptrs, g1 gc, windows-amd64)
# No core dump will be written. Minidumps are not enabled by default on client versions of Windows
#

---------------  S U M M A R Y ------------

Command Line: -Djava.rmi.server.hostname=127.0.0.1 -Duser.timezone=UTC -Xmx2048m -Xms128m -Djdbc.classpath=C:\Program Files\JetBrains\IntelliJ IDEA 2024.1.4\plugins\DatabaseTools\lib\jdbc-console.jar;C:\Users\Admin\AppData\Roaming\JetBrains\IntelliJIdea2024.1\jdbc-drivers\MySQL ConnectorJ\8.2.0\com\mysql\mysql-connector-j\8.2.0\mysql-connector-j-8.2.0.jar;C:\Users\Admin\AppData\Roaming\JetBrains\IntelliJIdea2024.1\jdbc-drivers\MySQL ConnectorJ\8.2.0\com\google\protobuf\protobuf-java\3.21.9\protobuf-java-3.21.9.jar --add-exports=java.desktop/sun.awt=ALL-UNNAMED --add-exports=java.desktop/java.awt.peer=ALL-UNNAMED --add-opens=java.desktop/java.awt=ALL-UNNAMED --add-opens=jdk.unsupported/sun.misc=ALL-UNNAMED --add-opens=java.base/java.nio=ALL-UNNAMED --add-opens=java.base/java.util=ALL-UNNAMED -Dfile.encoding=UTF-8 com.intellij.database.remote.RemoteJdbcServer com.mysql.cj.jdbc.Driver

Host: AMD Athlon Gold 3150U with Radeon Graphics     , 4 cores, 3G,  Windows 11 , 64 bit Build 22621 (10.0.22621.3527)
Time: Wed Sep 18 16:20:19 2024 Hora de verano del Pacífico elapsed time: 1.388621 seconds (0d 0h 0m 1s)

---------------  T H R E A D  ---------------

Current thread (0x000001e3ac30c190):  JavaThread "RMI TCP Connection(3)-127.0.0.1" daemon [_thread_in_vm, id=3916, stack(0x000000ac94000000,0x000000ac94100000)]

Stack: [0x000000ac94000000,0x000000ac94100000]
Native frames: (J=compiled Java code, j=interpreted, Vv=VM code, C=native code)
V  [jvm.dll+0x6877f9]
V  [jvm.dll+0x8411aa]
V  [jvm.dll+0x842e2e]
V  [jvm.dll+0x843493]
V  [jvm.dll+0x249fdf]
V  [jvm.dll+0x83c03b]
V  [jvm.dll+0x62bc86]
V  [jvm.dll+0x1c2b5e]
V  [jvm.dll+0x62e5e1]
V  [jvm.dll+0x62c626]
V  [jvm.dll+0x23dbef]
V  [jvm.dll+0x6364b5]
V  [jvm.dll+0x1ece6b]
V  [jvm.dll+0x1ed3a5]
V  [jvm.dll+0x1edd45]
V  [jvm.dll+0x1e31fc]
V  [jvm.dll+0x54c22c]
V  [jvm.dll+0x7ba385]
V  [jvm.dll+0x7ba49e]
V  [jvm.dll+0x4142ba]
V  [jvm.dll+0x41a449]
C  [java.dll+0x17ec]

Java frames: (J=compiled Java code, j=interpreted, Vv=VM code)
j  java.lang.ClassLoader.defineClass1(Ljava/lang/ClassLoader;Ljava/lang/String;[BIILjava/security/ProtectionDomain;Ljava/lang/String;)Ljava/lang/Class;+0 java.base@17.0.11
j  java.lang.ClassLoader.defineClass(Ljava/lang/String;[BIILjava/security/ProtectionDomain;)Ljava/lang/Class;+27 java.base@17.0.11
j  java.security.SecureClassLoader.defineClass(Ljava/lang/String;[BIILjava/security/CodeSource;)Ljava/lang/Class;+12 java.base@17.0.11
j  java.net.URLClassLoader.defineClass(Ljava/lang/String;Ljdk/internal/loader/Resource;)Ljava/lang/Class;+220 java.base@17.0.11
j  java.net.URLClassLoader$1.run()Ljava/lang/Class;+43 java.base@17.0.11
j  java.net.URLClassLoader$1.run()Ljava/lang/Object;+1 java.base@17.0.11
j  java.security.AccessController.executePrivileged(Ljava/security/PrivilegedExceptionAction;Ljava/security/AccessControlContext;Ljava/lang/Class;)Ljava/lang/Object;+29 java.base@17.0.11
j  java.security.AccessController.doPrivileged(Ljava/security/PrivilegedExceptionAction;Ljava/security/AccessControlContext;)Ljava/lang/Object;+13 java.base@17.0.11
j  java.net.URLClassLoader.findClass(Ljava/lang/String;)Ljava/lang/Class;+13 java.base@17.0.11
j  com.intellij.database.remote.jdbc.impl.JdbcClassLoader$JdbcClassLoaderImpl.findClass(Ljava/lang/String;)Ljava/lang/Class;+18
j  java.lang.ClassLoader.loadClass(Ljava/lang/String;Z)Ljava/lang/Class;+69 java.base@17.0.11
J 848 c1 java.lang.ClassLoader.loadClass(Ljava/lang/String;)Ljava/lang/Class; java.base@17.0.11 (7 bytes) @ 0x000001e39195ffbc [0x000001e39195fec0+0x00000000000000fc]
v  ~StubRoutines::call_stub
j  com.mysql.cj.jdbc.NonRegisteringDriver.getMajorVersionInternal()I+2
j  com.mysql.cj.jdbc.NonRegisteringDriver.getMajorVersion()I+0
j  com.intellij.database.remote.jdbc.helpers.MysqlBaseJdbcHelper$1.getDirection(Ljava/sql/Driver;)Lcom/intellij/database/remote/jdbc/helpers/JdbcHelperImpl$PropertyReplacement$Direction;+9
j  com.intellij.database.remote.jdbc.helpers.JdbcHelperImpl$PropertyReplacement.replace(Ljava/sql/Driver;Ljava/util/Properties;)Ljava/util/Properties;+41
j  com.intellij.database.remote.jdbc.helpers.JdbcHelperImpl.replaceInvalidProperties(Ljava/sql/Driver;Ljava/util/Properties;Ljava/util/List;)Ljava/util/Properties;+60
j  com.intellij.database.remote.jdbc.helpers.MysqlBaseJdbcHelper.connect(Ljava/sql/Driver;Ljava/lang/String;Ljava/util/Properties;Ljava/util/Map;)Ljava/sql/Connection;+36
j  com.intellij.database.remote.jdbc.impl.RemoteDriverImpl.connect(Ljava/lang/String;Ljava/util/Properties;Ljava/util/Map;)Lcom/intellij/database/remote/jdbc/RemoteConnection;+57
v  ~StubRoutines::call_stub
j  jdk.internal.reflect.NativeMethodAccessorImpl.invoke0(Ljava/lang/reflect/Method;Ljava/lang/Object;[Ljava/lang/Object;)Ljava/lang/Object;+0 java.base@17.0.11
j  jdk.internal.reflect.NativeMethodAccessorImpl.invoke(Ljava/lang/Object;[Ljava/lang/Object;)Ljava/lang/Object;+133 java.base@17.0.11
j  jdk.internal.reflect.DelegatingMethodAccessorImpl.invoke(Ljava/lang/Object;[Ljava/lang/Object;)Ljava/lang/Object;+6 java.base@17.0.11
j  java.lang.reflect.Method.invoke(Ljava/lang/Object;[Ljava/lang/Object;)Ljava/lang/Object;+59 java.base@17.0.11
j  sun.rmi.server.UnicastServerRef.dispatch(Ljava/rmi/Remote;Ljava/rmi/server/RemoteCall;)V+264 java.rmi@17.0.11
j  sun.rmi.transport.Transport$1.run()Ljava/lang/Void;+23 java.rmi@17.0.11
j  sun.rmi.transport.Transport$1.run()Ljava/lang/Object;+1 java.rmi@17.0.11
j  java.security.AccessController.executePrivileged(Ljava/security/PrivilegedExceptionAction;Ljava/security/AccessControlContext;Ljava/lang/Class;)Ljava/lang/Object;+29 java.base@17.0.11
j  java.security.AccessController.doPrivileged(Ljava/security/PrivilegedExceptionAction;Ljava/security/AccessControlContext;)Ljava/lang/Object;+13 java.base@17.0.11
j  sun.rmi.transport.Transport.serviceCall(Ljava/rmi/server/RemoteCall;)Z+157 java.rmi@17.0.11
j  sun.rmi.transport.tcp.TCPTransport.handleMessages(Lsun/rmi/transport/Connection;Z)V+145 java.rmi@17.0.11
j  sun.rmi.transport.tcp.TCPTransport$ConnectionHandler.run0()V+522 java.rmi@17.0.11
j  sun.rmi.transport.tcp.TCPTransport$ConnectionHandler.lambda$run$0()Ljava/lang/Void;+1 java.rmi@17.0.11
j  sun.rmi.transport.tcp.TCPTransport$ConnectionHandler$$Lambda$66+0x0000000100111b90.run()Ljava/lang/Object;+4 java.rmi@17.0.11
J 734 c1 java.security.AccessController.executePrivileged(Ljava/security/PrivilegedAction;Ljava/security/AccessControlContext;Ljava/lang/Class;)Ljava/lang/Object; java.base@17.0.11 (65 bytes) @ 0x000001e39193c1b4 [0x000001e39193c060+0x0000000000000154]
j  java.security.AccessController.doPrivileged(Ljava/security/PrivilegedAction;Ljava/security/AccessControlContext;)Ljava/lang/Object;+13 java.base@17.0.11
j  sun.rmi.transport.tcp.TCPTransport$ConnectionHandler.run()V+37 java.rmi@17.0.11
j  java.util.concurrent.ThreadPoolExecutor.runWorker(Ljava/util/concurrent/ThreadPoolExecutor$Worker;)V+92 java.base@17.0.11
j  java.util.concurrent.ThreadPoolExecutor$Worker.run()V+5 java.base@17.0.11
j  java.lang.Thread.run()V+11 java.base@17.0.11
v  ~StubRoutines::call_stub

Compiled method (c1)    1428  848       3       java.lang.ClassLoader::loadClass (7 bytes)
 total in heap  [0x000001e39195fd10,0x000001e3919600f0] = 992
 relocation     [0x000001e39195fe68,0x000001e39195fea8] = 64
 main code      [0x000001e39195fec0,0x000001e391960040] = 384
 stub code      [0x000001e391960040,0x000001e391960088] = 72
 metadata       [0x000001e391960088,0x000001e391960090] = 8
 scopes data    [0x000001e391960090,0x000001e3919600a8] = 24
 scopes pcs     [0x000001e3919600a8,0x000001e3919600e8] = 64
 dependencies   [0x000001e3919600e8,0x000001e3919600f0] = 8

[Constant Pool (empty)]

[MachCode]
[Entry Point]
  # {method} {0x000001e3a8024000} 'loadClass' '(Ljava/lang/String;)Ljava/lang/Class;' in 'java/lang/ClassLoader'
  # this:     rdx:rdx   = 'java/lang/ClassLoader'
  # parm0:    r8:r8     = 'java/lang/String'
  #           [sp+0x40]  (sp of caller)
  0x000001e39195fec0: 448b 5208 | 49c1 e203 

  0x000001e39195fec8: ;   {runtime_call ic_miss_stub}
  0x000001e39195fec8: 4c3b d00f | 85af 1143 | 070f 1f84 | 0000 0000 | 000f 1f80 | 0000 0000 
[Verified Entry Point]
  0x000001e39195fee0: 8984 2400 | 90ff ff55 | 4883 ec30 

  0x000001e39195feec: ;   {metadata(method data for {method} {0x000001e3a8024000} 'loadClass' '(Ljava/lang/String;)Ljava/lang/Class;' in 'java/lang/ClassLoader')}
  0x000001e39195feec: 49b9 801c | b8a8 e301 | 0000 418b | b1cc 0000 | 0083 c602 | 4189 b1cc | 0000 0081 | e6fe 0700 
  0x000001e39195ff0c: 0083 fe00 | 0f84 b900 | 0000 4c8b 

  0x000001e39195ff18: ;   {metadata(method data for {method} {0x000001e3a8024000} 'loadClass' '(Ljava/lang/String;)Ljava/lang/Class;' in 'java/lang/ClassLoader')}
  0x000001e39195ff18: ca48 be80 | 1cb8 a8e3 | 0100 0045 | 8b49 0849 | c1e1 034c | 3b8e 2001 | 0000 750d | 4883 8628 
  0x000001e39195ff38: 0100 0001 | e966 0000 | 004c 3b8e | 3001 0000 | 750d 4883 | 8638 0100 | 0001 e950 | 0000 0048 
  0x000001e39195ff58: 81be 2001 | 0000 0000 | 0000 7517 | 4c89 8e20 | 0100 0048 | c786 2801 | 0000 0100 | 0000 e92c 
  0x000001e39195ff78: 0000 0048 | 81be 3001 | 0000 0000 | 0000 7517 | 4c89 8e30 | 0100 0048 | c786 3801 | 0000 0100 
  0x000001e39195ff98: 0000 e908 | 0000 0048 | 8386 1001 | 0000 0141 | b900 0000 | 0048 b8ff | ffff ffff 

  0x000001e39195ffb4: ;   {virtual_call}
  0x000001e39195ffb4: ffff ffe8 

  0x000001e39195ffb8: ; ImmutableOopMap {}
                      ;*invokevirtual loadClass {reexecute=0 rethrow=0 return_oop=0}
                      ; - java.lang.ClassLoader::loadClass@3 (line 525)
  0x000001e39195ffb8: a4f0 4207 | 4883 c430 

  0x000001e39195ffc0: ;   {poll_return}
  0x000001e39195ffc0: 5d49 3ba7 | 5003 0000 | 0f87 2200 

  0x000001e39195ffcc: ;   {metadata({method} {0x000001e3a8024000} 'loadClass' '(Ljava/lang/String;)Ljava/lang/Class;' in 'java/lang/ClassLoader')}
  0x000001e39195ffcc: 0000 c349 | baf8 3f02 | a8e3 0100 | 004c 8954 | 2408 48c7 | 0424 ffff 

  0x000001e39195ffe4: ;   {runtime_call counter_overflow Runtime1 stub}
  0x000001e39195ffe4: ffff e895 

  0x000001e39195ffe8: ; ImmutableOopMap {rdx=Oop r8=Oop }
                      ;*synchronization entry
                      ; - java.lang.ClassLoader::loadClass@-1 (line 525)
  0x000001e39195ffe8: 884d 07e9 | 26ff ffff 

  0x000001e39195fff0: ;   {internal_word}
  0x000001e39195fff0: 49ba c1ff | 9591 e301 | 0000 4d89 | 9768 0300 

  0x000001e391960000: ;   {runtime_call SafepointBlob}
  0x000001e391960000: 00e9 fa79 | 4307 9090 | 498b 87e0 | 0300 0049 | c787 e003 | 0000 0000 | 0000 49c7 | 87e8 0300 
  0x000001e391960020: 0000 0000 | 0048 83c4 

  0x000001e391960028: ;   {runtime_call unwind_exception Runtime1 stub}
  0x000001e391960028: 305d e9d1 | 5744 07f4 | f4f4 f4f4 | f4f4 f4f4 | f4f4 f4f4 | f4f4 f4f4 
[Stub Code]
  0x000001e391960040: ;   {no_reloc}
  0x000001e391960040: 0f1f 4400 

  0x000001e391960044: ;   {static_stub}
  0x000001e391960044: 0048 bb00 | 0000 0000 

  0x000001e39196004c: ;   {runtime_call}
  0x000001e39196004c: 0000 00e9 | fbff ffff 
[Exception Handler]
  0x000001e391960054: ;   {runtime_call handle_exception_from_callee Runtime1 stub}
  0x000001e391960054: e827 554d 

  0x000001e391960058: ;   {external_word}
  0x000001e391960058: 0748 b9e0 | 6d3b 5aff | 7f00 0048 

  0x000001e391960064: ;   {runtime_call}
  0x000001e391960064: 83e4 f049 | ba70 ca03 | 5aff 7f00 | 0041 ffd2 

  0x000001e391960074: ;   {section_word}
  0x000001e391960074: f449 ba75 | 0096 91e3 | 0100 0041 

  0x000001e391960080: ;   {runtime_call DeoptimizationBlob}
  0x000001e391960080: 52e9 1a6c | 4307 f4f4 
[/MachCode]


Compiled method (c1)    1434  734       3       java.security.AccessController::executePrivileged (65 bytes)
 total in heap  [0x000001e39193be90,0x000001e39193c478] = 1512
 relocation     [0x000001e39193bfe8,0x000001e39193c048] = 96
 main code      [0x000001e39193c060,0x000001e39193c300] = 672
 stub code      [0x000001e39193c300,0x000001e39193c358] = 88
 metadata       [0x000001e39193c358,0x000001e39193c368] = 16
 scopes data    [0x000001e39193c368,0x000001e39193c3e0] = 120
 scopes pcs     [0x000001e39193c3e0,0x000001e39193c460] = 128
 dependencies   [0x000001e39193c460,0x000001e39193c468] = 8
 nul chk table  [0x000001e39193c468,0x000001e39193c478] = 16

[Constant Pool (empty)]

[MachCode]
[Verified Entry Point]
  # {method} {0x000001e3a803c8e8} 'executePrivileged' '(Ljava/security/PrivilegedAction;Ljava/security/AccessControlContext;Ljava/lang/Class;)Ljava/lang/Object;' in 'java/security/AccessController'
  # parm0:    rdx:rdx   = 'java/security/PrivilegedAction'
  # parm1:    r8:r8     = 'java/security/AccessControlContext'
  # parm2:    r9:r9     = 'java/lang/Class'
  #           [sp+0x50]  (sp of caller)
  0x000001e39193c060: 8984 2400 | 90ff ff55 | 4883 ec40 | 4c89 4424 

  0x000001e39193c070: ;   {metadata(method data for {method} {0x000001e3a803c8e8} 'executePrivileged' '(Ljava/security/PrivilegedAction;Ljava/security/AccessControlContext;Ljava/lang/Class;)Ljava/lang/Object;' in 'java/security/AccessController')}
  0x000001e39193c070: 3048 be38 | b97d a8e3 | 0100 008b | becc 0000 | 0083 c702 | 89be cc00 | 0000 81e7 | fe07 0000 
  0x000001e39193c090: 83ff 000f | 84b7 0100 | 0049 83f8 

  0x000001e39193c09c: ;   {metadata(method data for {method} {0x000001e3a803c8e8} 'executePrivileged' '(Ljava/security/PrivilegedAction;Ljava/security/AccessControlContext;Ljava/lang/Class;)Ljava/lang/Object;' in 'java/security/AccessController')}
  0x000001e39193c09c: 0048 be38 | b97d a8e3 | 0100 0048 | bf10 0100 | 0000 0000 | 000f 840a | 0000 0048 | bf20 0100 
  0x000001e39193c0bc: 0000 0000 | 0048 8b1c | 3e48 8d5b | 0148 891c | 3e4c 894c | 2428 4889 | 5424 200f | 841f 0000 
  0x000001e39193c0dc: ;   {metadata(method data for {method} {0x000001e3a803c8e8} 'executePrivileged' '(Ljava/security/PrivilegedAction;Ljava/security/AccessControlContext;Ljava/lang/Class;)Ljava/lang/Object;' in 'java/security/AccessController')}
  0x000001e39193c0dc: 0048 be38 | b97d a8e3 | 0100 0048 | 8386 3001 | 0000 0149 | 8bd0 0f1f 

  0x000001e39193c0f4: ;   {static_call}
  0x000001e39193c0f4: 4400 00e8 

  0x000001e39193c0f8: ; ImmutableOopMap {[32]=Oop [40]=Oop [48]=Oop }
                      ;*invokestatic ensureMaterializedForStackWalk {reexecute=0 rethrow=0 return_oop=0}
                      ; - java.security.AccessController::executePrivileged@5 (line 772)
  0x000001e39193c0f8: 0902 0000 

  0x000001e39193c0fc: ;   {metadata(method data for {method} {0x000001e3a803c8e8} 'executePrivileged' '(Ljava/security/PrivilegedAction;Ljava/security/AccessControlContext;Ljava/lang/Class;)Ljava/lang/Object;' in 'java/security/AccessController')}
  0x000001e39193c0fc: 48ba 38b9 | 7da8 e301 | 0000 ff82 | 4001 0000 | 488b 5424 | 2048 3b02 

  0x000001e39193c114: ;   {metadata(method data for {method} {0x000001e3a803c8e8} 'executePrivileged' '(Ljava/security/PrivilegedAction;Ljava/security/AccessControlContext;Ljava/lang/Class;)Ljava/lang/Object;' in 'java/security/AccessController')}
  0x000001e39193c114: 488b f248 | bf38 b97d | a8e3 0100 | 008b 7608 | 48c1 e603 | 483b b7b0 | 0100 0075 | 0d48 8387 
  0x000001e39193c134: b801 0000 | 01e9 6600 | 0000 483b | b7c0 0100 | 0075 0d48 | 8387 c801 | 0000 01e9 | 5000 0000 
  0x000001e39193c154: 4881 bfb0 | 0100 0000 | 0000 0075 | 1748 89b7 | b001 0000 | 48c7 87b8 | 0100 0001 | 0000 00e9 
  0x000001e39193c174: 2c00 0000 | 4881 bfc0 | 0100 0000 | 0000 0075 | 1748 89b7 | c001 0000 | 48c7 87c8 | 0100 0001 
  0x000001e39193c194: 0000 00e9 | 0800 0000 | 4883 87a0 | 0100 0001 | 9048 b8ff | ffff ffff 

  0x000001e39193c1ac: ;   {virtual_call}
  0x000001e39193c1ac: ffff ffe8 

  0x000001e39193c1b0: ; ImmutableOopMap {[40]=Oop [48]=Oop }
                      ;*invokeinterface run {reexecute=0 rethrow=0 return_oop=0}
                      ; - java.security.AccessController::executePrivileged@29 (line 776)
  0x000001e39193c1b0: ec29 4507 

  0x000001e39193c1b4: ;   {metadata(method data for {method} {0x000001e3a803c8e8} 'executePrivileged' '(Ljava/security/PrivilegedAction;Ljava/security/AccessControlContext;Ljava/lang/Class;)Ljava/lang/Object;' in 'java/security/AccessController')}
  0x000001e39193c1b4: 48be 38b9 | 7da8 e301 | 0000 ff86 | d801 0000 | 4c8b 4c24 

  0x000001e39193c1c8: ;   {metadata(method data for {method} {0x000001e3a803c8e8} 'executePrivileged' '(Ljava/security/PrivilegedAction;Ljava/security/AccessControlContext;Ljava/lang/Class;)Ljava/lang/Object;' in 'java/security/AccessController')}
  0x000001e39193c1c8: 2848 be38 | b97d a8e3 | 0100 0048 | 8386 3802 

  0x000001e39193c1d8: ;   {metadata(method data for {method} {0x000001e3a80429e0} 'reachabilityFence' '(Ljava/lang/Object;)V' in 'java/lang/ref/Reference')}
  0x000001e39193c1d8: 0000 0148 | be38 a956 | a8e3 0100 | 008b becc | 0000 0083 | c702 89be | cc00 0000 | 81e7 feff 
  0x000001e39193c1f8: 1f00 83ff | 000f 8473 

  0x000001e39193c200: ;   {metadata(method data for {method} {0x000001e3a803c8e8} 'executePrivileged' '(Ljava/security/PrivilegedAction;Ljava/security/AccessControlContext;Ljava/lang/Class;)Ljava/lang/Object;' in 'java/security/AccessController')}
  0x000001e39193c200: 0000 0048 | be38 b97d | a8e3 0100 | 0048 8386 | 4802 0000 

  0x000001e39193c214: ;   {metadata(method data for {method} {0x000001e3a80429e0} 'reachabilityFence' '(Ljava/lang/Object;)V' in 'java/lang/ref/Reference')}
  0x000001e39193c214: 0148 be38 | a956 a8e3 | 0100 008b | becc 0000 | 0083 c702 | 89be cc00 | 0000 81e7 | feff 1f00 
  0x000001e39193c234: 83ff 000f | 845a 0000 | 0048 83c4 

  0x000001e39193c240: ;   {poll_return}
  0x000001e39193c240: 405d 493b | a750 0300 | 000f 8766 | 0000 00c3 

  0x000001e39193c250: ;   {metadata({method} {0x000001e3a803c8e8} 'executePrivileged' '(Ljava/security/PrivilegedAction;Ljava/security/AccessControlContext;Ljava/lang/Class;)Ljava/lang/Object;' in 'java/security/AccessController')}
  0x000001e39193c250: 49ba e0c8 | 03a8 e301 | 0000 4c89 | 5424 0848 | c704 24ff 

  0x000001e39193c264: ;   {runtime_call counter_overflow Runtime1 stub}
  0x000001e39193c264: ffff ffe8 

  0x000001e39193c268: ; ImmutableOopMap {rdx=Oop r8=Oop [48]=Oop r9=Oop }
                      ;*synchronization entry
                      ; - java.security.AccessController::executePrivileged@-1 (line 771)
  0x000001e39193c268: 14c6 4f07 | e928 feff 

  0x000001e39193c270: ;   {runtime_call throw_null_pointer_exception Runtime1 stub}
  0x000001e39193c270: ffe8 2a75 

  0x000001e39193c274: ; ImmutableOopMap {[40]=Oop rdx=Oop [48]=Oop }
                      ;*invokeinterface run {reexecute=0 rethrow=0 return_oop=0}
                      ; - java.security.AccessController::executePrivileged@29 (line 776)
                      ;   {metadata({method} {0x000001e3a80429e0} 'reachabilityFence' '(Ljava/lang/Object;)V' in 'java/lang/ref/Reference')}
  0x000001e39193c274: 4f07 49ba | d829 04a8 | e301 0000 | 4c89 5424 | 0848 c704 | 24ff ffff 

  0x000001e39193c28c: ;   {runtime_call counter_overflow Runtime1 stub}
  0x000001e39193c28c: ffe8 eec5 

  0x000001e39193c290: ; ImmutableOopMap {rax=Oop r9=Oop }
                      ;*synchronization entry
                      ; - java.lang.ref.Reference::reachabilityFence@-1 (line 621)
                      ; - java.security.AccessController::executePrivileged@56 (line 781)
  0x000001e39193c290: 4f07 e96c 

  0x000001e39193c294: ;   {metadata({method} {0x000001e3a80429e0} 'reachabilityFence' '(Ljava/lang/Object;)V' in 'java/lang/ref/Reference')}
  0x000001e39193c294: ffff ff49 | bad8 2904 | a8e3 0100 | 004c 8954 | 2408 48c7 | 0424 ffff 

  0x000001e39193c2ac: ;   {runtime_call counter_overflow Runtime1 stub}
  0x000001e39193c2ac: ffff e8cd 

  0x000001e39193c2b0: ; ImmutableOopMap {rax=Oop }
                      ;*synchronization entry
                      ; - java.lang.ref.Reference::reachabilityFence@-1 (line 621)
                      ; - java.security.AccessController::executePrivileged@60 (line 782)
  0x000001e39193c2b0: c54f 07eb 

  0x000001e39193c2b4: ;   {internal_word}
  0x000001e39193c2b4: 8849 ba42 | c293 91e3 | 0100 004d | 8997 6803 

  0x000001e39193c2c4: ;   {runtime_call SafepointBlob}
  0x000001e39193c2c4: 0000 e935 | b745 0790 | 9049 8b87 | e003 0000 | 49c7 87e0 | 0300 0000 | 0000 0049 | c787 e803 
  0x000001e39193c2e4: 0000 0000 | 0000 4883 

  0x000001e39193c2ec: ;   {runtime_call unwind_exception Runtime1 stub}
  0x000001e39193c2ec: c440 5de9 | 0c95 4607 | f4f4 f4f4 | f4f4 f4f4 | f4f4 f4f4 
[Stub Code]
  0x000001e39193c300: ;   {no_reloc}
  0x000001e39193c300: 0f1f 4400 

  0x000001e39193c304: ;   {static_stub}
  0x000001e39193c304: 0048 bbd0 | c603 a8e3 

  0x000001e39193c30c: ;   {runtime_call I2C/C2I adapters}
  0x000001e39193c30c: 0100 00e9 | 3c9a 4507 

  0x000001e39193c314: ;   {static_stub}
  0x000001e39193c314: 9048 bb00 | 0000 0000 

  0x000001e39193c31c: ;   {runtime_call}
  0x000001e39193c31c: 0000 00e9 | fbff ffff 
[Exception Handler]
  0x000001e39193c324: ;   {runtime_call handle_exception_from_callee Runtime1 stub}
  0x000001e39193c324: e857 924f 

  0x000001e39193c328: ;   {external_word}
  0x000001e39193c328: 0748 b9e0 | 6d3b 5aff | 7f00 0048 

  0x000001e39193c334: ;   {runtime_call}
  0x000001e39193c334: 83e4 f049 | ba70 ca03 | 5aff 7f00 | 0041 ffd2 

  0x000001e39193c344: ;   {section_word}
  0x000001e39193c344: f449 ba45 | c393 91e3 | 0100 0041 

  0x000001e39193c350: ;   {runtime_call DeoptimizationBlob}
  0x000001e39193c350: 52e9 4aa9 | 4507 f4f4 
[/MachCode]


---------------  P R O C E S S  ---------------

Threads class SMR info:
_java_thread_list=0x000001e3ac369680, length=23, elements={
0x000001e38e08e4f0, 0x000001e3a7a83020, 0x000001e3a7a83db0, 0x000001e3a7aa3010,
0x000001e3a7aa38e0, 0x000001e3a7aa61c0, 0x000001e3a7ab2670, 0x000001e3a7abb280,
0x000001e3a7abbc40, 0x000001e3a7ac7540, 0x000001e3a7c433f0, 0x000001e3a7c49d50,
0x000001e3a7d8ebe0, 0x000001e3ac24d630, 0x000001e3ac2e7030, 0x000001e3ac2e7510,
0x000001e3ac2e79f0, 0x000001e3ac3207d0, 0x000001e3ac3061a0, 0x000001e3ac30bc80,
0x000001e3ac30c190, 0x000001e3ac30a840, 0x000001e3ac30b770
}

Java Threads: ( => current thread )
  0x000001e38e08e4f0 JavaThread "main" [_thread_blocked, id=8320, stack(0x000000ac92500000,0x000000ac92600000)]
  0x000001e3a7a83020 JavaThread "Reference Handler" daemon [_thread_blocked, id=12336, stack(0x000000ac92c00000,0x000000ac92d00000)]
  0x000001e3a7a83db0 JavaThread "Finalizer" daemon [_thread_blocked, id=11484, stack(0x000000ac92d00000,0x000000ac92e00000)]
  0x000001e3a7aa3010 JavaThread "Signal Dispatcher" daemon [_thread_blocked, id=15052, stack(0x000000ac92e00000,0x000000ac92f00000)]
  0x000001e3a7aa38e0 JavaThread "Attach Listener" daemon [_thread_blocked, id=15200, stack(0x000000ac92f00000,0x000000ac93000000)]
  0x000001e3a7aa61c0 JavaThread "Service Thread" daemon [_thread_blocked, id=12848, stack(0x000000ac93000000,0x000000ac93100000)]
  0x000001e3a7ab2670 JavaThread "Monitor Deflation Thread" daemon [_thread_blocked, id=11140, stack(0x000000ac93100000,0x000000ac93200000)]
  0x000001e3a7abb280 JavaThread "C2 CompilerThread0" daemon [_thread_blocked, id=9868, stack(0x000000ac93200000,0x000000ac93300000)]
  0x000001e3a7abbc40 JavaThread "C1 CompilerThread0" daemon [_thread_blocked, id=6564, stack(0x000000ac93300000,0x000000ac93400000)]
  0x000001e3a7ac7540 JavaThread "Sweeper thread" daemon [_thread_blocked, id=3868, stack(0x000000ac93400000,0x000000ac93500000)]
  0x000001e3a7c433f0 JavaThread "Common-Cleaner" daemon [_thread_blocked, id=9300, stack(0x000000ac93500000,0x000000ac93600000)]
  0x000001e3a7c49d50 JavaThread "Notification Thread" daemon [_thread_blocked, id=12276, stack(0x000000ac93600000,0x000000ac93700000)]
  0x000001e3a7d8ebe0 JavaThread "mysql-cj-abandoned-connection-cleanup" daemon [_thread_blocked, id=12000, stack(0x000000ac93800000,0x000000ac93900000)]
  0x000001e3ac24d630 JavaThread "RMI TCP Accept-14199" daemon [_thread_in_native, id=13744, stack(0x000000ac93900000,0x000000ac93a00000)]
  0x000001e3ac2e7030 JavaThread "RMI TCP Accept-0" daemon [_thread_in_native, id=11200, stack(0x000000ac93a00000,0x000000ac93b00000)]
  0x000001e3ac2e7510 JavaThread "RMI Reaper" [_thread_blocked, id=12876, stack(0x000000ac93b00000,0x000000ac93c00000)]
  0x000001e3ac2e79f0 JavaThread "RMI GC Daemon" daemon [_thread_blocked, id=4792, stack(0x000000ac93c00000,0x000000ac93d00000)]
  0x000001e3ac3207d0 JavaThread "RMI TCP Connection(1)-127.0.0.1" daemon [_thread_in_native, id=15232, stack(0x000000ac93d00000,0x000000ac93e00000)]
  0x000001e3ac3061a0 JavaThread "RMI TCP Connection(2)-127.0.0.1" daemon [_thread_in_native, id=4376, stack(0x000000ac93e00000,0x000000ac93f00000)]
  0x000001e3ac30bc80 JavaThread "RMI Scheduler(0)" daemon [_thread_blocked, id=10028, stack(0x000000ac93f00000,0x000000ac94000000)]
=>0x000001e3ac30c190 JavaThread "RMI TCP Connection(3)-127.0.0.1" daemon [_thread_in_vm, id=3916, stack(0x000000ac94000000,0x000000ac94100000)]
  0x000001e3ac30a840 JavaThread "RMI TCP Connection(4)-127.0.0.1" daemon [_thread_in_native, id=4180, stack(0x000000ac94100000,0x000000ac94200000)]
  0x000001e3ac30b770 JavaThread "RMI RenewClean-[127.0.0.1:49308]" daemon [_thread_blocked, id=7864, stack(0x000000ac94200000,0x000000ac94300000)]

Other Threads:
  0x000001e3a792f630 VMThread "VM Thread" [stack: 0x000000ac92b00000,0x000000ac92c00000] [id=8252] _threads_hazard_ptr=0x000001e3ac369680
  0x000001e3a7c4ae50 WatcherThread [stack: 0x000000ac93700000,0x000000ac93800000] [id=8116]
  0x000001e38e0e74d0 GCTaskThread "GC Thread#0" [stack: 0x000000ac92600000,0x000000ac92700000] [id=8796]
  0x000001e38e0f8330 ConcurrentGCThread "G1 Main Marker" [stack: 0x000000ac92700000,0x000000ac92800000] [id=8868]
  0x000001e38e0fa410 ConcurrentGCThread "G1 Conc#0" [stack: 0x000000ac92800000,0x000000ac92900000] [id=8872]
  0x000001e38e13d760 ConcurrentGCThread "G1 Refine#0" [stack: 0x000000ac92900000,0x000000ac92a00000] [id=13524]
  0x000001e38e13e0a0 ConcurrentGCThread "G1 Service" [stack: 0x000000ac92a00000,0x000000ac92b00000] [id=4400]

Threads with active compile tasks:
C2 CompilerThread0     1447  915       4       jdk.internal.org.objectweb.asm.Frame::execute (2305 bytes)

VM state: synchronizing (normal execution)

VM Mutex/Monitor currently owned by a thread:  ([mutex/lock_event])
[0x000001e38be88300] Metaspace_lock - owner thread: 0x000001e3ac30c190
[0x000001e38e08a020] Threads_lock - owner thread: 0x000001e3a792f630

Heap address: 0x0000000080000000, size: 2048 MB, Compressed Oops mode: 32-bit

CDS archive(s) not mapped
Compressed class space mapped at: 0x0000000100000000-0x0000000140000000, reserved size: 1073741824
Narrow klass base: 0x0000000000000000, Narrow klass shift: 3, Narrow klass range: 0x140000000

GC Precious Log:
 CPUs: 4 total, 4 available
 Memory: 3518M
 Large Page Support: Disabled
 NUMA Support: Disabled
 Compressed Oops: Enabled (32-bit)
 Heap Region Size: 1M
 Heap Min Capacity: 128M
 Heap Initial Capacity: 128M
 Heap Max Capacity: 2G
 Pre-touch: Disabled
 Parallel Workers: 4
 Concurrent Workers: 1
 Concurrent Refinement Workers: 4
 Periodic GC: Disabled

Heap:
 garbage-first heap   total 131072K, used 14336K [0x0000000080000000, 0x0000000100000000)
  region size 1024K, 13 young (13312K), 0 survivors (0K)
 Metaspace       used 13924K, committed 14208K, reserved 1114112K
  class space    used 1455K, committed 1600K, reserved 1048576K

Heap Regions: E=young(eden), S=young(survivor), O=old, HS=humongous(starts), HC=humongous(continues), CS=collection set, F=free, OA=open archive, CA=closed archive, TAMS=top-at-mark-start (previous, next)
|   0|0x0000000080000000, 0x0000000080100000, 0x0000000080100000|100%|HS|  |TAMS 0x0000000080000000, 0x0000000080000000| Complete 
|   1|0x0000000080100000, 0x0000000080200000, 0x0000000080200000|100%|HC|  |TAMS 0x0000000080100000, 0x0000000080100000| Complete 
|   2|0x0000000080200000, 0x0000000080300000, 0x0000000080300000|100%|HC|  |TAMS 0x0000000080200000, 0x0000000080200000| Complete 
|   3|0x0000000080300000, 0x0000000080300000, 0x0000000080400000|  0%| F|  |TAMS 0x0000000080300000, 0x0000000080300000| Untracked 
|   4|0x0000000080400000, 0x0000000080400000, 0x0000000080500000|  0%| F|  |TAMS 0x0000000080400000, 0x0000000080400000| Untracked 
|   5|0x0000000080500000, 0x0000000080500000, 0x0000000080600000|  0%| F|  |TAMS 0x0000000080500000, 0x0000000080500000| Untracked 
|   6|0x0000000080600000, 0x0000000080600000, 0x0000000080700000|  0%| F|  |TAMS 0x0000000080600000, 0x0000000080600000| Untracked 
|   7|0x0000000080700000, 0x0000000080700000, 0x0000000080800000|  0%| F|  |TAMS 0x0000000080700000, 0x0000000080700000| Untracked 
|   8|0x0000000080800000, 0x0000000080800000, 0x0000000080900000|  0%| F|  |TAMS 0x0000000080800000, 0x0000000080800000| Untracked 
|   9|0x0000000080900000, 0x0000000080900000, 0x0000000080a00000|  0%| F|  |TAMS 0x0000000080900000, 0x0000000080900000| Untracked 
|  10|0x0000000080a00000, 0x0000000080a00000, 0x0000000080b00000|  0%| F|  |TAMS 0x0000000080a00000, 0x0000000080a00000| Untracked 
|  11|0x0000000080b00000, 0x0000000080b00000, 0x0000000080c00000|  0%| F|  |TAMS 0x0000000080b00000, 0x0000000080b00000| Untracked 
|  12|0x0000000080c00000, 0x0000000080c00000, 0x0000000080d00000|  0%| F|  |TAMS 0x0000000080c00000, 0x0000000080c00000| Untracked 
|  13|0x0000000080d00000, 0x0000000080d00000, 0x0000000080e00000|  0%| F|  |TAMS 0x0000000080d00000, 0x0000000080d00000| Untracked 
|  14|0x0000000080e00000, 0x0000000080e00000, 0x0000000080f00000|  0%| F|  |TAMS 0x0000000080e00000, 0x0000000080e00000| Untracked 
|  15|0x0000000080f00000, 0x0000000080f00000, 0x0000000081000000|  0%| F|  |TAMS 0x0000000080f00000, 0x0000000080f00000| Untracked 
|  16|0x0000000081000000, 0x0000000081000000, 0x0000000081100000|  0%| F|  |TAMS 0x0000000081000000, 0x0000000081000000| Untracked 
|  17|0x0000000081100000, 0x0000000081100000, 0x0000000081200000|  0%| F|  |TAMS 0x0000000081100000, 0x0000000081100000| Untracked 
|  18|0x0000000081200000, 0x0000000081200000, 0x0000000081300000|  0%| F|  |TAMS 0x0000000081200000, 0x0000000081200000| Untracked 
|  19|0x0000000081300000, 0x0000000081300000, 0x0000000081400000|  0%| F|  |TAMS 0x0000000081300000, 0x0000000081300000| Untracked 
|  20|0x0000000081400000, 0x0000000081400000, 0x0000000081500000|  0%| F|  |TAMS 0x0000000081400000, 0x0000000081400000| Untracked 
|  21|0x0000000081500000, 0x0000000081500000, 0x0000000081600000|  0%| F|  |TAMS 0x0000000081500000, 0x0000000081500000| Untracked 
|  22|0x0000000081600000, 0x0000000081600000, 0x0000000081700000|  0%| F|  |TAMS 0x0000000081600000, 0x0000000081600000| Untracked 
|  23|0x0000000081700000, 0x0000000081700000, 0x0000000081800000|  0%| F|  |TAMS 0x0000000081700000, 0x0000000081700000| Untracked 
|  24|0x0000000081800000, 0x0000000081800000, 0x0000000081900000|  0%| F|  |TAMS 0x0000000081800000, 0x0000000081800000| Untracked 
|  25|0x0000000081900000, 0x0000000081900000, 0x0000000081a00000|  0%| F|  |TAMS 0x0000000081900000, 0x0000000081900000| Untracked 
|  26|0x0000000081a00000, 0x0000000081a00000, 0x0000000081b00000|  0%| F|  |TAMS 0x0000000081a00000, 0x0000000081a00000| Untracked 
|  27|0x0000000081b00000, 0x0000000081b00000, 0x0000000081c00000|  0%| F|  |TAMS 0x0000000081b00000, 0x0000000081b00000| Untracked 
|  28|0x0000000081c00000, 0x0000000081c00000, 0x0000000081d00000|  0%| F|  |TAMS 0x0000000081c00000, 0x0000000081c00000| Untracked 
|  29|0x0000000081d00000, 0x0000000081d00000, 0x0000000081e00000|  0%| F|  |TAMS 0x0000000081d00000, 0x0000000081d00000| Untracked 
|  30|0x0000000081e00000, 0x0000000081e00000, 0x0000000081f00000|  0%| F|  |TAMS 0x0000000081e00000, 0x0000000081e00000| Untracked 
|  31|0x0000000081f00000, 0x0000000081f00000, 0x0000000082000000|  0%| F|  |TAMS 0x0000000081f00000, 0x0000000081f00000| Untracked 
|  32|0x0000000082000000, 0x0000000082000000, 0x0000000082100000|  0%| F|  |TAMS 0x0000000082000000, 0x0000000082000000| Untracked 
|  33|0x0000000082100000, 0x0000000082100000, 0x0000000082200000|  0%| F|  |TAMS 0x0000000082100000, 0x0000000082100000| Untracked 
|  34|0x0000000082200000, 0x0000000082200000, 0x0000000082300000|  0%| F|  |TAMS 0x0000000082200000, 0x0000000082200000| Untracked 
|  35|0x0000000082300000, 0x0000000082300000, 0x0000000082400000|  0%| F|  |TAMS 0x0000000082300000, 0x0000000082300000| Untracked 
|  36|0x0000000082400000, 0x0000000082400000, 0x0000000082500000|  0%| F|  |TAMS 0x0000000082400000, 0x0000000082400000| Untracked 
|  37|0x0000000082500000, 0x0000000082500000, 0x0000000082600000|  0%| F|  |TAMS 0x0000000082500000, 0x0000000082500000| Untracked 
|  38|0x0000000082600000, 0x0000000082600000, 0x0000000082700000|  0%| F|  |TAMS 0x0000000082600000, 0x0000000082600000| Untracked 
|  39|0x0000000082700000, 0x0000000082700000, 0x0000000082800000|  0%| F|  |TAMS 0x0000000082700000, 0x0000000082700000| Untracked 
|  40|0x0000000082800000, 0x0000000082800000, 0x0000000082900000|  0%| F|  |TAMS 0x0000000082800000, 0x0000000082800000| Untracked 
|  41|0x0000000082900000, 0x0000000082900000, 0x0000000082a00000|  0%| F|  |TAMS 0x0000000082900000, 0x0000000082900000| Untracked 
|  42|0x0000000082a00000, 0x0000000082a00000, 0x0000000082b00000|  0%| F|  |TAMS 0x0000000082a00000, 0x0000000082a00000| Untracked 
|  43|0x0000000082b00000, 0x0000000082b00000, 0x0000000082c00000|  0%| F|  |TAMS 0x0000000082b00000, 0x0000000082b00000| Untracked 
|  44|0x0000000082c00000, 0x0000000082c00000, 0x0000000082d00000|  0%| F|  |TAMS 0x0000000082c00000, 0x0000000082c00000| Untracked 
|  45|0x0000000082d00000, 0x0000000082d00000, 0x0000000082e00000|  0%| F|  |TAMS 0x0000000082d00000, 0x0000000082d00000| Untracked 
|  46|0x0000000082e00000, 0x0000000082e00000, 0x0000000082f00000|  0%| F|  |TAMS 0x0000000082e00000, 0x0000000082e00000| Untracked 
|  47|0x0000000082f00000, 0x0000000082f00000, 0x0000000083000000|  0%| F|  |TAMS 0x0000000082f00000, 0x0000000082f00000| Untracked 
|  48|0x0000000083000000, 0x0000000083000000, 0x0000000083100000|  0%| F|  |TAMS 0x0000000083000000, 0x0000000083000000| Untracked 
|  49|0x0000000083100000, 0x0000000083100000, 0x0000000083200000|  0%| F|  |TAMS 0x0000000083100000, 0x0000000083100000| Untracked 
|  50|0x0000000083200000, 0x0000000083200000, 0x0000000083300000|  0%| F|  |TAMS 0x0000000083200000, 0x0000000083200000| Untracked 
|  51|0x0000000083300000, 0x0000000083300000, 0x0000000083400000|  0%| F|  |TAMS 0x0000000083300000, 0x0000000083300000| Untracked 
|  52|0x0000000083400000, 0x0000000083400000, 0x0000000083500000|  0%| F|  |TAMS 0x0000000083400000, 0x0000000083400000| Untracked 
|  53|0x0000000083500000, 0x0000000083500000, 0x0000000083600000|  0%| F|  |TAMS 0x0000000083500000, 0x0000000083500000| Untracked 
|  54|0x0000000083600000, 0x0000000083600000, 0x0000000083700000|  0%| F|  |TAMS 0x0000000083600000, 0x0000000083600000| Untracked 
|  55|0x0000000083700000, 0x0000000083700000, 0x0000000083800000|  0%| F|  |TAMS 0x0000000083700000, 0x0000000083700000| Untracked 
|  56|0x0000000083800000, 0x0000000083800000, 0x0000000083900000|  0%| F|  |TAMS 0x0000000083800000, 0x0000000083800000| Untracked 
|  57|0x0000000083900000, 0x0000000083900000, 0x0000000083a00000|  0%| F|  |TAMS 0x0000000083900000, 0x0000000083900000| Untracked 
|  58|0x0000000083a00000, 0x0000000083a00000, 0x0000000083b00000|  0%| F|  |TAMS 0x0000000083a00000, 0x0000000083a00000| Untracked 
|  59|0x0000000083b00000, 0x0000000083b00000, 0x0000000083c00000|  0%| F|  |TAMS 0x0000000083b00000, 0x0000000083b00000| Untracked 
|  60|0x0000000083c00000, 0x0000000083c00000, 0x0000000083d00000|  0%| F|  |TAMS 0x0000000083c00000, 0x0000000083c00000| Untracked 
|  61|0x0000000083d00000, 0x0000000083d00000, 0x0000000083e00000|  0%| F|  |TAMS 0x0000000083d00000, 0x0000000083d00000| Untracked 
|  62|0x0000000083e00000, 0x0000000083e00000, 0x0000000083f00000|  0%| F|  |TAMS 0x0000000083e00000, 0x0000000083e00000| Untracked 
|  63|0x0000000083f00000, 0x0000000083f00000, 0x0000000084000000|  0%| F|  |TAMS 0x0000000083f00000, 0x0000000083f00000| Untracked 
|  64|0x0000000084000000, 0x0000000084000000, 0x0000000084100000|  0%| F|  |TAMS 0x0000000084000000, 0x0000000084000000| Untracked 
|  65|0x0000000084100000, 0x0000000084100000, 0x0000000084200000|  0%| F|  |TAMS 0x0000000084100000, 0x0000000084100000| Untracked 
|  66|0x0000000084200000, 0x0000000084200000, 0x0000000084300000|  0%| F|  |TAMS 0x0000000084200000, 0x0000000084200000| Untracked 
|  67|0x0000000084300000, 0x0000000084300000, 0x0000000084400000|  0%| F|  |TAMS 0x0000000084300000, 0x0000000084300000| Untracked 
|  68|0x0000000084400000, 0x0000000084400000, 0x0000000084500000|  0%| F|  |TAMS 0x0000000084400000, 0x0000000084400000| Untracked 
|  69|0x0000000084500000, 0x0000000084500000, 0x0000000084600000|  0%| F|  |TAMS 0x0000000084500000, 0x0000000084500000| Untracked 
|  70|0x0000000084600000, 0x0000000084600000, 0x0000000084700000|  0%| F|  |TAMS 0x0000000084600000, 0x0000000084600000| Untracked 
|  71|0x0000000084700000, 0x0000000084700000, 0x0000000084800000|  0%| F|  |TAMS 0x0000000084700000, 0x0000000084700000| Untracked 
|  72|0x0000000084800000, 0x0000000084800000, 0x0000000084900000|  0%| F|  |TAMS 0x0000000084800000, 0x0000000084800000| Untracked 
|  73|0x0000000084900000, 0x0000000084900000, 0x0000000084a00000|  0%| F|  |TAMS 0x0000000084900000, 0x0000000084900000| Untracked 
|  74|0x0000000084a00000, 0x0000000084a00000, 0x0000000084b00000|  0%| F|  |TAMS 0x0000000084a00000, 0x0000000084a00000| Untracked 
|  75|0x0000000084b00000, 0x0000000084b00000, 0x0000000084c00000|  0%| F|  |TAMS 0x0000000084b00000, 0x0000000084b00000| Untracked 
|  76|0x0000000084c00000, 0x0000000084c00000, 0x0000000084d00000|  0%| F|  |TAMS 0x0000000084c00000, 0x0000000084c00000| Untracked 
|  77|0x0000000084d00000, 0x0000000084d00000, 0x0000000084e00000|  0%| F|  |TAMS 0x0000000084d00000, 0x0000000084d00000| Untracked 
|  78|0x0000000084e00000, 0x0000000084e00000, 0x0000000084f00000|  0%| F|  |TAMS 0x0000000084e00000, 0x0000000084e00000| Untracked 
|  79|0x0000000084f00000, 0x0000000084f00000, 0x0000000085000000|  0%| F|  |TAMS 0x0000000084f00000, 0x0000000084f00000| Untracked 
|  80|0x0000000085000000, 0x0000000085000000, 0x0000000085100000|  0%| F|  |TAMS 0x0000000085000000, 0x0000000085000000| Untracked 
|  81|0x0000000085100000, 0x0000000085100000, 0x0000000085200000|  0%| F|  |TAMS 0x0000000085100000, 0x0000000085100000| Untracked 
|  82|0x0000000085200000, 0x0000000085200000, 0x0000000085300000|  0%| F|  |TAMS 0x0000000085200000, 0x0000000085200000| Untracked 
|  83|0x0000000085300000, 0x0000000085300000, 0x0000000085400000|  0%| F|  |TAMS 0x0000000085300000, 0x0000000085300000| Untracked 
|  84|0x0000000085400000, 0x0000000085400000, 0x0000000085500000|  0%| F|  |TAMS 0x0000000085400000, 0x0000000085400000| Untracked 
|  85|0x0000000085500000, 0x0000000085500000, 0x0000000085600000|  0%| F|  |TAMS 0x0000000085500000, 0x0000000085500000| Untracked 
|  86|0x0000000085600000, 0x0000000085600000, 0x0000000085700000|  0%| F|  |TAMS 0x0000000085600000, 0x0000000085600000| Untracked 
|  87|0x0000000085700000, 0x0000000085700000, 0x0000000085800000|  0%| F|  |TAMS 0x0000000085700000, 0x0000000085700000| Untracked 
|  88|0x0000000085800000, 0x0000000085800000, 0x0000000085900000|  0%| F|  |TAMS 0x0000000085800000, 0x0000000085800000| Untracked 
|  89|0x0000000085900000, 0x0000000085900000, 0x0000000085a00000|  0%| F|  |TAMS 0x0000000085900000, 0x0000000085900000| Untracked 
|  90|0x0000000085a00000, 0x0000000085a00000, 0x0000000085b00000|  0%| F|  |TAMS 0x0000000085a00000, 0x0000000085a00000| Untracked 
|  91|0x0000000085b00000, 0x0000000085b00000, 0x0000000085c00000|  0%| F|  |TAMS 0x0000000085b00000, 0x0000000085b00000| Untracked 
|  92|0x0000000085c00000, 0x0000000085c00000, 0x0000000085d00000|  0%| F|  |TAMS 0x0000000085c00000, 0x0000000085c00000| Untracked 
|  93|0x0000000085d00000, 0x0000000085d00000, 0x0000000085e00000|  0%| F|  |TAMS 0x0000000085d00000, 0x0000000085d00000| Untracked 
|  94|0x0000000085e00000, 0x0000000085e00000, 0x0000000085f00000|  0%| F|  |TAMS 0x0000000085e00000, 0x0000000085e00000| Untracked 
|  95|0x0000000085f00000, 0x0000000085f00000, 0x0000000086000000|  0%| F|  |TAMS 0x0000000085f00000, 0x0000000085f00000| Untracked 
|  96|0x0000000086000000, 0x0000000086000000, 0x0000000086100000|  0%| F|  |TAMS 0x0000000086000000, 0x0000000086000000| Untracked 
|  97|0x0000000086100000, 0x0000000086100000, 0x0000000086200000|  0%| F|  |TAMS 0x0000000086100000, 0x0000000086100000| Untracked 
|  98|0x0000000086200000, 0x0000000086200000, 0x0000000086300000|  0%| F|  |TAMS 0x0000000086200000, 0x0000000086200000| Untracked 
|  99|0x0000000086300000, 0x0000000086300000, 0x0000000086400000|  0%| F|  |TAMS 0x0000000086300000, 0x0000000086300000| Untracked 
| 100|0x0000000086400000, 0x0000000086400000, 0x0000000086500000|  0%| F|  |TAMS 0x0000000086400000, 0x0000000086400000| Untracked 
| 101|0x0000000086500000, 0x0000000086500000, 0x0000000086600000|  0%| F|  |TAMS 0x0000000086500000, 0x0000000086500000| Untracked 
| 102|0x0000000086600000, 0x0000000086600000, 0x0000000086700000|  0%| F|  |TAMS 0x0000000086600000, 0x0000000086600000| Untracked 
| 103|0x0000000086700000, 0x0000000086700000, 0x0000000086800000|  0%| F|  |TAMS 0x0000000086700000, 0x0000000086700000| Untracked 
| 104|0x0000000086800000, 0x0000000086800000, 0x0000000086900000|  0%| F|  |TAMS 0x0000000086800000, 0x0000000086800000| Untracked 
| 105|0x0000000086900000, 0x0000000086900000, 0x0000000086a00000|  0%| F|  |TAMS 0x0000000086900000, 0x0000000086900000| Untracked 
| 106|0x0000000086a00000, 0x0000000086a00000, 0x0000000086b00000|  0%| F|  |TAMS 0x0000000086a00000, 0x0000000086a00000| Untracked 
| 107|0x0000000086b00000, 0x0000000086b00000, 0x0000000086c00000|  0%| F|  |TAMS 0x0000000086b00000, 0x0000000086b00000| Untracked 
| 108|0x0000000086c00000, 0x0000000086c00000, 0x0000000086d00000|  0%| F|  |TAMS 0x0000000086c00000, 0x0000000086c00000| Untracked 
| 109|0x0000000086d00000, 0x0000000086d00000, 0x0000000086e00000|  0%| F|  |TAMS 0x0000000086d00000, 0x0000000086d00000| Untracked 
| 110|0x0000000086e00000, 0x0000000086e00000, 0x0000000086f00000|  0%| F|  |TAMS 0x0000000086e00000, 0x0000000086e00000| Untracked 
| 111|0x0000000086f00000, 0x0000000086f00000, 0x0000000087000000|  0%| F|  |TAMS 0x0000000086f00000, 0x0000000086f00000| Untracked 
| 112|0x0000000087000000, 0x0000000087000000, 0x0000000087100000|  0%| F|  |TAMS 0x0000000087000000, 0x0000000087000000| Untracked 
| 113|0x0000000087100000, 0x0000000087100000, 0x0000000087200000|  0%| F|  |TAMS 0x0000000087100000, 0x0000000087100000| Untracked 
| 114|0x0000000087200000, 0x0000000087200000, 0x0000000087300000|  0%| F|  |TAMS 0x0000000087200000, 0x0000000087200000| Untracked 
| 115|0x0000000087300000, 0x00000000873c9af8, 0x0000000087400000| 78%| E|  |TAMS 0x0000000087300000, 0x0000000087300000| Complete 
| 116|0x0000000087400000, 0x0000000087500000, 0x0000000087500000|100%| E|CS|TAMS 0x0000000087400000, 0x0000000087400000| Complete 
| 117|0x0000000087500000, 0x0000000087600000, 0x0000000087600000|100%| E|CS|TAMS 0x0000000087500000, 0x0000000087500000| Complete 
| 118|0x0000000087600000, 0x0000000087700000, 0x0000000087700000|100%| E|CS|TAMS 0x0000000087600000, 0x0000000087600000| Complete 
| 119|0x0000000087700000, 0x0000000087800000, 0x0000000087800000|100%| E|CS|TAMS 0x0000000087700000, 0x0000000087700000| Complete 
| 120|0x0000000087800000, 0x0000000087900000, 0x0000000087900000|100%| E|CS|TAMS 0x0000000087800000, 0x0000000087800000| Complete 
| 121|0x0000000087900000, 0x0000000087a00000, 0x0000000087a00000|100%| E|CS|TAMS 0x0000000087900000, 0x0000000087900000| Complete 
| 122|0x0000000087a00000, 0x0000000087b00000, 0x0000000087b00000|100%| E|CS|TAMS 0x0000000087a00000, 0x0000000087a00000| Complete 
| 123|0x0000000087b00000, 0x0000000087c00000, 0x0000000087c00000|100%| E|CS|TAMS 0x0000000087b00000, 0x0000000087b00000| Complete 
| 124|0x0000000087c00000, 0x0000000087d00000, 0x0000000087d00000|100%| E|CS|TAMS 0x0000000087c00000, 0x0000000087c00000| Complete 
| 125|0x0000000087d00000, 0x0000000087e00000, 0x0000000087e00000|100%| E|CS|TAMS 0x0000000087d00000, 0x0000000087d00000| Complete 
| 126|0x0000000087e00000, 0x0000000087f00000, 0x0000000087f00000|100%| E|  |TAMS 0x0000000087e00000, 0x0000000087e00000| Complete 
| 127|0x0000000087f00000, 0x0000000088000000, 0x0000000088000000|100%| E|CS|TAMS 0x0000000087f00000, 0x0000000087f00000| Complete 

Card table byte_map: [0x000001e3a0c10000,0x000001e3a1010000] _byte_map_base: 0x000001e3a0810000

Marking Bits (Prev, Next): (CMBitMap*) 0x000001e38e0e7a00, (CMBitMap*) 0x000001e38e0e7a40
 Prev Bits: [0x000001e3a1410000, 0x000001e3a3410000)
 Next Bits: [0x000001e3a3410000, 0x000001e3a5410000)

Polling page: 0x000001e38c080000

Metaspace:

Usage:
  Non-class:     12.18 MB used.
      Class:      1.42 MB used.
       Both:     13.60 MB used.

Virtual space:
  Non-class space:       64.00 MB reserved,      12.31 MB ( 19%) committed,  1 nodes.
      Class space:        1.00 GB reserved,       1.56 MB ( <1%) committed,  1 nodes.
             Both:        1.06 GB reserved,      13.88 MB (  1%) committed. 

Chunk freelists:
   Non-Class:  3.42 MB
       Class:  14.48 MB
        Both:  17.91 MB

MaxMetaspaceSize: unlimited
CompressedClassSpaceSize: 1.00 GB
Initial GC threshold: 21.00 MB
Current GC threshold: 21.00 MB
CDS: off
MetaspaceReclaimPolicy: balanced
 - commit_granule_bytes: 65536.
 - commit_granule_words: 8192.
 - virtual_space_node_default_size: 8388608.
 - enlarge_chunks_in_place: 1.
 - new_chunks_are_fully_committed: 0.
 - uncommit_free_chunks: 1.
 - use_allocation_guard: 0.
 - handle_deallocations: 1.


Internal statistics:

num_allocs_failed_limit: 0.
num_arena_births: 256.
num_arena_deaths: 0.
num_vsnodes_births: 2.
num_vsnodes_deaths: 0.
num_space_committed: 222.
num_space_uncommitted: 0.
num_chunks_returned_to_freelist: 0.
num_chunks_taken_from_freelist: 437.
num_chunk_merges: 0.
num_chunk_splits: 252.
num_chunks_enlarged: 103.
num_inconsistent_stats: 0.

CodeHeap 'non-profiled nmethods': size=120000Kb used=296Kb max_used=296Kb free=119703Kb
 bounds [0x000001e3992e0000, 0x000001e399550000, 0x000001e3a0810000]
CodeHeap 'profiled nmethods': size=120000Kb used=1464Kb max_used=1464Kb free=118535Kb
 bounds [0x000001e391810000, 0x000001e391a80000, 0x000001e398d40000]
CodeHeap 'non-nmethods': size=5760Kb used=1157Kb max_used=1172Kb free=4602Kb
 bounds [0x000001e398d40000, 0x000001e398fb0000, 0x000001e3992e0000]
 total_blobs=1368 nmethods=918 adapters=363
 compilation: enabled
              stopped_count=0, restarted_count=0
 full_count=0

Compilation events (20 events):
Event: 1.367 Thread 0x000001e3a7abbc40 nmethod 907 0x000001e391976f10 code [0x000001e3919770a0, 0x000001e3919771f8]
Event: 1.370 Thread 0x000001e3a7abbc40  908       3       java.util.WeakHashMap::put (160 bytes)
Event: 1.371 Thread 0x000001e3a7abbc40 nmethod 908 0x000001e391977290 code [0x000001e391977520, 0x000001e391978528]
Event: 1.373 Thread 0x000001e3a7abbc40  909       3       java.lang.Class::privateGetDeclaredMethods (64 bytes)
Event: 1.374 Thread 0x000001e3a7abbc40 nmethod 909 0x000001e391978a90 code [0x000001e391978cc0, 0x000001e391979498]
Event: 1.374 Thread 0x000001e3a7abbc40  911       3       java.lang.invoke.AbstractValidatingLambdaMetafactory::isAdaptableTo (126 bytes)
Event: 1.374 Thread 0x000001e3a7abb280  912       4       java.lang.String::substring (58 bytes)
Event: 1.375 Thread 0x000001e3a7abbc40 nmethod 911 0x000001e391979710 code [0x000001e3919799a0, 0x000001e39197a3e8]
Event: 1.375 Thread 0x000001e3a7abbc40  913       3       java.lang.invoke.DirectMethodHandle::preparedLambdaForm (31 bytes)
Event: 1.376 Thread 0x000001e3a7abbc40 nmethod 913 0x000001e39197a810 code [0x000001e39197aa00, 0x000001e39197ae88]
Event: 1.377 Thread 0x000001e3a7abbc40  916       3       jdk.internal.access.SharedSecrets::getJavaLangAccess (4 bytes)
Event: 1.377 Thread 0x000001e3a7abbc40 nmethod 916 0x000001e39197b090 code [0x000001e39197b220, 0x000001e39197b318]
Event: 1.377 Thread 0x000001e3a7abbc40  917       3       java.lang.invoke.MemberName::isField (8 bytes)
Event: 1.377 Thread 0x000001e3a7abbc40 nmethod 917 0x000001e39197b390 code [0x000001e39197b540, 0x000001e39197b778]
Event: 1.377 Thread 0x000001e3a7abbc40  919       3       java.lang.invoke.TypeConvertingMethodAdapter::cast (42 bytes)
Event: 1.378 Thread 0x000001e3a7abbc40 nmethod 919 0x000001e39197b890 code [0x000001e39197ba80, 0x000001e39197bee8]
Event: 1.378 Thread 0x000001e3a7abbc40  920       3       java.lang.invoke.DirectMethodHandle::make (275 bytes)
Event: 1.380 Thread 0x000001e3a7abbc40 nmethod 920 0x000001e39197c090 code [0x000001e39197c420, 0x000001e39197d878]
Event: 1.380 Thread 0x000001e3a7abb280 nmethod 912 0x000001e399329990 code [0x000001e399329b20, 0x000001e39932a058]
Event: 1.380 Thread 0x000001e3a7abb280  915       4       jdk.internal.org.objectweb.asm.Frame::execute (2305 bytes)

GC Heap History (0 events):
No events

Dll operation events (1 events):
Event: 0.020 Loaded shared library C:\Program Files\JetBrains\IntelliJ IDEA 2024.1.4\jbr\bin\java.dll

Deoptimization events (20 events):
Event: 0.554 Thread 0x000001e38e08e4f0 DEOPT PACKING pc=0x000001e39930a9f4 sp=0x000000ac925fda00
Event: 0.554 Thread 0x000001e38e08e4f0 DEOPT UNPACKING pc=0x000001e398d969a3 sp=0x000000ac925fd930 mode 2
Event: 0.554 Thread 0x000001e38e08e4f0 Uncommon trap: trap_request=0xffffff45 fr.pc=0x000001e399303c38 relative=0x0000000000000038
Event: 0.554 Thread 0x000001e38e08e4f0 Uncommon trap: reason=unstable_if action=reinterpret pc=0x000001e399303c38 method=jdk.internal.misc.Unsafe.convEndian(ZI)I @ 4 c2
Event: 0.554 Thread 0x000001e38e08e4f0 DEOPT PACKING pc=0x000001e399303c38 sp=0x000000ac925fd9a0
Event: 0.554 Thread 0x000001e38e08e4f0 DEOPT UNPACKING pc=0x000001e398d969a3 sp=0x000000ac925fd938 mode 2
Event: 0.560 Thread 0x000001e38e08e4f0 DEOPT PACKING pc=0x000001e391828de7 sp=0x000000ac925fd980
Event: 0.560 Thread 0x000001e38e08e4f0 DEOPT UNPACKING pc=0x000001e398d97143 sp=0x000000ac925fcda0 mode 0
Event: 0.564 Thread 0x000001e38e08e4f0 DEOPT PACKING pc=0x000001e391825ad1 sp=0x000000ac925fa880
Event: 0.564 Thread 0x000001e38e08e4f0 DEOPT UNPACKING pc=0x000001e398d97143 sp=0x000000ac925f9cf8 mode 0
Event: 0.573 Thread 0x000001e38e08e4f0 DEOPT PACKING pc=0x000001e3918acd3a sp=0x000000ac925fec60
Event: 0.573 Thread 0x000001e38e08e4f0 DEOPT UNPACKING pc=0x000001e398d97143 sp=0x000000ac925fe0f0 mode 0
Event: 0.625 Thread 0x000001e3ac3207d0 Uncommon trap: trap_request=0xffffff45 fr.pc=0x000001e39930c598 relative=0x0000000000000178
Event: 0.625 Thread 0x000001e3ac3207d0 Uncommon trap: reason=unstable_if action=reinterpret pc=0x000001e39930c598 method=java.lang.invoke.VarHandle.checkExactAccessMode(Ljava/lang/invoke/VarHandle$AccessDescriptor;)V @ 4 c2
Event: 0.625 Thread 0x000001e3ac3207d0 DEOPT PACKING pc=0x000001e39930c598 sp=0x000000ac93dff230
Event: 0.625 Thread 0x000001e3ac3061a0 Uncommon trap: trap_request=0xffffff45 fr.pc=0x000001e39930c598 relative=0x0000000000000178
Event: 0.625 Thread 0x000001e3ac3207d0 DEOPT UNPACKING pc=0x000001e398d969a3 sp=0x000000ac93dff210 mode 2
Event: 0.625 Thread 0x000001e3ac3061a0 Uncommon trap: reason=unstable_if action=reinterpret pc=0x000001e39930c598 method=java.lang.invoke.VarHandle.checkExactAccessMode(Ljava/lang/invoke/VarHandle$AccessDescriptor;)V @ 4 c2
Event: 0.625 Thread 0x000001e3ac3061a0 DEOPT PACKING pc=0x000001e39930c598 sp=0x000000ac93efefb0
Event: 0.625 Thread 0x000001e3ac3061a0 DEOPT UNPACKING pc=0x000001e398d969a3 sp=0x000000ac93efef90 mode 2

Classes unloaded (0 events):
No events

Classes redefined (0 events):
No events

Internal exceptions (20 events):
Event: 0.379 Thread 0x000001e38e08e4f0 Exception <a 'java/lang/NoSuchMethodError'{0x0000000087b03ff8}: 'void java.lang.invoke.DirectMethodHandle$Holder.invokeStatic(java.lang.Object, java.lang.Object)'> (0x0000000087b03ff8) 
thrown [s\src\hotspot\share\interpreter\linkResolver.cpp, line 771]
Event: 0.380 Thread 0x000001e38e08e4f0 Exception <a 'java/lang/NoSuchMethodError'{0x0000000087b07668}: 'void java.lang.invoke.DirectMethodHandle$Holder.invokeStaticInit(java.lang.Object, java.lang.Object)'> (0x0000000087b07668) 
thrown [s\src\hotspot\share\interpreter\linkResolver.cpp, line 771]
Event: 0.381 Thread 0x000001e38e08e4f0 Exception <a 'java/lang/NoSuchMethodError'{0x0000000087b11430}: 'void java.lang.invoke.DirectMethodHandle$Holder.invokeInterface(java.lang.Object, java.lang.Object, java.lang.Object)'> (0x0000000087b11430) 
thrown [s\src\hotspot\share\interpreter\linkResolver.cpp, line 771]
Event: 0.382 Thread 0x000001e38e08e4f0 Exception <a 'java/lang/IncompatibleClassChangeError'{0x0000000087b14890}: Found class java.lang.Object, but interface was expected> (0x0000000087b14890) 
thrown [s\src\hotspot\share\interpreter\linkResolver.cpp, line 838]
Event: 0.382 Thread 0x000001e38e08e4f0 Exception <a 'java/lang/IncompatibleClassChangeError'{0x0000000087b15de8}: Found class java.lang.Object, but interface was expected> (0x0000000087b15de8) 
thrown [s\src\hotspot\share\interpreter\linkResolver.cpp, line 838]
Event: 0.382 Thread 0x000001e38e08e4f0 Exception <a 'java/lang/IncompatibleClassChangeError'{0x0000000087b16ee0}: Found class java.lang.Object, but interface was expected> (0x0000000087b16ee0) 
thrown [s\src\hotspot\share\interpreter\linkResolver.cpp, line 838]
Event: 0.382 Thread 0x000001e38e08e4f0 Exception <a 'java/lang/IncompatibleClassChangeError'{0x0000000087b183c0}: Found class java.lang.Object, but interface was expected> (0x0000000087b183c0) 
thrown [s\src\hotspot\share\interpreter\linkResolver.cpp, line 838]
Event: 0.383 Thread 0x000001e38e08e4f0 Exception <a 'java/lang/IncompatibleClassChangeError'{0x0000000087b19378}: Found class java.lang.Object, but interface was expected> (0x0000000087b19378) 
thrown [s\src\hotspot\share\interpreter\linkResolver.cpp, line 838]
Event: 0.409 Thread 0x000001e38e08e4f0 Exception <a 'java/lang/NoSuchMethodError'{0x0000000087b25168}: 'java.lang.Object java.lang.invoke.DirectMethodHandle$Holder.invokeStaticInit(java.lang.Object)'> (0x0000000087b25168) 
thrown [s\src\hotspot\share\interpreter\linkResolver.cpp, line 771]
Event: 0.451 Thread 0x000001e38e08e4f0 Exception <a 'java/lang/NoSuchMethodError'{0x0000000087ba1de0}: 'java.lang.Object java.lang.invoke.DirectMethodHandle$Holder.invokeStaticInit(java.lang.Object, int, int, int, int)'> (0x0000000087ba1de0) 
thrown [s\src\hotspot\share\interpreter\linkResolver.cpp, line 771]
Event: 0.513 Thread 0x000001e38e08e4f0 Exception <a 'java/lang/NoSuchMethodError'{0x0000000087a784b0}: 'java.lang.Object java.lang.invoke.DirectMethodHandle$Holder.invokeStaticInit(java.lang.Object, java.lang.Object, int, int, int, int)'> (0x0000000087a784b0) 
thrown [s\src\hotspot\share\interpreter\linkResolver.cpp, line 771]
Event: 0.598 Thread 0x000001e38e08e4f0 Exception <a 'java/lang/NoSuchMethodError'{0x00000000878c2f98}: 'java.lang.Object java.lang.invoke.Invokers$Holder.linkToTargetMethod(java.lang.Object, long, java.lang.Object)'> (0x00000000878c2f98) 
thrown [s\src\hotspot\share\interpreter\linkResolver.cpp, line 771]
Event: 1.096 Thread 0x000001e3ac30c190 Exception <a 'java/lang/NoSuchMethodError'{0x00000000876681f0}: static [B.<clinit>()V> (0x00000000876681f0) 
thrown [s\src\hotspot\share\prims\jni.cpp, line 1127]
Event: 1.096 Thread 0x000001e3ac30a840 Exception <a 'java/lang/NoSuchMethodError'{0x00000000876a1068}: static [B.<clinit>()V> (0x00000000876a1068) 
thrown [s\src\hotspot\share\prims\jni.cpp, line 1127]
Event: 1.201 Thread 0x000001e3ac30c190 Exception <a 'java/lang/NoSuchMethodError'{0x00000000876dae68}: static [Ljava/rmi/server/ObjID;.<clinit>()V> (0x00000000876dae68) 
thrown [s\src\hotspot\share\prims\jni.cpp, line 1127]
Event: 1.207 Thread 0x000001e3ac30c190 Exception <a 'java/lang/NoSuchMethodError'{0x00000000876e28d0}: 'void java.lang.invoke.DirectMethodHandle$Holder.invokeSpecial(java.lang.Object, java.lang.Object, java.lang.Object)'> (0x00000000876e28d0) 
thrown [s\src\hotspot\share\interpreter\linkResolver.cpp, line 771]
Event: 1.207 Thread 0x000001e3ac30c190 Exception <a 'java/lang/NoSuchMethodError'{0x00000000876e5e38}: 'void java.lang.invoke.Invokers$Holder.invoke_MT(java.lang.Object, java.lang.Object, java.lang.Object)'> (0x00000000876e5e38) 
thrown [s\src\hotspot\share\interpreter\linkResolver.cpp, line 771]
Event: 1.211 Thread 0x000001e3ac30b770 Exception <a 'java/lang/InterruptedException'{0x0000000087500000}> (0x0000000087500000) 
thrown [s\src\hotspot\share\runtime\objectMonitor.cpp, line 1658]
Event: 1.215 Thread 0x000001e3ac30b770 Exception <a 'java/lang/NoSuchMethodError'{0x00000000875089f8}: 'java.lang.Object java.lang.invoke.DirectMethodHandle$Holder.newInvokeSpecial(java.lang.Object, java.lang.Object, int, java.lang.Object, long)'> (0x00000000875089f8) 
thrown [s\src\hotspot\share\interpreter\linkResolver.cpp, line 771]
Event: 1.375 Thread 0x000001e3ac30c190 Exception <a 'java/lang/NoSuchMethodError'{0x0000000087395bc8}: 'java.lang.Object java.lang.invoke.DirectMethodHandle$Holder.invokeInterface(java.lang.Object, java.lang.Object)'> (0x0000000087395bc8) 
thrown [s\src\hotspot\share\interpreter\linkResolver.cpp, line 771]

VM Operations (6 events):
Event: 0.259 Executing VM operation: HandshakeAllThreads
Event: 0.259 Executing VM operation: HandshakeAllThreads done
Event: 0.326 Executing VM operation: HandshakeAllThreads
Event: 0.326 Executing VM operation: HandshakeAllThreads done
Event: 0.387 Executing VM operation: HandshakeAllThreads
Event: 0.387 Executing VM operation: HandshakeAllThreads done

Events (20 events):
Event: 1.324 loading class java/util/regex/Pattern$BranchConn
Event: 1.324 loading class java/util/regex/Pattern$BranchConn done
Event: 1.324 loading class java/util/regex/Pattern$Branch
Event: 1.324 loading class java/util/regex/Pattern$Branch done
Event: 1.331 loading class java/math/BigDecimal
Event: 1.333 loading class java/math/BigDecimal done
Event: 1.348 loading class java/util/function/IntConsumer
Event: 1.348 loading class java/util/function/IntConsumer done
Event: 1.348 loading class java/util/function/IntPredicate
Event: 1.348 loading class java/util/function/IntPredicate done
Event: 1.349 loading class java/util/PrimitiveIterator$OfInt
Event: 1.349 loading class java/util/PrimitiveIterator
Event: 1.350 loading class java/util/PrimitiveIterator done
Event: 1.350 loading class java/util/PrimitiveIterator$OfInt done
Event: 1.354 loading class java/util/function/IntUnaryOperator
Event: 1.354 loading class java/util/function/IntUnaryOperator done
Event: 1.360 loading class java/util/concurrent/ForkJoinTask
Event: 1.361 loading class java/util/concurrent/ForkJoinTask done
Event: 1.361 loading class java/util/concurrent/RecursiveAction
Event: 1.361 loading class java/util/concurrent/RecursiveAction done


Dynamic libraries:
0x00007ff760100000 - 0x00007ff76010a000 	C:\Program Files\JetBrains\IntelliJ IDEA 2024.1.4\jbr\bin\java.exe
0x00007fffa1090000 - 0x00007fffa12a7000 	C:\Windows\SYSTEM32\ntdll.dll
0x00007fffa0700000 - 0x00007fffa07c4000 	C:\Windows\System32\KERNEL32.DLL
0x00007fff9e470000 - 0x00007fff9e817000 	C:\Windows\System32\KERNELBASE.dll
0x00007fff9ec00000 - 0x00007fff9ed11000 	C:\Windows\System32\ucrtbase.dll
0x00007fff59470000 - 0x00007fff59487000 	C:\Program Files\JetBrains\IntelliJ IDEA 2024.1.4\jbr\bin\jli.dll
0x00007fff96230000 - 0x00007fff9624b000 	C:\Program Files\JetBrains\IntelliJ IDEA 2024.1.4\jbr\bin\VCRUNTIME140.dll
0x00007fffa0ea0000 - 0x00007fffa104e000 	C:\Windows\System32\USER32.dll
0x00007fff9ea30000 - 0x00007fff9ea56000 	C:\Windows\System32\win32u.dll
0x00007fffa0e10000 - 0x00007fffa0e39000 	C:\Windows\System32\GDI32.dll
0x00007fff9e8a0000 - 0x00007fff9e9b9000 	C:\Windows\System32\gdi32full.dll
0x00007fff89c40000 - 0x00007fff89ed3000 	C:\Windows\WinSxS\amd64_microsoft.windows.common-controls_6595b64144ccf1df_6.0.22621.3527_none_270e469b73872a76\COMCTL32.dll
0x00007fff9ed20000 - 0x00007fff9edba000 	C:\Windows\System32\msvcp_win.dll
0x00007fffa0a30000 - 0x00007fffa0ad7000 	C:\Windows\System32\msvcrt.dll
0x00007fffa0960000 - 0x00007fffa0991000 	C:\Windows\System32\IMM32.DLL
0x00007fff8d6d0000 - 0x00007fff8d6dc000 	C:\Program Files\JetBrains\IntelliJ IDEA 2024.1.4\jbr\bin\vcruntime140_1.dll
0x00007fff798c0000 - 0x00007fff7994d000 	C:\Program Files\JetBrains\IntelliJ IDEA 2024.1.4\jbr\bin\msvcp140.dll
0x00007fff59a80000 - 0x00007fff5a703000 	C:\Program Files\JetBrains\IntelliJ IDEA 2024.1.4\jbr\bin\server\jvm.dll
0x00007fffa0640000 - 0x00007fffa06f2000 	C:\Windows\System32\ADVAPI32.dll
0x00007fff9f9a0000 - 0x00007fff9fa48000 	C:\Windows\System32\sechost.dll
0x00007fff9ebd0000 - 0x00007fff9ebf8000 	C:\Windows\System32\bcrypt.dll
0x00007fff9f0b0000 - 0x00007fff9f1c5000 	C:\Windows\System32\RPCRT4.dll
0x00007fff9e270000 - 0x00007fff9e2bd000 	C:\Windows\SYSTEM32\POWRPROF.dll
0x00007fff96570000 - 0x00007fff96579000 	C:\Windows\SYSTEM32\WSOCK32.dll
0x00007fff96650000 - 0x00007fff9665a000 	C:\Windows\SYSTEM32\VERSION.dll
0x00007fff9bcf0000 - 0x00007fff9bd24000 	C:\Windows\SYSTEM32\WINMM.dll
0x00007fff9ef90000 - 0x00007fff9f001000 	C:\Windows\System32\WS2_32.dll
0x00007fff9e250000 - 0x00007fff9e263000 	C:\Windows\SYSTEM32\UMPDC.dll
0x00007fff9d3d0000 - 0x00007fff9d3e8000 	C:\Windows\SYSTEM32\kernel.appcore.dll
0x00007fff95870000 - 0x00007fff9587a000 	C:\Program Files\JetBrains\IntelliJ IDEA 2024.1.4\jbr\bin\jimage.dll
0x00007fff9bab0000 - 0x00007fff9bce2000 	C:\Windows\SYSTEM32\DBGHELP.DLL
0x00007fff9fa50000 - 0x00007fff9fdd8000 	C:\Windows\System32\combase.dll
0x00007fff9f8c0000 - 0x00007fff9f997000 	C:\Windows\System32\OLEAUT32.dll
0x00007fff9ba40000 - 0x00007fff9ba72000 	C:\Windows\SYSTEM32\dbgcore.DLL
0x00007fff9e820000 - 0x00007fff9e899000 	C:\Windows\System32\bcryptPrimitives.dll
0x00007fff75550000 - 0x00007fff75575000 	C:\Program Files\JetBrains\IntelliJ IDEA 2024.1.4\jbr\bin\java.dll
0x00007fff86680000 - 0x00007fff86698000 	C:\Program Files\JetBrains\IntelliJ IDEA 2024.1.4\jbr\bin\zip.dll
0x00007fff9fde0000 - 0x00007fffa063c000 	C:\Windows\System32\SHELL32.dll
0x00007fff9c2f0000 - 0x00007fff9cbe6000 	C:\Windows\SYSTEM32\windows.storage.dll
0x00007fff9c1b0000 - 0x00007fff9c2ee000 	C:\Windows\SYSTEM32\wintypes.dll
0x00007fffa07d0000 - 0x00007fffa08c5000 	C:\Windows\System32\SHCORE.dll
0x00007fff9f220000 - 0x00007fff9f27e000 	C:\Windows\System32\shlwapi.dll
0x00007fff9e2e0000 - 0x00007fff9e301000 	C:\Windows\SYSTEM32\profapi.dll
0x00007fff849e0000 - 0x00007fff849f9000 	C:\Program Files\JetBrains\IntelliJ IDEA 2024.1.4\jbr\bin\net.dll
0x00007fff96430000 - 0x00007fff96566000 	C:\Windows\SYSTEM32\WINHTTP.dll
0x00007fff9d840000 - 0x00007fff9d8a9000 	C:\Windows\system32\mswsock.dll
0x00007fff78a20000 - 0x00007fff78a36000 	C:\Program Files\JetBrains\IntelliJ IDEA 2024.1.4\jbr\bin\nio.dll
0x00007fff9ce90000 - 0x00007fff9cebd000 	C:\Windows\SYSTEM32\IPHLPAPI.DLL
0x00007fff9ef80000 - 0x00007fff9ef89000 	C:\Windows\System32\NSI.dll
0x00007fff96660000 - 0x00007fff96679000 	C:\Windows\SYSTEM32\dhcpcsvc6.DLL
0x00007fff95fe0000 - 0x00007fff95fff000 	C:\Windows\SYSTEM32\dhcpcsvc.DLL
0x00007fff9cf10000 - 0x00007fff9d008000 	C:\Windows\SYSTEM32\DNSAPI.dll
0x00007fff9dab0000 - 0x00007fff9dacb000 	C:\Windows\SYSTEM32\CRYPTSP.dll
0x00007fff9d330000 - 0x00007fff9d365000 	C:\Windows\system32\rsaenh.dll
0x00007fff9d940000 - 0x00007fff9d968000 	C:\Windows\SYSTEM32\USERENV.dll
0x00007fff9daa0000 - 0x00007fff9daac000 	C:\Windows\SYSTEM32\CRYPTBASE.dll
0x00007fff855f0000 - 0x00007fff855f9000 	C:\Program Files\JetBrains\IntelliJ IDEA 2024.1.4\jbr\bin\extnet.dll
0x00007fff99310000 - 0x00007fff99317000 	C:\Program Files\JetBrains\IntelliJ IDEA 2024.1.4\jbr\bin\rmi.dll

dbghelp: loaded successfully - version: 4.0.5 - missing functions: none
symbol engine: initialized successfully - sym options: 0x614 - pdb path: .;C:\Program Files\JetBrains\IntelliJ IDEA 2024.1.4\jbr\bin;C:\Windows\SYSTEM32;C:\Windows\WinSxS\amd64_microsoft.windows.common-controls_6595b64144ccf1df_6.0.22621.3527_none_270e469b73872a76;C:\Program Files\JetBrains\IntelliJ IDEA 2024.1.4\jbr\bin\server

VM Arguments:
jvm_args: -Djava.rmi.server.hostname=127.0.0.1 -Duser.timezone=UTC -Xmx2048m -Xms128m -Djdbc.classpath=C:\Program Files\JetBrains\IntelliJ IDEA 2024.1.4\plugins\DatabaseTools\lib\jdbc-console.jar;C:\Users\Admin\AppData\Roaming\JetBrains\IntelliJIdea2024.1\jdbc-drivers\MySQL ConnectorJ\8.2.0\com\mysql\mysql-connector-j\8.2.0\mysql-connector-j-8.2.0.jar;C:\Users\Admin\AppData\Roaming\JetBrains\IntelliJIdea2024.1\jdbc-drivers\MySQL ConnectorJ\8.2.0\com\google\protobuf\protobuf-java\3.21.9\protobuf-java-3.21.9.jar --add-exports=java.desktop/sun.awt=ALL-UNNAMED --add-exports=java.desktop/java.awt.peer=ALL-UNNAMED --add-opens=java.desktop/java.awt=ALL-UNNAMED --add-opens=jdk.unsupported/sun.misc=ALL-UNNAMED --add-opens=java.base/java.nio=ALL-UNNAMED --add-opens=java.base/java.util=ALL-UNNAMED -Dfile.encoding=UTF-8 
java_command: com.intellij.database.remote.RemoteJdbcServer com.mysql.cj.jdbc.Driver
java_class_path (initial): C:\Program Files\JetBrains\IntelliJ IDEA 2024.1.4\lib\util_rt.jar;C:\Program Files\JetBrains\IntelliJ IDEA 2024.1.4\lib\util-8.jar;C:\Program Files\JetBrains\IntelliJ IDEA 2024.1.4\lib\groovy.jar;C:\Program Files\JetBrains\IntelliJ IDEA 2024.1.4\plugins\DatabaseTools\lib\jdbc-console.jar;C:\Program Files\JetBrains\IntelliJ IDEA 2024.1.4\plugins\grid-core-impl\lib\jdbc-console-types.jar;C:\Program Files\JetBrains\IntelliJ IDEA 2024.1.4\lib\util.jar
Launcher Type: SUN_STANDARD

[Global flags]
     intx CICompilerCount                          = 3                                         {product} {ergonomic}
     uint ConcGCThreads                            = 1                                         {product} {ergonomic}
     uint G1ConcRefinementThreads                  = 4                                         {product} {ergonomic}
   size_t G1HeapRegionSize                         = 1048576                                   {product} {ergonomic}
    uintx GCDrainStackTargetSize                   = 64                                        {product} {ergonomic}
   size_t InitialHeapSize                          = 134217728                                 {product} {command line}
   size_t MarkStackSize                            = 4194304                                   {product} {ergonomic}
   size_t MaxHeapSize                              = 2147483648                                {product} {command line}
   size_t MaxNewSize                               = 1287651328                                {product} {ergonomic}
   size_t MinHeapDeltaBytes                        = 1048576                                   {product} {ergonomic}
   size_t MinHeapSize                              = 134217728                                 {product} {command line}
    uintx NonNMethodCodeHeapSize                   = 5832780                                {pd product} {ergonomic}
    uintx NonProfiledCodeHeapSize                  = 122912730                              {pd product} {ergonomic}
    uintx ProfiledCodeHeapSize                     = 122912730                              {pd product} {ergonomic}
    uintx ReservedCodeCacheSize                    = 251658240                              {pd product} {ergonomic}
     bool SegmentedCodeCache                       = true                                      {product} {ergonomic}
   size_t SoftMaxHeapSize                          = 2147483648                             {manageable} {ergonomic}
     bool UseCompressedClassPointers               = true                           {product lp64_product} {ergonomic}
     bool UseCompressedOops                        = true                           {product lp64_product} {ergonomic}
     bool UseG1GC                                  = true                                      {product} {ergonomic}
     bool UseLargePagesIndividualAllocation        = false                                  {pd product} {ergonomic}

Logging:
Log output configuration:
 #0: stdout all=warning uptime,level,tags
 #1: stderr all=off uptime,level,tags

Environment Variables:
JAVA_HOME=C:\Program Files\Java\jdk-22
PATH=C:\Windows\system32;C:\Windows;C:\Windows\System32\Wbem;C:\Windows\System32\WindowsPowerShell\v1.0\;C:\Windows\System32\OpenSSH\;C:\Program Files\Microsoft SQL Server\150\Tools\Binn\;C:\Program Files\Microsoft SQL Server\Client SDK\ODBC\170\Tools\Binn\;C:\Program Files\dotnet\;C:\Program Files (x86)\Windows Kits\10\Windows Performance Toolkit\;C:\Users\Admin\AppData\Local\Android\Sdk;C:\Program Files (x86)\Microsoft SQL Server\160\DTS\Binn\;C:\flutter\bin;C:\Program Files\Git\cmd;C:\Users\Admin\AppData\Local\Microsoft\WinGet\Links\fnm.exe;C:\Program Files\nodejs\;C:\apache-maven-3.9.8\bin;C:\Program Files\Java\jdk-22\bin;C:\Users\Admin\AppData\Local\Microsoft\WindowsApps;C:\Users\Admin\.dotnet\tools;C:\Users\Admin\AppData\Local\Programs\Microsoft VS Code\bin;C:\Users\Admin\AppData\Local\GitHubDesktop\bin;C:\Users\Admin\AppData\Local\Microsoft\WinGet\Links;C:\Users\Admin\AppData\Roaming\npm;C:\jdk-22.0.2\bin;
USERNAME=Admin
OS=Windows_NT
PROCESSOR_IDENTIFIER=AMD64 Family 23 Model 24 Stepping 1, AuthenticAMD
TMP=C:\Users\Admin\AppData\Local\Temp
TEMP=C:\Users\Admin\AppData\Local\Temp



Periodic native trim disabled

JNI global refs:
JNI global refs: 16, weak refs: 0

JNI global refs memory usage: 843, weak refs: 841

Process memory usage:
Resident Set Size: 66044K (1% of 3602860K total physical memory with 55972K free physical memory)

OOME stack traces (most recent first):
Classloader memory used:
Loader bootstrap                                                                       : 1554K
Loader jdk.internal.loader.ClassLoaders$AppClassLoader                                 : 147K
Loader jdk.internal.loader.ClassLoaders$PlatformClassLoader                            : 21242B
Loader jdk.internal.reflect.DelegatingClassLoader                                      : 8933B
Loader com.intellij.database.remote.jdbc.impl.JdbcClassLoader$JdbcClassLoaderImpl      : 8675B
Loader com.intellij.database.remote.jdbc.impl.JdbcClassLoader$1                        : 831B


---------------  S Y S T E M  ---------------

OS:
 Windows 11 , 64 bit Build 22621 (10.0.22621.3527)
OS uptime: 0 days 7:37 hours

CPU: total 4 (initial active 4) (4 cores per cpu, 2 threads per core) family 23 model 24 stepping 1 microcode 0x0, cx8, cmov, fxsr, ht, mmx, 3dnowpref, sse, sse2, sse3, ssse3, sse4a, sse4.1, sse4.2, popcnt, lzcnt, tsc, tscinvbit, avx, avx2, aes, clmul, bmi1, bmi2, adx, sha, fma, vzeroupper, clflush, clflushopt
Processor Information for all 4 processors :
  Max Mhz: 2400, Current Mhz: 2400, Mhz Limit: 2400

Memory: 4k page, system-wide physical 3518M (54M free)
TotalPageFile size 14270M (AvailPageFile size 4M)
current process WorkingSet (physical memory assigned to process): 64M, peak: 64M
current process commit charge ("private bytes"): 211M, peak: 212M

vm_info: OpenJDK 64-Bit Server VM (17.0.11+1-b1207.24) for windows-amd64 JRE (17.0.11+1-b1207.24), built on 2024-05-15 by "builduser" with MS VC++ 16.10 / 16.11 (VS2019)

END.
