#
# There is insufficient memory for the Java Runtime Environment to continue.
# Native memory allocation (mmap) failed to map 65536 bytes. Error detail: Failed to commit metaspace.
# Possible reasons:
#   The system is out of physical RAM or swap space
#   This process is running with CompressedOops enabled, and the Java Heap may be blocking the growth of the native heap
# Possible solutions:
#   Reduce memory load on the system
#   Increase physical memory or swap space
#   Check if swap backing store is full
#   Decrease Java heap size (-Xmx/-Xms)
#   Decrease number of Java threads
#   Decrease Java thread stack sizes (-Xss)
#   Set larger code cache with -XX:ReservedCodeCacheSize=
#   JVM is running with Unscaled Compressed Oops mode in which the Java heap is
#     placed in the first 4GB address space. The Java Heap base address is the
#     maximum limit for the native heap growth. Please use -XX:HeapBaseMinAddress
#     to set the Java Heap base and to place the Java Heap above 4GB virtual address.
# This output file may be truncated or incomplete.
#
#  Out of Memory Error (virtualSpaceNode.cpp:112), pid=1580, tid=5612
#
# JRE version: Java(TM) SE Runtime Environment (22.0.2+9) (build 22.0.2+9-70)
# Java VM: Java HotSpot(TM) 64-Bit Server VM (22.0.2+9-70, mixed mode, emulated-client, tiered, compressed oops, compressed class ptrs, g1 gc, windows-amd64)
# No core dump will be written. Minidumps are not enabled by default on client versions of Windows
#

---------------  S U M M A R Y ------------

Command Line: -XX:TieredStopAtLevel=1 com.example.ytalentbackend.YtalentBackendApplication

Host: AMD Athlon Gold 3150U with Radeon Graphics     , 4 cores, 3G,  Windows 11 , 64 bit Build 22621 (10.0.22621.3527)
Time: Fri Nov 15 09:16:13 2024 Hora est. Pacífico, Sudamérica elapsed time: 0.301237 seconds (0d 0h 0m 0s)

---------------  T H R E A D  ---------------

Current thread (0x00000270ef553830):  JavaThread "main"             [_thread_in_vm, id=5612, stack(0x000000b674100000,0x000000b674200000) (1024K)]

Stack: [0x000000b674100000,0x000000b674200000]
Native frames: (J=compiled Java code, j=interpreted, Vv=VM code, C=native code)
V  [jvm.dll+0x6e26e9]  (no source info available)
V  [jvm.dll+0x875753]  (no source info available)
V  [jvm.dll+0x877b7e]  (no source info available)
V  [jvm.dll+0x878253]  (no source info available)
V  [jvm.dll+0x27fc86]  (no source info available)
V  [jvm.dll+0x87139e]  (no source info available)
V  [jvm.dll+0x685755]  (no source info available)
V  [jvm.dll+0x6857ba]  (no source info available)
V  [jvm.dll+0x687ffa]  (no source info available)
V  [jvm.dll+0x224f6c]  (no source info available)
V  [jvm.dll+0x68616e]  (no source info available)
V  [jvm.dll+0x269dbf]  (no source info available)
V  [jvm.dll+0x6903c4]  (no source info available)
V  [jvm.dll+0x2151c1]  (no source info available)
V  [jvm.dll+0x21564a]  (no source info available)
V  [jvm.dll+0x216071]  (no source info available)
V  [jvm.dll+0x20b3ae]  (no source info available)
V  [jvm.dll+0x5c4a8f]  (no source info available)
V  [jvm.dll+0x21cb2a]  (no source info available)
V  [jvm.dll+0x7ebe8c]  (no source info available)
V  [jvm.dll+0x7ecf26]  (no source info available)
V  [jvm.dll+0x7ed534]  (no source info available)
V  [jvm.dll+0x7ed1b8]  (no source info available)
V  [jvm.dll+0x26d6ab]  (no source info available)
V  [jvm.dll+0x26d8da]  (no source info available)
V  [jvm.dll+0x5e8187]  (no source info available)
V  [jvm.dll+0x5eb186]  (no source info available)
V  [jvm.dll+0x3ddbfd]  (no source info available)
V  [jvm.dll+0x3dd1fd]  (no source info available)
C  0x00000270f9a385d1  (no source info available)

The last pc belongs to invokestatic (printed below).
Java frames: (J=compiled Java code, j=interpreted, Vv=VM code)
j  java.lang.String.<init>([CIILjava/lang/Void;)V+36 java.base
j  java.lang.String.<init>([CII)V+10 java.base
j  sun.net.www.ParseUtil.encodePath(Ljava/lang/String;IC)Ljava/lang/String;+357 java.base
j  sun.net.www.ParseUtil.encodePath(Ljava/lang/String;Z)Ljava/lang/String;+17 java.base
j  sun.net.www.ParseUtil.encodePath(Ljava/lang/String;)Ljava/lang/String;+2 java.base
j  sun.net.www.ParseUtil.fileToEncodedURL(Ljava/io/File;)Ljava/net/URL;+6 java.base
j  jdk.internal.loader.URLClassPath.toFileURL(Ljava/lang/String;)Ljava/net/URL;+13 java.base
j  jdk.internal.loader.URLClassPath.<init>(Ljava/lang/String;Z)V+96 java.base
j  jdk.internal.loader.ClassLoaders.<clinit>()V+144 java.base
v  ~StubRoutines::call_stub 0x00000270f9a2100d
j  jdk.internal.loader.BootLoader.loadModule(Ljava/lang/module/ModuleReference;)V+0 java.base
j  jdk.internal.module.ModuleBootstrap.boot2()Ljava/lang/ModuleLayer;+358 java.base
j  jdk.internal.module.ModuleBootstrap.boot()Ljava/lang/ModuleLayer;+64 java.base
j  java.lang.System.initPhase2(ZZ)I+0 java.base
v  ~StubRoutines::call_stub 0x00000270f9a2100d
invokestatic  184 invokestatic  [0x00000270f9a38520, 0x00000270f9a38698]  376 bytes
[MachCode]
  0x00000270f9a38520: 4883 ec08 | c5fa 1104 | 24eb 1f48 | 83ec 10c5 | fb11 0424 | eb14 4883 | ec10 4889 | 0424 48c7 
  0x00000270f9a38540: 4424 0800 | 0000 00eb | 0150 488b | 4dd0 410f | b755 0148 | 8b49 306b | d218 488d | 4c11 080f 
  0x00000270f9a38560: b659 1681 | fbb8 0000 | 000f 84bd | 0000 00bb | b800 0000 | e805 0000 | 00e9 9900 | 0000 488b 
  0x00000270f9a38580: d348 8d44 | 2408 4c89 | 6dc0 498b | cfc5 f877 | 4989 afb0 | 0300 0049 | 8987 a003 | 0000 4883 
  0x00000270f9a385a0: ec20 40f6 | c40f 0f84 | 1900 0000 | 4883 ec08 | 48b8 90d1 | f834 f97f | 0000 ffd0 | 4883 c408 
  0x00000270f9a385c0: e90c 0000 | 0048 b890 | d1f8 34f9 | 7f00 00ff | d048 83c4 | 2049 c787 | a003 0000 | 0000 0000 
  0x00000270f9a385e0: 49c7 87b0 | 0300 0000 | 0000 0049 | c787 a803 | 0000 0000 | 0000 c5f8 | 7749 837f | 0800 0f84 
  0x00000270f9a38600: 0500 0000 | e9f7 88fe | ff4c 8b6d | c04c 8b75 | c84e 8d74 | f500 c348 | 8b4d d041 | 0fb7 5501 
  0x00000270f9a38620: 488b 4930 | 6bd2 1848 | 8d4c 1108 | 488b 1948 | 8b5b 0848 | 8b5b 0848 | 8b5b 1880 | bb20 0100 
  0x00000270f9a38640: 0005 0f84 | 0d00 0000 | 4c3b bb30 | 0100 000f | 851a ffff | ff0f b651 | 1548 8b19 | 4c89 6dc0 
  0x00000270f9a38660: 448b ea0f | b651 1449 | ba40 c882 | 35f9 7f00 | 0049 8b14 | d252 418b | d54c 8b6d | c04c 8d6c 
  0x00000270f9a38680: 2408 498b | cd48 2bcd | 48c1 f903 | 4889 4df0 | ff63 500f | 1f44 0000 
[/MachCode]

---------------  P R O C E S S  ---------------

Threads class SMR info:
_java_thread_list=0x00000270803b3050, length=8, elements={
0x00000270ef553830, 0x00000270803a04d0, 0x00000270803a1030, 0x00000270801fe4a0,
0x0000027080388070, 0x0000027080388ad0, 0x0000027080389660, 0x00000270803b8dc0
}

Java Threads: ( => current thread )
=>0x00000270ef553830 JavaThread "main"                              [_thread_in_vm, id=5612, stack(0x000000b674100000,0x000000b674200000) (1024K)]
  0x00000270803a04d0 JavaThread "Reference Handler"          daemon [_thread_blocked, id=9528, stack(0x000000b674900000,0x000000b674a00000) (1024K)]
  0x00000270803a1030 JavaThread "Finalizer"                  daemon [_thread_blocked, id=12704, stack(0x000000b674a00000,0x000000b674b00000) (1024K)]
  0x00000270801fe4a0 JavaThread "Signal Dispatcher"          daemon [_thread_blocked, id=3760, stack(0x000000b674b00000,0x000000b674c00000) (1024K)]
  0x0000027080388070 JavaThread "Attach Listener"            daemon [_thread_blocked, id=12452, stack(0x000000b674c00000,0x000000b674d00000) (1024K)]
  0x0000027080388ad0 JavaThread "Service Thread"             daemon [_thread_blocked, id=1608, stack(0x000000b674d00000,0x000000b674e00000) (1024K)]
  0x0000027080389660 JavaThread "Monitor Deflation Thread"   daemon [_thread_blocked, id=3524, stack(0x000000b674e00000,0x000000b674f00000) (1024K)]
  0x00000270803b8dc0 JavaThread "C1 CompilerThread0"         daemon [_thread_blocked, id=7692, stack(0x000000b674f00000,0x000000b675000000) (1024K)]
Total: 8

Other Threads:
  0x00000270801a7780 VMThread "VM Thread"                           [id=11884, stack(0x000000b674800000,0x000000b674900000) (1024K)]
  0x0000027080121a80 WatcherThread "VM Periodic Task Thread"        [id=10416, stack(0x000000b674700000,0x000000b674800000) (1024K)]
  0x00000270f171f970 WorkerThread "GC Thread#0"                     [id=1140, stack(0x000000b674200000,0x000000b674300000) (1024K)]
  0x00000270f1728770 ConcurrentGCThread "G1 Main Marker"            [id=8392, stack(0x000000b674300000,0x000000b674400000) (1024K)]
  0x00000270f1729430 WorkerThread "G1 Conc#0"                       [id=13572, stack(0x000000b674400000,0x000000b674500000) (1024K)]
  0x00000270f17828f0 ConcurrentGCThread "G1 Refine#0"               [id=10596, stack(0x000000b674500000,0x000000b674600000) (1024K)]
  0x00000270f1783470 ConcurrentGCThread "G1 Service"                [id=11260, stack(0x000000b674600000,0x000000b674700000) (1024K)]
Total: 7

Threads with active compile tasks:
Total: 0

VM state: not at safepoint (normal execution)

VM Mutex/Monitor currently owned by a thread:  ([mutex/lock_event])
[0x00007ff93581ab00] Metaspace_lock - owner thread: 0x00000270ef553830

Heap address: 0x00000000c9000000, size: 880 MB, Compressed Oops mode: 32-bit

CDS archive(s) not mapped
Compressed class space mapped at: 0x000000000f000000-0x000000004f000000, reserved size: 1073741824
Narrow klass base: 0x0000000000000000, Narrow klass shift: 0, Narrow klass range: 0x4f000000

GC Precious Log:
 CardTable entry size: 512
 Card Set container configuration: InlinePtr #cards 5 size 8 Array Of Cards #cards 12 size 40 Howl #buckets 4 coarsen threshold 1843 Howl Bitmap #cards 512 size 80 coarsen threshold 460 Card regions per heap region 1 cards per card region 2048
 CPUs: 4 total, 4 available
 Memory: 3518M
 Large Page Support: Disabled
 NUMA Support: Disabled
 Compressed Oops: Enabled (32-bit)
 Heap Region Size: 1M
 Heap Min Capacity: 8M
 Heap Initial Capacity: 56M
 Heap Max Capacity: 880M
 Pre-touch: Disabled
 Parallel Workers: 4
 Concurrent Workers: 1
 Concurrent Refinement Workers: 4
 Periodic GC: Disabled

Heap:
 garbage-first heap   total reserved 901120K, committed 57344K, used 1024K [0x00000000c9000000, 0x0000000100000000)
  region size 1024K, 2 young (2048K), 0 survivors (0K)
 Metaspace       used 3603K, committed 3648K, reserved 1114112K
  class space    used 276K, committed 320K, reserved 1048576K

Heap Regions: E=young(eden), S=young(survivor), O=old, HS=humongous(starts), HC=humongous(continues), CS=collection set, F=free, TAMS=top-at-mark-start, PB=parsable bottom
|   0|0x00000000c9000000, 0x00000000c9000000, 0x00000000c9100000|  0%| F|  |TAMS 0x00000000c9000000| PB 0x00000000c9000000| Untracked |  0
|   1|0x00000000c9100000, 0x00000000c9100000, 0x00000000c9200000|  0%| F|  |TAMS 0x00000000c9100000| PB 0x00000000c9100000| Untracked |  0
|   2|0x00000000c9200000, 0x00000000c9200000, 0x00000000c9300000|  0%| F|  |TAMS 0x00000000c9200000| PB 0x00000000c9200000| Untracked |  0
|   3|0x00000000c9300000, 0x00000000c9300000, 0x00000000c9400000|  0%| F|  |TAMS 0x00000000c9300000| PB 0x00000000c9300000| Untracked |  0
|   4|0x00000000c9400000, 0x00000000c9400000, 0x00000000c9500000|  0%| F|  |TAMS 0x00000000c9400000| PB 0x00000000c9400000| Untracked |  0
|   5|0x00000000c9500000, 0x00000000c9500000, 0x00000000c9600000|  0%| F|  |TAMS 0x00000000c9500000| PB 0x00000000c9500000| Untracked |  0
|   6|0x00000000c9600000, 0x00000000c9600000, 0x00000000c9700000|  0%| F|  |TAMS 0x00000000c9600000| PB 0x00000000c9600000| Untracked |  0
|   7|0x00000000c9700000, 0x00000000c9700000, 0x00000000c9800000|  0%| F|  |TAMS 0x00000000c9700000| PB 0x00000000c9700000| Untracked |  0
|   8|0x00000000c9800000, 0x00000000c9800000, 0x00000000c9900000|  0%| F|  |TAMS 0x00000000c9800000| PB 0x00000000c9800000| Untracked |  0
|   9|0x00000000c9900000, 0x00000000c9900000, 0x00000000c9a00000|  0%| F|  |TAMS 0x00000000c9900000| PB 0x00000000c9900000| Untracked |  0
|  10|0x00000000c9a00000, 0x00000000c9a00000, 0x00000000c9b00000|  0%| F|  |TAMS 0x00000000c9a00000| PB 0x00000000c9a00000| Untracked |  0
|  11|0x00000000c9b00000, 0x00000000c9b00000, 0x00000000c9c00000|  0%| F|  |TAMS 0x00000000c9b00000| PB 0x00000000c9b00000| Untracked |  0
|  12|0x00000000c9c00000, 0x00000000c9c00000, 0x00000000c9d00000|  0%| F|  |TAMS 0x00000000c9c00000| PB 0x00000000c9c00000| Untracked |  0
|  13|0x00000000c9d00000, 0x00000000c9d00000, 0x00000000c9e00000|  0%| F|  |TAMS 0x00000000c9d00000| PB 0x00000000c9d00000| Untracked |  0
|  14|0x00000000c9e00000, 0x00000000c9e00000, 0x00000000c9f00000|  0%| F|  |TAMS 0x00000000c9e00000| PB 0x00000000c9e00000| Untracked |  0
|  15|0x00000000c9f00000, 0x00000000c9f00000, 0x00000000ca000000|  0%| F|  |TAMS 0x00000000c9f00000| PB 0x00000000c9f00000| Untracked |  0
|  16|0x00000000ca000000, 0x00000000ca000000, 0x00000000ca100000|  0%| F|  |TAMS 0x00000000ca000000| PB 0x00000000ca000000| Untracked |  0
|  17|0x00000000ca100000, 0x00000000ca100000, 0x00000000ca200000|  0%| F|  |TAMS 0x00000000ca100000| PB 0x00000000ca100000| Untracked |  0
|  18|0x00000000ca200000, 0x00000000ca200000, 0x00000000ca300000|  0%| F|  |TAMS 0x00000000ca200000| PB 0x00000000ca200000| Untracked |  0
|  19|0x00000000ca300000, 0x00000000ca300000, 0x00000000ca400000|  0%| F|  |TAMS 0x00000000ca300000| PB 0x00000000ca300000| Untracked |  0
|  20|0x00000000ca400000, 0x00000000ca400000, 0x00000000ca500000|  0%| F|  |TAMS 0x00000000ca400000| PB 0x00000000ca400000| Untracked |  0
|  21|0x00000000ca500000, 0x00000000ca500000, 0x00000000ca600000|  0%| F|  |TAMS 0x00000000ca500000| PB 0x00000000ca500000| Untracked |  0
|  22|0x00000000ca600000, 0x00000000ca600000, 0x00000000ca700000|  0%| F|  |TAMS 0x00000000ca600000| PB 0x00000000ca600000| Untracked |  0
|  23|0x00000000ca700000, 0x00000000ca700000, 0x00000000ca800000|  0%| F|  |TAMS 0x00000000ca700000| PB 0x00000000ca700000| Untracked |  0
|  24|0x00000000ca800000, 0x00000000ca800000, 0x00000000ca900000|  0%| F|  |TAMS 0x00000000ca800000| PB 0x00000000ca800000| Untracked |  0
|  25|0x00000000ca900000, 0x00000000ca900000, 0x00000000caa00000|  0%| F|  |TAMS 0x00000000ca900000| PB 0x00000000ca900000| Untracked |  0
|  26|0x00000000caa00000, 0x00000000caa00000, 0x00000000cab00000|  0%| F|  |TAMS 0x00000000caa00000| PB 0x00000000caa00000| Untracked |  0
|  27|0x00000000cab00000, 0x00000000cab00000, 0x00000000cac00000|  0%| F|  |TAMS 0x00000000cab00000| PB 0x00000000cab00000| Untracked |  0
|  28|0x00000000cac00000, 0x00000000cac00000, 0x00000000cad00000|  0%| F|  |TAMS 0x00000000cac00000| PB 0x00000000cac00000| Untracked |  0
|  29|0x00000000cad00000, 0x00000000cad00000, 0x00000000cae00000|  0%| F|  |TAMS 0x00000000cad00000| PB 0x00000000cad00000| Untracked |  0
|  30|0x00000000cae00000, 0x00000000cae00000, 0x00000000caf00000|  0%| F|  |TAMS 0x00000000cae00000| PB 0x00000000cae00000| Untracked |  0
|  31|0x00000000caf00000, 0x00000000caf00000, 0x00000000cb000000|  0%| F|  |TAMS 0x00000000caf00000| PB 0x00000000caf00000| Untracked |  0
|  32|0x00000000cb000000, 0x00000000cb000000, 0x00000000cb100000|  0%| F|  |TAMS 0x00000000cb000000| PB 0x00000000cb000000| Untracked |  0
|  33|0x00000000cb100000, 0x00000000cb100000, 0x00000000cb200000|  0%| F|  |TAMS 0x00000000cb100000| PB 0x00000000cb100000| Untracked |  0
|  34|0x00000000cb200000, 0x00000000cb200000, 0x00000000cb300000|  0%| F|  |TAMS 0x00000000cb200000| PB 0x00000000cb200000| Untracked |  0
|  35|0x00000000cb300000, 0x00000000cb300000, 0x00000000cb400000|  0%| F|  |TAMS 0x00000000cb300000| PB 0x00000000cb300000| Untracked |  0
|  36|0x00000000cb400000, 0x00000000cb400000, 0x00000000cb500000|  0%| F|  |TAMS 0x00000000cb400000| PB 0x00000000cb400000| Untracked |  0
|  37|0x00000000cb500000, 0x00000000cb500000, 0x00000000cb600000|  0%| F|  |TAMS 0x00000000cb500000| PB 0x00000000cb500000| Untracked |  0
|  38|0x00000000cb600000, 0x00000000cb600000, 0x00000000cb700000|  0%| F|  |TAMS 0x00000000cb600000| PB 0x00000000cb600000| Untracked |  0
|  39|0x00000000cb700000, 0x00000000cb700000, 0x00000000cb800000|  0%| F|  |TAMS 0x00000000cb700000| PB 0x00000000cb700000| Untracked |  0
|  40|0x00000000cb800000, 0x00000000cb800000, 0x00000000cb900000|  0%| F|  |TAMS 0x00000000cb800000| PB 0x00000000cb800000| Untracked |  0
|  41|0x00000000cb900000, 0x00000000cb900000, 0x00000000cba00000|  0%| F|  |TAMS 0x00000000cb900000| PB 0x00000000cb900000| Untracked |  0
|  42|0x00000000cba00000, 0x00000000cba00000, 0x00000000cbb00000|  0%| F|  |TAMS 0x00000000cba00000| PB 0x00000000cba00000| Untracked |  0
|  43|0x00000000cbb00000, 0x00000000cbb00000, 0x00000000cbc00000|  0%| F|  |TAMS 0x00000000cbb00000| PB 0x00000000cbb00000| Untracked |  0
|  44|0x00000000cbc00000, 0x00000000cbc00000, 0x00000000cbd00000|  0%| F|  |TAMS 0x00000000cbc00000| PB 0x00000000cbc00000| Untracked |  0
|  45|0x00000000cbd00000, 0x00000000cbd00000, 0x00000000cbe00000|  0%| F|  |TAMS 0x00000000cbd00000| PB 0x00000000cbd00000| Untracked |  0
|  46|0x00000000cbe00000, 0x00000000cbe00000, 0x00000000cbf00000|  0%| F|  |TAMS 0x00000000cbe00000| PB 0x00000000cbe00000| Untracked |  0
|  47|0x00000000cbf00000, 0x00000000cbf00000, 0x00000000cc000000|  0%| F|  |TAMS 0x00000000cbf00000| PB 0x00000000cbf00000| Untracked |  0
|  48|0x00000000cc000000, 0x00000000cc000000, 0x00000000cc100000|  0%| F|  |TAMS 0x00000000cc000000| PB 0x00000000cc000000| Untracked |  0
|  49|0x00000000cc100000, 0x00000000cc100000, 0x00000000cc200000|  0%| F|  |TAMS 0x00000000cc100000| PB 0x00000000cc100000| Untracked |  0
|  50|0x00000000cc200000, 0x00000000cc200000, 0x00000000cc300000|  0%| F|  |TAMS 0x00000000cc200000| PB 0x00000000cc200000| Untracked |  0
|  51|0x00000000cc300000, 0x00000000cc300000, 0x00000000cc400000|  0%| F|  |TAMS 0x00000000cc300000| PB 0x00000000cc300000| Untracked |  0
|  52|0x00000000cc400000, 0x00000000cc400000, 0x00000000cc500000|  0%| F|  |TAMS 0x00000000cc400000| PB 0x00000000cc400000| Untracked |  0
|  53|0x00000000cc500000, 0x00000000cc500000, 0x00000000cc600000|  0%| F|  |TAMS 0x00000000cc500000| PB 0x00000000cc500000| Untracked |  0
|  54|0x00000000cc600000, 0x00000000cc647b10, 0x00000000cc700000| 28%| E|  |TAMS 0x00000000cc600000| PB 0x00000000cc600000| Complete |  0
|  55|0x00000000cc700000, 0x00000000cc800000, 0x00000000cc800000|100%| E|CS|TAMS 0x00000000cc700000| PB 0x00000000cc700000| Complete |  0

Card table byte_map: [0x00000270fca20000,0x00000270fcbe0000] _byte_map_base: 0x00000270fc3d8000

Marking Bits: (CMBitMap*) 0x00000270f1720080
 Bits: [0x00000270fcbe0000, 0x00000270fd9a0000)

Polling page: 0x00000270ef510000

Metaspace:

Usage:
  Non-class:      3.25 MB used.
      Class:    276.01 KB used.
       Both:      3.52 MB used.

Virtual space:
  Non-class space:       64.00 MB reserved,       3.25 MB (  5%) committed,  1 nodes.
      Class space:        1.00 GB reserved,     320.00 KB ( <1%) committed,  1 nodes.
             Both:        1.06 GB reserved,       3.56 MB ( <1%) committed. 

Chunk freelists:
   Non-Class:  12.00 MB
       Class:  15.62 MB
        Both:  27.62 MB

MaxMetaspaceSize: unlimited
CompressedClassSpaceSize: 1.00 GB
Initial GC threshold: 21.00 MB
Current GC threshold: 21.00 MB
CDS: off
 - commit_granule_bytes: 65536.
 - commit_granule_words: 8192.
 - virtual_space_node_default_size: 8388608.
 - enlarge_chunks_in_place: 1.
 - use_allocation_guard: 0.


Internal statistics:

num_allocs_failed_limit: 0.
num_arena_births: 2.
num_arena_deaths: 0.
num_vsnodes_births: 2.
num_vsnodes_deaths: 0.
num_space_committed: 57.
num_space_uncommitted: 0.
num_chunks_returned_to_freelist: 0.
num_chunks_taken_from_freelist: 4.
num_chunk_merges: 0.
num_chunk_splits: 2.
num_chunks_enlarged: 0.
num_inconsistent_stats: 0.

CodeCache: size=49152Kb used=1112Kb max_used=1112Kb free=48039Kb
 bounds [0x00000270f9a20000, 0x00000270f9c90000, 0x00000270fca20000]
 total_blobs=304 nmethods=30 adapters=199
 compilation: enabled
              stopped_count=0, restarted_count=0
 full_count=0

Compilation events (20 events):
Event: 0.285 Thread 0x00000270803b8dc0   21       1       java.util.Set::of (68 bytes)
Event: 0.286 Thread 0x00000270803b8dc0 nmethod 21 0x00000270f9b32090 code [0x00000270f9b32280, 0x00000270f9b326e8]
Event: 0.288 Thread 0x00000270803b8dc0   22       1       java.lang.String::coder (15 bytes)
Event: 0.289 Thread 0x00000270803b8dc0 nmethod 22 0x00000270f9b32890 code [0x00000270f9b32a20, 0x00000270f9b32af0]
Event: 0.289 Thread 0x00000270803b8dc0   23       1       java.lang.module.ModuleDescriptor::name (5 bytes)
Event: 0.289 Thread 0x00000270803b8dc0 nmethod 23 0x00000270f9b32b90 code [0x00000270f9b32d20, 0x00000270f9b32de8]
Event: 0.289 Thread 0x00000270803b8dc0   24       1       java.lang.String::length (11 bytes)
Event: 0.289 Thread 0x00000270803b8dc0 nmethod 24 0x00000270f9b32e90 code [0x00000270f9b33020, 0x00000270f9b33100]
Event: 0.289 Thread 0x00000270803b8dc0   25       1       java.lang.String::isLatin1 (19 bytes)
Event: 0.289 Thread 0x00000270803b8dc0 nmethod 25 0x00000270f9b33190 code [0x00000270f9b33320, 0x00000270f9b333f8]
Event: 0.289 Thread 0x00000270803b8dc0   26       1       java.lang.module.ModuleReference::descriptor (5 bytes)
Event: 0.289 Thread 0x00000270803b8dc0 nmethod 26 0x00000270f9b33490 code [0x00000270f9b33620, 0x00000270f9b336e8]
Event: 0.289 Thread 0x00000270803b8dc0   27       1       java.lang.String::charAt (25 bytes)
Event: 0.290 Thread 0x00000270803b8dc0 nmethod 27 0x00000270f9b33790 code [0x00000270f9b33940, 0x00000270f9b33af0]
Event: 0.290 Thread 0x00000270803b8dc0   28       1       java.lang.StringLatin1::charAt (15 bytes)
Event: 0.290 Thread 0x00000270803b8dc0 nmethod 28 0x00000270f9b33c10 code [0x00000270f9b33da0, 0x00000270f9b33eb8]
Event: 0.290 Thread 0x00000270803b8dc0   29       1       java.lang.String::checkIndex (10 bytes)
Event: 0.290 Thread 0x00000270803b8dc0 nmethod 29 0x00000270f9b33f90 code [0x00000270f9b34120, 0x00000270f9b34200]
Event: 0.290 Thread 0x00000270803b8dc0   30       1       jdk.internal.util.Preconditions::checkIndex (18 bytes)
Event: 0.290 Thread 0x00000270803b8dc0 nmethod 30 0x00000270f9b34290 code [0x00000270f9b34460, 0x00000270f9b347a0]

GC Heap History (0 events):
No events

Dll operation events (1 events):
Event: 0.108 Loaded shared library C:\Program Files\Java\jdk-22\bin\java.dll

Deoptimization events (0 events):
No events

Classes loaded (20 events):
Event: 0.294 Loading class java/security/ProtectionDomain$JavaSecurityAccessImpl done
Event: 0.294 Loading class java/security/ProtectionDomain$Key
Event: 0.294 Loading class java/security/ProtectionDomain$Key done
Event: 0.294 Loading class java/security/Principal
Event: 0.294 Loading class java/security/Principal done
Event: 0.294 Loading class jdk/internal/loader/URLClassPath
Event: 0.295 Loading class jdk/internal/loader/URLClassPath done
Event: 0.295 Loading class java/net/URL$DefaultFactory
Event: 0.295 Loading class java/net/URLStreamHandlerFactory
Event: 0.295 Loading class java/net/URLStreamHandlerFactory done
Event: 0.295 Loading class java/net/URL$DefaultFactory done
Event: 0.295 Loading class java/net/URL$3
Event: 0.295 Loading class jdk/internal/access/JavaNetURLAccess
Event: 0.295 Loading class jdk/internal/access/JavaNetURLAccess done
Event: 0.295 Loading class java/net/URL$3 done
Event: 0.296 Loading class java/io/File$PathStatus
Event: 0.296 Loading class java/io/File$PathStatus done
Event: 0.297 Loading class sun/net/www/ParseUtil
Event: 0.297 Loading class sun/net/www/ParseUtil done
Event: 0.297 Loading class java/lang/StringUTF16

Classes unloaded (0 events):
No events

Classes redefined (0 events):
No events

Internal exceptions (0 events):
No events

ZGC Phase Switch (0 events):
No events

VM Operations (0 events):
No events

Memory protections (0 events):
No events

Nmethod flushes (0 events):
No events

Events (8 events):
Event: 0.127 Thread 0x00000270ef553830 Thread added: 0x00000270ef553830
Event: 0.254 Thread 0x00000270ef553830 Thread added: 0x00000270803a04d0
Event: 0.255 Thread 0x00000270ef553830 Thread added: 0x00000270803a1030
Event: 0.257 Thread 0x00000270ef553830 Thread added: 0x00000270801fe4a0
Event: 0.257 Thread 0x00000270ef553830 Thread added: 0x0000027080388070
Event: 0.257 Thread 0x00000270ef553830 Thread added: 0x0000027080388ad0
Event: 0.257 Thread 0x00000270ef553830 Thread added: 0x0000027080389660
Event: 0.257 Thread 0x00000270ef553830 Thread added: 0x00000270803b8dc0


Dynamic libraries:
0x00007ff655a60000 - 0x00007ff655a70000 	C:\Program Files\Java\jdk-22\bin\java.exe
0x00007ff96b990000 - 0x00007ff96bba7000 	C:\Windows\SYSTEM32\ntdll.dll
0x00007ff96ae50000 - 0x00007ff96af14000 	C:\Windows\System32\KERNEL32.DLL
0x00007ff968e00000 - 0x00007ff9691a7000 	C:\Windows\System32\KERNELBASE.dll
0x00007ff968cb0000 - 0x00007ff968dc1000 	C:\Windows\System32\ucrtbase.dll
0x00007ff939110000 - 0x00007ff93912b000 	C:\Program Files\Java\jdk-22\bin\VCRUNTIME140.dll
0x00007ff9611d0000 - 0x00007ff9611e7000 	C:\Program Files\Java\jdk-22\bin\jli.dll
0x00007ff96a8b0000 - 0x00007ff96aa5e000 	C:\Windows\System32\USER32.dll
0x00007ff968dd0000 - 0x00007ff968df6000 	C:\Windows\System32\win32u.dll
0x00007ff96a6d0000 - 0x00007ff96a6f9000 	C:\Windows\System32\GDI32.dll
0x00007ff969370000 - 0x00007ff969489000 	C:\Windows\System32\gdi32full.dll
0x00007ff9692d0000 - 0x00007ff96936a000 	C:\Windows\System32\msvcp_win.dll
0x00007ff9536c0000 - 0x00007ff953953000 	C:\Windows\WinSxS\amd64_microsoft.windows.common-controls_6595b64144ccf1df_6.0.22621.3527_none_270e469b73872a76\COMCTL32.dll
0x00007ff96b8a0000 - 0x00007ff96b947000 	C:\Windows\System32\msvcrt.dll
0x00007ff969730000 - 0x00007ff969761000 	C:\Windows\System32\IMM32.DLL
0x00007ff952bb0000 - 0x00007ff952bbc000 	C:\Program Files\Java\jdk-22\bin\vcruntime140_1.dll
0x00007ff939160000 - 0x00007ff9391ee000 	C:\Program Files\Java\jdk-22\bin\msvcp140.dll
0x00007ff934bb0000 - 0x00007ff9358f9000 	C:\Program Files\Java\jdk-22\bin\server\jvm.dll
0x00007ff96ad90000 - 0x00007ff96ae42000 	C:\Windows\System32\ADVAPI32.dll
0x00007ff96af20000 - 0x00007ff96afc8000 	C:\Windows\System32\sechost.dll
0x00007ff9692a0000 - 0x00007ff9692c8000 	C:\Windows\System32\bcrypt.dll
0x00007ff96a720000 - 0x00007ff96a835000 	C:\Windows\System32\RPCRT4.dll
0x00007ff96ad10000 - 0x00007ff96ad81000 	C:\Windows\System32\WS2_32.dll
0x00007ff963440000 - 0x00007ff96344a000 	C:\Windows\SYSTEM32\VERSION.dll
0x00007ff9665c0000 - 0x00007ff9665f4000 	C:\Windows\SYSTEM32\WINMM.dll
0x00007ff968b70000 - 0x00007ff968bbd000 	C:\Windows\SYSTEM32\POWRPROF.dll
0x00007ff968b50000 - 0x00007ff968b63000 	C:\Windows\SYSTEM32\UMPDC.dll
0x00007ff967cd0000 - 0x00007ff967ce8000 	C:\Windows\SYSTEM32\kernel.appcore.dll
0x00007ff952610000 - 0x00007ff95261a000 	C:\Program Files\Java\jdk-22\bin\jimage.dll
0x00007ff966380000 - 0x00007ff9665b2000 	C:\Windows\SYSTEM32\DBGHELP.DLL
0x00007ff96b1b0000 - 0x00007ff96b538000 	C:\Windows\System32\combase.dll
0x00007ff96b560000 - 0x00007ff96b637000 	C:\Windows\System32\OLEAUT32.dll
0x00007ff966320000 - 0x00007ff966352000 	C:\Windows\SYSTEM32\dbgcore.DLL
0x00007ff969220000 - 0x00007ff969299000 	C:\Windows\System32\bcryptPrimitives.dll
0x00007ff934b50000 - 0x00007ff934b6e000 	C:\Program Files\Java\jdk-22\bin\java.dll
0x00007ff969dc0000 - 0x00007ff96a61c000 	C:\Windows\System32\SHELL32.dll
0x00007ff96aa60000 - 0x00007ff96ac05000 	C:\Windows\System32\ole32.dll
0x00007ff966bf0000 - 0x00007ff9674e6000 	C:\Windows\SYSTEM32\windows.storage.dll
0x00007ff966ab0000 - 0x00007ff966bee000 	C:\Windows\SYSTEM32\wintypes.dll
0x00007ff96b650000 - 0x00007ff96b745000 	C:\Windows\System32\SHCORE.dll
0x00007ff96a850000 - 0x00007ff96a8ae000 	C:\Windows\System32\shlwapi.dll
0x00007ff968be0000 - 0x00007ff968c01000 	C:\Windows\SYSTEM32\profapi.dll

dbghelp: loaded successfully - version: 4.0.5 - missing functions: none
symbol engine: initialized successfully - sym options: 0x614 - pdb path: .;C:\Program Files\Java\jdk-22\bin;C:\Windows\SYSTEM32;C:\Windows\WinSxS\amd64_microsoft.windows.common-controls_6595b64144ccf1df_6.0.22621.3527_none_270e469b73872a76;C:\Program Files\Java\jdk-22\bin\server

VM Arguments:
jvm_args: -XX:TieredStopAtLevel=1 
java_command: com.example.ytalentbackend.YtalentBackendApplication
java_class_path (initial): C:\Users\Admin\Desktop\Ytalen-Frontend\YTALENT\Ytalent-Backend\target\classes;C:\Users\Admin\.m2\repository\com\google\api-client\google-api-client\1.34.0\google-api-client-1.34.0.jar;C:\Users\Admin\.m2\repository\com\google\oauth-client\google-oauth-client\1.33.2\google-oauth-client-1.33.2.jar;C:\Users\Admin\.m2\repository\com\google\http-client\google-http-client-gson\1.41.7\google-http-client-gson-1.41.7.jar;C:\Users\Admin\.m2\repository\com\google\code\gson\gson\2.10.1\gson-2.10.1.jar;C:\Users\Admin\.m2\repository\com\google\guava\guava\31.1-jre\guava-31.1-jre.jar;C:\Users\Admin\.m2\repository\com\google\guava\failureaccess\1.0.1\failureaccess-1.0.1.jar;C:\Users\Admin\.m2\repository\com\google\guava\listenablefuture\9999.0-empty-to-avoid-conflict-with-guava\listenablefuture-9999.0-empty-to-avoid-conflict-with-guava.jar;C:\Users\Admin\.m2\repository\com\google\code\findbugs\jsr305\3.0.2\jsr305-3.0.2.jar;C:\Users\Admin\.m2\repository\org\checkerframework\checker-qual\3.12.0\checker-qual-3.12.0.jar;C:\Users\Admin\.m2\repository\com\google\errorprone\error_prone_annotations\2.11.0\error_prone_annotations-2.11.0.jar;C:\Users\Admin\.m2\repository\com\google\j2objc\j2objc-annotations\1.3\j2objc-annotations-1.3.jar;C:\Users\Admin\.m2\repository\com\google\http-client\google-http-client-apache-v2\1.41.7\google-http-client-apache-v2-1.41.7.jar;C:\Users\Admin\.m2\repository\org\apache\httpcomponents\httpcore\4.4.16\httpcore-4.4.16.jar;C:\Users\Admin\.m2\repository\org\apache\httpcomponents\httpclient\4.5.13\httpclient-4.5.13.jar;C:\Users\Admin\.m2\repository\commons-logging\commons-logging\1.2\commons-logging-1.2.jar;C:\Users\Admin\.m2\repository\com\google\http-client\google-http-client\1.41.7\google-http-client-1.41.7.jar;C:\Users\Admin\.m2\repository\io\opencensus\opencensus-api\0.31.0\opencensus-api-0.31.0.jar;C:\Users\Admin\.m2\repository\io\grpc\grpc-context\1.27.2\grpc-context-1.27.2.jar;C:\Users\Admin\.m2\repository\io\opencensus\opencensus-contrib-http-util\0.31.0\opencensus-contrib-http-util-0.31.0.jar;C:\Users\Admin\.m2\repository\com\google\apis\google-api-services-calendar\v3-rev411-1.25.0\google-api-services-calendar-v3-rev411-1.25.0.jar;C:\Users\Admin\.m2\repository\ch\qos\logback\logback-classic\1.5.6\logback-classic-1.5.6.jar;C:\Users\Admin\.m2\repository\ch\qos\logback\logback-core\1.5.6\logback-core-1.5.6.jar;C:\Users\Admin\.m2\repository\org\apache\logging\log4j\log4j-to-slf4j\2.23.1\log4j-to-slf4j-2.23.1.jar;C:\Users\Admin\.m2\repository\org\apache\logging\log4j\log4j-api\2.23.1\log4j-api-2.23.1.jar;C:\Users\Admin\.m2\repository\org\slf4j\jul-to-slf4j\2.0.13\jul-to-slf4j-2.0.13.jar;C:\Users\Admin\.m2\repository\jakarta\annotation\jakarta.annotation-api\2.1.1\jakarta.annotation-api-2.1.1.jar;C:\Users\Admin\.m2\repository\org\yaml\snakeyaml\2.2\snakeyaml-2.2.jar;C:\Users\Admin\.m2\repository\org\springframework\spring-context-support\6.1.11\spring-context-support-6.1.11.jar;C:\Users\Admin\.m2\repository\org\eclipse\angus\jakarta.mail\2.0.3\jakarta.mail-2.0.3.jar;C:\Users\Admin\.m2\repository\org\eclipse\angus\angus-activation\2.0.2\angus-activation-2.0.2.jar;C:\Users\Admin\.m2\repository\com\twilio\sdk\twilio\8.23.0\twilio-8.23.0.jar;C:\Users\Admin\.m2\repository\commons-codec\commons-codec\1.16.1\commons-codec-1.16.1.jar;C:\Users\Admin\.m2\repository\commons-io\commons-io\2.7\commons-io-2.7.jar;C:\Users\Admin\.m2\repository\com\fasterxml\jackson\core\jackson-core\2.17.2\jackson-core-2.17.2.jar;C:\Users\Admin\.m2\repository\com\fasterxml\jackson\core\jackson-annotations\2.17.2\jackson-annotations-2.17.2.jar;C:\Users\Admin\.m2\repository\com\fasterxml\jackson\core\jackson-databind\2.17.2\jackson-databind-2.17.2.jar;C:\Users\Admin\.m2\repository\com\fasterxml\jackson\datatype\jackson-datatype-jsr310\2.17.2\jackson-datatype-jsr310-2.17.2.jar;C:\Users\Admin\.m2\repository\com\fasterxml\jackson\dataformat\jackson-dataformat-xml\2.17.2\jackson-dataformat-xml-2.17.2.jar;C:\Users\Admin\.m2\repository\org\codehaus\woodstox\stax2-api\4.2.2\stax2-api-4.2.2.jar;C:\Users\Admin\.m2\repository\com\fasterxml\woodstox\woodstox-core\6.7.0\woodstox-core-6.7.0.jar;C:\Users\Admin\.m2\repository\org\slf4j\slf4j-api\2.0.13\slf4j-api-2.0.13.jar;C:\Users\Admin\.m2\repository\javax\xml\bind\jaxb-api\2.3.1\jaxb-api-2.3.1.jar;C:\Users\Admin\.m2\repository\javax\activation\javax.activation-api\1.2.0\javax.activation-api-1.2.0.jar;C:\Users\Admin\.m2\repository\org\apache\tomcat\embed\tomcat-embed-el\10.1.26\tomcat-embed-el-10.1.26.jar;C:\Users\Admin\.m2\repository\org\springframework\spring-aop\6.1.11\spring-aop-6.1.11.jar;C:\Users\Admin\.m2\repository\org\springframework\security\spring-security-web\6.3.1\spring-security-web-6.3.1.jar;C:\Users\Admin\.m2\repository\org\springframework\spring-expression\6.1.11\spring-expression-6.1.11.jar;C:\Users\Admin\.m2\repository\org\springframework\security\spring-security-config\6.1.0\spring-security-config-6.1.0.jar;C:\Users\Admin\.m2\repository\org\springframework\security\spring-security-core\6.3.1\spring-security-core-6.3.1.jar;C:\Users\Admin\.m2\repository\org\springframework\security\spring-security-crypto\6.3.1\spring-security-crypto-6.3.1.jar;C:\Users\Admin\.m2\repository\io\micrometer\micrometer-observation\1.13.2\micrometer-observation-1.13.2.jar;C:\Users\Admin\.m2\repository\io\micrometer\micrometer-commons\1.13.2\micrometer-commons-1.13.2.jar;C:\Users\Admin\.m2\repository\org\springframework\spring-beans\6.1.11\spring-beans-6.1.11.jar;C:\Users\Admin\.m2\repository\org\springframework\spring-context\6.1.11\spring-context-6.1.11.jar;C:\Users\Admin\.m2\repository\org\springframework\spring-core\6.1.11\spring-core-6.1.11.jar;C:\Users\Admin\.m2\repository\org\springframework\spring-jcl\6.1.11\spring-jcl-6.1.11.jar;C:\Users\Admin\.m2\repository\org\hibernate\validator\hibernate-validator\8.0.0.Final\hibernate-validator-8.0.0.Final.jar;C:\Users\Admin\.m2\repository\jakarta\validation\jakarta.validation-api\3.0.2\jakarta.validation-api-3.0.2.jar;C:\Users\Admin\.m2\repository\org\jboss\logging\jboss-logging\3.5.3.Final\jboss-logging-3.5.3.Final.jar;C:\Users\Admin\.m2\repository\com\fasterxml\classmate\1.7.0\classmate-1.7.0.jar;C:\Users\Admin\.m2\repository\org\glassfish\jakarta.el\4.0.2\jakarta.el-4.0.2.jar;C:\Users\Admin\.m2\repository\jakarta\el\jakarta.el-api\4.0.0\jakarta.el-api-4.0.0.jar;C:\Users\Admin\.m2\repository\org\aspectj\aspectjweaver\1.9.22.1\aspectjweaver-1.9.22.1.jar;C:\Users\Admin\.m2\repository\com\zaxxer\HikariCP\5.1.0\HikariCP-5.1.0.jar;C:\Users\Admin\.m2\repository\org\springframework\spring-jdbc\6.1.11\spring-jdbc-6.1.11.jar;C:\Users\Admin\.m2\repository\org\hibernate\orm\hibernate-core\6.5.2.Final\hibernate-core-6.5.2.Final.jar;C:\Users\Admin\.m2\repository\jakarta\persistence\jakarta.persistence-api\3.1.0\jakarta.persistence-api-3.1.0.jar;C:\Users\Admin\.m2\repository\jakarta\transaction\jakarta.transaction-api\2.0.1\jakarta.transaction-api-2.0.1.jar;C:\Users\Admin\.m2\repository\org\hibernate\common\hibernate-commons-annotations\6.0.6.Final\hibernate-commons-annotations-6.0.6.Final.jar;C:\Users\Admin\.m2\repository\io\smallrye\jandex\3.1.2\jandex-3.1.2.jar;C:\Users\Admin\.m2\repository\net\bytebuddy\byte-buddy\1.14.18\byte-buddy-1.14.18.jar;C:\Users\Admin\.m2\repository\org\glassfish\jaxb\jaxb-runtime\4.0.5\jaxb-runtime-4.0.5.jar;C:\Users\Admin\.m2\repository\org\glassfish\jaxb\jaxb-core\4.0.5\jaxb-core-4.0.5.jar;C:\Users\Admin\.m2\repository\org\glassfish\jaxb\txw2\4.0.5\txw2-4.0.5.jar;C:\Users\Admin\.m2\repository\com\sun\istack\istack-commons-runtime\4.1.2\istack-commons-runtime-4.1.2.jar;C:\Users\Admin\.m2\repository\jakarta\inject\jakarta.inject-api\2.0.1\jakarta.inject-api-2.0.1.jar;C:\Users\Admin\.m2\repository\org\antlr\antlr4-runtime\4.13.0\antlr4-runtime-4.13.0.jar;C:\Users\Admin\.m2\repository\org\springframework\data\spring-data-jpa\3.3.2\spring-data-jpa-3.3.2.jar;C:\Users\Admin\.m2\repository\org\springframework\data\spring-data-commons\3.3.2\spring-data-commons-3.3.2.jar;C:\Users\Admin\.m2\repository\org\springframework\spring-orm\6.1.11\spring-orm-6.1.11.jar;C:\Users\Admin\.m2\repository\org\springframework\spring-tx\6.1.11\spring-tx-6.1.11.jar;C:\Users\Admin\.m2\repository\org\springframework\spring-aspects\6.1.11\spring-aspects-6.1.11.jar;C:\Users\Admin\.m2\repository\org\thymeleaf\thymeleaf-spring6\3.1.2.RELEASE\thymeleaf-spring6-3.1.2.RELEASE.jar;C:\Users\Admin\.m2\repository\org\thymeleaf\thymeleaf\3.1.2.RELEASE\thymeleaf-3.1.2.RELEASE.jar;C:\Users\Admin\.m2\repository\org\attoparser\attoparser\2.0.7.RELEASE\attoparser-2.0.7.RELEASE.jar;C:\Users\Admin\.m2\repository\org\unbescape\unbescape\1.1.6.RELEASE\unbescape-1.1.6.RELEASE.jar;C:\Users\Admin\.m2\repository\com\fasterxml\jackson\datatype\jackson-datatype-jdk8\2.17.2\jackson-datatype-jdk8-2.17.2.jar;C:\Users\Admin\.m2\repository\com\fasterxml\jackson\module\jackson-module-parameter-names\2.17.2\jackson-module-parameter-names-2.17.2.jar;C:\Users\Admin\.m2\repository\org\apache\tomcat\embed\tomcat-embed-core\10.1.26\tomcat-embed-core-10.1.26.jar;C:\Users\Admin\.m2\repository\org\apache\tomcat\embed\tomcat-embed-websocket\10.1.26\tomcat-embed-websocket-10.1.26.jar;C:\Users\Admin\.m2\repository\org\springframework\spring-web\6.1.11\spring-web-6.1.11.jar;C:\Users\Admin\.m2\repository\org\springframework\spring-webmvc\6.1.11\spring-webmvc-6.1.11.jar;C:\Users\Admin\.m2\repository\org\springframework\boot\spring-boot-devtools\3.3.2\spring-boot-devtools-3.3.2.jar;C:\Users\Admin\.m2\repository\org\springframework\boot\spring-boot\3.3.2\spring-boot-3.3.2.jar;C:\Users\Admin\.m2\repository\org\springframework\boot\spring-boot-autoconfigure\3.3.2\spring-boot-autoconfigure-3.3.2.jar;C:\Users\Admin\.m2\repository\jakarta\platform\jakarta.jakartaee-api\10.0.0\jakarta.jakartaee-api-10.0.0.jar;C:\Users\Admin\.m2\repository\jakarta\platform\jakarta.jakartaee-web-api\10.0.0\jakarta.jakartaee-web-api-10.0.0.jar;C:\Users\Admin\.m2\repository\jakarta\servlet\jakarta.servlet-api\6.0.0\jakarta.servlet-api-6.0.0.jar;C:\Users\Admin\.m2\repository\jakarta\servlet\jsp\jakarta.servlet.jsp-api\3.1.0\jakarta.servlet.jsp-api-3.1.0.jar;C:\Users\Admin\.m2\repository\jakarta\servlet\jsp\jstl\jakarta.servlet.jsp.jstl-api\3.0.0\jakarta.servlet.jsp.jstl-api-3.0.0.jar;C:\Users\Admin\.m2\repository\jakarta\faces\jakarta.faces-api\4.0.1\jakarta.faces-api-4.0.1.jar;C:\Users\Admin\.m2\repository\jakarta\ws\rs\jakarta.ws.rs-api\3.1.0\jakarta.ws.rs-api-3.1.0.jar;C:\Users\Admin\.m2\repository\jakarta\websocket\jakarta.websocket-api\2.1.1\jakarta.websocket-api-2.1.1.jar;C:\Users\Admin\.m2\repository\jakarta\websocket\jakarta.websocket-client-api\2.1.1\jakarta.websocket-client-api-2.1.1.jar;C:\Users\Admin\.m2\repository\jakarta\json\jakarta.json-api\2.1.3\jakarta.json-api-2.1.3.jar;C:\Users\Admin\.m2\repository\jakarta\json\bind\jakarta.json.bind-api\3.0.1\jakarta.json.bind-api-3.0.1.jar;C:\Users\Admin\.m2\repository\jakarta\ejb\jakarta.ejb-api\4.0.1\jakarta.ejb-api-4.0.1.jar;C:\Users\Admin\.m2\repository\jakarta\interceptor\jakarta.interceptor-api\2.1.0\jakarta.interceptor-api-2.1.0.jar;C:\Users\Admin\.m2\repository\jakarta\enterprise\jakarta.enterprise.cdi-api\4.0.1\jakarta.enterprise.cdi-api-4.0.1.jar;C:\Users\Admin\.m2\repository\jakarta\enterprise\jakarta.enterprise.lang-model\4.0.1\jakarta.enterprise.lang-model-4.0.1.jar;C:\Users\Admin\.m2\repository\jakarta\authentication\jakarta.authentication-api\3.0.0\jakarta.authentication-api-3.0.0.jar;C:\Users\Admin\.m2\repository\jakarta\security\enterprise\jakarta.security.enterprise-api\3.0.0\jakarta.security.enterprise-api-3.0.0.jar;C:\Users\Admin\.m2\repository\jakarta\jms\jakarta.jms-api\3.1.0\jakarta.jms-api-3.1.0.jar;C:\Users\Admin\.m2\repository\jakarta\activation\jakarta.activation-api\2.1.3\jakarta.activation-api-2.1.3.jar;C:\Users\Admin\.m2\repository\jakarta\mail\jakarta.mail-api\2.1.3\jakarta.mail-api-2.1.3.jar;C:\Users\Admin\.m2\repository\jakarta\resource\jakarta.resource-api\2.1.0\jakarta.resource-api-2.1.0.jar;C:\Users\Admin\.m2\repository\jakarta\authorization\jakarta.authorization-api\2.1.0\jakarta.authorization-api-2.1.0.jar;C:\Users\Admin\.m2\repository\jakarta\batch\jakarta.batch-api\2.1.1\jakarta.batch-api-2.1.1.jar;C:\Users\Admin\.m2\repository\com\mysql\mysql-connector-j\8.3.0\mysql-connector-j-8.3.0.jar;C:\Users\Admin\.m2\repository\org\projectlombok\lombok\1.18.34\lombok-1.18.34.jar;C:\Users\Admin\.m2\repository\jakarta\xml\bind\jakarta.xml.bind-api\4.0.2\jakarta.xml.bind-api-4.0.2.jar;C:\Users\Admin\.m2\repository\io\jsonwebtoken\jjwt-api\0.11.5\jjwt-api-0.11.5.jar;C:\Users\Admin\.m2\repository\io\jsonwebtoken\jjwt-impl\0.11.5\jjwt-impl-0.11.5.jar;C:\Users\Admin\.m2\repository\io\jsonwebtoken\jjwt-jackson\0.11.5\jjwt-jackson-0.11.5.jar
Launcher Type: SUN_STANDARD

[Global flags]
     intx CICompilerCount                          = 3                                         {product} {ergonomic}
     uint ConcGCThreads                            = 1                                         {product} {ergonomic}
     uint G1ConcRefinementThreads                  = 4                                         {product} {ergonomic}
   size_t G1HeapRegionSize                         = 1048576                                   {product} {ergonomic}
   size_t InitialHeapSize                          = 58720256                                  {product} {ergonomic}
   size_t MarkStackSize                            = 4194304                                   {product} {ergonomic}
   size_t MaxHeapSize                              = 922746880                                 {product} {ergonomic}
   size_t MaxNewSize                               = 553648128                                 {product} {ergonomic}
   size_t MinHeapDeltaBytes                        = 1048576                                   {product} {ergonomic}
   size_t MinHeapSize                              = 8388608                                   {product} {ergonomic}
    uintx NonNMethodCodeHeapSize                   = 4096                                   {pd product} {ergonomic}
    uintx NonProfiledCodeHeapSize                  = 0                                      {pd product} {ergonomic}
     bool ProfileInterpreter                       = false                                  {pd product} {command line}
    uintx ProfiledCodeHeapSize                     = 0                                      {pd product} {ergonomic}
   size_t SoftMaxHeapSize                          = 922746880                              {manageable} {ergonomic}
     intx TieredStopAtLevel                        = 1                                         {product} {command line}
     bool UseCompressedOops                        = true                           {product lp64_product} {ergonomic}
     bool UseG1GC                                  = true                                      {product} {ergonomic}
     bool UseLargePagesIndividualAllocation        = false                                  {pd product} {ergonomic}

Logging:
Log output configuration:
 #0: stdout all=warning uptime,level,tags foldmultilines=false
 #1: stderr all=off uptime,level,tags foldmultilines=false

Environment Variables:
JAVA_HOME=C:\Program Files\Java\jdk-22
PATH=C:\Windows\system32;C:\Windows;C:\Windows\System32\Wbem;C:\Windows\System32\WindowsPowerShell\v1.0\;C:\Windows\System32\OpenSSH\;C:\Program Files\Microsoft SQL Server\150\Tools\Binn\;C:\Program Files\Microsoft SQL Server\Client SDK\ODBC\170\Tools\Binn\;C:\Program Files\dotnet\;C:\Program Files (x86)\Windows Kits\10\Windows Performance Toolkit\;C:\Users\Admin\AppData\Local\Android\Sdk;C:\Program Files (x86)\Microsoft SQL Server\160\DTS\Binn\;C:\flutter\bin;C:\Program Files\Git\cmd;C:\Users\Admin\AppData\Local\Microsoft\WinGet\Links\fnm.exe;C:\Program Files\nodejs\;C:\apache-maven-3.9.8\bin;C:\Program Files\Java\jdk-22\bin;C:\Users\Admin\AppData\Local\Microsoft\WindowsApps;C:\Users\Admin\.dotnet\tools;C:\Users\Admin\AppData\Local\Programs\Microsoft VS Code\bin;C:\Users\Admin\AppData\Local\GitHubDesktop\bin;C:\Users\Admin\AppData\Local\Microsoft\WinGet\Links;C:\Users\Admin\AppData\Roaming\npm;C:\jdk-22.0.2\bin;
USERNAME=Admin
OS=Windows_NT
PROCESSOR_IDENTIFIER=AMD64 Family 23 Model 24 Stepping 1, AuthenticAMD
TMP=C:\Users\Admin\AppData\Local\Temp
TEMP=C:\Users\Admin\AppData\Local\Temp




Periodic native trim disabled

---------------  S Y S T E M  ---------------

OS:
 Windows 11 , 64 bit Build 22621 (10.0.22621.3527)
OS uptime: 1 days 7:55 hours

CPU: total 4 (initial active 4) (4 cores per cpu, 2 threads per core) family 23 model 24 stepping 1 microcode 0x0, cx8, cmov, fxsr, ht, mmx, 3dnowpref, sse, sse2, sse3, ssse3, sse4a, sse4.1, sse4.2, popcnt, lzcnt, tsc, tscinvbit, avx, avx2, aes, clmul, bmi1, bmi2, adx, sha, fma, vzeroupper, clflush, clflushopt, rdtscp, f16c
Processor Information for all 4 processors :
  Max Mhz: 2400, Current Mhz: 2400, Mhz Limit: 2400

Memory: 4k page, system-wide physical 3518M (159M free)
TotalPageFile size 14270M (AvailPageFile size 0M)
current process WorkingSet (physical memory assigned to process): 24M, peak: 24M
current process commit charge ("private bytes"): 112M, peak: 116M

vm_info: Java HotSpot(TM) 64-Bit Server VM (22.0.2+9-70) for windows-amd64 JRE (22.0.2+9-70), built on 2024-06-04T16:52:23Z by "mach5one" with MS VC++ 17.6 (VS2022)

END.
