#
# There is insufficient memory for the Java Runtime Environment to continue.
# Native memory allocation (malloc) failed to allocate 32784 bytes. Error detail: Chunk::new
# Possible reasons:
#   The system is out of physical RAM or swap space
#   This process is running with CompressedOops enabled, and the Java Heap may be blocking the growth of the native heap
# Possible solutions:
#   Reduce memory load on the system
#   Increase physical memory or swap space
#   Check if swap backing store is full
#   Decrease Java heap size (-Xmx/-Xms)
#   Decrease number of Java threads
#   Decrease Java thread stack sizes (-Xss)
#   Set larger code cache with -XX:ReservedCodeCacheSize=
#   JVM is running with Unscaled Compressed Oops mode in which the Java heap is
#     placed in the first 4GB address space. The Java Heap base address is the
#     maximum limit for the native heap growth. Please use -XX:HeapBaseMinAddress
#     to set the Java Heap base and to place the Java Heap above 4GB virtual address.
# This output file may be truncated or incomplete.
#
#  Out of Memory Error (arena.cpp:150), pid=12248, tid=5172
#
# JRE version: OpenJDK Runtime Environment (22.0.2+9) (build 22.0.2+9-70)
# Java VM: OpenJDK 64-Bit Server VM (22.0.2+9-70, mixed mode, emulated-client, sharing, tiered, compressed oops, compressed class ptrs, g1 gc, windows-amd64)
# No core dump will be written. Minidumps are not enabled by default on client versions of Windows
#

---------------  S U M M A R Y ------------

Command Line: -XX:TieredStopAtLevel=1 -Dspring.output.ansi.enabled=always -Dcom.sun.management.jmxremote -Dspring.jmx.enabled=true -Dspring.liveBeansView.mbeanDomain -Dspring.application.admin.enabled=true -Dmanagement.endpoints.jmx.exposure.include=* -javaagent:C:\Program Files\JetBrains\IntelliJ IDEA 2024.1.4\lib\idea_rt.jar=49976:C:\Program Files\JetBrains\IntelliJ IDEA 2024.1.4\bin -Dfile.encoding=UTF-8 -Dsun.stdout.encoding=UTF-8 -Dsun.stderr.encoding=UTF-8 com.example.ytalentbackend.YtalentBackendApplication

Host: AMD Athlon Gold 3150U with Radeon Graphics     , 4 cores, 3G,  Windows 11 , 64 bit Build 22621 (10.0.22621.3527)
Time: Wed Aug 21 16:49:47 2024 Hora de verano del Pacífico elapsed time: 38357.835105 seconds (0d 10h 39m 17s)

---------------  T H R E A D  ---------------

Current thread (0x000001c3411538e0):  JavaThread "C1 CompilerThread0" daemon [_thread_in_native, id=5172, stack(0x0000001770900000,0x0000001770a00000) (1024K)]


Current CompileTask:
C1:38357837 82002   !   1       org.apache.catalina.core.StandardWrapperValve::invoke (2681 bytes)

Stack: [0x0000001770900000,0x0000001770a00000]
Native frames: (J=compiled Java code, j=interpreted, Vv=VM code, C=native code)
V  [jvm.dll+0x6e26e9]  (no source info available)
V  [jvm.dll+0x875753]  (no source info available)
V  [jvm.dll+0x877b7e]  (no source info available)
V  [jvm.dll+0x878253]  (no source info available)
V  [jvm.dll+0x27fc86]  (no source info available)
V  [jvm.dll+0xc3d0f]  (no source info available)
V  [jvm.dll+0xc3f6b]  (no source info available)
V  [jvm.dll+0xcf41d]  (no source info available)
V  [jvm.dll+0x195bcb]  (no source info available)
V  [jvm.dll+0x19c886]  (no source info available)
V  [jvm.dll+0x1952a1]  (no source info available)
V  [jvm.dll+0x194776]  (no source info available)
V  [jvm.dll+0x19d42b]  (no source info available)
V  [jvm.dll+0x195a27]  (no source info available)
V  [jvm.dll+0x198732]  (no source info available)
V  [jvm.dll+0x153e45]  (no source info available)
V  [jvm.dll+0x1535c3]  (no source info available)
V  [jvm.dll+0x1538a0]  (no source info available)
V  [jvm.dll+0x152c1d]  (no source info available)
V  [jvm.dll+0x154add]  (no source info available)
V  [jvm.dll+0x2568f3]  (no source info available)
V  [jvm.dll+0x254baa]  (no source info available)
V  [jvm.dll+0x3f57a6]  (no source info available)
V  [jvm.dll+0x81dc0b]  (no source info available)
V  [jvm.dll+0x6e0d85]  (no source info available)
C  [ucrtbase.dll+0x29333]  (no source info available)
C  [KERNEL32.DLL+0x1257d]  (no source info available)
C  [ntdll.dll+0x5aa48]  (no source info available)


---------------  P R O C E S S  ---------------

Threads class SMR info:
_java_thread_list=0x000001c3523c6000, length=36, elements={
0x000001c34114b840, 0x000001c34114c910, 0x000001c34114d9e0, 0x000001c3411519c0,
0x000001c341152420, 0x000001c341152e80, 0x000001c3411538e0, 0x000001c3411eb760,
0x000001c34175a460, 0x000001c34175e250, 0x000001c341b167b0, 0x000001c34728ac70,
0x000001c34905d090, 0x000001c34905b650, 0x000001c34905ddb0, 0x000001c34905d720,
0x000001c34e156dd0, 0x000001c3419e0dc0, 0x000001c349057b40, 0x000001c34905f160,
0x000001c349059580, 0x000001c349059c10, 0x000001c34905a2a0, 0x000001c34905a930,
0x000001c34905bce0, 0x000001c34905ca00, 0x000001c34e15af70, 0x000001c34e159bc0,
0x000001c34e15a8e0, 0x000001c34e15b600, 0x000001c34e159530, 0x000001c34e158810,
0x000001c34e155a20, 0x000001c34e155390, 0x000001c34e15a250, 0x000001c34e15bc90
}

Java Threads: ( => current thread )
  0x000001c34114b840 JavaThread "Reference Handler"          daemon [_thread_blocked, id=12112, stack(0x0000001770300000,0x0000001770400000) (1024K)]
  0x000001c34114c910 JavaThread "Finalizer"                  daemon [_thread_blocked, id=12076, stack(0x0000001770400000,0x0000001770500000) (1024K)]
  0x000001c34114d9e0 JavaThread "Signal Dispatcher"          daemon [_thread_blocked, id=7944, stack(0x0000001770500000,0x0000001770600000) (1024K)]
  0x000001c3411519c0 JavaThread "Attach Listener"            daemon [_thread_blocked, id=11184, stack(0x0000001770600000,0x0000001770700000) (1024K)]
  0x000001c341152420 JavaThread "Service Thread"             daemon [_thread_blocked, id=2472, stack(0x0000001770700000,0x0000001770800000) (1024K)]
  0x000001c341152e80 JavaThread "Monitor Deflation Thread"   daemon [_thread_blocked, id=8484, stack(0x0000001770800000,0x0000001770900000) (1024K)]
=>0x000001c3411538e0 JavaThread "C1 CompilerThread0"         daemon [_thread_in_native, id=5172, stack(0x0000001770900000,0x0000001770a00000) (1024K)]
  0x000001c3411eb760 JavaThread "Common-Cleaner"             daemon [_thread_blocked, id=5820, stack(0x0000001770a00000,0x0000001770b00000) (1024K)]
  0x000001c34175a460 JavaThread "Monitor Ctrl-Break"         daemon [_thread_in_native, id=11344, stack(0x0000001770b00000,0x0000001770c00000) (1024K)]
  0x000001c34175e250 JavaThread "Notification Thread"        daemon [_thread_blocked, id=1404, stack(0x0000001770c00000,0x0000001770d00000) (1024K)]
  0x000001c341b167b0 JavaThread "RMI TCP Accept-0"           daemon [_thread_in_native, id=9888, stack(0x0000001771000000,0x0000001771100000) (1024K)]
  0x000001c34728ac70 JavaThread "mysql-cj-abandoned-connection-cleanup" daemon [_thread_blocked, id=7272, stack(0x0000001771400000,0x0000001771500000) (1024K)]
  0x000001c34905d090 JavaThread "RMI Scheduler(0)"           daemon [_thread_blocked, id=12080, stack(0x0000001771d00000,0x0000001771e00000) (1024K)]
  0x000001c34905b650 JavaThread "Live Reload Server"         daemon [_thread_in_native, id=3248, stack(0x0000001772000000,0x0000001772100000) (1024K)]
  0x000001c34905ddb0 JavaThread "DestroyJavaVM"                     [_thread_blocked, id=3780, stack(0x000000176fb00000,0x000000176fc00000) (1024K)]
  0x000001c34905d720 JavaThread "File Watcher"               daemon [_thread_blocked, id=7764, stack(0x000000176fa00000,0x000000176fb00000) (1024K)]
  0x000001c34e156dd0 JavaThread "File Watcher"               daemon [_thread_in_native, id=10296, stack(0x0000001771100000,0x0000001771200000) (1024K)]
  0x000001c3419e0dc0 JavaThread "File Watcher"               daemon [_thread_in_native, id=11100, stack(0x0000001771200000,0x0000001771300000) (1024K)]
  0x000001c349057b40 JavaThread "File Watcher"               daemon [_thread_blocked, id=9336, stack(0x0000001771300000,0x0000001771400000) (1024K)]
  0x000001c34905f160 JavaThread "HikariPool-26 housekeeper"  daemon [_thread_blocked, id=6248, stack(0x0000001771600000,0x0000001771700000) (1024K)]
  0x000001c349059580 JavaThread "Catalina-utility-1"                [_thread_blocked, id=10812, stack(0x0000001771800000,0x0000001771900000) (1024K)]
  0x000001c349059c10 JavaThread "Catalina-utility-2"                [_thread_blocked, id=12356, stack(0x0000001771900000,0x0000001771a00000) (1024K)]
  0x000001c34905a2a0 JavaThread "container-0"                       [_thread_blocked, id=12540, stack(0x0000001771a00000,0x0000001771b00000) (1024K)]
  0x000001c34905a930 JavaThread "File Watcher"               daemon [_thread_blocked, id=12300, stack(0x0000001771b00000,0x0000001771c00000) (1024K)]
  0x000001c34905bce0 JavaThread "http-nio-8080-exec-1"       daemon [_thread_blocked, id=2052, stack(0x0000001771c00000,0x0000001771d00000) (1024K)]
  0x000001c34905ca00 JavaThread "http-nio-8080-exec-2"       daemon [_thread_blocked, id=2064, stack(0x0000001771e00000,0x0000001771f00000) (1024K)]
  0x000001c34e15af70 JavaThread "http-nio-8080-exec-3"       daemon [_thread_in_Java, id=11404, stack(0x0000001771f00000,0x0000001772000000) (1024K)]
  0x000001c34e159bc0 JavaThread "http-nio-8080-exec-4"       daemon [_thread_blocked, id=204, stack(0x0000001772100000,0x0000001772200000) (1024K)]
  0x000001c34e15a8e0 JavaThread "http-nio-8080-exec-5"       daemon [_thread_blocked, id=9772, stack(0x0000001772200000,0x0000001772300000) (1024K)]
  0x000001c34e15b600 JavaThread "http-nio-8080-exec-6"       daemon [_thread_in_Java, id=11116, stack(0x0000001772300000,0x0000001772400000) (1024K)]
  0x000001c34e159530 JavaThread "http-nio-8080-exec-7"       daemon [_thread_in_Java, id=11720, stack(0x0000001772400000,0x0000001772500000) (1024K)]
  0x000001c34e158810 JavaThread "http-nio-8080-exec-8"       daemon [_thread_blocked, id=1288, stack(0x0000001772500000,0x0000001772600000) (1024K)]
  0x000001c34e155a20 JavaThread "http-nio-8080-exec-9"       daemon [_thread_in_Java, id=5168, stack(0x0000001772600000,0x0000001772700000) (1024K)]
  0x000001c34e155390 JavaThread "http-nio-8080-exec-10"      daemon [_thread_blocked, id=5560, stack(0x0000001772700000,0x0000001772800000) (1024K)]
  0x000001c34e15a250 JavaThread "http-nio-8080-Poller"       daemon [_thread_in_native, id=9104, stack(0x0000001772800000,0x0000001772900000) (1024K)]
  0x000001c34e15bc90 JavaThread "http-nio-8080-Acceptor"     daemon [_thread_in_native, id=13100, stack(0x0000001772900000,0x0000001772a00000) (1024K)]
Total: 36

Other Threads:
  0x000001c34112db90 VMThread "VM Thread"                           [id=11352, stack(0x0000001770200000,0x0000001770300000) (1024K)]
  0x000001c34111c0d0 WatcherThread "VM Periodic Task Thread"        [id=10980, stack(0x0000001770100000,0x0000001770200000) (1024K)]
  0x000001c352376660 WorkerThread "GC Thread#0"                     [id=7256, stack(0x000000176fc00000,0x000000176fd00000) (1024K)]
  0x000001c341a61fe0 WorkerThread "GC Thread#1"                     [id=4796, stack(0x0000001770d00000,0x0000001770e00000) (1024K)]
  0x000001c341a7acf0 WorkerThread "GC Thread#2"                     [id=6900, stack(0x0000001770e00000,0x0000001770f00000) (1024K)]
  0x000001c341a7b0a0 WorkerThread "GC Thread#3"                     [id=11312, stack(0x0000001770f00000,0x0000001771000000) (1024K)]
  0x000001c352380460 ConcurrentGCThread "G1 Main Marker"            [id=6364, stack(0x000000176fd00000,0x000000176fe00000) (1024K)]
  0x000001c352381930 WorkerThread "G1 Conc#0"                       [id=11248, stack(0x000000176fe00000,0x000000176ff00000) (1024K)]
  0x000001c3523d7570 ConcurrentGCThread "G1 Refine#0"               [id=7760, stack(0x000000176ff00000,0x0000001770000000) (1024K)]
  0x000001c3523d82a0 ConcurrentGCThread "G1 Service"                [id=11556, stack(0x0000001770000000,0x0000001770100000) (1024K)]
Total: 10

Threads with active compile tasks:
C1 CompilerThread0  38358156 82002   !   1       org.apache.catalina.core.StandardWrapperValve::invoke (2681 bytes)
Total: 1

VM state: not at safepoint (normal execution)

VM Mutex/Monitor currently owned by a thread: None

Heap address: 0x00000000c9000000, size: 880 MB, Compressed Oops mode: 32-bit

CDS archive(s) mapped at: [0x000001c300000000-0x000001c300c60000-0x000001c300c60000), size 12976128, SharedBaseAddress: 0x000001c300000000, ArchiveRelocationMode: 1.
Compressed class space mapped at: 0x000001c301000000-0x000001c341000000, reserved size: 1073741824
Narrow klass base: 0x000001c300000000, Narrow klass shift: 0, Narrow klass range: 0x41000000

GC Precious Log:
 CardTable entry size: 512
 Card Set container configuration: InlinePtr #cards 5 size 8 Array Of Cards #cards 12 size 40 Howl #buckets 4 coarsen threshold 1843 Howl Bitmap #cards 512 size 80 coarsen threshold 460 Card regions per heap region 1 cards per card region 2048
 CPUs: 4 total, 4 available
 Memory: 3518M
 Large Page Support: Disabled
 NUMA Support: Disabled
 Compressed Oops: Enabled (32-bit)
 Heap Region Size: 1M
 Heap Min Capacity: 8M
 Heap Initial Capacity: 56M
 Heap Max Capacity: 880M
 Pre-touch: Disabled
 Parallel Workers: 4
 Concurrent Workers: 1
 Concurrent Refinement Workers: 4
 Periodic GC: Disabled

Heap:
 garbage-first heap   total reserved 901120K, committed 109568K, used 46744K [0x00000000c9000000, 0x0000000100000000)
  region size 1024K, 10 young (10240K), 1 survivors (1024K)
 Metaspace       used 79735K, committed 82688K, reserved 1179648K
  class space    used 11550K, committed 12288K, reserved 1048576K

Heap Regions: E=young(eden), S=young(survivor), O=old, HS=humongous(starts), HC=humongous(continues), CS=collection set, F=free, TAMS=top-at-mark-start, PB=parsable bottom
|   0|0x00000000c9000000, 0x00000000c9100000, 0x00000000c9100000|100%|HS|  |TAMS 0x00000000c9000000| PB 0x00000000c9000000| Complete |  0
|   1|0x00000000c9100000, 0x00000000c9200000, 0x00000000c9200000|100%| O|  |TAMS 0x00000000c9100000| PB 0x00000000c9100000| Untracked |  0
|   2|0x00000000c9200000, 0x00000000c9300000, 0x00000000c9300000|100%| O|  |TAMS 0x00000000c9200000| PB 0x00000000c9200000| Untracked |  0
|   3|0x00000000c9300000, 0x00000000c9400000, 0x00000000c9400000|100%| O|  |TAMS 0x00000000c9300000| PB 0x00000000c9300000| Untracked |  0
|   4|0x00000000c9400000, 0x00000000c94fffe0, 0x00000000c9500000| 99%| O|  |TAMS 0x00000000c9400000| PB 0x00000000c9400000| Untracked |  0
|   5|0x00000000c9500000, 0x00000000c9600000, 0x00000000c9600000|100%| O|  |TAMS 0x00000000c9500000| PB 0x00000000c9500000| Untracked |  0
|   6|0x00000000c9600000, 0x00000000c96ffff0, 0x00000000c9700000| 99%| O|  |TAMS 0x00000000c9600000| PB 0x00000000c9600000| Untracked |  0
|   7|0x00000000c9700000, 0x00000000c97ffff8, 0x00000000c9800000| 99%| O|  |TAMS 0x00000000c9700000| PB 0x00000000c9700000| Untracked |  0
|   8|0x00000000c9800000, 0x00000000c98ffff8, 0x00000000c9900000| 99%| O|  |TAMS 0x00000000c9800000| PB 0x00000000c9800000| Untracked |  0
|   9|0x00000000c9900000, 0x00000000c99ffff0, 0x00000000c9a00000| 99%| O|  |TAMS 0x00000000c9900000| PB 0x00000000c9900000| Untracked |  0
|  10|0x00000000c9a00000, 0x00000000c9affff0, 0x00000000c9b00000| 99%| O|  |TAMS 0x00000000c9a00000| PB 0x00000000c9a00000| Untracked |  0
|  11|0x00000000c9b00000, 0x00000000c9bfffd8, 0x00000000c9c00000| 99%| O|  |TAMS 0x00000000c9b00000| PB 0x00000000c9b00000| Untracked |  0
|  12|0x00000000c9c00000, 0x00000000c9cfffe0, 0x00000000c9d00000| 99%| O|  |TAMS 0x00000000c9c00000| PB 0x00000000c9c00000| Untracked |  0
|  13|0x00000000c9d00000, 0x00000000c9e00000, 0x00000000c9e00000|100%| O|  |TAMS 0x00000000c9d00000| PB 0x00000000c9d00000| Untracked |  0
|  14|0x00000000c9e00000, 0x00000000c9effff0, 0x00000000c9f00000| 99%| O|  |TAMS 0x00000000c9e00000| PB 0x00000000c9e00000| Untracked |  0
|  15|0x00000000c9f00000, 0x00000000ca000000, 0x00000000ca000000|100%| O|  |TAMS 0x00000000c9f00000| PB 0x00000000c9f00000| Untracked |  0
|  16|0x00000000ca000000, 0x00000000ca0ffff8, 0x00000000ca100000| 99%| O|  |TAMS 0x00000000ca000000| PB 0x00000000ca000000| Untracked |  0
|  17|0x00000000ca100000, 0x00000000ca1ffff8, 0x00000000ca200000| 99%| O|  |TAMS 0x00000000ca100000| PB 0x00000000ca100000| Untracked |  0
|  18|0x00000000ca200000, 0x00000000ca2fffc8, 0x00000000ca300000| 99%| O|  |TAMS 0x00000000ca200000| PB 0x00000000ca200000| Untracked |  0
|  19|0x00000000ca300000, 0x00000000ca3ffff8, 0x00000000ca400000| 99%| O|  |TAMS 0x00000000ca300000| PB 0x00000000ca300000| Untracked |  0
|  20|0x00000000ca400000, 0x00000000ca4ffff8, 0x00000000ca500000| 99%| O|  |TAMS 0x00000000ca400000| PB 0x00000000ca400000| Untracked |  0
|  21|0x00000000ca500000, 0x00000000ca5fffd0, 0x00000000ca600000| 99%| O|  |TAMS 0x00000000ca500000| PB 0x00000000ca500000| Untracked |  0
|  22|0x00000000ca600000, 0x00000000ca621840, 0x00000000ca700000| 13%| O|  |TAMS 0x00000000ca600000| PB 0x00000000ca600000| Untracked |  0
|  23|0x00000000ca700000, 0x00000000ca800000, 0x00000000ca800000|100%| O|  |TAMS 0x00000000ca700000| PB 0x00000000ca700000| Untracked |  0
|  24|0x00000000ca800000, 0x00000000ca8fffe8, 0x00000000ca900000| 99%| O|  |TAMS 0x00000000ca800000| PB 0x00000000ca800000| Untracked |  0
|  25|0x00000000ca900000, 0x00000000caa00000, 0x00000000caa00000|100%| O|  |TAMS 0x00000000ca900000| PB 0x00000000ca900000| Untracked |  0
|  26|0x00000000caa00000, 0x00000000cab00000, 0x00000000cab00000|100%| O|  |TAMS 0x00000000caa00000| PB 0x00000000caa00000| Untracked |  0
|  27|0x00000000cab00000, 0x00000000cac00000, 0x00000000cac00000|100%| O|  |TAMS 0x00000000cab00000| PB 0x00000000cab00000| Untracked |  0
|  28|0x00000000cac00000, 0x00000000cad00000, 0x00000000cad00000|100%| O|  |TAMS 0x00000000cac00000| PB 0x00000000cac00000| Untracked |  0
|  29|0x00000000cad00000, 0x00000000cad00000, 0x00000000cae00000|  0%| F|  |TAMS 0x00000000cad00000| PB 0x00000000cad00000| Untracked |  0
|  30|0x00000000cae00000, 0x00000000cae00000, 0x00000000caf00000|  0%| F|  |TAMS 0x00000000cae00000| PB 0x00000000cae00000| Untracked |  0
|  31|0x00000000caf00000, 0x00000000caf00000, 0x00000000cb000000|  0%| F|  |TAMS 0x00000000caf00000| PB 0x00000000caf00000| Untracked |  0
|  32|0x00000000cb000000, 0x00000000cb000000, 0x00000000cb100000|  0%| F|  |TAMS 0x00000000cb000000| PB 0x00000000cb000000| Untracked |  0
|  33|0x00000000cb100000, 0x00000000cb100000, 0x00000000cb200000|  0%| F|  |TAMS 0x00000000cb100000| PB 0x00000000cb100000| Untracked |  0
|  34|0x00000000cb200000, 0x00000000cb300000, 0x00000000cb300000|100%| O|  |TAMS 0x00000000cb200000| PB 0x00000000cb200000| Untracked |  0
|  35|0x00000000cb300000, 0x00000000cb400000, 0x00000000cb400000|100%| O|  |TAMS 0x00000000cb300000| PB 0x00000000cb300000| Untracked |  0
|  36|0x00000000cb400000, 0x00000000cb484bd8, 0x00000000cb500000| 51%| S|CS|TAMS 0x00000000cb400000| PB 0x00000000cb400000| Complete |  0
|  37|0x00000000cb500000, 0x00000000cb500000, 0x00000000cb600000|  0%| F|  |TAMS 0x00000000cb500000| PB 0x00000000cb500000| Untracked |  0
|  38|0x00000000cb600000, 0x00000000cb700000, 0x00000000cb700000|100%| O|  |TAMS 0x00000000cb600000| PB 0x00000000cb600000| Untracked |  0
|  39|0x00000000cb700000, 0x00000000cb800000, 0x00000000cb800000|100%| O|  |TAMS 0x00000000cb700000| PB 0x00000000cb700000| Untracked |  0
|  40|0x00000000cb800000, 0x00000000cb900000, 0x00000000cb900000|100%| O|  |TAMS 0x00000000cb800000| PB 0x00000000cb800000| Untracked |  0
|  41|0x00000000cb900000, 0x00000000cb900000, 0x00000000cba00000|  0%| F|  |TAMS 0x00000000cb900000| PB 0x00000000cb900000| Untracked |  0
|  42|0x00000000cba00000, 0x00000000cba00000, 0x00000000cbb00000|  0%| F|  |TAMS 0x00000000cba00000| PB 0x00000000cba00000| Untracked |  0
|  43|0x00000000cbb00000, 0x00000000cbb00000, 0x00000000cbc00000|  0%| F|  |TAMS 0x00000000cbb00000| PB 0x00000000cbb00000| Untracked |  0
|  44|0x00000000cbc00000, 0x00000000cbc00000, 0x00000000cbd00000|  0%| F|  |TAMS 0x00000000cbc00000| PB 0x00000000cbc00000| Untracked |  0
|  45|0x00000000cbd00000, 0x00000000cbe00000, 0x00000000cbe00000|100%| O|  |TAMS 0x00000000cbd00000| PB 0x00000000cbd00000| Untracked |  0
|  46|0x00000000cbe00000, 0x00000000cbe00000, 0x00000000cbf00000|  0%| F|  |TAMS 0x00000000cbe00000| PB 0x00000000cbe00000| Untracked |  0
|  47|0x00000000cbf00000, 0x00000000cbf00000, 0x00000000cc000000|  0%| F|  |TAMS 0x00000000cbf00000| PB 0x00000000cbf00000| Untracked |  0
|  48|0x00000000cc000000, 0x00000000cc000000, 0x00000000cc100000|  0%| F|  |TAMS 0x00000000cc000000| PB 0x00000000cc000000| Untracked |  0
|  49|0x00000000cc100000, 0x00000000cc100000, 0x00000000cc200000|  0%| F|  |TAMS 0x00000000cc100000| PB 0x00000000cc100000| Untracked |  0
|  50|0x00000000cc200000, 0x00000000cc200000, 0x00000000cc300000|  0%| F|  |TAMS 0x00000000cc200000| PB 0x00000000cc200000| Untracked |  0
|  51|0x00000000cc300000, 0x00000000cc300000, 0x00000000cc400000|  0%| F|  |TAMS 0x00000000cc300000| PB 0x00000000cc300000| Untracked |  0
|  52|0x00000000cc400000, 0x00000000cc500000, 0x00000000cc500000|100%| O|  |TAMS 0x00000000cc400000| PB 0x00000000cc400000| Untracked |  0
|  53|0x00000000cc500000, 0x00000000cc600000, 0x00000000cc600000|100%| O|  |TAMS 0x00000000cc500000| PB 0x00000000cc500000| Untracked |  0
|  54|0x00000000cc600000, 0x00000000cc700000, 0x00000000cc700000|100%| O|  |TAMS 0x00000000cc600000| PB 0x00000000cc600000| Untracked |  0
|  55|0x00000000cc700000, 0x00000000cc700000, 0x00000000cc800000|  0%| F|  |TAMS 0x00000000cc700000| PB 0x00000000cc700000| Untracked |  0
|  56|0x00000000cc800000, 0x00000000cc800000, 0x00000000cc900000|  0%| F|  |TAMS 0x00000000cc800000| PB 0x00000000cc800000| Untracked |  0
|  57|0x00000000cc900000, 0x00000000cc900000, 0x00000000cca00000|  0%| F|  |TAMS 0x00000000cc900000| PB 0x00000000cc900000| Untracked |  0
|  58|0x00000000cca00000, 0x00000000cca00000, 0x00000000ccb00000|  0%| F|  |TAMS 0x00000000cca00000| PB 0x00000000cca00000| Untracked |  0
|  59|0x00000000ccb00000, 0x00000000ccb00000, 0x00000000ccc00000|  0%| F|  |TAMS 0x00000000ccb00000| PB 0x00000000ccb00000| Untracked |  0
|  60|0x00000000ccc00000, 0x00000000ccc00000, 0x00000000ccd00000|  0%| F|  |TAMS 0x00000000ccc00000| PB 0x00000000ccc00000| Untracked |  0
|  61|0x00000000ccd00000, 0x00000000ccd00000, 0x00000000cce00000|  0%| F|  |TAMS 0x00000000ccd00000| PB 0x00000000ccd00000| Untracked |  0
|  62|0x00000000cce00000, 0x00000000cce00000, 0x00000000ccf00000|  0%| F|  |TAMS 0x00000000cce00000| PB 0x00000000cce00000| Untracked |  0
|  63|0x00000000ccf00000, 0x00000000ccf00000, 0x00000000cd000000|  0%| F|  |TAMS 0x00000000ccf00000| PB 0x00000000ccf00000| Untracked |  0
|  64|0x00000000cd000000, 0x00000000cd000000, 0x00000000cd100000|  0%| F|  |TAMS 0x00000000cd000000| PB 0x00000000cd000000| Untracked |  0
|  65|0x00000000cd100000, 0x00000000cd100000, 0x00000000cd200000|  0%| F|  |TAMS 0x00000000cd100000| PB 0x00000000cd100000| Untracked |  0
|  66|0x00000000cd200000, 0x00000000cd200000, 0x00000000cd300000|  0%| F|  |TAMS 0x00000000cd200000| PB 0x00000000cd200000| Untracked |  0
|  67|0x00000000cd300000, 0x00000000cd300000, 0x00000000cd400000|  0%| F|  |TAMS 0x00000000cd300000| PB 0x00000000cd300000| Untracked |  0
|  68|0x00000000cd400000, 0x00000000cd400000, 0x00000000cd500000|  0%| F|  |TAMS 0x00000000cd400000| PB 0x00000000cd400000| Untracked |  0
|  69|0x00000000cd500000, 0x00000000cd500000, 0x00000000cd600000|  0%| F|  |TAMS 0x00000000cd500000| PB 0x00000000cd500000| Untracked |  0
|  70|0x00000000cd600000, 0x00000000cd600000, 0x00000000cd700000|  0%| F|  |TAMS 0x00000000cd600000| PB 0x00000000cd600000| Untracked |  0
|  71|0x00000000cd700000, 0x00000000cd700000, 0x00000000cd800000|  0%| F|  |TAMS 0x00000000cd700000| PB 0x00000000cd700000| Untracked |  0
|  72|0x00000000cd800000, 0x00000000cd800000, 0x00000000cd900000|  0%| F|  |TAMS 0x00000000cd800000| PB 0x00000000cd800000| Untracked |  0
|  73|0x00000000cd900000, 0x00000000cd900000, 0x00000000cda00000|  0%| F|  |TAMS 0x00000000cd900000| PB 0x00000000cd900000| Untracked |  0
|  74|0x00000000cda00000, 0x00000000cda00000, 0x00000000cdb00000|  0%| F|  |TAMS 0x00000000cda00000| PB 0x00000000cda00000| Untracked |  0
|  75|0x00000000cdb00000, 0x00000000cdb00000, 0x00000000cdc00000|  0%| F|  |TAMS 0x00000000cdb00000| PB 0x00000000cdb00000| Untracked |  0
|  76|0x00000000cdc00000, 0x00000000cdc00000, 0x00000000cdd00000|  0%| F|  |TAMS 0x00000000cdc00000| PB 0x00000000cdc00000| Untracked |  0
|  77|0x00000000cdd00000, 0x00000000cdd00000, 0x00000000cde00000|  0%| F|  |TAMS 0x00000000cdd00000| PB 0x00000000cdd00000| Untracked |  0
|  78|0x00000000cde00000, 0x00000000cde00000, 0x00000000cdf00000|  0%| F|  |TAMS 0x00000000cde00000| PB 0x00000000cde00000| Untracked |  0
|  79|0x00000000cdf00000, 0x00000000cdf00000, 0x00000000ce000000|  0%| F|  |TAMS 0x00000000cdf00000| PB 0x00000000cdf00000| Untracked |  0
|  80|0x00000000ce000000, 0x00000000ce000000, 0x00000000ce100000|  0%| F|  |TAMS 0x00000000ce000000| PB 0x00000000ce000000| Untracked |  0
|  81|0x00000000ce100000, 0x00000000ce100000, 0x00000000ce200000|  0%| F|  |TAMS 0x00000000ce100000| PB 0x00000000ce100000| Untracked |  0
|  82|0x00000000ce200000, 0x00000000ce200000, 0x00000000ce300000|  0%| F|  |TAMS 0x00000000ce200000| PB 0x00000000ce200000| Untracked |  0
|  83|0x00000000ce300000, 0x00000000ce300000, 0x00000000ce400000|  0%| F|  |TAMS 0x00000000ce300000| PB 0x00000000ce300000| Untracked |  0
|  84|0x00000000ce400000, 0x00000000ce400000, 0x00000000ce500000|  0%| F|  |TAMS 0x00000000ce400000| PB 0x00000000ce400000| Untracked |  0
|  85|0x00000000ce500000, 0x00000000ce500000, 0x00000000ce600000|  0%| F|  |TAMS 0x00000000ce500000| PB 0x00000000ce500000| Untracked |  0
|  86|0x00000000ce600000, 0x00000000ce600000, 0x00000000ce700000|  0%| F|  |TAMS 0x00000000ce600000| PB 0x00000000ce600000| Untracked |  0
|  87|0x00000000ce700000, 0x00000000ce700000, 0x00000000ce800000|  0%| F|  |TAMS 0x00000000ce700000| PB 0x00000000ce700000| Untracked |  0
|  88|0x00000000ce800000, 0x00000000ce800000, 0x00000000ce900000|  0%| F|  |TAMS 0x00000000ce800000| PB 0x00000000ce800000| Untracked |  0
|  89|0x00000000ce900000, 0x00000000ce900000, 0x00000000cea00000|  0%| F|  |TAMS 0x00000000ce900000| PB 0x00000000ce900000| Untracked |  0
|  90|0x00000000cea00000, 0x00000000cea00000, 0x00000000ceb00000|  0%| F|  |TAMS 0x00000000cea00000| PB 0x00000000cea00000| Untracked |  0
|  91|0x00000000ceb00000, 0x00000000ceb00000, 0x00000000cec00000|  0%| F|  |TAMS 0x00000000ceb00000| PB 0x00000000ceb00000| Untracked |  0
|  92|0x00000000cec00000, 0x00000000cec00000, 0x00000000ced00000|  0%| F|  |TAMS 0x00000000cec00000| PB 0x00000000cec00000| Untracked |  0
|  93|0x00000000ced00000, 0x00000000ced00000, 0x00000000cee00000|  0%| F|  |TAMS 0x00000000ced00000| PB 0x00000000ced00000| Untracked |  0
|  94|0x00000000cee00000, 0x00000000cee00000, 0x00000000cef00000|  0%| F|  |TAMS 0x00000000cee00000| PB 0x00000000cee00000| Untracked |  0
|  95|0x00000000cef00000, 0x00000000cef00000, 0x00000000cf000000|  0%| F|  |TAMS 0x00000000cef00000| PB 0x00000000cef00000| Untracked |  0
|  96|0x00000000cf000000, 0x00000000cf000000, 0x00000000cf100000|  0%| F|  |TAMS 0x00000000cf000000| PB 0x00000000cf000000| Untracked |  0
|  97|0x00000000cf100000, 0x00000000cf100000, 0x00000000cf200000|  0%| F|  |TAMS 0x00000000cf100000| PB 0x00000000cf100000| Untracked |  0
|  98|0x00000000cf200000, 0x00000000cf252630, 0x00000000cf300000| 32%| E|  |TAMS 0x00000000cf200000| PB 0x00000000cf200000| Complete |  0
|  99|0x00000000cf300000, 0x00000000cf400000, 0x00000000cf400000|100%| E|CS|TAMS 0x00000000cf300000| PB 0x00000000cf300000| Complete |  0
| 100|0x00000000cf400000, 0x00000000cf500000, 0x00000000cf500000|100%| E|CS|TAMS 0x00000000cf400000| PB 0x00000000cf400000| Complete |  0
| 101|0x00000000cf500000, 0x00000000cf600000, 0x00000000cf600000|100%| E|CS|TAMS 0x00000000cf500000| PB 0x00000000cf500000| Complete |  0
| 102|0x00000000cf600000, 0x00000000cf700000, 0x00000000cf700000|100%| E|CS|TAMS 0x00000000cf600000| PB 0x00000000cf600000| Complete |  0
| 103|0x00000000cf700000, 0x00000000cf800000, 0x00000000cf800000|100%| E|CS|TAMS 0x00000000cf700000| PB 0x00000000cf700000| Complete |  0
| 104|0x00000000cf800000, 0x00000000cf900000, 0x00000000cf900000|100%| E|CS|TAMS 0x00000000cf800000| PB 0x00000000cf800000| Complete |  0
| 105|0x00000000cf900000, 0x00000000cfa00000, 0x00000000cfa00000|100%| E|CS|TAMS 0x00000000cf900000| PB 0x00000000cf900000| Complete |  0
| 106|0x00000000cfa00000, 0x00000000cfb00000, 0x00000000cfb00000|100%| E|CS|TAMS 0x00000000cfa00000| PB 0x00000000cfa00000| Complete |  0

Card table byte_map: [0x000001c35d670000,0x000001c35d830000] _byte_map_base: 0x000001c35d028000

Marking Bits: (CMBitMap*) 0x000001c352376d70
 Bits: [0x000001c35d830000, 0x000001c35e5f0000)

Polling page: 0x000001c350120000

Metaspace:

Usage:
  Non-class:     66.59 MB used.
      Class:     11.28 MB used.
       Both:     77.87 MB used.

Virtual space:
  Non-class space:      128.00 MB reserved,      68.75 MB ( 54%) committed,  2 nodes.
      Class space:        1.00 GB reserved,      12.00 MB (  1%) committed,  1 nodes.
             Both:        1.12 GB reserved,      80.75 MB (  7%) committed. 

Chunk freelists:
   Non-Class:  12.20 MB
       Class:  4.28 MB
        Both:  16.48 MB

MaxMetaspaceSize: unlimited
CompressedClassSpaceSize: 1.00 GB
Initial GC threshold: 21.00 MB
Current GC threshold: 141.69 MB
CDS: on
 - commit_granule_bytes: 65536.
 - commit_granule_words: 8192.
 - virtual_space_node_default_size: 8388608.
 - enlarge_chunks_in_place: 1.
 - use_allocation_guard: 0.


Internal statistics:

num_allocs_failed_limit: 6.
num_arena_births: 5448.
num_arena_deaths: 4454.
num_vsnodes_births: 3.
num_vsnodes_deaths: 0.
num_space_committed: 1533.
num_space_uncommitted: 168.
num_chunks_returned_to_freelist: 8473.
num_chunks_taken_from_freelist: 12495.
num_chunk_merges: 1227.
num_chunk_splits: 5871.
num_chunks_enlarged: 4733.
num_inconsistent_stats: 0.

CodeCache: size=49152Kb used=11195Kb max_used=29253Kb free=37956Kb
 bounds [0x000001c35a670000, 0x000001c35c360000, 0x000001c35d670000]
 total_blobs=6105 nmethods=5329 adapters=697
 compilation: enabled
              stopped_count=0, restarted_count=0
 full_count=0

Compilation events (20 events):
Event: 38356.992 Thread 0x000001c3411538e0 nmethod 81972 0x000001c35a945f10 code [0x000001c35a9460e0, 0x000001c35a946600]
Event: 38357.121 Thread 0x000001c3411538e0 81986   !   1       java.nio.channels.spi.AbstractSelectableChannel::register (152 bytes)
Event: 38357.214 Thread 0x000001c3411538e0 nmethod 81986 0x000001c35ad65c10 code [0x000001c35ad65f00, 0x000001c35ad66c20]
Event: 38357.381 Thread 0x000001c3411538e0 81994       1       org.apache.coyote.http11.Http11InputBuffer::getFilters (5 bytes)
Event: 38357.383 Thread 0x000001c3411538e0 nmethod 81994 0x000001c35ab3dc90 code [0x000001c35ab3de20, 0x000001c35ab3dee8]
Event: 38357.467 Thread 0x000001c3411538e0 81995       1       org.apache.tomcat.util.buf.AbstractChunk::setLimit (6 bytes)
Event: 38357.468 Thread 0x000001c3411538e0 nmethod 81995 0x000001c35ab4cc90 code [0x000001c35ab4ce20, 0x000001c35ab4cee8]
Event: 38357.481 Thread 0x000001c3411538e0 81996       1       org.apache.catalina.mapper.Mapper::internalMapWildcardWrapper (249 bytes)
Event: 38357.528 Thread 0x000001c3411538e0 nmethod 81996 0x000001c35aecf890 code [0x000001c35aecfac0, 0x000001c35aed01b0]
Event: 38357.528 Thread 0x000001c3411538e0 81997       1       java.nio.charset.CoderResult::isMalformed (14 bytes)
Event: 38357.529 Thread 0x000001c3411538e0 nmethod 81997 0x000001c35ab69410 code [0x000001c35ab695a0, 0x000001c35ab69678]
Event: 38357.561 Thread 0x000001c3411538e0 81998       1       org.apache.catalina.core.ApplicationContextFacade::getSessionCookieConfig (26 bytes)
Event: 38357.570 Thread 0x000001c3411538e0 nmethod 81998 0x000001c35ab7a710 code [0x000001c35ab7a8a0, 0x000001c35ab7a970]
Event: 38357.571 Thread 0x000001c3411538e0 82000       1       org.apache.catalina.authenticator.AuthenticatorBase::getJaspicProvider (23 bytes)
Event: 38357.578 Thread 0x000001c3411538e0 nmethod 82000 0x000001c35ad78410 code [0x000001c35ad785c0, 0x000001c35ad78718]
Event: 38357.578 Thread 0x000001c3411538e0 81999       1       org.apache.catalina.core.StandardEngine::getRealm (24 bytes)
Event: 38357.583 Thread 0x000001c3411538e0 nmethod 81999 0x000001c35ade5690 code [0x000001c35ade5840, 0x000001c35ade59c0]
Event: 38357.583 Thread 0x000001c3411538e0 82001   !   1       org.apache.catalina.core.StandardWrapper::allocate (201 bytes)
Event: 38357.620 Thread 0x000001c3411538e0 nmethod 82001 0x000001c35a803e90 code [0x000001c35a804120, 0x000001c35a804bf8]
Event: 38357.621 Thread 0x000001c3411538e0 82002   !   1       org.apache.catalina.core.StandardWrapperValve::invoke (2681 bytes)

GC Heap History (20 events):
Event: 37527.013 GC heap before
{Heap before GC invocations=319 (full 25):
 garbage-first heap   total reserved 901120K, committed 109568K, used 99812K [0x00000000c9000000, 0x0000000100000000)
  region size 1024K, 59 young (60416K), 2 survivors (2048K)
 Metaspace       used 79721K, committed 82688K, reserved 1179648K
  class space    used 11546K, committed 12288K, reserved 1048576K
}
Event: 37527.072 GC heap after
{Heap after GC invocations=320 (full 25):
 garbage-first heap   total reserved 901120K, committed 109568K, used 40413K [0x00000000c9000000, 0x0000000100000000)
  region size 1024K, 2 young (2048K), 2 survivors (2048K)
 Metaspace       used 79721K, committed 82688K, reserved 1179648K
  class space    used 11546K, committed 12288K, reserved 1048576K
}
Event: 37612.022 GC heap before
{Heap before GC invocations=320 (full 25):
 garbage-first heap   total reserved 901120K, committed 109568K, used 98781K [0x00000000c9000000, 0x0000000100000000)
  region size 1024K, 60 young (61440K), 2 survivors (2048K)
 Metaspace       used 79728K, committed 82688K, reserved 1179648K
  class space    used 11548K, committed 12288K, reserved 1048576K
}
Event: 37612.116 GC heap after
{Heap after GC invocations=321 (full 25):
 garbage-first heap   total reserved 901120K, committed 109568K, used 40541K [0x00000000c9000000, 0x0000000100000000)
  region size 1024K, 2 young (2048K), 2 survivors (2048K)
 Metaspace       used 79728K, committed 82688K, reserved 1179648K
  class space    used 11548K, committed 12288K, reserved 1048576K
}
Event: 37700.630 GC heap before
{Heap before GC invocations=322 (full 25):
 garbage-first heap   total reserved 901120K, committed 109568K, used 99933K [0x00000000c9000000, 0x0000000100000000)
  region size 1024K, 60 young (61440K), 2 survivors (2048K)
 Metaspace       used 79728K, committed 82688K, reserved 1179648K
  class space    used 11548K, committed 12288K, reserved 1048576K
}
Event: 37700.635 GC heap after
{Heap after GC invocations=323 (full 25):
 garbage-first heap   total reserved 901120K, committed 109568K, used 40366K [0x00000000c9000000, 0x0000000100000000)
  region size 1024K, 2 young (2048K), 2 survivors (2048K)
 Metaspace       used 79728K, committed 82688K, reserved 1179648K
  class space    used 11548K, committed 12288K, reserved 1048576K
}
Event: 37788.978 GC heap before
{Heap before GC invocations=323 (full 25):
 garbage-first heap   total reserved 901120K, committed 109568K, used 99758K [0x00000000c9000000, 0x0000000100000000)
  region size 1024K, 60 young (61440K), 2 survivors (2048K)
 Metaspace       used 79728K, committed 82688K, reserved 1179648K
  class space    used 11548K, committed 12288K, reserved 1048576K
}
Event: 37789.018 GC heap after
{Heap after GC invocations=324 (full 25):
 garbage-first heap   total reserved 901120K, committed 109568K, used 39332K [0x00000000c9000000, 0x0000000100000000)
  region size 1024K, 2 young (2048K), 2 survivors (2048K)
 Metaspace       used 79728K, committed 82688K, reserved 1179648K
  class space    used 11548K, committed 12288K, reserved 1048576K
}
Event: 37879.012 GC heap before
{Heap before GC invocations=324 (full 25):
 garbage-first heap   total reserved 901120K, committed 109568K, used 99748K [0x00000000c9000000, 0x0000000100000000)
  region size 1024K, 61 young (62464K), 2 survivors (2048K)
 Metaspace       used 79728K, committed 82688K, reserved 1179648K
  class space    used 11548K, committed 12288K, reserved 1048576K
}
Event: 37879.064 GC heap after
{Heap after GC invocations=325 (full 25):
 garbage-first heap   total reserved 901120K, committed 109568K, used 39337K [0x00000000c9000000, 0x0000000100000000)
  region size 1024K, 2 young (2048K), 2 survivors (2048K)
 Metaspace       used 79728K, committed 82688K, reserved 1179648K
  class space    used 11548K, committed 12288K, reserved 1048576K
}
Event: 37968.658 GC heap before
{Heap before GC invocations=326 (full 25):
 garbage-first heap   total reserved 901120K, committed 109568K, used 99753K [0x00000000c9000000, 0x0000000100000000)
  region size 1024K, 61 young (62464K), 2 survivors (2048K)
 Metaspace       used 79728K, committed 82688K, reserved 1179648K
  class space    used 11548K, committed 12288K, reserved 1048576K
}
Event: 37968.666 GC heap after
{Heap after GC invocations=327 (full 25):
 garbage-first heap   total reserved 901120K, committed 109568K, used 39297K [0x00000000c9000000, 0x0000000100000000)
  region size 1024K, 2 young (2048K), 2 survivors (2048K)
 Metaspace       used 79728K, committed 82688K, reserved 1179648K
  class space    used 11548K, committed 12288K, reserved 1048576K
}
Event: 38059.200 GC heap before
{Heap before GC invocations=327 (full 25):
 garbage-first heap   total reserved 901120K, committed 109568K, used 99713K [0x00000000c9000000, 0x0000000100000000)
  region size 1024K, 61 young (62464K), 2 survivors (2048K)
 Metaspace       used 79728K, committed 82688K, reserved 1179648K
  class space    used 11548K, committed 12288K, reserved 1048576K
}
Event: 38059.227 GC heap after
{Heap after GC invocations=328 (full 25):
 garbage-first heap   total reserved 901120K, committed 109568K, used 39053K [0x00000000c9000000, 0x0000000100000000)
  region size 1024K, 1 young (1024K), 1 survivors (1024K)
 Metaspace       used 79728K, committed 82688K, reserved 1179648K
  class space    used 11548K, committed 12288K, reserved 1048576K
}
Event: 38154.685 GC heap before
{Heap before GC invocations=328 (full 25):
 garbage-first heap   total reserved 901120K, committed 109568K, used 101517K [0x00000000c9000000, 0x0000000100000000)
  region size 1024K, 62 young (63488K), 1 survivors (1024K)
 Metaspace       used 79728K, committed 82688K, reserved 1179648K
  class space    used 11548K, committed 12288K, reserved 1048576K
}
Event: 38154.836 GC heap after
{Heap after GC invocations=329 (full 25):
 garbage-first heap   total reserved 901120K, committed 109568K, used 39077K [0x00000000c9000000, 0x0000000100000000)
  region size 1024K, 1 young (1024K), 1 survivors (1024K)
 Metaspace       used 79728K, committed 82688K, reserved 1179648K
  class space    used 11548K, committed 12288K, reserved 1048576K
}
Event: 38246.312 GC heap before
{Heap before GC invocations=330 (full 25):
 garbage-first heap   total reserved 901120K, committed 109568K, used 101541K [0x00000000c9000000, 0x0000000100000000)
  region size 1024K, 62 young (63488K), 1 survivors (1024K)
 Metaspace       used 79735K, committed 82688K, reserved 1179648K
  class space    used 11550K, committed 12288K, reserved 1048576K
}
Event: 38246.379 GC heap after
{Heap after GC invocations=331 (full 25):
 garbage-first heap   total reserved 901120K, committed 109568K, used 39310K [0x00000000c9000000, 0x0000000100000000)
  region size 1024K, 1 young (1024K), 1 survivors (1024K)
 Metaspace       used 79735K, committed 82688K, reserved 1179648K
  class space    used 11550K, committed 12288K, reserved 1048576K
}
Event: 38345.007 GC heap before
{Heap before GC invocations=331 (full 25):
 garbage-first heap   total reserved 901120K, committed 109568K, used 101774K [0x00000000c9000000, 0x0000000100000000)
  region size 1024K, 62 young (63488K), 1 survivors (1024K)
 Metaspace       used 79735K, committed 82688K, reserved 1179648K
  class space    used 11550K, committed 12288K, reserved 1048576K
}
Event: 38345.213 GC heap after
{Heap after GC invocations=332 (full 25):
 garbage-first heap   total reserved 901120K, committed 109568K, used 38552K [0x00000000c9000000, 0x0000000100000000)
  region size 1024K, 1 young (1024K), 1 survivors (1024K)
 Metaspace       used 79735K, committed 82688K, reserved 1179648K
  class space    used 11550K, committed 12288K, reserved 1048576K
}

Dll operation events (13 events):
Event: 0.032 Loaded shared library C:\Users\Admin\.jdks\openjdk-22.0.2\bin\java.dll
Event: 0.533 Loaded shared library C:\Users\Admin\.jdks\openjdk-22.0.2\bin\zip.dll
Event: 0.560 Loaded shared library C:\Users\Admin\.jdks\openjdk-22.0.2\bin\instrument.dll
Event: 0.594 Loaded shared library C:\Users\Admin\.jdks\openjdk-22.0.2\bin\net.dll
Event: 0.604 Loaded shared library C:\Users\Admin\.jdks\openjdk-22.0.2\bin\nio.dll
Event: 0.614 Loaded shared library C:\Users\Admin\.jdks\openjdk-22.0.2\bin\zip.dll
Event: 5.181 Loaded shared library C:\Program Files\JetBrains\IntelliJ IDEA 2024.1.4\bin\breakgen64.dll
Event: 5.265 Loaded shared library C:\Users\Admin\.jdks\openjdk-22.0.2\bin\extnet.dll
Event: 5.390 Loaded shared library C:\Users\Admin\.jdks\openjdk-22.0.2\bin\jimage.dll
Event: 5.657 Loaded shared library C:\Users\Admin\.jdks\openjdk-22.0.2\bin\management.dll
Event: 5.789 Loaded shared library C:\Users\Admin\.jdks\openjdk-22.0.2\bin\management_ext.dll
Event: 7.825 Loaded shared library C:\Users\Admin\.jdks\openjdk-22.0.2\bin\verify.dll
Event: 13.887 Loaded shared library C:\Users\Admin\.jdks\openjdk-22.0.2\bin\sunmscapi.dll

Deoptimization events (4 events):
Event: 38.236 Thread 0x000001c341f57250 DEOPT PACKING pc=0x000001c35abae194 sp=0x00000017713fa6b0
Event: 38.236 Thread 0x000001c341f57250 DEOPT UNPACKING pc=0x000001c35a6c4e42 sp=0x00000017713f9c08 mode 0
Event: 38.728 Thread 0x000001c341f57250 DEOPT PACKING pc=0x000001c35abc2b39 sp=0x00000017713fc9b0
Event: 38.728 Thread 0x000001c341f57250 DEOPT UNPACKING pc=0x000001c35a6c4e42 sp=0x00000017713fbeb8 mode 3

Classes loaded (20 events):
Event: 8659.562 Loading class java/time/DurationEditor
Event: 8659.563 Loading class java/time/DurationEditor done
Event: 9018.730 Loading class java/time/DurationEditor
Event: 9018.731 Loading class java/time/DurationEditor done
Event: 11505.024 Loading class java/time/DurationEditor
Event: 11505.025 Loading class java/time/DurationEditor done
Event: 11827.791 Loading class java/time/DurationEditor
Event: 11827.791 Loading class java/time/DurationEditor done
Event: 11953.116 Loading class java/time/DurationEditor
Event: 11953.116 Loading class java/time/DurationEditor done
Event: 16441.454 Loading class java/time/DurationEditor
Event: 16441.454 Loading class java/time/DurationEditor done
Event: 16721.018 Loading class java/time/DurationEditor
Event: 16721.018 Loading class java/time/DurationEditor done
Event: 35660.454 Loading class java/time/DurationEditor
Event: 35660.454 Loading class java/time/DurationEditor done
Event: 36537.699 Loading class java/time/DurationEditor
Event: 36537.699 Loading class java/time/DurationEditor done
Event: 36640.868 Loading class java/time/DurationEditor
Event: 36640.868 Loading class java/time/DurationEditor done

Classes unloaded (20 events):
Event: 36838.817 Thread 0x000001c34112db90 Unloading class 0x000001c301b9ed50 'com/example/ytalentbackend/Controllers/JovenesController'
Event: 36838.817 Thread 0x000001c34112db90 Unloading class 0x000001c301b9eb08 'com/example/ytalentbackend/Controllers/InstitucionesController'
Event: 36838.817 Thread 0x000001c34112db90 Unloading class 0x000001c301b9e8c8 'com/example/ytalentbackend/Controllers/InscripcionsesionesController'
Event: 36838.817 Thread 0x000001c34112db90 Unloading class 0x000001c301b9e698 'com/example/ytalentbackend/Controllers/InscripcionCelulasController'
Event: 36838.817 Thread 0x000001c34112db90 Unloading class 0x000001c301b9e460 'com/example/ytalentbackend/Controllers/GlobalExceptionHandler'
Event: 36838.817 Thread 0x000001c34112db90 Unloading class 0x000001c301b9e230 'com/example/ytalentbackend/Controllers/EstadoController'
Event: 36838.817 Thread 0x000001c34112db90 Unloading class 0x000001c301b9e000 'com/example/ytalentbackend/Controllers/EquiposretosController'
Event: 36838.817 Thread 0x000001c34112db90 Unloading class 0x000001c301babd40 'com/example/ytalentbackend/Controllers/EquiposController'
Event: 36838.817 Thread 0x000001c34112db90 Unloading class 0x000001c301babaf8 'com/example/ytalentbackend/Controllers/EncargadosController'
Event: 36838.817 Thread 0x000001c34112db90 Unloading class 0x000001c301bab8b0 'com/example/ytalentbackend/Controllers/EmpresaController'
Event: 36838.817 Thread 0x000001c34112db90 Unloading class 0x000001c301bab668 'com/example/ytalentbackend/Controllers/EmpleadosController'
Event: 36838.817 Thread 0x000001c34112db90 Unloading class 0x000001c301bab420 'com/example/ytalentbackend/Controllers/CelulasController'
Event: 36838.817 Thread 0x000001c34112db90 Unloading class 0x000001c301bab218 'com/example/ytalentbackend/Config/ValidationConfig'
Event: 36838.817 Thread 0x000001c34112db90 Unloading class 0x000001c301bab000 'com/example/ytalentbackend/Config/SecurityConfig'
Event: 36838.817 Thread 0x000001c34112db90 Unloading class 0x000001c301ba5440 'com/example/ytalentbackend/Config/MailConfig'
Event: 36838.818 Thread 0x000001c34112db90 Unloading class 0x000001c301ba5218 'com/example/ytalentbackend/Config/ApplicationConfig'
Event: 36838.818 Thread 0x000001c34112db90 Unloading class 0x000001c301ba5000 'com/example/ytalentbackend/Auth/BlacklistService'
Event: 36838.818 Thread 0x000001c34112db90 Unloading class 0x000001c301b8b420 'com/example/ytalentbackend/Auth/AuthService'
Event: 36838.818 Thread 0x000001c34112db90 Unloading class 0x000001c301b8b200 'com/example/ytalentbackend/Auth/AuthController'
Event: 36838.818 Thread 0x000001c34112db90 Unloading class 0x000001c301b8b000 'com/example/ytalentbackend/YtalentBackendApplication'

Classes redefined (0 events):
No events

Internal exceptions (20 events):
Event: 36537.558 Thread 0x000001c3419df380 Exception <a 'java/io/FileNotFoundException'{0x00000000cc2c0278}> (0x00000000cc2c0278) 
thrown [s\open\src\hotspot\share\prims\jni.cpp, line 520]
Event: 36537.559 Thread 0x000001c3419df380 Exception <a 'java/io/FileNotFoundException'{0x00000000cc2ca290}> (0x00000000cc2ca290) 
thrown [s\open\src\hotspot\share\prims\jni.cpp, line 520]
Event: 36619.427 Thread 0x000001c34e15b600 Exception <a 'java/lang/InterruptedException'{0x00000000ce13d560}: sleep interrupted> (0x00000000ce13d560) 
thrown [s\open\src\hotspot\share\prims\jvm.cpp, line 3093]
Event: 36621.338 Thread 0x000001c34905bce0 Exception <a 'sun/nio/fs/WindowsException'{0x00000000cfae50c0}> (0x00000000cfae50c0) 
thrown [s\open\src\hotspot\share\prims\jni.cpp, line 520]
Event: 36623.776 Thread 0x000001c34905bce0 Exception <a 'java/lang/NoClassDefFoundError'{0x00000000cd8a03b0}: liquibase/exception/ChangeLogParseException> (0x00000000cd8a03b0) 
thrown [s\open\src\hotspot\share\classfile\systemDictionary.cpp, line 302]
Event: 36634.172 Thread 0x000001c34905e440 Exception <a 'sun/nio/fs/WindowsException'{0x00000000cd2f03d8}> (0x00000000cd2f03d8) 
thrown [s\open\src\hotspot\share\prims\jni.cpp, line 520]
Event: 36637.362 Thread 0x000001c34905e440 Exception <a 'java/lang/NoClassDefFoundError'{0x00000000ce040d68}: org/flywaydb/core/Flyway> (0x00000000ce040d68) 
thrown [s\open\src\hotspot\share\oops\constantPool.cpp, line 872]
Event: 36637.362 Thread 0x000001c34905e440 Exception <a 'java/lang/NoClassDefFoundError'{0x00000000ce0413c8}: liquibase/integration/spring/SpringLiquibase> (0x00000000ce0413c8) 
thrown [s\open\src\hotspot\share\oops\constantPool.cpp, line 872]
Event: 36637.403 Thread 0x000001c34905e440 Exception <a 'java/lang/NoClassDefFoundError'{0x00000000cdf16830}: org/jooq/DSLContext> (0x00000000cdf16830) 
thrown [s\open\src\hotspot\share\oops\constantPool.cpp, line 872]
Event: 36637.405 Thread 0x000001c34905e440 Exception <a 'java/lang/NoClassDefFoundError'{0x00000000cdf32ec0}: org/springframework/batch/core/repository/JobRepository> (0x00000000cdf32ec0) 
thrown [s\open\src\hotspot\share\oops\constantPool.cpp, line 872]
Event: 36637.405 Thread 0x000001c34905e440 Exception <a 'java/lang/NoClassDefFoundError'{0x00000000cdf33518}: org/quartz/Scheduler> (0x00000000cdf33518) 
thrown [s\open\src\hotspot\share\oops\constantPool.cpp, line 872]
Event: 36637.405 Thread 0x000001c34905e440 Exception <a 'java/lang/NoClassDefFoundError'{0x00000000cdf33b98}: org/springframework/session/jdbc/JdbcIndexedSessionRepository> (0x00000000cdf33b98) 
thrown [s\open\src\hotspot\share\oops\constantPool.cpp, line 872]
Event: 36637.468 Thread 0x000001c34905e440 Exception <a 'java/lang/NoSuchMethodError'{0x00000000cdea2880}: 'void java.lang.invoke.DelegatingMethodHandle$Holder.reinvoke_L(java.lang.Object, java.lang.Object, int)'> (0x00000000cdea2880) 
thrown [s\open\src\hotspot\share\interpreter\linkResolver.cpp, line 774]
Event: 36637.729 Thread 0x000001c34905e440 Exception <a 'java/lang/NoSuchMethodError'{0x00000000cd6e18a0}: 'int java.lang.invoke.DirectMethodHandle$Holder.invokeVirtual(java.lang.Object, java.lang.Object, java.lang.Object, java.lang.Object)'> (0x00000000cd6e18a0) 
thrown [s\open\src\hotspot\share\interpreter\linkResolver.cpp, line 774]
Event: 36637.730 Thread 0x000001c34905e440 Exception <a 'java/lang/NoSuchMethodError'{0x00000000cd6e4e88}: 'int java.lang.invoke.DelegatingMethodHandle$Holder.reinvoke_L(java.lang.Object, java.lang.Object, java.lang.Object, java.lang.Object)'> (0x00000000cd6e4e88) 
thrown [s\open\src\hotspot\share\interpreter\linkResolver.cpp, line 774]
Event: 36637.775 Thread 0x000001c34905e440 Exception <a 'java/io/FileNotFoundException'{0x00000000cd5594f0}> (0x00000000cd5594f0) 
thrown [s\open\src\hotspot\share\prims\jni.cpp, line 520]
Event: 36638.808 Thread 0x000001c34905e440 Exception <a 'java/lang/NoSuchMethodError'{0x00000000cfa0b850}: 'long java.lang.invoke.DelegatingMethodHandle$Holder.reinvoke_L(java.lang.Object, java.lang.Object)'> (0x00000000cfa0b850) 
thrown [s\open\src\hotspot\share\interpreter\linkResolver.cpp, line 774]
Event: 36640.225 Thread 0x000001c34905e440 Exception <a 'java/io/FileNotFoundException'{0x00000000cd1e2928}> (0x00000000cd1e2928) 
thrown [s\open\src\hotspot\share\prims\jni.cpp, line 520]
Event: 36640.749 Thread 0x000001c34905e440 Exception <a 'java/io/FileNotFoundException'{0x00000000cead3ac8}> (0x00000000cead3ac8) 
thrown [s\open\src\hotspot\share\prims\jni.cpp, line 520]
Event: 36640.749 Thread 0x000001c34905e440 Exception <a 'java/io/FileNotFoundException'{0x00000000ceaddae0}> (0x00000000ceaddae0) 
thrown [s\open\src\hotspot\share\prims\jni.cpp, line 520]

ZGC Phase Switch (0 events):
No events

VM Operations (20 events):
Event: 38156.588 Executing VM operation: G1PauseCleanup
Event: 38156.590 Executing VM operation: G1PauseCleanup done
Event: 38194.911 Executing VM operation: Cleanup
Event: 38195.450 Executing VM operation: Cleanup done
Event: 38196.451 Executing VM operation: Cleanup
Event: 38196.451 Executing VM operation: Cleanup done
Event: 38197.462 Executing VM operation: Cleanup
Event: 38197.462 Executing VM operation: Cleanup done
Event: 38199.471 Executing VM operation: Cleanup
Event: 38199.471 Executing VM operation: Cleanup done
Event: 38234.799 Executing VM operation: HandshakeAllThreads (HandshakeForDeflation)
Event: 38234.800 Executing VM operation: HandshakeAllThreads (HandshakeForDeflation) done
Event: 38234.800 Executing VM operation: RendezvousGCThreads
Event: 38234.800 Executing VM operation: RendezvousGCThreads done
Event: 38246.308 Executing VM operation: G1CollectForAllocation (G1 Evacuation Pause)
Event: 38246.379 Executing VM operation: G1CollectForAllocation (G1 Evacuation Pause) done
Event: 38344.994 Executing VM operation: G1CollectForAllocation (G1 Evacuation Pause)
Event: 38345.214 Executing VM operation: G1CollectForAllocation (G1 Evacuation Pause) done
Event: 38357.297 Executing VM operation: Cleanup
Event: 38357.362 Executing VM operation: Cleanup done

Memory protections (0 events):
No events

Nmethod flushes (20 events):
Event: 37613.378 Thread 0x000001c34112db90 flushing  nmethod 0x000001c35c106e10
Event: 37613.378 Thread 0x000001c34112db90 flushing  nmethod 0x000001c35c10aa10
Event: 37613.378 Thread 0x000001c34112db90 flushing  nmethod 0x000001c35c10b810
Event: 37613.378 Thread 0x000001c34112db90 flushing  nmethod 0x000001c35c10f290
Event: 37613.378 Thread 0x000001c34112db90 flushing  nmethod 0x000001c35c110c90
Event: 37613.378 Thread 0x000001c34112db90 flushing  nmethod 0x000001c35c111110
Event: 37613.378 Thread 0x000001c34112db90 flushing  nmethod 0x000001c35c111610
Event: 37613.378 Thread 0x000001c34112db90 flushing  nmethod 0x000001c35c112110
Event: 37613.378 Thread 0x000001c34112db90 flushing  nmethod 0x000001c35c119110
Event: 37613.378 Thread 0x000001c34112db90 flushing  nmethod 0x000001c35c119e90
Event: 37613.378 Thread 0x000001c34112db90 flushing  nmethod 0x000001c35c11a590
Event: 37613.378 Thread 0x000001c34112db90 flushing  nmethod 0x000001c35c11b410
Event: 37613.378 Thread 0x000001c34112db90 flushing  nmethod 0x000001c35c11ba10
Event: 37613.378 Thread 0x000001c34112db90 flushing  nmethod 0x000001c35c11c190
Event: 37613.378 Thread 0x000001c34112db90 flushing  nmethod 0x000001c35c11d190
Event: 37613.378 Thread 0x000001c34112db90 flushing  nmethod 0x000001c35c11e510
Event: 37613.378 Thread 0x000001c34112db90 flushing  nmethod 0x000001c35c11e910
Event: 37613.378 Thread 0x000001c34112db90 flushing  nmethod 0x000001c35c11ec90
Event: 37613.378 Thread 0x000001c34112db90 flushing  nmethod 0x000001c35c11fb90
Event: 37613.378 Thread 0x000001c34112db90 flushing  nmethod 0x000001c35c120390

Events (20 events):
Event: 36638.494 Thread 0x000001c34905f160 Thread added: 0x000001c349058860
Event: 36640.229 Thread 0x000001c34905e440 Thread added: 0x000001c349059580
Event: 36640.231 Thread 0x000001c34905e440 Thread added: 0x000001c349059c10
Event: 36640.232 Thread 0x000001c34905e440 Thread added: 0x000001c34905a2a0
Event: 36641.749 Thread 0x000001c34905e440 Thread added: 0x000001c34905a930
Event: 36641.785 Thread 0x000001c34905e440 Thread added: 0x000001c34905bce0
Event: 36641.785 Thread 0x000001c34905e440 Thread added: 0x000001c34905ca00
Event: 36641.785 Thread 0x000001c34905e440 Thread added: 0x000001c34e15af70
Event: 36641.786 Thread 0x000001c34905e440 Thread added: 0x000001c34e159bc0
Event: 36641.786 Thread 0x000001c34905e440 Thread added: 0x000001c34e15a8e0
Event: 36641.786 Thread 0x000001c34905e440 Thread added: 0x000001c34e15b600
Event: 36641.786 Thread 0x000001c34905e440 Thread added: 0x000001c34e159530
Event: 36641.786 Thread 0x000001c34905e440 Thread added: 0x000001c34e158810
Event: 36641.787 Thread 0x000001c34905e440 Thread added: 0x000001c34e155a20
Event: 36641.787 Thread 0x000001c34905e440 Thread added: 0x000001c34e155390
Event: 36641.799 Thread 0x000001c34905e440 Thread added: 0x000001c34e15a250
Event: 36641.799 Thread 0x000001c34905e440 Thread added: 0x000001c34e15bc90
Event: 36641.818 Thread 0x000001c34905e440 Thread exited: 0x000001c34905e440
Event: 36641.820 Thread 0x000001c3490581d0 Thread exited: 0x000001c3490581d0
Event: 36644.356 Thread 0x000001c349058860 Thread exited: 0x000001c349058860


Dynamic libraries:
0x00007ff625130000 - 0x00007ff62513e000 	C:\Users\Admin\.jdks\openjdk-22.0.2\bin\java.exe
0x00007ffdf8d50000 - 0x00007ffdf8f67000 	C:\Windows\SYSTEM32\ntdll.dll
0x00007ffdf6f60000 - 0x00007ffdf7024000 	C:\Windows\System32\KERNEL32.DLL
0x00007ffdf6670000 - 0x00007ffdf6a17000 	C:\Windows\System32\KERNELBASE.dll
0x00007ffdf6070000 - 0x00007ffdf6181000 	C:\Windows\System32\ucrtbase.dll
0x00007ffded9f0000 - 0x00007ffdeda07000 	C:\Users\Admin\.jdks\openjdk-22.0.2\bin\jli.dll
0x00007ffdf8b10000 - 0x00007ffdf8cbe000 	C:\Windows\System32\USER32.dll
0x00007ffdf6a50000 - 0x00007ffdf6a76000 	C:\Windows\System32\win32u.dll
0x00007ffdf8cc0000 - 0x00007ffdf8ce9000 	C:\Windows\System32\GDI32.dll
0x00007ffdf63a0000 - 0x00007ffdf64b9000 	C:\Windows\System32\gdi32full.dll
0x00007ffdf6300000 - 0x00007ffdf639a000 	C:\Windows\System32\msvcp_win.dll
0x00007ffde1140000 - 0x00007ffde13d3000 	C:\Windows\WinSxS\amd64_microsoft.windows.common-controls_6595b64144ccf1df_6.0.22621.3527_none_270e469b73872a76\COMCTL32.dll
0x00007ffdf71e0000 - 0x00007ffdf7287000 	C:\Windows\System32\msvcrt.dll
0x00007ffdead80000 - 0x00007ffdead9b000 	C:\Users\Admin\.jdks\openjdk-22.0.2\bin\VCRUNTIME140.dll
0x00007ffdf6cd0000 - 0x00007ffdf6d01000 	C:\Windows\System32\IMM32.DLL
0x00007ffdeb900000 - 0x00007ffdeb90c000 	C:\Users\Admin\.jdks\openjdk-22.0.2\bin\vcruntime140_1.dll
0x00007ffde36d0000 - 0x00007ffde375e000 	C:\Users\Admin\.jdks\openjdk-22.0.2\bin\msvcp140.dll
0x00007ffd9b7f0000 - 0x00007ffd9c539000 	C:\Users\Admin\.jdks\openjdk-22.0.2\bin\server\jvm.dll
0x00007ffdf6c10000 - 0x00007ffdf6cc2000 	C:\Windows\System32\ADVAPI32.dll
0x00007ffdf6e30000 - 0x00007ffdf6ed8000 	C:\Windows\System32\sechost.dll
0x00007ffdf6a20000 - 0x00007ffdf6a48000 	C:\Windows\System32\bcrypt.dll
0x00007ffdf6a80000 - 0x00007ffdf6b95000 	C:\Windows\System32\RPCRT4.dll
0x00007ffdf8a90000 - 0x00007ffdf8b01000 	C:\Windows\System32\WS2_32.dll
0x00007ffdf5f30000 - 0x00007ffdf5f7d000 	C:\Windows\SYSTEM32\POWRPROF.dll
0x00007ffdf3950000 - 0x00007ffdf3984000 	C:\Windows\SYSTEM32\WINMM.dll
0x00007ffdec930000 - 0x00007ffdec93a000 	C:\Windows\SYSTEM32\VERSION.dll
0x00007ffdf5f10000 - 0x00007ffdf5f23000 	C:\Windows\SYSTEM32\UMPDC.dll
0x00007ffdf5090000 - 0x00007ffdf50a8000 	C:\Windows\SYSTEM32\kernel.appcore.dll
0x00007ffdeb8e0000 - 0x00007ffdeb8ea000 	C:\Users\Admin\.jdks\openjdk-22.0.2\bin\jimage.dll
0x00007ffdf3710000 - 0x00007ffdf3942000 	C:\Windows\SYSTEM32\DBGHELP.DLL
0x00007ffdf7690000 - 0x00007ffdf7a18000 	C:\Windows\System32\combase.dll
0x00007ffdf72a0000 - 0x00007ffdf7377000 	C:\Windows\System32\OLEAUT32.dll
0x00007ffdf36d0000 - 0x00007ffdf3702000 	C:\Windows\SYSTEM32\dbgcore.DLL
0x00007ffdf65f0000 - 0x00007ffdf6669000 	C:\Windows\System32\bcryptPrimitives.dll
0x00007ffddf430000 - 0x00007ffddf43f000 	C:\Users\Admin\.jdks\openjdk-22.0.2\bin\instrument.dll
0x00007ffdead60000 - 0x00007ffdead7e000 	C:\Users\Admin\.jdks\openjdk-22.0.2\bin\java.dll
0x00007ffdf7d90000 - 0x00007ffdf85ec000 	C:\Windows\System32\SHELL32.dll
0x00007ffdf7030000 - 0x00007ffdf71d5000 	C:\Windows\System32\ole32.dll
0x00007ffdf3fb0000 - 0x00007ffdf48a6000 	C:\Windows\SYSTEM32\windows.storage.dll
0x00007ffdf3e70000 - 0x00007ffdf3fae000 	C:\Windows\SYSTEM32\wintypes.dll
0x00007ffdf74e0000 - 0x00007ffdf75d5000 	C:\Windows\System32\SHCORE.dll
0x00007ffdf6ba0000 - 0x00007ffdf6bfe000 	C:\Windows\System32\shlwapi.dll
0x00007ffdf5fa0000 - 0x00007ffdf5fc1000 	C:\Windows\SYSTEM32\profapi.dll
0x00007ffde3ad0000 - 0x00007ffde3ae7000 	C:\Users\Admin\.jdks\openjdk-22.0.2\bin\zip.dll
0x00007ffde4850000 - 0x00007ffde4860000 	C:\Users\Admin\.jdks\openjdk-22.0.2\bin\net.dll
0x00007ffdf5500000 - 0x00007ffdf5569000 	C:\Windows\system32\mswsock.dll
0x00007ffde3b60000 - 0x00007ffde3b76000 	C:\Users\Admin\.jdks\openjdk-22.0.2\bin\nio.dll
0x00007ffddd430000 - 0x00007ffddd44a000 	C:\Program Files\JetBrains\IntelliJ IDEA 2024.1.4\bin\breakgen64.dll
0x00007ffde3a80000 - 0x00007ffde3a89000 	C:\Users\Admin\.jdks\openjdk-22.0.2\bin\extnet.dll
0x00007ffdf4b80000 - 0x00007ffdf4c78000 	C:\Windows\SYSTEM32\DNSAPI.dll
0x00007ffdf4b10000 - 0x00007ffdf4b3d000 	C:\Windows\SYSTEM32\IPHLPAPI.DLL
0x00007ffdf6c00000 - 0x00007ffdf6c09000 	C:\Windows\System32\NSI.dll
0x00007ffde4f70000 - 0x00007ffde4f7a000 	C:\Windows\System32\rasadhlp.dll
0x00007ffdeb970000 - 0x00007ffdeb9f3000 	C:\Windows\System32\fwpuclnt.dll
0x00007ffde4840000 - 0x00007ffde484a000 	C:\Users\Admin\.jdks\openjdk-22.0.2\bin\management.dll
0x00007ffde4440000 - 0x00007ffde444b000 	C:\Users\Admin\.jdks\openjdk-22.0.2\bin\management_ext.dll
0x00007ffdf6d20000 - 0x00007ffdf6d28000 	C:\Windows\System32\PSAPI.DLL
0x00007ffdf5770000 - 0x00007ffdf578b000 	C:\Windows\SYSTEM32\CRYPTSP.dll
0x00007ffdf4ff0000 - 0x00007ffdf5025000 	C:\Windows\system32\rsaenh.dll
0x00007ffdf5600000 - 0x00007ffdf5628000 	C:\Windows\SYSTEM32\USERENV.dll
0x00007ffdf5760000 - 0x00007ffdf576c000 	C:\Windows\SYSTEM32\CRYPTBASE.dll
0x00007ffddca80000 - 0x00007ffddca97000 	C:\Windows\system32\napinsp.dll
0x00007ffddb5a0000 - 0x00007ffddb5bb000 	C:\Windows\system32\pnrpnsp.dll
0x00007ffddae50000 - 0x00007ffddae61000 	C:\Windows\System32\winrnr.dll
0x00007ffdec910000 - 0x00007ffdec925000 	C:\Windows\system32\wshbth.dll
0x00007ffddae20000 - 0x00007ffddae47000 	C:\Windows\system32\nlansp_c.dll
0x00007ffded750000 - 0x00007ffded760000 	C:\Users\Admin\.jdks\openjdk-22.0.2\bin\verify.dll
0x00007ffde3ac0000 - 0x00007ffde3ace000 	C:\Users\Admin\.jdks\openjdk-22.0.2\bin\sunmscapi.dll
0x00007ffdf6190000 - 0x00007ffdf62f8000 	C:\Windows\System32\CRYPT32.dll
0x00007ffdf5900000 - 0x00007ffdf592e000 	C:\Windows\SYSTEM32\ncrypt.dll
0x00007ffdf58c0000 - 0x00007ffdf58f7000 	C:\Windows\SYSTEM32\NTASN1.dll
0x00007ffdd70e0000 - 0x00007ffdd70e8000 	C:\Windows\system32\wshunix.dll

dbghelp: loaded successfully - version: 4.0.5 - missing functions: none
symbol engine: initialized successfully - sym options: 0x614 - pdb path: .;C:\Users\Admin\.jdks\openjdk-22.0.2\bin;C:\Windows\SYSTEM32;C:\Windows\WinSxS\amd64_microsoft.windows.common-controls_6595b64144ccf1df_6.0.22621.3527_none_270e469b73872a76;C:\Users\Admin\.jdks\openjdk-22.0.2\bin\server;C:\Program Files\JetBrains\IntelliJ IDEA 2024.1.4\bin

VM Arguments:
jvm_args: -XX:TieredStopAtLevel=1 -Dspring.output.ansi.enabled=always -Dcom.sun.management.jmxremote -Dspring.jmx.enabled=true -Dspring.liveBeansView.mbeanDomain -Dspring.application.admin.enabled=true -Dmanagement.endpoints.jmx.exposure.include=* -javaagent:C:\Program Files\JetBrains\IntelliJ IDEA 2024.1.4\lib\idea_rt.jar=49976:C:\Program Files\JetBrains\IntelliJ IDEA 2024.1.4\bin -Dfile.encoding=UTF-8 -Dsun.stdout.encoding=UTF-8 -Dsun.stderr.encoding=UTF-8 
java_command: com.example.ytalentbackend.YtalentBackendApplication
java_class_path (initial): C:\Users\Admin\YTALENT\Ytalent-Backend\target\classes;C:\Users\Admin\.m2\repository\org\springframework\boot\spring-boot-starter-mail\3.3.2\spring-boot-starter-mail-3.3.2.jar;C:\Users\Admin\.m2\repository\org\springframework\boot\spring-boot-starter\3.3.2\spring-boot-starter-3.3.2.jar;C:\Users\Admin\.m2\repository\org\springframework\boot\spring-boot-starter-logging\3.3.2\spring-boot-starter-logging-3.3.2.jar;C:\Users\Admin\.m2\repository\ch\qos\logback\logback-classic\1.5.6\logback-classic-1.5.6.jar;C:\Users\Admin\.m2\repository\ch\qos\logback\logback-core\1.5.6\logback-core-1.5.6.jar;C:\Users\Admin\.m2\repository\org\apache\logging\log4j\log4j-to-slf4j\2.23.1\log4j-to-slf4j-2.23.1.jar;C:\Users\Admin\.m2\repository\org\apache\logging\log4j\log4j-api\2.23.1\log4j-api-2.23.1.jar;C:\Users\Admin\.m2\repository\org\slf4j\jul-to-slf4j\2.0.13\jul-to-slf4j-2.0.13.jar;C:\Users\Admin\.m2\repository\jakarta\annotation\jakarta.annotation-api\2.1.1\jakarta.annotation-api-2.1.1.jar;C:\Users\Admin\.m2\repository\org\yaml\snakeyaml\2.2\snakeyaml-2.2.jar;C:\Users\Admin\.m2\repository\org\springframework\spring-context-support\6.1.11\spring-context-support-6.1.11.jar;C:\Users\Admin\.m2\repository\org\eclipse\angus\jakarta.mail\2.0.3\jakarta.mail-2.0.3.jar;C:\Users\Admin\.m2\repository\org\eclipse\angus\angus-activation\2.0.2\angus-activation-2.0.2.jar;C:\Users\Admin\.m2\repository\com\twilio\sdk\twilio\8.23.0\twilio-8.23.0.jar;C:\Users\Admin\.m2\repository\commons-codec\commons-codec\1.16.1\commons-codec-1.16.1.jar;C:\Users\Admin\.m2\repository\commons-io\commons-io\2.7\commons-io-2.7.jar;C:\Users\Admin\.m2\repository\org\apache\httpcomponents\httpclient\4.5.13\httpclient-4.5.13.jar;C:\Users\Admin\.m2\repository\commons-logging\commons-logging\1.2\commons-logging-1.2.jar;C:\Users\Admin\.m2\repository\org\apache\httpcomponents\httpcore\4.4.16\httpcore-4.4.16.jar;C:\Users\Admin\.m2\repository\com\fasterxml\jackson\core\jackson-core\2.17.2\jackson-core-2.17.2.jar;C:\Users\Admin\.m2\repository\com\fasterxml\jackson\core\jackson-annotations\2.17.2\jackson-annotations-2.17.2.jar;C:\Users\Admin\.m2\repository\com\fasterxml\jackson\core\jackson-databind\2.17.2\jackson-databind-2.17.2.jar;C:\Users\Admin\.m2\repository\com\fasterxml\jackson\datatype\jackson-datatype-jsr310\2.17.2\jackson-datatype-jsr310-2.17.2.jar;C:\Users\Admin\.m2\repository\com\fasterxml\jackson\dataformat\jackson-dataformat-xml\2.17.2\jackson-dataformat-xml-2.17.2.jar;C:\Users\Admin\.m2\repository\org\codehaus\woodstox\stax2-api\4.2.2\stax2-api-4.2.2.jar;C:\Users\Admin\.m2\repository\com\fasterxml\woodstox\woodstox-core\6.7.0\woodstox-core-6.7.0.jar;C:\Users\Admin\.m2\repository\org\slf4j\slf4j-api\2.0.13\slf4j-api-2.0.13.jar;C:\Users\Admin\.m2\repository\javax\xml\bind\jaxb-api\2.3.1\jaxb-api-2.3.1.jar;C:\Users\Admin\.m2\repository\javax\activation\javax.activation-api\1.2.0\javax.activation-api-1.2.0.jar;C:\Users\Admin\.m2\repository\org\springframework\boot\spring-boot-starter-validation\3.3.2\spring-boot-starter-validation-3.3.2.jar;C:\Users\Admin\.m2\repository\org\apache\tomcat\embed\tomcat-embed-el\10.1.26\tomcat-embed-el-10.1.26.jar;C:\Users\Admin\.m2\repository\org\springframework\boot\spring-boot-starter-security\3.3.2\spring-boot-starter-security-3.3.2.jar;C:\Users\Admin\.m2\repository\org\springframework\spring-aop\6.1.11\spring-aop-6.1.11.jar;C:\Users\Admin\.m2\repository\org\springframework\security\spring-security-web\6.3.1\spring-security-web-6.3.1.jar;C:\Users\Admin\.m2\repository\org\springframework\spring-expression\6.1.11\spring-expression-6.1.11.jar;C:\Users\Admin\.m2\repository\org\springframework\security\spring-security-config\6.1.0\spring-security-config-6.1.0.jar;C:\Users\Admin\.m2\repository\org\springframework\security\spring-security-core\6.3.1\spring-security-core-6.3.1.jar;C:\Users\Admin\.m2\repository\org\springframework\security\spring-security-crypto\6.3.1\spring-security-crypto-6.3.1.jar;C:\Users\Admin\.m2\repository\io\micrometer\micrometer-observation\1.13.2\micrometer-observation-1.13.2.jar;C:\Users\Admin\.m2\repository\io\micrometer\micrometer-commons\1.13.2\micrometer-commons-1.13.2.jar;C:\Users\Admin\.m2\repository\org\springframework\spring-beans\6.1.11\spring-beans-6.1.11.jar;C:\Users\Admin\.m2\repository\org\springframework\spring-context\6.1.11\spring-context-6.1.11.jar;C:\Users\Admin\.m2\repository\org\springframework\spring-core\6.1.11\spring-core-6.1.11.jar;C:\Users\Admin\.m2\repository\org\springframework\spring-jcl\6.1.11\spring-jcl-6.1.11.jar;C:\Users\Admin\.m2\repository\org\hibernate\validator\hibernate-validator\8.0.0.Final\hibernate-validator-8.0.0.Final.jar;C:\Users\Admin\.m2\repository\jakarta\validation\jakarta.validation-api\3.0.2\jakarta.validation-api-3.0.2.jar;C:\Users\Admin\.m2\repository\org\jboss\logging\jboss-logging\3.5.3.Final\jboss-logging-3.5.3.Final.jar;C:\Users\Admin\.m2\repository\com\fasterxml\classmate\1.7.0\classmate-1.7.0.jar;C:\Users\Admin\.m2\repository\org\glassfish\jakarta.el\4.0.2\jakarta.el-4.0.2.jar;C:\Users\Admin\.m2\repository\jakarta\el\jakarta.el-api\4.0.0\jakarta.el-api-4.0.0.jar;C:\Users\Admin\.m2\repository\org\springframework\boot\spring-boot-starter-data-jpa\3.3.2\spring-boot-starter-data-jpa-3.3.2.jar;C:\Users\Admin\.m2\repository\org\springframework\boot\spring-boot-starter-aop\3.3.2\spring-boot-starter-aop-3.3.2.jar;C:\Users\Admin\.m2\repository\org\aspectj\aspectjweaver\1.9.22.1\aspectjweaver-1.9.22.1.jar;C:\Users\Admin\.m2\repository\org\springframework\boot\spring-boot-starter-jdbc\3.3.2\spring-boot-starter-jdbc-3.3.2.jar;C:\Users\Admin\.m2\repository\com\zaxxer\HikariCP\5.1.0\HikariCP-5.1.0.jar;C:\Users\Admin\.m2\repository\org\springframework\spring-jdbc\6.1.11\spring-jdbc-6.1.11.jar;C:\Users\Admin\.m2\repository\org\hibernate\orm\hibernate-core\6.5.2.Final\hibernate-core-6.5.2.Final.jar;C:\Users\Admin\.m2\repository\jakarta\persistence\jakarta.persistence-api\3.1.0\jakarta.persistence-api-3.1.0.jar;C:\Users\Admin\.m2\repository\jakarta\transaction\jakarta.transaction-api\2.0.1\jakarta.transaction-api-2.0.1.jar;C:\Users\Admin\.m2\repository\org\hibernate\common\hibernate-commons-annotations\6.0.6.Final\hibernate-commons-annotations-6.0.6.Final.jar;C:\Users\Admin\.m2\repository\io\smallrye\jandex\3.1.2\jandex-3.1.2.jar;C:\Users\Admin\.m2\repository\net\bytebuddy\byte-buddy\1.14.18\byte-buddy-1.14.18.jar;C:\Users\Admin\.m2\repository\org\glassfish\jaxb\jaxb-runtime\4.0.5\jaxb-runtime-4.0.5.jar;C:\Users\Admin\.m2\repository\org\glassfish\jaxb\jaxb-core\4.0.5\jaxb-core-4.0.5.jar;C:\Users\Admin\.m2\repository\org\glassfish\jaxb\txw2\4.0.5\txw2-4.0.5.jar;C:\Users\Admin\.m2\repository\com\sun\istack\istack-commons-runtime\4.1.2\istack-commons-runtime-4.1.2.jar;C:\Users\Admin\.m2\repository\jakarta\inject\jakarta.inject-api\2.0.1\jakarta.inject-api-2.0.1.jar;C:\Users\Admin\.m2\repository\org\antlr\antlr4-runtime\4.13.0\antlr4-runtime-4.13.0.jar;C:\Users\Admin\.m2\repository\org\springframework\data\spring-data-jpa\3.3.2\spring-data-jpa-3.3.2.jar;C:\Users\Admin\.m2\repository\org\springframework\data\spring-data-commons\3.3.2\spring-data-commons-3.3.2.jar;C:\Users\Admin\.m2\repository\org\springframework\spring-orm\6.1.11\spring-orm-6.1.11.jar;C:\Users\Admin\.m2\repository\org\springframework\spring-tx\6.1.11\spring-tx-6.1.11.jar;C:\Users\Admin\.m2\repository\org\springframework\spring-aspects\6.1.11\spring-aspects-6.1.11.jar;C:\Users\Admin\.m2\repository\org\springframework\boot\spring-boot-starter-thymeleaf\3.3.2\spring-boot-starter-thymeleaf-3.3.2.jar;C:\Users\Admin\.m2\repository\org\thymeleaf\thymeleaf-spring6\3.1.2.RELEASE\thymeleaf-spring6-3.1.2.RELEASE.jar;C:\Users\Admin\.m2\repository\org\thymeleaf\thymeleaf\3.1.2.RELEASE\thymeleaf-3.1.2.RELEASE.jar;C:\Users\Admin\.m2\repository\org\attoparser\attoparser\2.0.7.RELEASE\attoparser-2.0.7.RELEASE.jar;C:\Users\Admin\.m2\repository\org\unbescape\unbescape\1.1.6.RELEASE\unbescape-1.1.6.RELEASE.jar;C:\Users\Admin\.m2\repository\org\springframework\boot\spring-boot-starter-web\3.3.2\spring-boot-starter-web-3.3.2.jar;C:\Users\Admin\.m2\repository\org\springframework\boot\spring-boot-starter-json\3.3.2\spring-boot-starter-json-3.3.2.jar;C:\Users\Admin\.m2\repository\com\fasterxml\jackson\datatype\jackson-datatype-jdk8\2.17.2\jackson-datatype-jdk8-2.17.2.jar;C:\Users\Admin\.m2\repository\com\fasterxml\jackson\module\jackson-module-parameter-names\2.17.2\jackson-module-parameter-names-2.17.2.jar;C:\Users\Admin\.m2\repository\org\springframework\boot\spring-boot-starter-tomcat\3.3.2\spring-boot-starter-tomcat-3.3.2.jar;C:\Users\Admin\.m2\repository\org\apache\tomcat\embed\tomcat-embed-core\10.1.26\tomcat-embed-core-10.1.26.jar;C:\Users\Admin\.m2\repository\org\apache\tomcat\embed\tomcat-embed-websocket\10.1.26\tomcat-embed-websocket-10.1.26.jar;C:\Users\Admin\.m2\repository\org\springframework\spring-web\6.1.11\spring-web-6.1.11.jar;C:\Users\Admin\.m2\repository\org\springframework\spring-webmvc\6.1.11\spring-webmvc-6.1.11.jar;C:\Users\Admin\.m2\repository\org\springframework\boot\spring-boot-devtools\3.3.2\spring-boot-devtools-3.3.2.jar;C:\Users\Admin\.m2\repository\org\springframework\boot\spring-boot\3.3.2\spring-boot-3.3.2.jar;C:\Users\Admin\.m2\repository\org\springframework\boot\spring-boot-autoconfigure\3.3.2\spring-boot-autoconfigure-3.3.2.jar;C:\Users\Admin\.m2\repository\jakarta\platform\jakarta.jakartaee-api\10.0.0\jakarta.jakartaee-api-10.0.0.jar;C:\Users\Admin\.m2\repository\jakarta\platform\jakarta.jakartaee-web-api\10.0.0\jakarta.jakartaee-web-api-10.0.0.jar;C:\Users\Admin\.m2\repository\jakarta\servlet\jakarta.servlet-api\6.0.0\jakarta.servlet-api-6.0.0.jar;C:\Users\Admin\.m2\repository\jakarta\servlet\jsp\jakarta.servlet.jsp-api\3.1.0\jakarta.servlet.jsp-api-3.1.0.jar;C:\Users\Admin\.m2\repository\jakarta\servlet\jsp\jstl\jakarta.servlet.jsp.jstl-api\3.0.0\jakarta.servlet.jsp.jstl-api-3.0.0.jar;C:\Users\Admin\.m2\repository\jakarta\faces\jakarta.faces-api\4.0.1\jakarta.faces-api-4.0.1.jar;C:\Users\Admin\.m2\repository\jakarta\ws\rs\jakarta.ws.rs-api\3.1.0\jakarta.ws.rs-api-3.1.0.jar;C:\Users\Admin\.m2\repository\jakarta\websocket\jakarta.websocket-api\2.1.1\jakarta.websocket-api-2.1.1.jar;C:\Users\Admin\.m2\repository\jakarta\websocket\jakarta.websocket-client-api\2.1.1\jakarta.websocket-client-api-2.1.1.jar;C:\Users\Admin\.m2\repository\jakarta\json\jakarta.json-api\2.1.3\jakarta.json-api-2.1.3.jar;C:\Users\Admin\.m2\repository\jakarta\json\bind\jakarta.json.bind-api\3.0.1\jakarta.json.bind-api-3.0.1.jar;C:\Users\Admin\.m2\repository\jakarta\ejb\jakarta.ejb-api\4.0.1\jakarta.ejb-api-4.0.1.jar;C:\Users\Admin\.m2\repository\jakarta\interceptor\jakarta.interceptor-api\2.1.0\jakarta.interceptor-api-2.1.0.jar;C:\Users\Admin\.m2\repository\jakarta\enterprise\jakarta.enterprise.cdi-api\4.0.1\jakarta.enterprise.cdi-api-4.0.1.jar;C:\Users\Admin\.m2\repository\jakarta\enterprise\jakarta.enterprise.lang-model\4.0.1\jakarta.enterprise.lang-model-4.0.1.jar;C:\Users\Admin\.m2\repository\jakarta\authentication\jakarta.authentication-api\3.0.0\jakarta.authentication-api-3.0.0.jar;C:\Users\Admin\.m2\repository\jakarta\security\enterprise\jakarta.security.enterprise-api\3.0.0\jakarta.security.enterprise-api-3.0.0.jar;C:\Users\Admin\.m2\repository\jakarta\jms\jakarta.jms-api\3.1.0\jakarta.jms-api-3.1.0.jar;C:\Users\Admin\.m2\repository\jakarta\activation\jakarta.activation-api\2.1.3\jakarta.activation-api-2.1.3.jar;C:\Users\Admin\.m2\repository\jakarta\mail\jakarta.mail-api\2.1.3\jakarta.mail-api-2.1.3.jar;C:\Users\Admin\.m2\repository\jakarta\resource\jakarta.resource-api\2.1.0\jakarta.resource-api-2.1.0.jar;C:\Users\Admin\.m2\repository\jakarta\authorization\jakarta.authorization-api\2.1.0\jakarta.authorization-api-2.1.0.jar;C:\Users\Admin\.m2\repository\jakarta\batch\jakarta.batch-api\2.1.1\jakarta.batch-api-2.1.1.jar;C:\Users\Admin\.m2\repository\com\mysql\mysql-connector-j\8.3.0\mysql-connector-j-8.3.0.jar;C:\Users\Admin\.m2\repository\org\projectlombok\lombok\1.18.34\lombok-1.18.34.jar;C:\Users\Admin\.m2\repository\jakarta\xml\bind\jakarta.xml.bind-api\4.0.2\jakarta.xml.bind-api-4.0.2.jar;C:\Users\Admin\.m2\repository\io\jsonwebtoken\jjwt-api\0.11.5\jjwt-api-0.11.5.jar;C:\Users\Admin\.m2\repository\io\jsonwebtoken\jjwt-impl\0.11.5\jjwt-impl-0.11.5.jar;C:\Users\Admin\.m2\repository\io\jsonwebtoken\jjwt-jackson\0.11.5\jjwt-jackson-0.11.5.jar
Launcher Type: SUN_STANDARD

[Global flags]
     intx CICompilerCount                          = 3                                         {product} {ergonomic}
     uint ConcGCThreads                            = 1                                         {product} {ergonomic}
     uint G1ConcRefinementThreads                  = 4                                         {product} {ergonomic}
   size_t G1HeapRegionSize                         = 1048576                                   {product} {ergonomic}
   size_t InitialHeapSize                          = 58720256                                  {product} {ergonomic}
     bool ManagementServer                         = true                                      {product} {command line}
   size_t MarkStackSize                            = 4194304                                   {product} {ergonomic}
   size_t MaxHeapSize                              = 922746880                                 {product} {ergonomic}
   size_t MaxNewSize                               = 553648128                                 {product} {ergonomic}
   size_t MinHeapDeltaBytes                        = 1048576                                   {product} {ergonomic}
   size_t MinHeapSize                              = 8388608                                   {product} {ergonomic}
    uintx NonNMethodCodeHeapSize                   = 4096                                   {pd product} {ergonomic}
    uintx NonProfiledCodeHeapSize                  = 0                                      {pd product} {ergonomic}
     bool ProfileInterpreter                       = false                                  {pd product} {command line}
    uintx ProfiledCodeHeapSize                     = 0                                      {pd product} {ergonomic}
   size_t SoftMaxHeapSize                          = 922746880                              {manageable} {ergonomic}
     intx TieredStopAtLevel                        = 1                                         {product} {command line}
     bool UseCompressedOops                        = true                           {product lp64_product} {ergonomic}
     bool UseG1GC                                  = true                                      {product} {ergonomic}
     bool UseLargePagesIndividualAllocation        = false                                  {pd product} {ergonomic}

Logging:
Log output configuration:
 #0: stdout all=warning uptime,level,tags foldmultilines=false
 #1: stderr all=off uptime,level,tags foldmultilines=false

Environment Variables:
JAVA_HOME=C:\Program Files\Java\jdk-22
PATH=C:\Windows\system32;C:\Windows;C:\Windows\System32\Wbem;C:\Windows\System32\WindowsPowerShell\v1.0\;C:\Windows\System32\OpenSSH\;C:\Program Files\Microsoft SQL Server\150\Tools\Binn\;C:\Program Files\Microsoft SQL Server\Client SDK\ODBC\170\Tools\Binn\;C:\Program Files\dotnet\;C:\Program Files (x86)\Windows Kits\10\Windows Performance Toolkit\;C:\Users\Admin\AppData\Local\Android\Sdk;C:\Program Files (x86)\Microsoft SQL Server\160\DTS\Binn\;C:\flutter\bin;C:\Program Files\Git\cmd;C:\Users\Admin\AppData\Local\Microsoft\WinGet\Links\fnm.exe;C:\Program Files\nodejs\;C:\apache-maven-3.9.8\bin;C:\Program Files\Java\jdk-22\bin;C:\Users\Admin\AppData\Local\Microsoft\WindowsApps;C:\Users\Admin\.dotnet\tools;C:\Users\Admin\AppData\Local\Programs\Microsoft VS Code\bin;C:\Users\Admin\AppData\Local\GitHubDesktop\bin;C:\Users\Admin\AppData\Local\Microsoft\WinGet\Links;C:\Users\Admin\AppData\Roaming\npm;C:\jdk-22.0.2\bin;
USERNAME=Admin
OS=Windows_NT
PROCESSOR_IDENTIFIER=AMD64 Family 23 Model 24 Stepping 1, AuthenticAMD
TMP=C:\Users\Admin\AppData\Local\Temp
TEMP=C:\Users\Admin\AppData\Local\Temp




Periodic native trim disabled

---------------  S Y S T E M  ---------------

OS:
 Windows 11 , 64 bit Build 22621 (10.0.22621.3527)
OS uptime: 0 days 16:09 hours

CPU: total 4 (initial active 4) (4 cores per cpu, 2 threads per core) family 23 model 24 stepping 1 microcode 0x0, cx8, cmov, fxsr, ht, mmx, 3dnowpref, sse, sse2, sse3, ssse3, sse4a, sse4.1, sse4.2, popcnt, lzcnt, tsc, tscinvbit, avx, avx2, aes, clmul, bmi1, bmi2, adx, sha, fma, vzeroupper, clflush, clflushopt, rdtscp, f16c
Processor Information for all 4 processors :
  Max Mhz: 2400, Current Mhz: 2400, Mhz Limit: 2400

Memory: 4k page, system-wide physical 3518M (85M free)
TotalPageFile size 14270M (AvailPageFile size 16M)
current process WorkingSet (physical memory assigned to process): 73M, peak: 300M
current process commit charge ("private bytes"): 352M, peak: 441M

vm_info: OpenJDK 64-Bit Server VM (22.0.2+9-70) for windows-amd64 JRE (22.0.2+9-70), built on 2024-06-04T16:52:23Z by "mach5one" with MS VC++ 17.6 (VS2022)

END.
