#
# There is insufficient memory for the Java Runtime Environment to continue.
# Native memory allocation (mmap) failed to map 65536 bytes. Error detail: Failed to commit metaspace.
# Possible reasons:
#   The system is out of physical RAM or swap space
#   This process is running with CompressedOops enabled, and the Java Heap may be blocking the growth of the native heap
# Possible solutions:
#   Reduce memory load on the system
#   Increase physical memory or swap space
#   Check if swap backing store is full
#   Decrease Java heap size (-Xmx/-Xms)
#   Decrease number of Java threads
#   Decrease Java thread stack sizes (-Xss)
#   Set larger code cache with -XX:ReservedCodeCacheSize=
#   JVM is running with Unscaled Compressed Oops mode in which the Java heap is
#     placed in the first 4GB address space. The Java Heap base address is the
#     maximum limit for the native heap growth. Please use -XX:HeapBaseMinAddress
#     to set the Java Heap base and to place the Java Heap above 4GB virtual address.
# This output file may be truncated or incomplete.
#
#  Out of Memory Error (virtualSpaceNode.cpp:112), pid=9192, tid=11244
#
# JRE version: OpenJDK Runtime Environment (22.0.2+9) (build 22.0.2+9-70)
# Java VM: OpenJDK 64-Bit Server VM (22.0.2+9-70, mixed mode, emulated-client, sharing, tiered, compressed oops, compressed class ptrs, g1 gc, windows-amd64)
# No core dump will be written. Minidumps are not enabled by default on client versions of Windows
#

---------------  S U M M A R Y ------------

Command Line: -XX:TieredStopAtLevel=1 -Dspring.output.ansi.enabled=always -Dcom.sun.management.jmxremote -Dspring.jmx.enabled=true -Dspring.liveBeansView.mbeanDomain -Dspring.application.admin.enabled=true -Dmanagement.endpoints.jmx.exposure.include=* -javaagent:C:\Program Files\JetBrains\IntelliJ IDEA 2024.1.4\lib\idea_rt.jar=62594:C:\Program Files\JetBrains\IntelliJ IDEA 2024.1.4\bin -Dfile.encoding=UTF-8 -Dsun.stdout.encoding=UTF-8 -Dsun.stderr.encoding=UTF-8 com.example.ytalentbackend.YtalentBackendApplication

Host: AMD Athlon Gold 3150U with Radeon Graphics     , 4 cores, 3G,  Windows 11 , 64 bit Build 22621 (10.0.22621.3527)
Time: Sat Sep  7 19:28:37 2024 Hora de verano del Pacífico elapsed time: 2.769314 seconds (0d 0h 0m 2s)

---------------  T H R E A D  ---------------

Current thread (0x0000013f570babc0):  JavaThread "restartedMain"        [_thread_in_vm, id=11244, stack(0x00000035e7b00000,0x00000035e7c00000) (1024K)]

Stack: [0x00000035e7b00000,0x00000035e7c00000]
Native frames: (J=compiled Java code, j=interpreted, Vv=VM code, C=native code)
V  [jvm.dll+0x6e26e9]  (no source info available)
V  [jvm.dll+0x875753]  (no source info available)
V  [jvm.dll+0x877b7e]  (no source info available)
V  [jvm.dll+0x878253]  (no source info available)
V  [jvm.dll+0x27fc86]  (no source info available)
V  [jvm.dll+0x87139e]  (no source info available)
V  [jvm.dll+0x685755]  (no source info available)
V  [jvm.dll+0x1e3cdc]  (no source info available)
V  [jvm.dll+0x1e3aae]  (no source info available)
V  [jvm.dll+0x6880a8]  (no source info available)
V  [jvm.dll+0x224f6c]  (no source info available)
V  [jvm.dll+0x68616e]  (no source info available)
V  [jvm.dll+0x27c9ed]  (no source info available)
V  [jvm.dll+0x27cdb1]  (no source info available)
V  [jvm.dll+0x73ae8f]  (no source info available)
V  [jvm.dll+0x73bc7f]  (no source info available)
V  [jvm.dll+0x3c8e5f]  (no source info available)
V  [jvm.dll+0x47c375]  (no source info available)
V  [jvm.dll+0x4878bd]  (no source info available)
C  0x0000013f0a03ca2e  (no source info available)

The last pc belongs to native method entry point (kind = native) (printed below).
Java frames: (J=compiled Java code, j=interpreted, Vv=VM code)
j  java.lang.Class.getDeclaredConstructors0(Z)[Ljava/lang/reflect/Constructor;+0 java.base@22.0.2
J 854 c1 java.lang.Class.privateGetDeclaredConstructors(Z)[Ljava/lang/reflect/Constructor; java.base@22.0.2 (79 bytes) @ 0x0000013f0a313d34 [0x0000013f0a313be0+0x0000000000000154]
j  java.lang.Class.getConstructors()[Ljava/lang/reflect/Constructor;+20 java.base@22.0.2
j  org.springframework.core.io.support.SpringFactoriesLoader$FactoryInstantiator.findConstructor(Ljava/lang/Class;)Ljava/lang/reflect/Constructor;+14
j  org.springframework.core.io.support.SpringFactoriesLoader$FactoryInstantiator.forClass(Ljava/lang/Class;)Lorg/springframework/core/io/support/SpringFactoriesLoader$FactoryInstantiator;+1
j  org.springframework.core.io.support.SpringFactoriesLoader.instantiateFactory(Ljava/lang/String;Ljava/lang/Class;Lorg/springframework/core/io/support/SpringFactoriesLoader$ArgumentResolver;Lorg/springframework/core/io/support/SpringFactoriesLoader$FailureHandler;)Ljava/lang/Object;+28
j  org.springframework.core.io.support.SpringFactoriesLoader.load(Ljava/lang/Class;Lorg/springframework/core/io/support/SpringFactoriesLoader$ArgumentResolver;Lorg/springframework/core/io/support/SpringFactoriesLoader$FailureHandler;)Ljava/util/List;+99
j  org.springframework.boot.diagnostics.FailureAnalyzers.loadFailureAnalyzers(Lorg/springframework/context/ConfigurableApplicationContext;Lorg/springframework/core/io/support/SpringFactoriesLoader;)Ljava/util/List;+13
j  org.springframework.boot.diagnostics.FailureAnalyzers.<init>(Lorg/springframework/context/ConfigurableApplicationContext;Lorg/springframework/core/io/support/SpringFactoriesLoader;)V+15
j  org.springframework.boot.diagnostics.FailureAnalyzers.<init>(Lorg/springframework/context/ConfigurableApplicationContext;)V+19
J 1758 c1 java.lang.invoke.DirectMethodHandle$Holder.newInvokeSpecial(Ljava/lang/Object;Ljava/lang/Object;)Ljava/lang/Object; java.base@22.0.2 (21 bytes) @ 0x0000013f0a48880c [0x0000013f0a488740+0x00000000000000cc]
j  java.lang.invoke.LambdaForm$MH+0x0000013f12007800.invoke(Ljava/lang/Object;Ljava/lang/Object;)Ljava/lang/Object;+31 java.base@22.0.2
J 859 c1 jdk.internal.reflect.DirectConstructorHandleAccessor.newInstance([Ljava/lang/Object;)Ljava/lang/Object; java.base@22.0.2 (130 bytes) @ 0x0000013f0a3179f4 [0x0000013f0a317700+0x00000000000002f4]
J 858 c1 java.lang.reflect.Constructor.newInstanceWithCaller([Ljava/lang/Object;ZLjava/lang/Class;)Ljava/lang/Object; java.base@22.0.2 (51 bytes) @ 0x0000013f0a3166f4 [0x0000013f0a316640+0x00000000000000b4]
J 867 c1 java.lang.reflect.Constructor.newInstance([Ljava/lang/Object;)Ljava/lang/Object; java.base@22.0.2 (34 bytes) @ 0x0000013f0a31a864 [0x0000013f0a31a7c0+0x00000000000000a4]
j  org.springframework.core.io.support.SpringFactoriesLoader$FactoryInstantiator.instantiate(Lorg/springframework/core/io/support/SpringFactoriesLoader$ArgumentResolver;)Ljava/lang/Object;+33
j  org.springframework.core.io.support.SpringFactoriesLoader.instantiateFactory(Ljava/lang/String;Ljava/lang/Class;Lorg/springframework/core/io/support/SpringFactoriesLoader$ArgumentResolver;Lorg/springframework/core/io/support/SpringFactoriesLoader$FailureHandler;)Ljava/lang/Object;+36
j  org.springframework.core.io.support.SpringFactoriesLoader.load(Ljava/lang/Class;Lorg/springframework/core/io/support/SpringFactoriesLoader$ArgumentResolver;Lorg/springframework/core/io/support/SpringFactoriesLoader$FailureHandler;)Ljava/util/List;+99
j  org.springframework.core.io.support.SpringFactoriesLoader.load(Ljava/lang/Class;Lorg/springframework/core/io/support/SpringFactoriesLoader$ArgumentResolver;)Ljava/util/List;+4
j  org.springframework.boot.SpringApplication.getSpringFactoriesInstances(Ljava/lang/Class;Lorg/springframework/core/io/support/SpringFactoriesLoader$ArgumentResolver;)Ljava/util/List;+9
j  org.springframework.boot.SpringApplication.getExceptionReporters(Lorg/springframework/context/ConfigurableApplicationContext;)Ljava/util/Collection;+12
j  org.springframework.boot.SpringApplication.handleRunFailure(Lorg/springframework/context/ConfigurableApplicationContext;Ljava/lang/Throwable;Lorg/springframework/boot/SpringApplicationRunListeners;)Ljava/lang/RuntimeException;+35
j  org.springframework.boot.SpringApplication.run([Ljava/lang/String;)Lorg/springframework/context/ConfigurableApplicationContext;+183
j  org.springframework.boot.SpringApplication.run([Ljava/lang/Class;[Ljava/lang/String;)Lorg/springframework/context/ConfigurableApplicationContext;+9
j  org.springframework.boot.SpringApplication.run(Ljava/lang/Class;[Ljava/lang/String;)Lorg/springframework/context/ConfigurableApplicationContext;+9
j  com.example.ytalentbackend.YtalentBackendApplication.main([Ljava/lang/String;)V+3
j  java.lang.invoke.LambdaForm$DMH+0x0000013f12003400.invokeStatic(Ljava/lang/Object;Ljava/lang/Object;)V+10 java.base@22.0.2
j  java.lang.invoke.LambdaForm$MH+0x0000013f12119000.invoke(Ljava/lang/Object;Ljava/lang/Object;Ljava/lang/Object;)Ljava/lang/Object;+33 java.base@22.0.2
j  java.lang.invoke.Invokers$Holder.invokeExact_MT(Ljava/lang/Object;Ljava/lang/Object;Ljava/lang/Object;Ljava/lang/Object;)Ljava/lang/Object;+20 java.base@22.0.2
j  jdk.internal.reflect.DirectMethodHandleAccessor.invokeImpl(Ljava/lang/Object;[Ljava/lang/Object;)Ljava/lang/Object;+55 java.base@22.0.2
j  jdk.internal.reflect.DirectMethodHandleAccessor.invoke(Ljava/lang/Object;[Ljava/lang/Object;)Ljava/lang/Object;+23 java.base@22.0.2
j  java.lang.reflect.Method.invoke(Ljava/lang/Object;[Ljava/lang/Object;)Ljava/lang/Object;+102 java.base@22.0.2
j  org.springframework.boot.devtools.restart.RestartLauncher.run()V+47
v  ~StubRoutines::call_stub 0x0000013f0a03100d
native method entry point (kind = native)  [0x0000013f0a03c640, 0x0000013f0a03d128]  2792 bytes
[MachCode]
  0x0000013f0a03c640: 488b 4b08 | 0fb7 492e | 584c 8d74 | ccf8 6800 | 0000 0068 | 0000 0000 | 5055 488b | ec41 5568 
  0x0000013f0a03c660: 0000 0000 | 4c8b 6b08 | 4d8d 6d38 | 5348 8b53 | 0848 8b52 | 0848 8b52 | 1848 8b52 | 7048 8b12 
  0x0000013f0a03c680: 5268 0000 | 0000 488b | 5308 488b | 5208 488b | 5210 5249 | 8bc6 482b | c548 c1e8 | 0350 6800 
  0x0000013f0a03c6a0: 0000 0068 | f7ff ffff | 41c6 8781 | 0400 0001 | 488b 4318 | 4885 c00f | 85b0 0000 | 00e8 0500 
  0x0000013f0a03c6c0: 0000 e999 | 0000 0048 | 8bd3 488d | 4424 084c | 896d c049 | 8bcf c5f8 | 7749 89af | b003 0000 
  0x0000013f0a03c6e0: 4989 87a0 | 0300 0048 | 83ec 2040 | f6c4 0f0f | 8419 0000 | 0048 83ec | 0848 b800 | a716 79fa 
  0x0000013f0a03c700: 7f00 00ff | d048 83c4 | 08e9 0c00 | 0000 48b8 | 00a7 1679 | fa7f 0000 | ffd0 4883 | c420 49c7 
  0x0000013f0a03c720: 87a0 0300 | 0000 0000 | 0049 c787 | b003 0000 | 0000 0000 | 49c7 87a8 | 0300 0000 | 0000 00c5 
  0x0000013f0a03c740: f877 4983 | 7f08 000f | 8405 0000 | 00e9 ae47 | ffff 4c8b | 6dc0 4c8b | 75c8 4e8d | 74f5 00c3 
  0x0000013f0a03c760: 488b 4318 | 4885 c00f | 8412 0000 | 008b 4808 | 83c1 0289 | 4808 2348 | 1c0f 84f7 | 0800 0049 
  0x0000013f0a03c780: 3ba7 f004 | 0000 0f87 | 4800 0000 | 8984 2400 | f0ff ff89 | 8424 00e0 | ffff 8984 | 2400 d0ff 
  0x0000013f0a03c7a0: ff89 8424 | 00c0 ffff | 8984 2400 | b0ff ff89 | 8424 00a0 | ffff 8984 | 2400 90ff | ff89 8424 
  0x0000013f0a03c7c0: 0080 ffff | 493b a7e8 | 0400 0076 | 0749 89a7 | f004 0000 | 41c6 8781 | 0400 0000 | 49ba 6c40 
  0x0000013f0a03c7e0: 9d79 fa7f | 0000 4180 | 3a00 0f84 | 3e00 0000 | 488b 55e8 | 498b cf48 | 83ec 2040 | f6c4 0f0f 
  0x0000013f0a03c800: 8419 0000 | 0048 83ec | 0848 b880 | b94d 79fa | 7f00 00ff | d048 83c4 | 08e9 0c00 | 0000 48b8 
  0x0000013f0a03c820: 80b9 4d79 | fa7f 0000 | ffd0 4883 | c420 488b | 5de8 4c8b | 5b08 450f | b75b 2e41 | c1e3 0349 
  0x0000013f0a03c840: 2be3 4883 | ec20 4883 | e4f0 4c8b | 5b60 4d85 | db0f 85ab | 0000 00e8 | 0500 0000 | e999 0000 
  0x0000013f0a03c860: 0048 8bd3 | 488d 4424 | 084c 896d | c049 8bcf | c5f8 7749 | 89af b003 | 0000 4989 | 87a0 0300 
  0x0000013f0a03c880: 0048 83ec | 2040 f6c4 | 0f0f 8419 | 0000 0048 | 83ec 0848 | b820 ce16 | 79fa 7f00 | 00ff d048 
  0x0000013f0a03c8a0: 83c4 08e9 | 0c00 0000 | 48b8 20ce | 1679 fa7f | 0000 ffd0 | 4883 c420 | 49c7 87a0 | 0300 0000 
  0x0000013f0a03c8c0: 0000 0049 | c787 b003 | 0000 0000 | 0000 49c7 | 87a8 0300 | 0000 0000 | 00c5 f877 | 4983 7f08 
  0x0000013f0a03c8e0: 000f 8405 | 0000 00e9 | 1446 ffff | 4c8b 6dc0 | 4c8b 75c8 | 4e8d 74f5 | 00c3 488b | 5de8 4c8b 
  0x0000013f0a03c900: 5b60 41ff | d348 8b5d | e848 8945 | 1844 8b5b | 2841 f6c3 | 080f 841b | 0000 004c | 8b5b 084d 
  0x0000013f0a03c920: 8b5b 084d | 8b5b 184d | 8b5b 704d | 8b1b 4c89 | 5d10 488d | 5510 488b | 4358 49ba | 8010 4e79 
  0x0000013f0a03c940: fa7f 0000 | 493b c20f | 85ab 0000 | 00e8 0500 | 0000 e999 | 0000 0048 | 8bd3 488d | 4424 084c 
  0x0000013f0a03c960: 896d c049 | 8bcf c5f8 | 7749 89af | b003 0000 | 4989 87a0 | 0300 0048 | 83ec 2040 | f6c4 0f0f 
  0x0000013f0a03c980: 8419 0000 | 0048 83ec | 0848 b820 | ce16 79fa | 7f00 00ff | d048 83c4 | 08e9 0c00 | 0000 48b8 
  0x0000013f0a03c9a0: 20ce 1679 | fa7f 0000 | ffd0 4883 | c420 49c7 | 87a0 0300 | 0000 0000 | 0049 c787 | b003 0000 
  0x0000013f0a03c9c0: 0000 0000 | 49c7 87a8 | 0300 0000 | 0000 00c5 | f877 4983 | 7f08 000f | 8405 0000 | 00e9 1e45 
  0x0000013f0a03c9e0: ffff 4c8b | 6dc0 4c8b | 75c8 4e8d | 74f5 00c3 | 488b 5de8 | 488b 4358 | 498d 8fc0 | 0300 00c5 
  0x0000013f0a03ca00: f877 4989 | afb0 0300 | 0049 baff | c903 0a3f | 0100 004d | 8997 a803 | 0000 4989 | a7a0 0300 
  0x0000013f0a03ca20: 0041 c787 | 5404 0000 | 0400 0000 | ffd0 c5f8 | 7748 83ec | 10c5 fb11 | 0424 4883 | ec10 4889 
  0x0000013f0a03ca40: 0424 48c7 | 4424 0800 | 0000 0041 | c787 5404 | 0000 0500 | 0000 f083 | 4424 c000 | 493b af58 
  0x0000013f0a03ca60: 0400 000f | 870e 0000 | 0041 83bf | 5004 0000 | 000f 8420 | 0000 0049 | 8bcf 4c8b | e448 83ec 
  0x0000013f0a03ca80: 2048 83e4 | f048 b840 | 2318 79fa | 7f00 00ff | d049 8be4 | 4d33 e441 | c787 5404 | 0000 0800 
  0x0000013f0a03caa0: 0000 49c7 | 87a0 0300 | 0000 0000 | 0049 c787 | b003 0000 | 0000 0000 | 49c7 87a8 | 0300 0000 
  0x0000013f0a03cac0: 0000 00c5 | f877 4d8b | 9f30 0400 | 0041 c783 | 0001 0000 | 0000 0000 | 49bb baa1 | 030a 3f01 
  0x0000013f0a03cae0: 0000 4c3b | 5d18 0f85 | 2402 0000 | 488b 0424 | 4883 c410 | 4885 c00f | 84fe 0100 | 00a8 030f 
  0x0000013f0a03cb00: 8508 0000 | 0048 8b00 | e9ee 0100 | 00a8 010f | 8509 0000 | 0048 8b40 | fee9 dd01 | 0000 488b 
  0x0000013f0a03cb20: 40ff 4180 | 7f38 000f | 84ce 0100 | 0048 83f8 | 000f 84c4 | 0100 004d | 8b5f 2849 | 83fb 000f 
  0x0000013f0a03cb40: 8414 0000 | 0049 83eb | 084d 895f | 284d 035f | 3049 8903 | e9a2 0100 | 0048 81ec | d000 0000 
  0x0000013f0a03cb60: 4889 0424 | 4889 4c24 | 0848 8954 | 2410 4889 | 7424 1848 | 897c 2420 | 4c89 4424 | 284c 894c 
  0x0000013f0a03cb80: 2430 4c89 | 5424 384c | 895c 2440 | c5fb 1144 | 2450 c5fb | 114c 2458 | c5fb 1154 | 2460 c5fb 
  0x0000013f0a03cba0: 115c 2468 | c5fb 1164 | 2470 c5fb | 116c 2478 | c5fb 11b4 | 2480 0000 | 00c5 fb11 | bc24 8800 
  0x0000013f0a03cbc0: 0000 c57b | 1184 2490 | 0000 00c5 | 7b11 8c24 | 9800 0000 | c57b 1194 | 24a0 0000 | 00c5 7b11 
  0x0000013f0a03cbe0: 9c24 a800 | 0000 c57b | 11a4 24b0 | 0000 00c5 | 7b11 ac24 | b800 0000 | c57b 11b4 | 24c0 0000 
  0x0000013f0a03cc00: 00c5 7b11 | bc24 c800 | 0000 498b | d748 8bc8 | 4883 ec20 | 40f6 c40f | 0f84 1900 | 0000 4883 
  0x0000013f0a03cc20: ec08 48b8 | 303f 0b79 | fa7f 0000 | ffd0 4883 | c408 e90c | 0000 0048 | b830 3f0b | 79fa 7f00 
  0x0000013f0a03cc40: 00ff d048 | 83c4 20c5 | 7b10 bc24 | c800 0000 | c57b 10b4 | 24c0 0000 | 00c5 7b10 | ac24 b800 
  0x0000013f0a03cc60: 0000 c57b | 10a4 24b0 | 0000 00c5 | 7b10 9c24 | a800 0000 | c57b 1094 | 24a0 0000 | 00c5 7b10 
  0x0000013f0a03cc80: 8c24 9800 | 0000 c57b | 1084 2490 | 0000 00c5 | fb10 bc24 | 8800 0000 | c5fb 10b4 | 2480 0000 
  0x0000013f0a03cca0: 00c5 fb10 | 6c24 78c5 | fb10 6424 | 70c5 fb10 | 5c24 68c5 | fb10 5424 | 60c5 fb10 | 4c24 58c5 
  0x0000013f0a03ccc0: fb10 4424 | 504c 8b5c | 2440 4c8b | 5424 384c | 8b4c 2430 | 4c8b 4424 | 2848 8b7c | 2420 488b 
  0x0000013f0a03cce0: 7424 1848 | 8b54 2410 | 488b 4c24 | 0848 8b04 | 2448 81c4 | d000 0000 | c5f8 7748 | 8945 1048 
  0x0000013f0a03cd00: 83ec 1048 | 8904 2448 | c744 2408 | 0000 0000 | 4183 bfd0 | 0400 0002 | 0f85 bf00 | 0000 4881 
  0x0000013f0a03cd20: ec80 0000 | 0048 8944 | 2478 4889 | 4c24 7048 | 8954 2468 | 4889 5c24 | 6048 896c | 2450 4889 
  0x0000013f0a03cd40: 7424 4848 | 897c 2440 | 4c89 4424 | 384c 894c | 2430 4c89 | 5424 284c | 895c 2420 | 4c89 6424 
  0x0000013f0a03cd60: 184c 896c | 2410 4c89 | 7424 084c | 893c 244c | 8be4 4883 | ec20 4883 | e4f0 48b8 | d0f1 4d79 
  0x0000013f0a03cd80: fa7f 0000 | ffd0 498b | e44c 8b3c | 244c 8b74 | 2408 4c8b | 6c24 104c | 8b64 2418 | 4c8b 5c24 
  0x0000013f0a03cda0: 204c 8b54 | 2428 4c8b | 4c24 304c | 8b44 2438 | 488b 7c24 | 4048 8b74 | 2448 488b | 6c24 5048 
  0x0000013f0a03cdc0: 8b5c 2460 | 488b 5424 | 6848 8b4c | 2470 488b | 4424 7848 | 81c4 8000 | 0000 4d33 | e448 8b5d 
  0x0000013f0a03cde0: e84c 8b6b | 084d 8d6d | 3849 837f | 0800 0f84 | bb00 0000 | e805 0000 | 00e9 9600 | 0000 488d 
  0x0000013f0a03ce00: 4424 084c | 896d c049 | 8bcf c5f8 | 7749 89af | b003 0000 | 4989 87a0 | 0300 0048 | 83ec 2040 
  0x0000013f0a03ce20: f6c4 0f0f | 8419 0000 | 0048 83ec | 0848 b860 | ec16 79fa | 7f00 00ff | d048 83c4 | 08e9 0c00 
  0x0000013f0a03ce40: 0000 48b8 | 60ec 1679 | fa7f 0000 | ffd0 4883 | c420 49c7 | 87a0 0300 | 0000 0000 | 0049 c787 
  0x0000013f0a03ce60: b003 0000 | 0000 0000 | 49c7 87a8 | 0300 0000 | 0000 00c5 | f877 4983 | 7f08 000f | 8405 0000 
  0x0000013f0a03ce80: 00e9 7a40 | ffff 4c8b | 6dc0 4c8b | 75c8 4e8d | 74f5 00c3 | 48b9 b028 | 7579 fa7f | 0000 4883 
  0x0000013f0a03cea0: e4f0 48b8 | 3099 3c79 | fa7f 0000 | ffd0 f444 | 8b5b 2841 | f6c3 200f | 8444 0100 | 0048 8d55 
  0x0000013f0a03cec0: a84c 8b5a | 084d 85db | 0f85 bb00 | 0000 e805 | 0000 00e9 | 9600 0000 | 488d 4424 | 084c 896d 
  0x0000013f0a03cee0: c049 8bcf | c5f8 7749 | 89af b003 | 0000 4989 | 87a0 0300 | 0048 83ec | 2040 f6c4 | 0f0f 8419 
  0x0000013f0a03cf00: 0000 0048 | 83ec 0848 | b890 eb16 | 79fa 7f00 | 00ff d048 | 83c4 08e9 | 0c00 0000 | 48b8 90eb 
  0x0000013f0a03cf20: 1679 fa7f | 0000 ffd0 | 4883 c420 | 49c7 87a0 | 0300 0000 | 0000 0049 | c787 b003 | 0000 0000 
  0x0000013f0a03cf40: 0000 49c7 | 87a8 0300 | 0000 0000 | 00c5 f877 | 4983 7f08 | 000f 8405 | 0000 00e9 | a03f ffff 
  0x0000013f0a03cf60: 4c8b 6dc0 | 4c8b 75c8 | 4e8d 74f5 | 00c3 48b9 | b028 7579 | fa7f 0000 | 4883 e4f0 | 48b8 3099 
  0x0000013f0a03cf80: 3c79 fa7f | 0000 ffd0 | f44c 896d | c048 8d02 | 4c8b 4a08 | 48c7 4208 | 0000 0000 | 4c8b 004d 
  0x0000013f0a03cfa0: 85c0 0f84 | 0b00 0000 | f04d 0fb1 | 010f 850c | 0000 0049 | ff8f 5805 | 0000 e93e | 0000 004c 
  0x0000013f0a03cfc0: 894a 0848 | 8bca 4883 | ec20 40f6 | c40f 0f84 | 1900 0000 | 4883 ec08 | 48b8 20be | 1679 fa7f 
  0x0000013f0a03cfe0: 0000 ffd0 | 4883 c408 | e90c 0000 | 0048 b820 | be16 79fa | 7f00 00ff | d048 83c4 | 204c 8b6d 
  0x0000013f0a03d000: c049 ba6c | 409d 79fa | 7f00 0041 | 803a 000f | 843e 0000 | 0048 8b55 | e849 8bcf | 4883 ec20 
  0x0000013f0a03d020: 40f6 c40f | 0f84 1900 | 0000 4883 | ec08 48b8 | 80b9 4d79 | fa7f 0000 | ffd0 4883 | c408 e90c 
  0x0000013f0a03d040: 0000 0048 | b880 b94d | 79fa 7f00 | 00ff d048 | 83c4 2048 | 8b04 2448 | 83c4 10c5 | fb10 0424 
  0x0000013f0a03d060: 4883 c410 | 4c8b 5d18 | 41ff d34c | 8b5d f8c9 | 5f49 8be3 | ffe7 ba00 | 0000 00e8 | 0500 0000 
  0x0000013f0a03d080: e996 0000 | 0048 8d44 | 2408 4c89 | 6dc0 498b | cfc5 f877 | 4989 afb0 | 0300 0049 | 8987 a003 
  0x0000013f0a03d0a0: 0000 4883 | ec20 40f6 | c40f 0f84 | 1900 0000 | 4883 ec08 | 48b8 e0b1 | 1679 fa7f | 0000 ffd0 
  0x0000013f0a03d0c0: 4883 c408 | e90c 0000 | 0048 b8e0 | b116 79fa | 7f00 00ff | d048 83c4 | 2049 c787 | a003 0000 
  0x0000013f0a03d0e0: 0000 0000 | 49c7 87b0 | 0300 0000 | 0000 0049 | c787 a803 | 0000 0000 | 0000 c5f8 | 7749 837f 
  0x0000013f0a03d100: 0800 0f84 | 0500 0000 | e9f3 3dff | ff4c 8b6d | c04c 8b75 | c84e 8d74 | f500 c348 | 8b5d e8e9 
  0x0000013f0a03d120: 5bf6 ffff | 0f1f 4000 
[/MachCode]

Compiled method (c1) 2872  854       1       java.lang.Class::privateGetDeclaredConstructors (79 bytes)
 total in heap  [0x0000013f0a313a10,0x0000013f0a3140b8] = 1704
 relocation     [0x0000013f0a313b68,0x0000013f0a313be0] = 120
 main code      [0x0000013f0a313be0,0x0000013f0a313ee8] = 776
 stub code      [0x0000013f0a313ee8,0x0000013f0a313f48] = 96
 metadata       [0x0000013f0a313f48,0x0000013f0a313f50] = 8
 scopes data    [0x0000013f0a313f50,0x0000013f0a313fb8] = 104
 scopes pcs     [0x0000013f0a313fb8,0x0000013f0a314078] = 192
 dependencies   [0x0000013f0a314078,0x0000013f0a314080] = 8
 nul chk table  [0x0000013f0a314080,0x0000013f0a3140b8] = 56

[Constant Pool (empty)]

[MachCode]
[Entry Point]
  # {method} {0x0000013f1142d668} 'privateGetDeclaredConstructors' '(Z)[Ljava/lang/reflect/Constructor;' in 'java/lang/Class'
  # this:     rdx:rdx   = 'java/lang/Class'
  # parm0:    r8        = boolean
  #           [sp+0x50]  (sp of caller)
  0x0000013f0a313be0: 448b 5208 | 49bb 0000 | 0011 3f01 | 0000 4d03 | d34c 3bd0 

  0x0000013f0a313bf4: ;   {runtime_call ic_miss_stub}
  0x0000013f0a313bf4: 0f85 86ab | d6ff 660f | 1f44 0000 
[Verified Entry Point]
  0x0000013f0a313c00: 8984 2400 | 80ff ff55 | 4883 ec40 | 4181 7f20 | 0100 0000 

  0x0000013f0a313c14: ;   {runtime_call StubRoutines (final stubs)}
  0x0000013f0a313c14: 7405 e8c5 | 10d5 ff44 | 8944 2418 | 488b f248 | 8bd6 4889 | 7424 200f 

  0x0000013f0a313c2c: ;   {optimized virtual_call}
  0x0000013f0a313c2c: 1f40 00e8 

  0x0000013f0a313c30: ; ImmutableOopMap {[32]=Oop }
                      ;*invokevirtual reflectionData {reexecute=0 rethrow=0 return_oop=0}
                      ; - java.lang.Class::privateGetDeclaredConstructors@1 (line 3561)
  0x0000013f0a313c30: 2c60 fdff 

  0x0000013f0a313c34: ;   {other}
  0x0000013f0a313c34: 0f1f 8400 | 2402 0000 | 4885 c00f | 8422 0000 | 0044 8b44 | 2418 4585 | c00f 8408 | 0000 008b 
  0x0000013f0a313c54: 5024 e903 | 0000 008b | 5020 4885 | d20f 8573 | 0100 0048 | 8944 2428 | 488b 5424 | 2066 0f1f 
  0x0000013f0a313c74: ;   {optimized virtual_call}
  0x0000013f0a313c74: 4400 00e8 

  0x0000013f0a313c78: ; ImmutableOopMap {[32]=Oop [40]=Oop }
                      ;*invokevirtual isInterface {reexecute=0 rethrow=0 return_oop=0}
                      ; - java.lang.Class::privateGetDeclaredConstructors@32 (line 3567)
  0x0000013f0a313c78: 441e f8ff 

  0x0000013f0a313c7c: ;   {other}
  0x0000013f0a313c7c: 0f1f 8400 | 6c02 0001 | 85c0 0f84 | 9300 0000 | bb00 0000 

  0x0000013f0a313c90: ;   {metadata('java/lang/reflect/Constructor'[])}
  0x0000013f0a313c90: 0048 bab0 | 6801 113f | 0100 0048 | 63db 488b | fb48 81fb | ffff ff00 | 0f87 4c01 | 0000 48c7 
  0x0000013f0a313cb0: c617 0000 | 0048 8d34 | 9e48 83e6 | f849 8b87 | b801 0000 | 488d 3430 | 493b b7c8 | 0100 000f 
  0x0000013f0a313cd0: 8725 0100 | 0049 89b7 | b801 0000 | 482b f048 | c700 0100 | 0000 488b | ca49 ba00 | 0000 113f 
  0x0000013f0a313cf0: 0100 0049 | 2bca 8948 | 0889 580c | 4883 ee10 | 4885 f60f | 8411 0000 | 0048 33db | 48c1 ee03 
  0x0000013f0a313d10: 4889 5cf0 | 0848 ffce | 75f6 e91d | 0000 0048 | 8b54 2420 | 448b 4424 | 1866 0f1f 

  0x0000013f0a313d2c: ;   {optimized virtual_call}
  0x0000013f0a313d2c: 4400 00e8 

  0x0000013f0a313d30: ; ImmutableOopMap {[40]=Oop }
                      ;*invokevirtual getDeclaredConstructors0 {reexecute=0 rethrow=0 return_oop=0}
                      ; - java.lang.Class::privateGetDeclaredConstructors@52 (line 3572)
  0x0000013f0a313d30: d201 0000 

  0x0000013f0a313d34: ;   {other}
  0x0000013f0a313d34: 0f1f 8400 | 2403 0002 | 488b 7424 | 2848 85f6 | 0f84 7d00 | 0000 448b | 4424 1845 | 85c0 0f84 
  0x0000013f0a313d54: 4100 0000 | 410f be7f | 3885 ff0f | 859f 0000 | 004c 8bd0 

  0x0000013f0a313d68: ; implicit exception: dispatches to 0x0000013f0a313e1f
  0x0000013f0a313d68: 4489 5624 | f083 4424 | c000 488b | fe48 33f8 | 48c1 ef14 | 4883 ff00 | 0f85 9e00 | 0000 4883 
  0x0000013f0a313d88: ;   {poll_return}
  0x0000013f0a313d88: c440 5d49 | 3ba7 5804 | 0000 0f87 | a400 0000 | c341 0fbe | 7f38 85ff | 0f85 ac00 | 0000 4c8b 
  0x0000013f0a313da8: d044 8956 | 20f0 8344 | 24c0 0048 | 8bfe 4833 | f848 c1ef | 1448 83ff | 000f 85ab | 0000 0048 
  0x0000013f0a313dc8: 83c4 405d 

  0x0000013f0a313dcc: ;   {poll_return}
  0x0000013f0a313dcc: 493b a758 | 0400 000f | 87b1 0000 | 00c3 488b | c248 83c4 

  0x0000013f0a313de0: ;   {poll_return}
  0x0000013f0a313de0: 405d 493b | a758 0400 | 000f 87b1 | 0000 00c3 

  0x0000013f0a313df0: ;   {runtime_call throw_null_pointer_exception Runtime1 stub}
  0x0000013f0a313df0: e88b c7e1 

  0x0000013f0a313df4: ; ImmutableOopMap {rax=Oop [32]=Oop }
                      ;*getfield publicConstructors {reexecute=1 rethrow=0 return_oop=0}
                      ; - (reexecute) java.lang.Class::privateGetDeclaredConstructors@14 (line 3563)
                      ;   {runtime_call throw_null_pointer_exception Runtime1 stub}
  0x0000013f0a313df4: ffe8 86c7 

  0x0000013f0a313df8: ; ImmutableOopMap {rax=Oop [32]=Oop }
                      ;*getfield declaredConstructors {reexecute=1 rethrow=0 return_oop=0}
                      ; - (reexecute) java.lang.Class::privateGetDeclaredConstructors@21 (line 3563)
                      ;   {runtime_call new_object_array Runtime1 stub}
  0x0000013f0a313df8: e1ff e881 

  0x0000013f0a313dfc: ; ImmutableOopMap {[40]=Oop }
                      ;*anewarray {reexecute=0 rethrow=0 return_oop=0}
                      ; - java.lang.Class::privateGetDeclaredConstructors@39 (line 3569)
  0x0000013f0a313dfc: d9e1 ffe9 | 16ff ffff 

  0x0000013f0a313e04: ; implicit exception: dispatches to 0x0000013f0a313eb6
  0x0000013f0a313e04: 8b7e 2448 | 83ff 000f | 8454 ffff | ff48 893c 

  0x0000013f0a313e14: ;   {runtime_call g1_pre_barrier_slow}
  0x0000013f0a313e14: 24e8 661e | e2ff e946 

  0x0000013f0a313e1c: ;   {runtime_call throw_null_pointer_exception Runtime1 stub}
  0x0000013f0a313e1c: ffff ffe8 

  0x0000013f0a313e20: ; ImmutableOopMap {rax=Oop rsi=Oop }
                      ;*putfield publicConstructors {reexecute=1 rethrow=0 return_oop=0}
                      ; - (reexecute) java.lang.Class::privateGetDeclaredConstructors@66 (line 3576)
  0x0000013f0a313e20: 5cc7 e1ff | 4883 f800 | 0f84 58ff | ffff 4889 

  0x0000013f0a313e30: ;   {runtime_call g1_post_barrier_slow}
  0x0000013f0a313e30: 3424 e849 | 21e2 ffe9 | 4aff ffff 

  0x0000013f0a313e3c: ;   {internal_word}
  0x0000013f0a313e3c: 49ba 8b3d | 310a 3f01 | 0000 4d89 | 9770 0400 

  0x0000013f0a313e4c: ;   {runtime_call SafepointBlob}
  0x0000013f0a313e4c: 00e9 ae18 | d7ff 8b7e | 2048 83ff | 000f 8447 | ffff ff48 

  0x0000013f0a313e60: ;   {runtime_call g1_pre_barrier_slow}
  0x0000013f0a313e60: 893c 24e8 | 181e e2ff | e939 ffff 

  0x0000013f0a313e6c: ;   {runtime_call throw_null_pointer_exception Runtime1 stub}
  0x0000013f0a313e6c: ffe8 0ec7 

  0x0000013f0a313e70: ; ImmutableOopMap {rax=Oop rsi=Oop }
                      ;*putfield declaredConstructors {reexecute=1 rethrow=0 return_oop=0}
                      ; - (reexecute) java.lang.Class::privateGetDeclaredConstructors@74 (line 3578)
  0x0000013f0a313e70: e1ff 4883 | f800 0f84 | 4bff ffff | 4889 3424 

  0x0000013f0a313e80: ;   {runtime_call g1_post_barrier_slow}
  0x0000013f0a313e80: e8fb 20e2 | ffe9 3dff 

  0x0000013f0a313e88: ;   {internal_word}
  0x0000013f0a313e88: ffff 49ba | cc3d 310a | 3f01 0000 | 4d89 9770 

  0x0000013f0a313e98: ;   {runtime_call SafepointBlob}
  0x0000013f0a313e98: 0400 00e9 | 6018 d7ff 

  0x0000013f0a313ea0: ;   {internal_word}
  0x0000013f0a313ea0: 49ba e23d | 310a 3f01 | 0000 4d89 | 9770 0400 

  0x0000013f0a313eb0: ;   {runtime_call SafepointBlob}
  0x0000013f0a313eb0: 00e9 4a18 

  0x0000013f0a313eb4: ;   {runtime_call throw_null_pointer_exception Runtime1 stub}
  0x0000013f0a313eb4: d7ff e8c5 

  0x0000013f0a313eb8: ; ImmutableOopMap {rax=Oop rsi=Oop }
                      ;*putfield publicConstructors {reexecute=1 rethrow=0 return_oop=0}
                      ; - (reexecute) java.lang.Class::privateGetDeclaredConstructors@66 (line 3576)
                      ;   {runtime_call throw_null_pointer_exception Runtime1 stub}
  0x0000013f0a313eb8: c6e1 ffe8 

  0x0000013f0a313ebc: ; ImmutableOopMap {rax=Oop rsi=Oop }
                      ;*putfield declaredConstructors {reexecute=1 rethrow=0 return_oop=0}
                      ; - (reexecute) java.lang.Class::privateGetDeclaredConstructors@74 (line 3578)
  0x0000013f0a313ebc: c0c6 e1ff | 498b 8708 | 0500 0049 | c787 0805 | 0000 0000 | 0000 49c7 | 8710 0500 | 0000 0000 
  0x0000013f0a313edc: 0048 83c4 

  0x0000013f0a313ee0: ;   {runtime_call unwind_exception Runtime1 stub}
  0x0000013f0a313ee0: 405d e999 | b7e1 fff4 
[Stub Code]
  0x0000013f0a313ee8: ;   {no_reloc}
  0x0000013f0a313ee8: 48bb 0000 | 0000 0000 

  0x0000013f0a313ef0: ;   {runtime_call}
  0x0000013f0a313ef0: 0000 e9fb 

  0x0000013f0a313ef4: ;   {static_stub}
  0x0000013f0a313ef4: ffff ff48 | bb00 0000 | 0000 0000 

  0x0000013f0a313f00: ;   {runtime_call}
  0x0000013f0a313f00: 00e9 fbff 

  0x0000013f0a313f04: ;   {static_stub}
  0x0000013f0a313f04: ffff 48bb | 28c9 4211 | 3f01 0000 

  0x0000013f0a313f10: ;   {runtime_call I2C/C2I adapters}
  0x0000013f0a313f10: e952 fed6 

  0x0000013f0a313f14: ;   {runtime_call handle_exception_from_callee Runtime1 stub}
  0x0000013f0a313f14: ffe8 66e4 

  0x0000013f0a313f18: ;   {external_word}
  0x0000013f0a313f18: e1ff 48b9 | b028 7579 | fa7f 0000 | 4883 e4f0 

  0x0000013f0a313f28: ;   {runtime_call}
  0x0000013f0a313f28: 48b8 3099 | 3c79 fa7f | 0000 ffd0 

  0x0000013f0a313f34: ;   {section_word}
  0x0000013f0a313f34: f449 ba35 | 3f31 0a3f | 0100 0041 

  0x0000013f0a313f40: ;   {runtime_call DeoptimizationBlob}
  0x0000013f0a313f40: 52e9 5a0a | d7ff f4f4 
[/MachCode]


Compiled method (c1) 2886 1758       1       java.lang.invoke.DirectMethodHandle$Holder::newInvokeSpecial (21 bytes)
 total in heap  [0x0000013f0a488590,0x0000013f0a488a08] = 1144
 relocation     [0x0000013f0a4886e8,0x0000013f0a488740] = 88
 main code      [0x0000013f0a488740,0x0000013f0a488888] = 328
 stub code      [0x0000013f0a488888,0x0000013f0a4888e8] = 96
 metadata       [0x0000013f0a4888e8,0x0000013f0a488900] = 24
 scopes data    [0x0000013f0a488900,0x0000013f0a488968] = 104
 scopes pcs     [0x0000013f0a488968,0x0000013f0a4889e8] = 128
 dependencies   [0x0000013f0a4889e8,0x0000013f0a4889f0] = 8
 nul chk table  [0x0000013f0a4889f0,0x0000013f0a488a08] = 24

[Constant Pool (empty)]

[MachCode]
[Verified Entry Point]
  # {method} {0x0000013f110991b8} 'newInvokeSpecial' '(Ljava/lang/Object;Ljava/lang/Object;)Ljava/lang/Object;' in 'java/lang/invoke/DirectMethodHandle$Holder'
  # parm0:    rdx:rdx   = 'java/lang/Object'
  # parm1:    r8:r8     = 'java/lang/Object'
  #           [sp+0x70]  (sp of caller)
  0x0000013f0a488740: 8984 2400 | 80ff ff55 | 4883 ec60 | 4181 7f20 | 0100 0000 

  0x0000013f0a488754: ;   {runtime_call StubRoutines (final stubs)}
  0x0000013f0a488754: 7405 e885 | c5bd ff4c | 8944 2440 | 4885 d20f | 8428 0000 

  0x0000013f0a488768: ;   {metadata('java/lang/invoke/DirectMethodHandle$Constructor')}
  0x0000013f0a488768: 0048 b830 | 2511 113f | 0100 008b | 7a08 49ba | 0000 0011 | 3f01 0000 | 4903 fa48 | 3bc7 0f85 
  0x0000013f0a488788: a000 0000 | e900 0000 | 0048 8bf2 

  0x0000013f0a488794: ; implicit exception: dispatches to 0x0000013f0a488835
  0x0000013f0a488794: 8b76 284c | 8bc6 4889 

  0x0000013f0a48879c: ;   {oop(a 'jdk/internal/misc/Unsafe'{0x00000000c9700588})}
  0x0000013f0a48879c: 5424 3848 | ba88 0570 | c900 0000 | 0066 0f1f 

  0x0000013f0a4887ac: ;   {optimized virtual_call}
  0x0000013f0a4887ac: 4400 00e8 

  0x0000013f0a4887b0: ; ImmutableOopMap {[56]=Oop [64]=Oop }
                      ;*invokevirtual allocateInstance {reexecute=0 rethrow=0 return_oop=0}
                      ; - java.lang.invoke.DirectMethodHandle::allocateInstance@12 (line 500)
                      ; - java.lang.invoke.DirectMethodHandle$Holder::newInvokeSpecial@1
  0x0000013f0a4887b0: 0cf8 e7ff 

  0x0000013f0a4887b4: ;   {other}
  0x0000013f0a4887b4: 0f1f 8400 | 2402 0000 | 488b 5424 | 3848 85d2 | 0f84 2900 

  0x0000013f0a4887c8: ;   {metadata('java/lang/invoke/DirectMethodHandle$Constructor')}
  0x0000013f0a4887c8: 0000 48be | 3025 1111 | 3f01 0000 | 448b 4208 | 49ba 0000 | 0011 3f01 | 0000 4d03 | c249 3bf0 
  0x0000013f0a4887e8: 0f85 4c00 | 0000 e900 | 0000 0044 | 8b4a 2448 | 8bd0 4c8b | 4424 4048 | 8944 2448 

  0x0000013f0a488804: ;   {static_call}
  0x0000013f0a488804: 6666 90e8 

  0x0000013f0a488808: ; ImmutableOopMap {[72]=Oop }
                      ;*invokestatic linkToSpecial {reexecute=0 rethrow=0 return_oop=0}
                      ; - java.lang.invoke.DirectMethodHandle$Holder::newInvokeSpecial@16
  0x0000013f0a488808: f4b4 ceff 

  0x0000013f0a48880c: ;   {other}
  0x0000013f0a48880c: 0f1f 8400 | 7c02 0001 | 488b 4424 | 4848 83c4 

  0x0000013f0a48881c: ;   {poll_return}
  0x0000013f0a48881c: 605d 493b | a758 0400 | 000f 871d | 0000 00c3 | 4889 1424 

  0x0000013f0a488830: ;   {runtime_call throw_class_cast_exception Runtime1 stub}
  0x0000013f0a488830: e84b a1ca 

  0x0000013f0a488834: ; ImmutableOopMap {rdx=Oop [64]=Oop }
                      ;*checkcast {reexecute=0 rethrow=0 return_oop=0}
                      ; - java.lang.invoke.DirectMethodHandle::allocateInstance@1 (line 499)
                      ; - java.lang.invoke.DirectMethodHandle$Holder::newInvokeSpecial@1
                      ;   {runtime_call throw_null_pointer_exception Runtime1 stub}
  0x0000013f0a488834: ffe8 467d 

  0x0000013f0a488838: ; ImmutableOopMap {rdx=Oop [64]=Oop }
                      ;*getfield instanceClass {reexecute=1 rethrow=0 return_oop=0}
                      ; - (reexecute) java.lang.invoke.DirectMethodHandle::allocateInstance@9 (line 500)
                      ; - java.lang.invoke.DirectMethodHandle$Holder::newInvokeSpecial@1
  0x0000013f0a488838: caff 4889 

  0x0000013f0a48883c: ;   {runtime_call throw_class_cast_exception Runtime1 stub}
  0x0000013f0a48883c: 1424 e83d 

  0x0000013f0a488840: ; ImmutableOopMap {rax=Oop [64]=Oop }
                      ;*checkcast {reexecute=0 rethrow=0 return_oop=0}
                      ; - java.lang.invoke.DirectMethodHandle::constructorMethod@1 (line 493)
                      ; - java.lang.invoke.DirectMethodHandle$Holder::newInvokeSpecial@6
                      ;   {runtime_call throw_null_pointer_exception Runtime1 stub}
  0x0000013f0a488840: a1ca ffe8 

  0x0000013f0a488844: ; ImmutableOopMap {rax=Oop [64]=Oop }
                      ;*getfield initMethod {reexecute=1 rethrow=0 return_oop=0}
                      ; - (reexecute) java.lang.invoke.DirectMethodHandle::constructorMethod@6 (line 494)
                      ; - java.lang.invoke.DirectMethodHandle$Holder::newInvokeSpecial@6
  0x0000013f0a488844: 387d caff 

  0x0000013f0a488848: ;   {internal_word}
  0x0000013f0a488848: 49ba 1e88 | 480a 3f01 | 0000 4d89 | 9770 0400 

  0x0000013f0a488858: ;   {runtime_call SafepointBlob}
  0x0000013f0a488858: 00e9 a2ce | bfff 498b | 8708 0500 | 0049 c787 | 0805 0000 | 0000 0000 | 49c7 8710 | 0500 0000 
  0x0000013f0a488878: 0000 0048 | 83c4 605d 

  0x0000013f0a488880: ;   {runtime_call unwind_exception Runtime1 stub}
  0x0000013f0a488880: e9fb 6dca | fff4 f4f4 
[Stub Code]
  0x0000013f0a488888: ;   {no_reloc}
  0x0000013f0a488888: 48bb 0000 | 0000 0000 

  0x0000013f0a488890: ;   {runtime_call}
  0x0000013f0a488890: 0000 e9fb 

  0x0000013f0a488894: ;   {static_stub}
  0x0000013f0a488894: ffff ff48 | bb00 0000 | 0000 0000 

  0x0000013f0a4888a0: ;   {runtime_call}
  0x0000013f0a4888a0: 00e9 fbff 

  0x0000013f0a4888a4: ;   {runtime_call handle_exception_from_callee Runtime1 stub}
  0x0000013f0a4888a4: ffff e8d5 

  0x0000013f0a4888a8: ;   {external_word}
  0x0000013f0a4888a8: 9aca ff48 | b9b0 2875 | 79fa 7f00 | 0048 83e4 

  0x0000013f0a4888b8: ;   {runtime_call}
  0x0000013f0a4888b8: f048 b830 | 993c 79fa | 7f00 00ff 

  0x0000013f0a4888c4: ;   {section_word}
  0x0000013f0a4888c4: d0f4 49ba | c688 480a | 3f01 0000 

  0x0000013f0a4888d0: ;   {runtime_call DeoptimizationBlob}
  0x0000013f0a4888d0: 4152 e9c9 

  0x0000013f0a4888d4: ;   {section_word}
  0x0000013f0a4888d4: c0bf ff49 | bad7 8848 | 0a3f 0100 

  0x0000013f0a4888e0: ;   {runtime_call DeoptimizationBlob}
  0x0000013f0a4888e0: 0041 52e9 | b8c0 bfff 
[/MachCode]


---------------  P R O C E S S  ---------------

Threads class SMR info:
_java_thread_list=0x0000013f57136350, length=17, elements={
0x0000013f00405a90, 0x0000013f10be2db0, 0x0000013f10be3d80, 0x0000013f10be7a00,
0x0000013f10bea870, 0x0000013f10bebdd0, 0x0000013f10bee2c0, 0x0000013f10bf2af0,
0x0000013f10c5e1e0, 0x0000013f10c5e850, 0x0000013f56705be0, 0x0000013f5670b370,
0x0000013f5687ca40, 0x0000013f569c6490, 0x0000013f56a68fb0, 0x0000013f570b7dd0,
0x0000013f570babc0
}

Java Threads: ( => current thread )
  0x0000013f00405a90 JavaThread "main"                              [_thread_blocked, id=11988, stack(0x00000035e6100000,0x00000035e6200000) (1024K)]
  0x0000013f10be2db0 JavaThread "Reference Handler"          daemon [_thread_blocked, id=7972, stack(0x00000035e6900000,0x00000035e6a00000) (1024K)]
  0x0000013f10be3d80 JavaThread "Finalizer"                  daemon [_thread_blocked, id=3528, stack(0x00000035e6a00000,0x00000035e6b00000) (1024K)]
  0x0000013f10be7a00 JavaThread "Signal Dispatcher"          daemon [_thread_blocked, id=8516, stack(0x00000035e6b00000,0x00000035e6c00000) (1024K)]
  0x0000013f10bea870 JavaThread "Attach Listener"            daemon [_thread_blocked, id=4100, stack(0x00000035e6c00000,0x00000035e6d00000) (1024K)]
  0x0000013f10bebdd0 JavaThread "Service Thread"             daemon [_thread_blocked, id=9692, stack(0x00000035e6d00000,0x00000035e6e00000) (1024K)]
  0x0000013f10bee2c0 JavaThread "Monitor Deflation Thread"   daemon [_thread_blocked, id=11380, stack(0x00000035e6e00000,0x00000035e6f00000) (1024K)]
  0x0000013f10bf2af0 JavaThread "C1 CompilerThread0"         daemon [_thread_blocked, id=11708, stack(0x00000035e6f00000,0x00000035e7000000) (1024K)]
  0x0000013f10c5e1e0 JavaThread "Common-Cleaner"             daemon [_thread_blocked, id=5952, stack(0x00000035e7000000,0x00000035e7100000) (1024K)]
  0x0000013f10c5e850 JavaThread "C1 CompilerThread1"         daemon [_thread_blocked, id=11508, stack(0x00000035e7100000,0x00000035e7200000) (1024K)]
  0x0000013f56705be0 JavaThread "Monitor Ctrl-Break"         daemon [_thread_in_native, id=12532, stack(0x00000035e7200000,0x00000035e7300000) (1024K)]
  0x0000013f5670b370 JavaThread "Notification Thread"        daemon [_thread_blocked, id=8376, stack(0x00000035e7300000,0x00000035e7400000) (1024K)]
  0x0000013f5687ca40 JavaThread "RMI TCP Accept-0"           daemon [_thread_in_native, id=12360, stack(0x00000035e7700000,0x00000035e7800000) (1024K)]
  0x0000013f569c6490 JavaThread "RMI TCP Connection(1)-192.168.20.62" daemon [_thread_in_native, id=4880, stack(0x00000035e7800000,0x00000035e7900000) (1024K)]
  0x0000013f56a68fb0 JavaThread "RMI Scheduler(0)"           daemon [_thread_blocked, id=8404, stack(0x00000035e7900000,0x00000035e7a00000) (1024K)]
  0x0000013f570b7dd0 JavaThread "Thread-0"                          [_thread_blocked, id=2596, stack(0x00000035e7a00000,0x00000035e7b00000) (1024K)]
=>0x0000013f570babc0 JavaThread "restartedMain"                     [_thread_in_vm, id=11244, stack(0x00000035e7b00000,0x00000035e7c00000) (1024K)]
Total: 17

Other Threads:
  0x0000013f10bc52c0 VMThread "VM Thread"                           [id=9276, stack(0x00000035e6800000,0x00000035e6900000) (1024K)]
  0x0000013f10bad540 WatcherThread "VM Periodic Task Thread"        [id=6984, stack(0x00000035e6700000,0x00000035e6800000) (1024K)]
  0x0000013f00548810 WorkerThread "GC Thread#0"                     [id=14140, stack(0x00000035e6200000,0x00000035e6300000) (1024K)]
  0x0000013f5681c440 WorkerThread "GC Thread#1"                     [id=14236, stack(0x00000035e7400000,0x00000035e7500000) (1024K)]
  0x0000013f568318d0 WorkerThread "GC Thread#2"                     [id=10828, stack(0x00000035e7500000,0x00000035e7600000) (1024K)]
  0x0000013f56831c80 WorkerThread "GC Thread#3"                     [id=9860, stack(0x00000035e7600000,0x00000035e7700000) (1024K)]
  0x0000013f00552610 ConcurrentGCThread "G1 Main Marker"            [id=14064, stack(0x00000035e6300000,0x00000035e6400000) (1024K)]
  0x0000013f00553930 WorkerThread "G1 Conc#0"                       [id=8624, stack(0x00000035e6400000,0x00000035e6500000) (1024K)]
  0x0000013f005be460 ConcurrentGCThread "G1 Refine#0"               [id=1884, stack(0x00000035e6500000,0x00000035e6600000) (1024K)]
  0x0000013f10a84230 ConcurrentGCThread "G1 Service"                [id=9280, stack(0x00000035e6600000,0x00000035e6700000) (1024K)]
Total: 10

Threads with active compile tasks:
Total: 0

VM state: not at safepoint (normal execution)

VM Mutex/Monitor currently owned by a thread:  ([mutex/lock_event])
[0x00007ffa799fab00] Metaspace_lock - owner thread: 0x0000013f570babc0

Heap address: 0x00000000c9000000, size: 880 MB, Compressed Oops mode: 32-bit

CDS archive(s) mapped at: [0x0000013f11000000-0x0000013f11c60000-0x0000013f11c60000), size 12976128, SharedBaseAddress: 0x0000013f11000000, ArchiveRelocationMode: 1.
Compressed class space mapped at: 0x0000013f12000000-0x0000013f52000000, reserved size: 1073741824
Narrow klass base: 0x0000013f11000000, Narrow klass shift: 0, Narrow klass range: 0x41000000

GC Precious Log:
 CardTable entry size: 512
 Card Set container configuration: InlinePtr #cards 5 size 8 Array Of Cards #cards 12 size 40 Howl #buckets 4 coarsen threshold 1843 Howl Bitmap #cards 512 size 80 coarsen threshold 460 Card regions per heap region 1 cards per card region 2048
 CPUs: 4 total, 4 available
 Memory: 3518M
 Large Page Support: Disabled
 NUMA Support: Disabled
 Compressed Oops: Enabled (32-bit)
 Heap Region Size: 1M
 Heap Min Capacity: 8M
 Heap Initial Capacity: 56M
 Heap Max Capacity: 880M
 Pre-touch: Disabled
 Parallel Workers: 4
 Concurrent Workers: 1
 Concurrent Refinement Workers: 4
 Periodic GC: Disabled

Heap:
 garbage-first heap   total reserved 901120K, committed 57344K, used 14685K [0x00000000c9000000, 0x0000000100000000)
  region size 1024K, 6 young (6144K), 2 survivors (2048K)
 Metaspace       used 10747K, committed 11072K, reserved 1114112K
  class space    used 1450K, committed 1600K, reserved 1048576K

Heap Regions: E=young(eden), S=young(survivor), O=old, HS=humongous(starts), HC=humongous(continues), CS=collection set, F=free, TAMS=top-at-mark-start, PB=parsable bottom
|   0|0x00000000c9000000, 0x00000000c9100000, 0x00000000c9100000|100%|HS|  |TAMS 0x00000000c9000000| PB 0x00000000c9000000| Complete |  0
|   1|0x00000000c9100000, 0x00000000c9200000, 0x00000000c9200000|100%| O|  |TAMS 0x00000000c9100000| PB 0x00000000c9100000| Untracked |  0
|   2|0x00000000c9200000, 0x00000000c9300000, 0x00000000c9300000|100%| O|  |TAMS 0x00000000c9200000| PB 0x00000000c9200000| Untracked |  0
|   3|0x00000000c9300000, 0x00000000c9400000, 0x00000000c9400000|100%| O|  |TAMS 0x00000000c9300000| PB 0x00000000c9300000| Untracked |  0
|   4|0x00000000c9400000, 0x00000000c9500000, 0x00000000c9500000|100%| O|  |TAMS 0x00000000c9400000| PB 0x00000000c9400000| Untracked |  0
|   5|0x00000000c9500000, 0x00000000c9600000, 0x00000000c9600000|100%| O|  |TAMS 0x00000000c9500000| PB 0x00000000c9500000| Untracked |  0
|   6|0x00000000c9600000, 0x00000000c9700000, 0x00000000c9700000|100%| O|  |TAMS 0x00000000c9600000| PB 0x00000000c9600000| Untracked |  0
|   7|0x00000000c9700000, 0x00000000c9800000, 0x00000000c9800000|100%| O|  |TAMS 0x00000000c9700000| PB 0x00000000c9700000| Untracked |  0
|   8|0x00000000c9800000, 0x00000000c9900000, 0x00000000c9900000|100%| O|  |TAMS 0x00000000c9800000| PB 0x00000000c9800000| Untracked |  0
|   9|0x00000000c9900000, 0x00000000c9a00000, 0x00000000c9a00000|100%| O|  |TAMS 0x00000000c9900000| PB 0x00000000c9900000| Untracked |  0
|  10|0x00000000c9a00000, 0x00000000c9a1e520, 0x00000000c9b00000| 11%| O|  |TAMS 0x00000000c9a00000| PB 0x00000000c9a00000| Untracked |  0
|  11|0x00000000c9b00000, 0x00000000c9b00000, 0x00000000c9c00000|  0%| F|  |TAMS 0x00000000c9b00000| PB 0x00000000c9b00000| Untracked |  0
|  12|0x00000000c9c00000, 0x00000000c9c00000, 0x00000000c9d00000|  0%| F|  |TAMS 0x00000000c9c00000| PB 0x00000000c9c00000| Untracked |  0
|  13|0x00000000c9d00000, 0x00000000c9d00000, 0x00000000c9e00000|  0%| F|  |TAMS 0x00000000c9d00000| PB 0x00000000c9d00000| Untracked |  0
|  14|0x00000000c9e00000, 0x00000000c9e00000, 0x00000000c9f00000|  0%| F|  |TAMS 0x00000000c9e00000| PB 0x00000000c9e00000| Untracked |  0
|  15|0x00000000c9f00000, 0x00000000c9f00000, 0x00000000ca000000|  0%| F|  |TAMS 0x00000000c9f00000| PB 0x00000000c9f00000| Untracked |  0
|  16|0x00000000ca000000, 0x00000000ca000000, 0x00000000ca100000|  0%| F|  |TAMS 0x00000000ca000000| PB 0x00000000ca000000| Untracked |  0
|  17|0x00000000ca100000, 0x00000000ca100000, 0x00000000ca200000|  0%| F|  |TAMS 0x00000000ca100000| PB 0x00000000ca100000| Untracked |  0
|  18|0x00000000ca200000, 0x00000000ca200000, 0x00000000ca300000|  0%| F|  |TAMS 0x00000000ca200000| PB 0x00000000ca200000| Untracked |  0
|  19|0x00000000ca300000, 0x00000000ca300000, 0x00000000ca400000|  0%| F|  |TAMS 0x00000000ca300000| PB 0x00000000ca300000| Untracked |  0
|  20|0x00000000ca400000, 0x00000000ca400000, 0x00000000ca500000|  0%| F|  |TAMS 0x00000000ca400000| PB 0x00000000ca400000| Untracked |  0
|  21|0x00000000ca500000, 0x00000000ca500000, 0x00000000ca600000|  0%| F|  |TAMS 0x00000000ca500000| PB 0x00000000ca500000| Untracked |  0
|  22|0x00000000ca600000, 0x00000000ca600000, 0x00000000ca700000|  0%| F|  |TAMS 0x00000000ca600000| PB 0x00000000ca600000| Untracked |  0
|  23|0x00000000ca700000, 0x00000000ca700000, 0x00000000ca800000|  0%| F|  |TAMS 0x00000000ca700000| PB 0x00000000ca700000| Untracked |  0
|  24|0x00000000ca800000, 0x00000000ca800000, 0x00000000ca900000|  0%| F|  |TAMS 0x00000000ca800000| PB 0x00000000ca800000| Untracked |  0
|  25|0x00000000ca900000, 0x00000000ca900000, 0x00000000caa00000|  0%| F|  |TAMS 0x00000000ca900000| PB 0x00000000ca900000| Untracked |  0
|  26|0x00000000caa00000, 0x00000000caa00000, 0x00000000cab00000|  0%| F|  |TAMS 0x00000000caa00000| PB 0x00000000caa00000| Untracked |  0
|  27|0x00000000cab00000, 0x00000000cab00000, 0x00000000cac00000|  0%| F|  |TAMS 0x00000000cab00000| PB 0x00000000cab00000| Untracked |  0
|  28|0x00000000cac00000, 0x00000000cac00000, 0x00000000cad00000|  0%| F|  |TAMS 0x00000000cac00000| PB 0x00000000cac00000| Untracked |  0
|  29|0x00000000cad00000, 0x00000000cad00000, 0x00000000cae00000|  0%| F|  |TAMS 0x00000000cad00000| PB 0x00000000cad00000| Untracked |  0
|  30|0x00000000cae00000, 0x00000000cae00000, 0x00000000caf00000|  0%| F|  |TAMS 0x00000000cae00000| PB 0x00000000cae00000| Untracked |  0
|  31|0x00000000caf00000, 0x00000000caf00000, 0x00000000cb000000|  0%| F|  |TAMS 0x00000000caf00000| PB 0x00000000caf00000| Untracked |  0
|  32|0x00000000cb000000, 0x00000000cb039060, 0x00000000cb100000| 22%| S|CS|TAMS 0x00000000cb000000| PB 0x00000000cb000000| Complete |  0
|  33|0x00000000cb100000, 0x00000000cb200000, 0x00000000cb200000|100%| S|CS|TAMS 0x00000000cb100000| PB 0x00000000cb100000| Complete |  0
|  34|0x00000000cb200000, 0x00000000cb200000, 0x00000000cb300000|  0%| F|  |TAMS 0x00000000cb200000| PB 0x00000000cb200000| Untracked |  0
|  35|0x00000000cb300000, 0x00000000cb300000, 0x00000000cb400000|  0%| F|  |TAMS 0x00000000cb300000| PB 0x00000000cb300000| Untracked |  0
|  36|0x00000000cb400000, 0x00000000cb400000, 0x00000000cb500000|  0%| F|  |TAMS 0x00000000cb400000| PB 0x00000000cb400000| Untracked |  0
|  37|0x00000000cb500000, 0x00000000cb500000, 0x00000000cb600000|  0%| F|  |TAMS 0x00000000cb500000| PB 0x00000000cb500000| Untracked |  0
|  38|0x00000000cb600000, 0x00000000cb600000, 0x00000000cb700000|  0%| F|  |TAMS 0x00000000cb600000| PB 0x00000000cb600000| Untracked |  0
|  39|0x00000000cb700000, 0x00000000cb700000, 0x00000000cb800000|  0%| F|  |TAMS 0x00000000cb700000| PB 0x00000000cb700000| Untracked |  0
|  40|0x00000000cb800000, 0x00000000cb800000, 0x00000000cb900000|  0%| F|  |TAMS 0x00000000cb800000| PB 0x00000000cb800000| Untracked |  0
|  41|0x00000000cb900000, 0x00000000cb900000, 0x00000000cba00000|  0%| F|  |TAMS 0x00000000cb900000| PB 0x00000000cb900000| Untracked |  0
|  42|0x00000000cba00000, 0x00000000cba00000, 0x00000000cbb00000|  0%| F|  |TAMS 0x00000000cba00000| PB 0x00000000cba00000| Untracked |  0
|  43|0x00000000cbb00000, 0x00000000cbb00000, 0x00000000cbc00000|  0%| F|  |TAMS 0x00000000cbb00000| PB 0x00000000cbb00000| Untracked |  0
|  44|0x00000000cbc00000, 0x00000000cbc00000, 0x00000000cbd00000|  0%| F|  |TAMS 0x00000000cbc00000| PB 0x00000000cbc00000| Untracked |  0
|  45|0x00000000cbd00000, 0x00000000cbd00000, 0x00000000cbe00000|  0%| F|  |TAMS 0x00000000cbd00000| PB 0x00000000cbd00000| Untracked |  0
|  46|0x00000000cbe00000, 0x00000000cbe00000, 0x00000000cbf00000|  0%| F|  |TAMS 0x00000000cbe00000| PB 0x00000000cbe00000| Untracked |  0
|  47|0x00000000cbf00000, 0x00000000cbf00000, 0x00000000cc000000|  0%| F|  |TAMS 0x00000000cbf00000| PB 0x00000000cbf00000| Untracked |  0
|  48|0x00000000cc000000, 0x00000000cc000000, 0x00000000cc100000|  0%| F|  |TAMS 0x00000000cc000000| PB 0x00000000cc000000| Untracked |  0
|  49|0x00000000cc100000, 0x00000000cc100000, 0x00000000cc200000|  0%| F|  |TAMS 0x00000000cc100000| PB 0x00000000cc100000| Untracked |  0
|  50|0x00000000cc200000, 0x00000000cc200000, 0x00000000cc300000|  0%| F|  |TAMS 0x00000000cc200000| PB 0x00000000cc200000| Untracked |  0
|  51|0x00000000cc300000, 0x00000000cc300000, 0x00000000cc400000|  0%| F|  |TAMS 0x00000000cc300000| PB 0x00000000cc300000| Untracked |  0
|  52|0x00000000cc400000, 0x00000000cc4af6d8, 0x00000000cc500000| 68%| E|  |TAMS 0x00000000cc400000| PB 0x00000000cc400000| Complete |  0
|  53|0x00000000cc500000, 0x00000000cc600000, 0x00000000cc600000|100%| E|CS|TAMS 0x00000000cc500000| PB 0x00000000cc500000| Complete |  0
|  54|0x00000000cc600000, 0x00000000cc700000, 0x00000000cc700000|100%| E|CS|TAMS 0x00000000cc600000| PB 0x00000000cc600000| Complete |  0
|  55|0x00000000cc700000, 0x00000000cc800000, 0x00000000cc800000|100%| E|CS|TAMS 0x00000000cc700000| PB 0x00000000cc700000| Complete |  0

Card table byte_map: [0x0000013f0d6a0000,0x0000013f0d860000] _byte_map_base: 0x0000013f0d058000

Marking Bits: (CMBitMap*) 0x0000013f00548f20
 Bits: [0x0000013f0d860000, 0x0000013f0e620000)

Polling page: 0x0000013f003b0000

Metaspace:

Usage:
  Non-class:      9.08 MB used.
      Class:      1.42 MB used.
       Both:     10.50 MB used.

Virtual space:
  Non-class space:       64.00 MB reserved,       9.25 MB ( 14%) committed,  1 nodes.
      Class space:        1.00 GB reserved,       1.56 MB ( <1%) committed,  1 nodes.
             Both:        1.06 GB reserved,      10.81 MB ( <1%) committed. 

Chunk freelists:
   Non-Class:  6.30 MB
       Class:  14.30 MB
        Both:  20.59 MB

MaxMetaspaceSize: unlimited
CompressedClassSpaceSize: 1.00 GB
Initial GC threshold: 21.00 MB
Current GC threshold: 21.00 MB
CDS: on
 - commit_granule_bytes: 65536.
 - commit_granule_words: 8192.
 - virtual_space_node_default_size: 8388608.
 - enlarge_chunks_in_place: 1.
 - use_allocation_guard: 0.


Internal statistics:

num_allocs_failed_limit: 0.
num_arena_births: 344.
num_arena_deaths: 0.
num_vsnodes_births: 2.
num_vsnodes_deaths: 0.
num_space_committed: 173.
num_space_uncommitted: 0.
num_chunks_returned_to_freelist: 0.
num_chunks_taken_from_freelist: 617.
num_chunk_merges: 0.
num_chunk_splits: 377.
num_chunks_enlarged: 220.
num_inconsistent_stats: 0.

CodeCache: size=49152Kb used=5119Kb max_used=5119Kb free=44032Kb
 bounds [0x0000013f0a030000, 0x0000013f0a530000, 0x0000013f0d030000]
 total_blobs=2698 nmethods=2197 adapters=424
 compilation: disabled (not enough contiguous free space left)
              stopped_count=1, restarted_count=0
 full_count=3

Compilation events (20 events):
Event: 2.733 Thread 0x0000013f10bf2af0 2189       1       java.util.Collections$SingletonList::iterator (8 bytes)
Event: 2.734 Thread 0x0000013f10bf2af0 nmethod 2189 0x0000013f0a52b210 code [0x0000013f0a52b3a0, 0x0000013f0a52b518]
Event: 2.735 Thread 0x0000013f10c5e850 2190       1       java.util.LinkedHashMap::keySet (5 bytes)
Event: 2.735 Thread 0x0000013f10bf2af0 2191       1       java.util.LinkedHashMap::sequencedKeySet (31 bytes)
Event: 2.735 Thread 0x0000013f10c5e850 nmethod 2190 0x0000013f0a52b590 code [0x0000013f0a52b740, 0x0000013f0a52b9b8]
Event: 2.735 Thread 0x0000013f10bf2af0 nmethod 2191 0x0000013f0a52ba90 code [0x0000013f0a52bc40, 0x0000013f0a52bea8]
Event: 2.735 Thread 0x0000013f10c5e850 2192       1       java.util.LinkedHashMap$LinkedKeySet::iterator (16 bytes)
Event: 2.735 Thread 0x0000013f10bf2af0 2193       1       java.util.LinkedHashMap$LinkedKeyIterator::<init> (7 bytes)
Event: 2.735 Thread 0x0000013f10bf2af0 nmethod 2193 0x0000013f0a52bf90 code [0x0000013f0a52c120, 0x0000013f0a52c200]
Event: 2.735 Thread 0x0000013f10c5e850 nmethod 2192 0x0000013f0a52c290 code [0x0000013f0a52c420, 0x0000013f0a52c580]
Event: 2.736 Thread 0x0000013f10c5e850 2194       1       jdk.internal.misc.CDS::isDumpingArchive (4 bytes)
Event: 2.736 Thread 0x0000013f10bf2af0 2195   !   1       java.lang.invoke.InnerClassLambdaMetafactory::generateInnerClass (506 bytes)
Event: 2.737 Thread 0x0000013f10c5e850 nmethod 2194 0x0000013f0a52c610 code [0x0000013f0a52c7a0, 0x0000013f0a52c848]
Event: 2.737 Thread 0x0000013f10c5e850 2196       1       java.lang.invoke.InnerClassLambdaMetafactory::generateConstructor (154 bytes)
Event: 2.738 Thread 0x0000013f10c5e850 nmethod 2196 0x0000013f0a52c910 code [0x0000013f0a52cba0, 0x0000013f0a52d210]
Event: 2.738 Thread 0x0000013f10c5e850 2198       1       java.lang.invoke.InnerClassLambdaMetafactory$ForwardingMethodGenerator::generate (272 bytes)
Event: 2.739 Thread 0x0000013f10bf2af0 nmethod 2195 0x0000013f0a52d610 code [0x0000013f0a52d9c0, 0x0000013f0a52eac8]
Event: 2.739 Thread 0x0000013f10bf2af0 2199       1       java.lang.invoke.InnerClassLambdaMetafactory$ForwardingMethodGenerator::convertArgumentTypes (96 bytes)
Event: 2.739 Thread 0x0000013f10c5e850 

Event: 2.740 Thread 0x0000013f10bf2af0 nmethod 2199 0x0000013f0a52f590 code [0x0000013f0a52f780, 0x0000013f0a52fb48]

GC Heap History (6 events):
Event: 0.933 GC heap before
{Heap before GC invocations=0 (full 0):
 garbage-first heap   total reserved 901120K, committed 57344K, used 14336K [0x00000000c9000000, 0x0000000100000000)
  region size 1024K, 14 young (14336K), 0 survivors (0K)
 Metaspace       used 3224K, committed 3392K, reserved 1114112K
  class space    used 376K, committed 448K, reserved 1048576K
}
Event: 0.945 GC heap after
{Heap after GC invocations=1 (full 0):
 garbage-first heap   total reserved 901120K, committed 57344K, used 9061K [0x00000000c9000000, 0x0000000100000000)
  region size 1024K, 2 young (2048K), 2 survivors (2048K)
 Metaspace       used 3224K, committed 3392K, reserved 1114112K
  class space    used 376K, committed 448K, reserved 1048576K
}
Event: 1.550 GC heap before
{Heap before GC invocations=1 (full 0):
 garbage-first heap   total reserved 901120K, committed 57344K, used 19301K [0x00000000c9000000, 0x0000000100000000)
  region size 1024K, 12 young (12288K), 2 survivors (2048K)
 Metaspace       used 6980K, committed 7232K, reserved 1114112K
  class space    used 871K, committed 960K, reserved 1048576K
}
Event: 1.558 GC heap after
{Heap after GC invocations=2 (full 0):
 garbage-first heap   total reserved 901120K, committed 57344K, used 10385K [0x00000000c9000000, 0x0000000100000000)
  region size 1024K, 2 young (2048K), 2 survivors (2048K)
 Metaspace       used 6980K, committed 7232K, reserved 1114112K
  class space    used 871K, committed 960K, reserved 1048576K
}
Event: 2.577 GC heap before
{Heap before GC invocations=2 (full 0):
 garbage-first heap   total reserved 901120K, committed 57344K, used 29841K [0x00000000c9000000, 0x0000000100000000)
  region size 1024K, 22 young (22528K), 2 survivors (2048K)
 Metaspace       used 10341K, committed 10624K, reserved 1114112K
  class space    used 1373K, committed 1472K, reserved 1048576K
}
Event: 2.583 GC heap after
{Heap after GC invocations=3 (full 0):
 garbage-first heap   total reserved 901120K, committed 57344K, used 11613K [0x00000000c9000000, 0x0000000100000000)
  region size 1024K, 2 young (2048K), 2 survivors (2048K)
 Metaspace       used 10341K, committed 10624K, reserved 1114112K
  class space    used 1373K, committed 1472K, reserved 1048576K
}

Dll operation events (12 events):
Event: 0.017 Loaded shared library C:\Users\Admin\.jdks\openjdk-22.0.2\bin\java.dll
Event: 0.347 Loaded shared library C:\Users\Admin\.jdks\openjdk-22.0.2\bin\zip.dll
Event: 0.352 Loaded shared library C:\Users\Admin\.jdks\openjdk-22.0.2\bin\instrument.dll
Event: 0.358 Loaded shared library C:\Users\Admin\.jdks\openjdk-22.0.2\bin\net.dll
Event: 0.360 Loaded shared library C:\Users\Admin\.jdks\openjdk-22.0.2\bin\nio.dll
Event: 0.366 Loaded shared library C:\Users\Admin\.jdks\openjdk-22.0.2\bin\zip.dll
Event: 0.629 Loaded shared library C:\Program Files\JetBrains\IntelliJ IDEA 2024.1.4\bin\breakgen64.dll
Event: 0.638 Loaded shared library C:\Users\Admin\.jdks\openjdk-22.0.2\bin\jimage.dll
Event: 0.646 Loaded shared library C:\Users\Admin\.jdks\openjdk-22.0.2\bin\extnet.dll
Event: 0.674 Loaded shared library C:\Users\Admin\.jdks\openjdk-22.0.2\bin\management.dll
Event: 0.700 Loaded shared library C:\Users\Admin\.jdks\openjdk-22.0.2\bin\management_ext.dll
Event: 1.228 Loaded shared library C:\Users\Admin\.jdks\openjdk-22.0.2\bin\verify.dll

Deoptimization events (0 events):
No events

Classes loaded (20 events):
Event: 2.498 Loading class java/util/regex/Pattern$Neg
Event: 2.498 Loading class java/util/regex/Pattern$Neg done
Event: 2.510 Loading class java/util/stream/StreamSpliterators$WrappingSpliterator
Event: 2.512 Loading class java/util/stream/StreamSpliterators$AbstractWrappingSpliterator
Event: 2.513 Loading class java/util/stream/StreamSpliterators$AbstractWrappingSpliterator done
Event: 2.513 Loading class java/util/stream/StreamSpliterators$WrappingSpliterator done
Event: 2.514 Loading class java/util/stream/StreamSpliterators
Event: 2.515 Loading class java/util/stream/StreamSpliterators done
Event: 2.516 Loading class java/util/function/BooleanSupplier
Event: 2.518 Loading class java/util/function/BooleanSupplier done
Event: 2.630 Loading class java/io/LineNumberReader
Event: 2.630 Loading class java/io/LineNumberReader done
Event: 2.631 Loading class sun/nio/cs/ISO_8859_1$Decoder
Event: 2.632 Loading class sun/nio/cs/ISO_8859_1$Decoder done
Event: 2.645 Loading class java/util/stream/MatchOps$1MatchSink
Event: 2.645 Loading class java/util/stream/MatchOps$1MatchSink done
Event: 2.649 Loading class java/lang/reflect/Executable$ParameterData
Event: 2.649 Loading class java/lang/reflect/Executable$ParameterData done
Event: 2.656 Loading class sun/reflect/generics/scope/ConstructorScope
Event: 2.656 Loading class sun/reflect/generics/scope/ConstructorScope done

Classes unloaded (0 events):
No events

Classes redefined (0 events):
No events

Internal exceptions (20 events):
Event: 1.703 Thread 0x0000013f00405a90 Exception <a 'java/lang/NoSuchMethodError'{0x00000000cc4f27e0}: 'java.lang.Object java.lang.invoke.DirectMethodHandle$Holder.invokeSpecialIFC(java.lang.Object, java.lang.Object, java.lang.Object, java.lang.Object)'> (0x00000000cc4f27e0) 
thrown [s\open\src\hotspot\share\interpreter\linkResolver.cpp, line 774]
Event: 1.920 Thread 0x0000013f570babc0 Exception <a 'java/lang/NoSuchMethodError'{0x00000000cbb9a7f8}: 'int java.lang.invoke.DirectMethodHandle$Holder.invokeStaticInit(java.lang.Object, java.lang.Object, java.lang.Object)'> (0x00000000cbb9a7f8) 
thrown [s\open\src\hotspot\share\interpreter\linkResolver.cpp, line 774]
Event: 1.945 Thread 0x0000013f570babc0 Exception <a 'java/lang/NoSuchMethodError'{0x00000000cbbf5d80}: 'java.lang.Object java.lang.invoke.DirectMethodHandle$Holder.newInvokeSpecial(java.lang.Object, java.lang.Object, java.lang.Object, java.lang.Object, java.lang.Object)'> (0x00000000cbbf5d80) 
thrown [s\open\src\hotspot\share\interpreter\linkResolver.cpp, line 774]
Event: 1.992 Thread 0x0000013f570babc0 Exception <a 'java/lang/IncompatibleClassChangeError'{0x00000000cbab92f8}: Found class java.lang.Object, but interface was expected> (0x00000000cbab92f8) 
thrown [s\open\src\hotspot\share\interpreter\linkResolver.cpp, line 841]
Event: 2.014 Thread 0x0000013f570babc0 Exception <a 'sun/nio/fs/WindowsException'{0x00000000cb943740}> (0x00000000cb943740) 
thrown [s\open\src\hotspot\share\prims\jni.cpp, line 520]
Event: 2.435 Thread 0x0000013f570babc0 Exception <a 'java/lang/NoSuchMethodError'{0x00000000cb305d98}: 'java.lang.Object java.lang.invoke.DirectMethodHandle$Holder.newInvokeSpecial(java.lang.Object, java.lang.Object, java.lang.Object, java.lang.Object, java.lang.Object, java.lang.Object, java.lang.Object)'> (0x00000000cb305d98) 
thrown [s\open\src\hotspot\share\interpreter\linkResolver.cpp, line 774]
Event: 2.441 Thread 0x0000013f570babc0 Exception <a 'java/lang/NoSuchMethodError'{0x00000000cb323048}: 'void java.lang.invoke.DirectMethodHandle$Holder.invokeStaticInit(java.lang.Object, java.lang.Object)'> (0x00000000cb323048) 
thrown [s\open\src\hotspot\share\interpreter\linkResolver.cpp, line 774]
Event: 2.492 Thread 0x0000013f570babc0 Exception <a 'java/lang/NoSuchMethodError'{0x00000000cb376130}: 'int java.lang.invoke.DirectMethodHandle$Holder.invokeStatic(java.lang.Object, java.lang.Object, java.lang.Object, java.lang.Object)'> (0x00000000cb376130) 
thrown [s\open\src\hotspot\share\interpreter\linkResolver.cpp, line 774]
Event: 2.520 Thread 0x0000013f570babc0 Exception <a 'java/lang/NoSuchMethodError'{0x00000000cb3daba0}: 'java.lang.Object java.lang.invoke.DirectMethodHandle$Holder.invokeSpecial(java.lang.Object, java.lang.Object, java.lang.Object, java.lang.Object, java.lang.Object, java.lang.Object, int)'> (0x00000000cb3daba0) 
thrown [s\open\src\hotspot\share\interpreter\linkResolver.cpp, line 774]
Event: 2.520 Thread 0x0000013f570babc0 Exception <a 'java/lang/NoSuchMethodError'{0x00000000cb3e42d0}: 'java.lang.Object java.lang.invoke.DirectMethodHandle$Holder.newInvokeSpecial(java.lang.Object, java.lang.Object, java.lang.Object, java.lang.Object, java.lang.Object, java.lang.Object, int)'> (0x00000000cb3e42d0) 
thrown [s\open\src\hotspot\share\interpreter\linkResolver.cpp, line 774]
Event: 2.529 Thread 0x0000013f570babc0 Exception <a 'java/lang/NoSuchMethodError'{0x00000000cb3e8960}: 'java.lang.Object java.lang.invoke.DirectMethodHandle$Holder.invokeSpecial(java.lang.Object, java.lang.Object, java.lang.Object, java.lang.Object, java.lang.Object, java.lang.Object, java.lang.Object, int)'> (0x00000000cb3e8960) 
thrown [s\open\src\hotspot\share\interpreter\linkResolver.cpp, line 774]
Event: 2.620 Thread 0x0000013f570babc0 Exception <a 'java/lang/NoSuchMethodError'{0x00000000cc7c8530}: 'void java.lang.invoke.DirectMethodHandle$Holder.invokeSpecial(java.lang.Object, java.lang.Object, java.lang.Object, java.lang.Object, java.lang.Object)'> (0x00000000cc7c8530) 
thrown [s\open\src\hotspot\share\interpreter\linkResolver.cpp, line 774]
Event: 2.667 Thread 0x0000013f570babc0 Exception <a 'java/lang/NoSuchMethodError'{0x00000000cc6c6d20}: 'java.lang.Object java.lang.invoke.DirectMethodHandle$Holder.invokeSpecial(java.lang.Object, java.lang.Object, java.lang.Object, int, java.lang.Object)'> (0x00000000cc6c6d20) 
thrown [s\open\src\hotspot\share\interpreter\linkResolver.cpp, line 774]
Event: 2.668 Thread 0x0000013f570babc0 Exception <a 'java/lang/NoSuchMethodError'{0x00000000cc6ce6c8}: 'java.lang.Object java.lang.invoke.DirectMethodHandle$Holder.newInvokeSpecial(java.lang.Object, java.lang.Object, java.lang.Object, int, java.lang.Object)'> (0x00000000cc6ce6c8) 
thrown [s\open\src\hotspot\share\interpreter\linkResolver.cpp, line 774]
Event: 2.668 Thread 0x0000013f570babc0 Exception <a 'java/lang/NoSuchMethodError'{0x00000000cc6d5c70}: 'java.lang.Object java.lang.invoke.Invokers$Holder.linkToTargetMethod(java.lang.Object, java.lang.Object, int, java.lang.Object, java.lang.Object)'> (0x00000000cc6d5c70) 
thrown [s\open\src\hotspot\share\interpreter\linkResolver.cpp, line 774]
Event: 2.670 Thread 0x0000013f570babc0 Exception <a 'java/lang/NoSuchMethodError'{0x00000000cc6e5390}: 'java.lang.Object java.lang.invoke.DirectMethodHandle$Holder.newInvokeSpecial(java.lang.Object, int, java.lang.Object)'> (0x00000000cc6e5390) 
thrown [s\open\src\hotspot\share\interpreter\linkResolver.cpp, line 774]
Event: 2.671 Thread 0x0000013f570babc0 Exception <a 'java/lang/NoSuchMethodError'{0x00000000cc6e91b8}: 'int java.lang.invoke.DirectMethodHandle$Holder.invokeSpecialIFC(java.lang.Object, java.lang.Object, java.lang.Object, java.lang.Object)'> (0x00000000cc6e91b8) 
thrown [s\open\src\hotspot\share\interpreter\linkResolver.cpp, line 774]
Event: 2.707 Thread 0x0000013f570babc0 Exception <a 'java/lang/NoSuchMethodError'{0x00000000cc5ba940}: 'void java.lang.invoke.DirectMethodHandle$Holder.invokeInterface(java.lang.Object, java.lang.Object, java.lang.Object)'> (0x00000000cc5ba940) 
thrown [s\open\src\hotspot\share\interpreter\linkResolver.cpp, line 774]
Event: 2.750 Thread 0x0000013f570babc0 Exception <a 'java/lang/VirtualMachineError'{0x00000000cc4662b0}: Out of space in CodeCache for method handle intrinsic> (0x00000000cc4662b0) 
thrown [s\open\src\hotspot\share\classfile\systemDictionary.cpp, line 2015]
Event: 2.750 Thread 0x0000013f570babc0 Exception <a 'java/lang/NoSuchMethodError'{0x00000000cc4668e0}: 'java.lang.Object java.lang.invoke.MethodHandle.linkToVirtual(java.lang.Object, java.lang.Object, java.lang.invoke.MemberName)'> (0x00000000cc4668e0) 
thrown [s\open\src\hotspot\share\interpreter\linkResolver.cpp, line 774]

ZGC Phase Switch (0 events):
No events

VM Operations (20 events):
Event: 1.152 Executing VM operation: HandshakeAllThreads (Deoptimize)
Event: 1.152 Executing VM operation: HandshakeAllThreads (Deoptimize) done
Event: 1.187 Executing VM operation: HandshakeAllThreads (Deoptimize)
Event: 1.187 Executing VM operation: HandshakeAllThreads (Deoptimize) done
Event: 1.237 Executing VM operation: HandshakeAllThreads (Deoptimize)
Event: 1.237 Executing VM operation: HandshakeAllThreads (Deoptimize) done
Event: 1.263 Executing VM operation: HandshakeAllThreads (Deoptimize)
Event: 1.263 Executing VM operation: HandshakeAllThreads (Deoptimize) done
Event: 1.354 Executing VM operation: HandshakeAllThreads (Deoptimize)
Event: 1.354 Executing VM operation: HandshakeAllThreads (Deoptimize) done
Event: 1.518 Executing VM operation: HandshakeAllThreads (Deoptimize)
Event: 1.518 Executing VM operation: HandshakeAllThreads (Deoptimize) done
Event: 1.550 Executing VM operation: G1CollectForAllocation (G1 Evacuation Pause)
Event: 1.558 Executing VM operation: G1CollectForAllocation (G1 Evacuation Pause) done
Event: 2.019 Executing VM operation: HandshakeAllThreads (Deoptimize)
Event: 2.019 Executing VM operation: HandshakeAllThreads (Deoptimize) done
Event: 2.577 Executing VM operation: G1CollectForAllocation (G1 Evacuation Pause)
Event: 2.583 Executing VM operation: G1CollectForAllocation (G1 Evacuation Pause) done
Event: 2.631 Executing VM operation: HandshakeAllThreads (Deoptimize)
Event: 2.631 Executing VM operation: HandshakeAllThreads (Deoptimize) done

Memory protections (0 events):
No events

Nmethod flushes (0 events):
No events

Events (20 events):
Event: 0.059 Thread 0x0000013f00405a90 Thread added: 0x0000013f10be7a00
Event: 0.059 Thread 0x0000013f00405a90 Thread added: 0x0000013f10bea870
Event: 0.059 Thread 0x0000013f00405a90 Thread added: 0x0000013f10bebdd0
Event: 0.060 Thread 0x0000013f00405a90 Thread added: 0x0000013f10bee2c0
Event: 0.060 Thread 0x0000013f00405a90 Thread added: 0x0000013f10bf2af0
Event: 0.313 Thread 0x0000013f00405a90 Thread added: 0x0000013f10c5e1e0
Event: 0.331 Thread 0x0000013f10bf2af0 Thread added: 0x0000013f10c5e850
Event: 0.630 Thread 0x0000013f00405a90 Thread added: 0x0000013f56705be0
Event: 0.630 Thread 0x0000013f00405a90 Thread added: 0x0000013f5670b370
Event: 1.168 Thread 0x0000013f00405a90 Thread added: 0x0000013f5687ca40
Event: 1.457 Thread 0x0000013f5687ca40 Thread added: 0x0000013f569c6490
Event: 1.498 Thread 0x0000013f569c6490 Thread added: 0x0000013f56a68fb0
Event: 1.514 Thread 0x0000013f569c6490 Thread added: 0x0000013f56a91ba0
Event: 1.561 Thread 0x0000013f56a91ba0 Thread exited: 0x0000013f56a91ba0
Event: 1.852 Thread 0x0000013f00405a90 Thread added: 0x0000013f570b7dd0
Event: 1.866 Thread 0x0000013f570b7dd0 Thread added: 0x0000013f570babc0
Event: 2.063 Thread 0x0000013f569c6490 Thread added: 0x0000013f570b8460
Event: 2.082 Thread 0x0000013f570b8460 Thread exited: 0x0000013f570b8460
Event: 2.586 Thread 0x0000013f569c6490 Thread added: 0x0000013f570b9810
Event: 2.599 Thread 0x0000013f570b9810 Thread exited: 0x0000013f570b9810


Dynamic libraries:
0x00007ff67db20000 - 0x00007ff67db2e000 	C:\Users\Admin\.jdks\openjdk-22.0.2\bin\java.exe
0x00007ffaea070000 - 0x00007ffaea287000 	C:\Windows\SYSTEM32\ntdll.dll
0x00007ffae86d0000 - 0x00007ffae8794000 	C:\Windows\System32\KERNEL32.DLL
0x00007ffae7930000 - 0x00007ffae7cd7000 	C:\Windows\System32\KERNELBASE.dll
0x00007ffae7670000 - 0x00007ffae7781000 	C:\Windows\System32\ucrtbase.dll
0x00007ffae1540000 - 0x00007ffae155b000 	C:\Users\Admin\.jdks\openjdk-22.0.2\bin\VCRUNTIME140.dll
0x00007ffacb9c0000 - 0x00007ffacb9d7000 	C:\Users\Admin\.jdks\openjdk-22.0.2\bin\jli.dll
0x00007ffae9cd0000 - 0x00007ffae9e7e000 	C:\Windows\System32\USER32.dll
0x00007ffae7500000 - 0x00007ffae7526000 	C:\Windows\System32\win32u.dll
0x00007ffae9850000 - 0x00007ffae9879000 	C:\Windows\System32\GDI32.dll
0x00007ffae7790000 - 0x00007ffae78a9000 	C:\Windows\System32\gdi32full.dll
0x00007ffae7530000 - 0x00007ffae75ca000 	C:\Windows\System32\msvcp_win.dll
0x00007ffad5690000 - 0x00007ffad5923000 	C:\Windows\WinSxS\amd64_microsoft.windows.common-controls_6595b64144ccf1df_6.0.22621.3527_none_270e469b73872a76\COMCTL32.dll
0x00007ffae85b0000 - 0x00007ffae8657000 	C:\Windows\System32\msvcrt.dll
0x00007ffae8b70000 - 0x00007ffae8ba1000 	C:\Windows\System32\IMM32.DLL
0x00007ffad5e60000 - 0x00007ffad5e6c000 	C:\Users\Admin\.jdks\openjdk-22.0.2\bin\vcruntime140_1.dll
0x00007ffabbf10000 - 0x00007ffabbf9e000 	C:\Users\Admin\.jdks\openjdk-22.0.2\bin\msvcp140.dll
0x00007ffa78d90000 - 0x00007ffa79ad9000 	C:\Users\Admin\.jdks\openjdk-22.0.2\bin\server\jvm.dll
0x00007ffae8a90000 - 0x00007ffae8b42000 	C:\Windows\System32\ADVAPI32.dll
0x00007ffae8bb0000 - 0x00007ffae8c58000 	C:\Windows\System32\sechost.dll
0x00007ffae75d0000 - 0x00007ffae75f8000 	C:\Windows\System32\bcrypt.dll
0x00007ffae9730000 - 0x00007ffae9845000 	C:\Windows\System32\RPCRT4.dll
0x00007ffae9e80000 - 0x00007ffae9ef1000 	C:\Windows\System32\WS2_32.dll
0x00007ffae7250000 - 0x00007ffae729d000 	C:\Windows\SYSTEM32\POWRPROF.dll
0x00007ffae4cd0000 - 0x00007ffae4d04000 	C:\Windows\SYSTEM32\WINMM.dll
0x00007ffadeda0000 - 0x00007ffadedaa000 	C:\Windows\SYSTEM32\VERSION.dll
0x00007ffae7230000 - 0x00007ffae7243000 	C:\Windows\SYSTEM32\UMPDC.dll
0x00007ffae63b0000 - 0x00007ffae63c8000 	C:\Windows\SYSTEM32\kernel.appcore.dll
0x00007ffad5040000 - 0x00007ffad504a000 	C:\Users\Admin\.jdks\openjdk-22.0.2\bin\jimage.dll
0x00007ffae4a90000 - 0x00007ffae4cc2000 	C:\Windows\SYSTEM32\DBGHELP.DLL
0x00007ffae7da0000 - 0x00007ffae8128000 	C:\Windows\System32\combase.dll
0x00007ffae9880000 - 0x00007ffae9957000 	C:\Windows\System32\OLEAUT32.dll
0x00007ffae4a50000 - 0x00007ffae4a82000 	C:\Windows\SYSTEM32\dbgcore.DLL
0x00007ffae78b0000 - 0x00007ffae7929000 	C:\Windows\System32\bcryptPrimitives.dll
0x00007ffac9e30000 - 0x00007ffac9e3f000 	C:\Users\Admin\.jdks\openjdk-22.0.2\bin\instrument.dll
0x00007ffacb9a0000 - 0x00007ffacb9be000 	C:\Users\Admin\.jdks\openjdk-22.0.2\bin\java.dll
0x00007ffae8ed0000 - 0x00007ffae972c000 	C:\Windows\System32\SHELL32.dll
0x00007ffae9b20000 - 0x00007ffae9cc5000 	C:\Windows\System32\ole32.dll
0x00007ffae52d0000 - 0x00007ffae5bc6000 	C:\Windows\SYSTEM32\windows.storage.dll
0x00007ffae5190000 - 0x00007ffae52ce000 	C:\Windows\SYSTEM32\wintypes.dll
0x00007ffae9f20000 - 0x00007ffaea015000 	C:\Windows\System32\SHCORE.dll
0x00007ffae8980000 - 0x00007ffae89de000 	C:\Windows\System32\shlwapi.dll
0x00007ffae72c0000 - 0x00007ffae72e1000 	C:\Windows\SYSTEM32\profapi.dll
0x00007ffabbef0000 - 0x00007ffabbf07000 	C:\Users\Admin\.jdks\openjdk-22.0.2\bin\zip.dll
0x00007ffacb990000 - 0x00007ffacb9a0000 	C:\Users\Admin\.jdks\openjdk-22.0.2\bin\net.dll
0x00007ffae6820000 - 0x00007ffae6889000 	C:\Windows\system32\mswsock.dll
0x00007ffacb970000 - 0x00007ffacb986000 	C:\Users\Admin\.jdks\openjdk-22.0.2\bin\nio.dll
0x00007ffad52a0000 - 0x00007ffad52ba000 	C:\Program Files\JetBrains\IntelliJ IDEA 2024.1.4\bin\breakgen64.dll
0x00007ffabbeb0000 - 0x00007ffabbeb9000 	C:\Users\Admin\.jdks\openjdk-22.0.2\bin\extnet.dll
0x00007ffae5ea0000 - 0x00007ffae5f98000 	C:\Windows\SYSTEM32\DNSAPI.dll
0x00007ffae5e70000 - 0x00007ffae5e9d000 	C:\Windows\SYSTEM32\IPHLPAPI.DLL
0x00007ffae8c60000 - 0x00007ffae8c69000 	C:\Windows\System32\NSI.dll
0x00007ffadb8a0000 - 0x00007ffadb8aa000 	C:\Windows\System32\rasadhlp.dll
0x00007ffadba00000 - 0x00007ffadba83000 	C:\Windows\System32\fwpuclnt.dll
0x00007ffabbee0000 - 0x00007ffabbeea000 	C:\Users\Admin\.jdks\openjdk-22.0.2\bin\management.dll
0x00007ffabbed0000 - 0x00007ffabbedb000 	C:\Users\Admin\.jdks\openjdk-22.0.2\bin\management_ext.dll
0x00007ffae8660000 - 0x00007ffae8668000 	C:\Windows\System32\PSAPI.DLL
0x00007ffae6a90000 - 0x00007ffae6aab000 	C:\Windows\SYSTEM32\CRYPTSP.dll
0x00007ffae6310000 - 0x00007ffae6345000 	C:\Windows\system32\rsaenh.dll
0x00007ffae6920000 - 0x00007ffae6948000 	C:\Windows\SYSTEM32\USERENV.dll
0x00007ffae6a80000 - 0x00007ffae6a8c000 	C:\Windows\SYSTEM32\CRYPTBASE.dll
0x00007ffaceb60000 - 0x00007ffaceb77000 	C:\Windows\system32\napinsp.dll
0x00007ffaccbf0000 - 0x00007ffaccc0b000 	C:\Windows\system32\pnrpnsp.dll
0x00007ffaccbd0000 - 0x00007ffaccbe1000 	C:\Windows\System32\winrnr.dll
0x00007ffaccbb0000 - 0x00007ffaccbc5000 	C:\Windows\system32\wshbth.dll
0x00007ffaccb80000 - 0x00007ffaccba7000 	C:\Windows\system32\nlansp_c.dll
0x00007ffad5290000 - 0x00007ffad52a0000 	C:\Users\Admin\.jdks\openjdk-22.0.2\bin\verify.dll

dbghelp: loaded successfully - version: 4.0.5 - missing functions: none
symbol engine: initialized successfully - sym options: 0x614 - pdb path: .;C:\Users\Admin\.jdks\openjdk-22.0.2\bin;C:\Windows\SYSTEM32;C:\Windows\WinSxS\amd64_microsoft.windows.common-controls_6595b64144ccf1df_6.0.22621.3527_none_270e469b73872a76;C:\Users\Admin\.jdks\openjdk-22.0.2\bin\server;C:\Program Files\JetBrains\IntelliJ IDEA 2024.1.4\bin

VM Arguments:
jvm_args: -XX:TieredStopAtLevel=1 -Dspring.output.ansi.enabled=always -Dcom.sun.management.jmxremote -Dspring.jmx.enabled=true -Dspring.liveBeansView.mbeanDomain -Dspring.application.admin.enabled=true -Dmanagement.endpoints.jmx.exposure.include=* -javaagent:C:\Program Files\JetBrains\IntelliJ IDEA 2024.1.4\lib\idea_rt.jar=62594:C:\Program Files\JetBrains\IntelliJ IDEA 2024.1.4\bin -Dfile.encoding=UTF-8 -Dsun.stdout.encoding=UTF-8 -Dsun.stderr.encoding=UTF-8 
java_command: com.example.ytalentbackend.YtalentBackendApplication
java_class_path (initial): C:\Users\Admin\YTALENT\Ytalent-Backend\target\classes;C:\Users\Admin\.m2\repository\com\google\api-client\google-api-client\1.34.0\google-api-client-1.34.0.jar;C:\Users\Admin\.m2\repository\com\google\oauth-client\google-oauth-client\1.33.2\google-oauth-client-1.33.2.jar;C:\Users\Admin\.m2\repository\com\google\http-client\google-http-client-gson\1.41.7\google-http-client-gson-1.41.7.jar;C:\Users\Admin\.m2\repository\com\google\code\gson\gson\2.10.1\gson-2.10.1.jar;C:\Users\Admin\.m2\repository\com\google\guava\guava\31.1-jre\guava-31.1-jre.jar;C:\Users\Admin\.m2\repository\com\google\guava\failureaccess\1.0.1\failureaccess-1.0.1.jar;C:\Users\Admin\.m2\repository\com\google\guava\listenablefuture\9999.0-empty-to-avoid-conflict-with-guava\listenablefuture-9999.0-empty-to-avoid-conflict-with-guava.jar;C:\Users\Admin\.m2\repository\com\google\code\findbugs\jsr305\3.0.2\jsr305-3.0.2.jar;C:\Users\Admin\.m2\repository\org\checkerframework\checker-qual\3.12.0\checker-qual-3.12.0.jar;C:\Users\Admin\.m2\repository\com\google\errorprone\error_prone_annotations\2.11.0\error_prone_annotations-2.11.0.jar;C:\Users\Admin\.m2\repository\com\google\j2objc\j2objc-annotations\1.3\j2objc-annotations-1.3.jar;C:\Users\Admin\.m2\repository\com\google\http-client\google-http-client-apache-v2\1.41.7\google-http-client-apache-v2-1.41.7.jar;C:\Users\Admin\.m2\repository\org\apache\httpcomponents\httpcore\4.4.16\httpcore-4.4.16.jar;C:\Users\Admin\.m2\repository\org\apache\httpcomponents\httpclient\4.5.13\httpclient-4.5.13.jar;C:\Users\Admin\.m2\repository\commons-logging\commons-logging\1.2\commons-logging-1.2.jar;C:\Users\Admin\.m2\repository\com\google\http-client\google-http-client\1.41.7\google-http-client-1.41.7.jar;C:\Users\Admin\.m2\repository\io\opencensus\opencensus-api\0.31.0\opencensus-api-0.31.0.jar;C:\Users\Admin\.m2\repository\io\grpc\grpc-context\1.27.2\grpc-context-1.27.2.jar;C:\Users\Admin\.m2\repository\io\opencensus\opencensus-contrib-http-util\0.31.0\opencensus-contrib-http-util-0.31.0.jar;C:\Users\Admin\.m2\repository\com\google\apis\google-api-services-calendar\v3-rev411-1.25.0\google-api-services-calendar-v3-rev411-1.25.0.jar;C:\Users\Admin\.m2\repository\org\springframework\boot\spring-boot-starter-mail\3.3.2\spring-boot-starter-mail-3.3.2.jar;C:\Users\Admin\.m2\repository\org\springframework\boot\spring-boot-starter\3.3.2\spring-boot-starter-3.3.2.jar;C:\Users\Admin\.m2\repository\org\springframework\boot\spring-boot-starter-logging\3.3.2\spring-boot-starter-logging-3.3.2.jar;C:\Users\Admin\.m2\repository\ch\qos\logback\logback-classic\1.5.6\logback-classic-1.5.6.jar;C:\Users\Admin\.m2\repository\ch\qos\logback\logback-core\1.5.6\logback-core-1.5.6.jar;C:\Users\Admin\.m2\repository\org\apache\logging\log4j\log4j-to-slf4j\2.23.1\log4j-to-slf4j-2.23.1.jar;C:\Users\Admin\.m2\repository\org\apache\logging\log4j\log4j-api\2.23.1\log4j-api-2.23.1.jar;C:\Users\Admin\.m2\repository\org\slf4j\jul-to-slf4j\2.0.13\jul-to-slf4j-2.0.13.jar;C:\Users\Admin\.m2\repository\jakarta\annotation\jakarta.annotation-api\2.1.1\jakarta.annotation-api-2.1.1.jar;C:\Users\Admin\.m2\repository\org\yaml\snakeyaml\2.2\snakeyaml-2.2.jar;C:\Users\Admin\.m2\repository\org\springframework\spring-context-support\6.1.11\spring-context-support-6.1.11.jar;C:\Users\Admin\.m2\repository\org\eclipse\angus\jakarta.mail\2.0.3\jakarta.mail-2.0.3.jar;C:\Users\Admin\.m2\repository\org\eclipse\angus\angus-activation\2.0.2\angus-activation-2.0.2.jar;C:\Users\Admin\.m2\repository\com\twilio\sdk\twilio\8.23.0\twilio-8.23.0.jar;C:\Users\Admin\.m2\repository\commons-codec\commons-codec\1.16.1\commons-codec-1.16.1.jar;C:\Users\Admin\.m2\repository\commons-io\commons-io\2.7\commons-io-2.7.jar;C:\Users\Admin\.m2\repository\com\fasterxml\jackson\core\jackson-core\2.17.2\jackson-core-2.17.2.jar;C:\Users\Admin\.m2\repository\com\fasterxml\jackson\core\jackson-annotations\2.17.2\jackson-annotations-2.17.2.jar;C:\Users\Admin\.m2\repository\com\fasterxml\jackson\core\jackson-databind\2.17.2\jackson-databind-2.17.2.jar;C:\Users\Admin\.m2\repository\com\fasterxml\jackson\datatype\jackson-datatype-jsr310\2.17.2\jackson-datatype-jsr310-2.17.2.jar;C:\Users\Admin\.m2\repository\com\fasterxml\jackson\dataformat\jackson-dataformat-xml\2.17.2\jackson-dataformat-xml-2.17.2.jar;C:\Users\Admin\.m2\repository\org\codehaus\woodstox\stax2-api\4.2.2\stax2-api-4.2.2.jar;C:\Users\Admin\.m2\repository\com\fasterxml\woodstox\woodstox-core\6.7.0\woodstox-core-6.7.0.jar;C:\Users\Admin\.m2\repository\org\slf4j\slf4j-api\2.0.13\slf4j-api-2.0.13.jar;C:\Users\Admin\.m2\repository\javax\xml\bind\jaxb-api\2.3.1\jaxb-api-2.3.1.jar;C:\Users\Admin\.m2\repository\javax\activation\javax.activation-api\1.2.0\javax.activation-api-1.2.0.jar;C:\Users\Admin\.m2\repository\org\springframework\boot\spring-boot-starter-validation\3.3.2\spring-boot-starter-validation-3.3.2.jar;C:\Users\Admin\.m2\repository\org\apache\tomcat\embed\tomcat-embed-el\10.1.26\tomcat-embed-el-10.1.26.jar;C:\Users\Admin\.m2\repository\org\springframework\boot\spring-boot-starter-security\3.3.2\spring-boot-starter-security-3.3.2.jar;C:\Users\Admin\.m2\repository\org\springframework\spring-aop\6.1.11\spring-aop-6.1.11.jar;C:\Users\Admin\.m2\repository\org\springframework\security\spring-security-web\6.3.1\spring-security-web-6.3.1.jar;C:\Users\Admin\.m2\repository\org\springframework\spring-expression\6.1.11\spring-expression-6.1.11.jar;C:\Users\Admin\.m2\repository\org\springframework\security\spring-security-config\6.1.0\spring-security-config-6.1.0.jar;C:\Users\Admin\.m2\repository\org\springframework\security\spring-security-core\6.3.1\spring-security-core-6.3.1.jar;C:\Users\Admin\.m2\repository\org\springframework\security\spring-security-crypto\6.3.1\spring-security-crypto-6.3.1.jar;C:\Users\Admin\.m2\repository\io\micrometer\micrometer-observation\1.13.2\micrometer-observation-1.13.2.jar;C:\Users\Admin\.m2\repository\io\micrometer\micrometer-commons\1.13.2\micrometer-commons-1.13.2.jar;C:\Users\Admin\.m2\repository\org\springframework\spring-beans\6.1.11\spring-beans-6.1.11.jar;C:\Users\Admin\.m2\repository\org\springframework\spring-context\6.1.11\spring-context-6.1.11.jar;C:\Users\Admin\.m2\repository\org\springframework\spring-core\6.1.11\spring-core-6.1.11.jar;C:\Users\Admin\.m2\repository\org\springframework\spring-jcl\6.1.11\spring-jcl-6.1.11.jar;C:\Users\Admin\.m2\repository\org\hibernate\validator\hibernate-validator\8.0.0.Final\hibernate-validator-8.0.0.Final.jar;C:\Users\Admin\.m2\repository\jakarta\validation\jakarta.validation-api\3.0.2\jakarta.validation-api-3.0.2.jar;C:\Users\Admin\.m2\repository\org\jboss\logging\jboss-logging\3.5.3.Final\jboss-logging-3.5.3.Final.jar;C:\Users\Admin\.m2\repository\com\fasterxml\classmate\1.7.0\classmate-1.7.0.jar;C:\Users\Admin\.m2\repository\org\glassfish\jakarta.el\4.0.2\jakarta.el-4.0.2.jar;C:\Users\Admin\.m2\repository\jakarta\el\jakarta.el-api\4.0.0\jakarta.el-api-4.0.0.jar;C:\Users\Admin\.m2\repository\org\springframework\boot\spring-boot-starter-data-jpa\3.3.2\spring-boot-starter-data-jpa-3.3.2.jar;C:\Users\Admin\.m2\repository\org\springframework\boot\spring-boot-starter-aop\3.3.2\spring-boot-starter-aop-3.3.2.jar;C:\Users\Admin\.m2\repository\org\aspectj\aspectjweaver\1.9.22.1\aspectjweaver-1.9.22.1.jar;C:\Users\Admin\.m2\repository\org\springframework\boot\spring-boot-starter-jdbc\3.3.2\spring-boot-starter-jdbc-3.3.2.jar;C:\Users\Admin\.m2\repository\com\zaxxer\HikariCP\5.1.0\HikariCP-5.1.0.jar;C:\Users\Admin\.m2\repository\org\springframework\spring-jdbc\6.1.11\spring-jdbc-6.1.11.jar;C:\Users\Admin\.m2\repository\org\hibernate\orm\hibernate-core\6.5.2.Final\hibernate-core-6.5.2.Final.jar;C:\Users\Admin\.m2\repository\jakarta\persistence\jakarta.persistence-api\3.1.0\jakarta.persistence-api-3.1.0.jar;C:\Users\Admin\.m2\repository\jakarta\transaction\jakarta.transaction-api\2.0.1\jakarta.transaction-api-2.0.1.jar;C:\Users\Admin\.m2\repository\org\hibernate\common\hibernate-commons-annotations\6.0.6.Final\hibernate-commons-annotations-6.0.6.Final.jar;C:\Users\Admin\.m2\repository\io\smallrye\jandex\3.1.2\jandex-3.1.2.jar;C:\Users\Admin\.m2\repository\net\bytebuddy\byte-buddy\1.14.18\byte-buddy-1.14.18.jar;C:\Users\Admin\.m2\repository\org\glassfish\jaxb\jaxb-runtime\4.0.5\jaxb-runtime-4.0.5.jar;C:\Users\Admin\.m2\repository\org\glassfish\jaxb\jaxb-core\4.0.5\jaxb-core-4.0.5.jar;C:\Users\Admin\.m2\repository\org\glassfish\jaxb\txw2\4.0.5\txw2-4.0.5.jar;C:\Users\Admin\.m2\repository\com\sun\istack\istack-commons-runtime\4.1.2\istack-commons-runtime-4.1.2.jar;C:\Users\Admin\.m2\repository\jakarta\inject\jakarta.inject-api\2.0.1\jakarta.inject-api-2.0.1.jar;C:\Users\Admin\.m2\repository\org\antlr\antlr4-runtime\4.13.0\antlr4-runtime-4.13.0.jar;C:\Users\Admin\.m2\repository\org\springframework\data\spring-data-jpa\3.3.2\spring-data-jpa-3.3.2.jar;C:\Users\Admin\.m2\repository\org\springframework\data\spring-data-commons\3.3.2\spring-data-commons-3.3.2.jar;C:\Users\Admin\.m2\repository\org\springframework\spring-orm\6.1.11\spring-orm-6.1.11.jar;C:\Users\Admin\.m2\repository\org\springframework\spring-tx\6.1.11\spring-tx-6.1.11.jar;C:\Users\Admin\.m2\repository\org\springframework\spring-aspects\6.1.11\spring-aspects-6.1.11.jar;C:\Users\Admin\.m2\repository\org\springframework\boot\spring-boot-starter-thymeleaf\3.3.2\spring-boot-starter-thymeleaf-3.3.2.jar;C:\Users\Admin\.m2\repository\org\thymeleaf\thymeleaf-spring6\3.1.2.RELEASE\thymeleaf-spring6-3.1.2.RELEASE.jar;C:\Users\Admin\.m2\repository\org\thymeleaf\thymeleaf\3.1.2.RELEASE\thymeleaf-3.1.2.RELEASE.jar;C:\Users\Admin\.m2\repository\org\attoparser\attoparser\2.0.7.RELEASE\attoparser-2.0.7.RELEASE.jar;C:\Users\Admin\.m2\repository\org\unbescape\unbescape\1.1.6.RELEASE\unbescape-1.1.6.RELEASE.jar;C:\Users\Admin\.m2\repository\org\springframework\boot\spring-boot-starter-web\3.3.2\spring-boot-starter-web-3.3.2.jar;C:\Users\Admin\.m2\repository\org\springframework\boot\spring-boot-starter-json\3.3.2\spring-boot-starter-json-3.3.2.jar;C:\Users\Admin\.m2\repository\com\fasterxml\jackson\datatype\jackson-datatype-jdk8\2.17.2\jackson-datatype-jdk8-2.17.2.jar;C:\Users\Admin\.m2\repository\com\fasterxml\jackson\module\jackson-module-parameter-names\2.17.2\jackson-module-parameter-names-2.17.2.jar;C:\Users\Admin\.m2\repository\org\springframework\boot\spring-boot-starter-tomcat\3.3.2\spring-boot-starter-tomcat-3.3.2.jar;C:\Users\Admin\.m2\repository\org\apache\tomcat\embed\tomcat-embed-core\10.1.26\tomcat-embed-core-10.1.26.jar;C:\Users\Admin\.m2\repository\org\apache\tomcat\embed\tomcat-embed-websocket\10.1.26\tomcat-embed-websocket-10.1.26.jar;C:\Users\Admin\.m2\repository\org\springframework\spring-web\6.1.11\spring-web-6.1.11.jar;C:\Users\Admin\.m2\repository\org\springframework\spring-webmvc\6.1.11\spring-webmvc-6.1.11.jar;C:\Users\Admin\.m2\repository\org\springframework\boot\spring-boot-devtools\3.3.2\spring-boot-devtools-3.3.2.jar;C:\Users\Admin\.m2\repository\org\springframework\boot\spring-boot\3.3.2\spring-boot-3.3.2.jar;C:\Users\Admin\.m2\repository\org\springframework\boot\spring-boot-autoconfigure\3.3.2\spring-boot-autoconfigure-3.3.2.jar;C:\Users\Admin\.m2\repository\jakarta\platform\jakarta.jakartaee-api\10.0.0\jakarta.jakartaee-api-10.0.0.jar;C:\Users\Admin\.m2\repository\jakarta\platform\jakarta.jakartaee-web-api\10.0.0\jakarta.jakartaee-web-api-10.0.0.jar;C:\Users\Admin\.m2\repository\jakarta\servlet\jakarta.servlet-api\6.0.0\jakarta.servlet-api-6.0.0.jar;C:\Users\Admin\.m2\repository\jakarta\servlet\jsp\jakarta.servlet.jsp-api\3.1.0\jakarta.servlet.jsp-api-3.1.0.jar;C:\Users\Admin\.m2\repository\jakarta\servlet\jsp\jstl\jakarta.servlet.jsp.jstl-api\3.0.0\jakarta.servlet.jsp.jstl-api-3.0.0.jar;C:\Users\Admin\.m2\repository\jakarta\faces\jakarta.faces-api\4.0.1\jakarta.faces-api-4.0.1.jar;C:\Users\Admin\.m2\repository\jakarta\ws\rs\jakarta.ws.rs-api\3.1.0\jakarta.ws.rs-api-3.1.0.jar;C:\Users\Admin\.m2\repository\jakarta\websocket\jakarta.websocket-api\2.1.1\jakarta.websocket-api-2.1.1.jar;C:\Users\Admin\.m2\repository\jakarta\websocket\jakarta.websocket-client-api\2.1.1\jakarta.websocket-client-api-2.1.1.jar;C:\Users\Admin\.m2\repository\jakarta\json\jakarta.json-api\2.1.3\jakarta.json-api-2.1.3.jar;C:\Users\Admin\.m2\repository\jakarta\json\bind\jakarta.json.bind-api\3.0.1\jakarta.json.bind-api-3.0.1.jar;C:\Users\Admin\.m2\repository\jakarta\ejb\jakarta.ejb-api\4.0.1\jakarta.ejb-api-4.0.1.jar;C:\Users\Admin\.m2\repository\jakarta\interceptor\jakarta.interceptor-api\2.1.0\jakarta.interceptor-api-2.1.0.jar;C:\Users\Admin\.m2\repository\jakarta\enterprise\jakarta.enterprise.cdi-api\4.0.1\jakarta.enterprise.cdi-api-4.0.1.jar;C:\Users\Admin\.m2\repository\jakarta\enterprise\jakarta.enterprise.lang-model\4.0.1\jakarta.enterprise.lang-model-4.0.1.jar;C:\Users\Admin\.m2\repository\jakarta\authentication\jakarta.authentication-api\3.0.0\jakarta.authentication-api-3.0.0.jar;C:\Users\Admin\.m2\repository\jakarta\security\enterprise\jakarta.security.enterprise-api\3.0.0\jakarta.security.enterprise-api-3.0.0.jar;C:\Users\Admin\.m2\repository\jakarta\jms\jakarta.jms-api\3.1.0\jakarta.jms-api-3.1.0.jar;C:\Users\Admin\.m2\repository\jakarta\activation\jakarta.activation-api\2.1.3\jakarta.activation-api-2.1.3.jar;C:\Users\Admin\.m2\repository\jakarta\mail\jakarta.mail-api\2.1.3\jakarta.mail-api-2.1.3.jar;C:\Users\Admin\.m2\repository\jakarta\resource\jakarta.resource-api\2.1.0\jakarta.resource-api-2.1.0.jar;C:\Users\Admin\.m2\repository\jakarta\authorization\jakarta.authorization-api\2.1.0\jakarta.authorization-api-2.1.0.jar;C:\Users\Admin\.m2\repository\jakarta\batch\jakarta.batch-api\2.1.1\jakarta.batch-api-2.1.1.jar;C:\Users\Admin\.m2\repository\com\mysql\mysql-connector-j\8.3.0\mysql-connector-j-8.3.0.jar;C:\Users\Admin\.m2\repository\org\projectlombok\lombok\1.18.34\lombok-1.18.34.jar;C:\Users\Admin\.m2\repository\jakarta\xml\bind\jakarta.xml.bind-api\4.0.2\jakarta.xml.bind-api-4.0.2.jar;C:\Users\Admin\.m2\repository\io\jsonwebtoken\jjwt-api\0.11.5\jjwt-api-0.11.5.jar;C:\Users\Admin\.m2\repository\io\jsonwebtoken\jjwt-impl\0.11.5\jjwt-impl-0.11.5.jar;C:\Users\Admin\.m2\repository\io\jsonwebtoken\jjwt-jackson\0.11.5\jjwt-jackson-0.11.5.jar
Launcher Type: SUN_STANDARD

[Global flags]
     intx CICompilerCount                          = 3                                         {product} {ergonomic}
     uint ConcGCThreads                            = 1                                         {product} {ergonomic}
     uint G1ConcRefinementThreads                  = 4                                         {product} {ergonomic}
   size_t G1HeapRegionSize                         = 1048576                                   {product} {ergonomic}
   size_t InitialHeapSize                          = 58720256                                  {product} {ergonomic}
     bool ManagementServer                         = true                                      {product} {command line}
   size_t MarkStackSize                            = 4194304                                   {product} {ergonomic}
   size_t MaxHeapSize                              = 922746880                                 {product} {ergonomic}
   size_t MaxNewSize                               = 553648128                                 {product} {ergonomic}
   size_t MinHeapDeltaBytes                        = 1048576                                   {product} {ergonomic}
   size_t MinHeapSize                              = 8388608                                   {product} {ergonomic}
    uintx NonNMethodCodeHeapSize                   = 4096                                   {pd product} {ergonomic}
    uintx NonProfiledCodeHeapSize                  = 0                                      {pd product} {ergonomic}
     bool ProfileInterpreter                       = false                                  {pd product} {command line}
    uintx ProfiledCodeHeapSize                     = 0                                      {pd product} {ergonomic}
   size_t SoftMaxHeapSize                          = 922746880                              {manageable} {ergonomic}
     intx TieredStopAtLevel                        = 1                                         {product} {command line}
     bool UseCompressedOops                        = true                           {product lp64_product} {ergonomic}
     bool UseG1GC                                  = true                                      {product} {ergonomic}
     bool UseLargePagesIndividualAllocation        = false                                  {pd product} {ergonomic}

Logging:
Log output configuration:
 #0: stdout all=warning uptime,level,tags foldmultilines=false
 #1: stderr all=off uptime,level,tags foldmultilines=false

Environment Variables:
JAVA_HOME=C:\Program Files\Java\jdk-22
PATH=C:\Windows\system32;C:\Windows;C:\Windows\System32\Wbem;C:\Windows\System32\WindowsPowerShell\v1.0\;C:\Windows\System32\OpenSSH\;C:\Program Files\Microsoft SQL Server\150\Tools\Binn\;C:\Program Files\Microsoft SQL Server\Client SDK\ODBC\170\Tools\Binn\;C:\Program Files\dotnet\;C:\Program Files (x86)\Windows Kits\10\Windows Performance Toolkit\;C:\Users\Admin\AppData\Local\Android\Sdk;C:\Program Files (x86)\Microsoft SQL Server\160\DTS\Binn\;C:\flutter\bin;C:\Program Files\Git\cmd;C:\Users\Admin\AppData\Local\Microsoft\WinGet\Links\fnm.exe;C:\Program Files\nodejs\;C:\apache-maven-3.9.8\bin;C:\Program Files\Java\jdk-22\bin;C:\Users\Admin\AppData\Local\Microsoft\WindowsApps;C:\Users\Admin\.dotnet\tools;C:\Users\Admin\AppData\Local\Programs\Microsoft VS Code\bin;C:\Users\Admin\AppData\Local\GitHubDesktop\bin;C:\Users\Admin\AppData\Local\Microsoft\WinGet\Links;C:\Users\Admin\AppData\Roaming\npm;C:\jdk-22.0.2\bin;
USERNAME=Admin
OS=Windows_NT
PROCESSOR_IDENTIFIER=AMD64 Family 23 Model 24 Stepping 1, AuthenticAMD
TMP=C:\Users\Admin\AppData\Local\Temp
TEMP=C:\Users\Admin\AppData\Local\Temp




Periodic native trim disabled

---------------  S Y S T E M  ---------------

OS:
 Windows 11 , 64 bit Build 22621 (10.0.22621.3527)
OS uptime: 0 days 4:46 hours

CPU: total 4 (initial active 4) (4 cores per cpu, 2 threads per core) family 23 model 24 stepping 1 microcode 0x0, cx8, cmov, fxsr, ht, mmx, 3dnowpref, sse, sse2, sse3, ssse3, sse4a, sse4.1, sse4.2, popcnt, lzcnt, tsc, tscinvbit, avx, avx2, aes, clmul, bmi1, bmi2, adx, sha, fma, vzeroupper, clflush, clflushopt, rdtscp, f16c
Processor Information for all 4 processors :
  Max Mhz: 2400, Current Mhz: 2400, Mhz Limit: 2400

Memory: 4k page, system-wide physical 3518M (15M free)
TotalPageFile size 14270M (AvailPageFile size 2M)
current process WorkingSet (physical memory assigned to process): 94M, peak: 94M
current process commit charge ("private bytes"): 150M, peak: 150M

vm_info: OpenJDK 64-Bit Server VM (22.0.2+9-70) for windows-amd64 JRE (22.0.2+9-70), built on 2024-06-04T16:52:23Z by "mach5one" with MS VC++ 17.6 (VS2022)

END.
